[ 2016-11-09T14:11:15+08:00 ] 101.81.13.210 /Manage/Index/index.html
INFO: [ app_init ] --START--
INFO: Run Behavior\BuildLiteBehavior [ RunTime:0.000015s ]
INFO: [ app_init ] --END-- [ RunTime:0.000362s ]
INFO: [ app_begin ] --START--
INFO: Run Behavior\ReadHtmlCacheBehavior [ RunTime:0.000414s ]
INFO: [ app_begin ] --END-- [ RunTime:0.000451s ]

[ 2016-11-09T14:11:15+08:00 ] 101.81.13.210 /Manage/index/login.html
INFO: [ app_init ] --START--
INFO: Run Behavior\BuildLiteBehavior [ RunTime:0.000012s ]
INFO: [ app_init ] --END-- [ RunTime:0.000287s ]
INFO: [ app_begin ] --START--
INFO: Run Behavior\ReadHtmlCacheBehavior [ RunTime:0.000371s ]
INFO: [ app_begin ] --END-- [ RunTime:0.000406s ]
INFO: [ view_parse ] --START--
INFO: [ template_filter ] --START--
INFO: Run Behavior\ContentReplaceBehavior [ RunTime:0.000064s ]
INFO: [ template_filter ] --END-- [ RunTime:0.000191s ]
INFO: Run Behavior\ParseTemplateBehavior [ RunTime:0.004720s ]
INFO: [ view_parse ] --END-- [ RunTime:0.004753s ]
INFO: [ view_filter ] --START--
INFO: Run Behavior\WriteHtmlCacheBehavior [ RunTime:0.000136s ]
INFO: [ view_filter ] --END-- [ RunTime:0.000168s ]
INFO: [ app_end ] --START--
INFO: Run Behavior\ShowPageTraceBehavior [ RunTime:0.000452s ]
INFO: [ app_end ] --END-- [ RunTime:0.000483s ]

[ 2016-11-09T14:11:15+08:00 ] 101.81.13.210 /Manage/Index/verify.html
INFO: [ app_init ] --START--
INFO: Run Behavior\BuildLiteBehavior [ RunTime:0.000010s ]
INFO: [ app_init ] --END-- [ RunTime:0.000282s ]
INFO: [ app_begin ] --START--
INFO: Run Behavior\ReadHtmlCacheBehavior [ RunTime:0.000391s ]
INFO: [ app_begin ] --END-- [ RunTime:0.000426s ]
INFO: [ app_end ] --START--
INFO: Run Behavior\ShowPageTraceBehavior [ RunTime:0.000453s ]
INFO: [ app_end ] --END-- [ RunTime:0.000493s ]

[ 2016-11-09T14:11:25+08:00 ] 101.81.13.210 /Manage/Index/checkuser.html
INFO: [ app_init ] --START--
INFO: Run Behavior\BuildLiteBehavior [ RunTime:0.000011s ]
INFO: [ app_init ] --END-- [ RunTime:0.000323s ]
INFO: [ app_begin ] --START--
INFO: Run Behavior\ReadHtmlCacheBehavior [ RunTime:0.000405s ]
INFO: [ app_begin ] --END-- [ RunTime:0.000440s ]
SQL: SHOW COLUMNS FROM `xueche1_admin` [ RunTime:0.0009s ]
SQL: SELECT count(*),`pass`,`masgroup`,`flag`,`username`,`role` FROM `xueche1_admin` WHERE ( account='admin' ) LIMIT 1   [ RunTime:0.0003s ]
SQL: SHOW COLUMNS FROM `xueche1_adminlog` [ RunTime:0.0006s ]
SQL: INSERT INTO `xueche1_adminlog` (`account`,`ntime`,`nip`,`info`) VALUES ('admin','1478671885','1699810770','登录') [ RunTime:0.0015s ]
INFO: [ app_end ] --START--
INFO: Run Behavior\ShowPageTraceBehavior [ RunTime:0.000513s ]
INFO: [ app_end ] --END-- [ RunTime:0.000552s ]

[ 2016-11-09T14:11:26+08:00 ] 101.81.13.210 /Manage/Index/index.html
INFO: [ app_init ] --START--
INFO: Run Behavior\BuildLiteBehavior [ RunTime:0.000013s ]
INFO: [ app_init ] --END-- [ RunTime:0.000301s ]
INFO: [ app_begin ] --START--
INFO: Run Behavior\ReadHtmlCacheBehavior [ RunTime:0.000373s ]
INFO: [ app_begin ] --END-- [ RunTime:0.000408s ]
SQL: SHOW COLUMNS FROM `xueche1_admin` [ RunTime:0.0011s ]
SQL: SELECT `permissId` FROM `xueche1_admin` WHERE ( account='admin' ) LIMIT 1   [ RunTime:0.0003s ]
INFO: [ view_parse ] --START--
INFO: [ template_filter ] --START--
INFO: Run Behavior\ContentReplaceBehavior [ RunTime:0.000107s ]
INFO: [ template_filter ] --END-- [ RunTime:0.000142s ]
INFO: Run Behavior\ParseTemplateBehavior [ RunTime:0.006529s ]
INFO: [ view_parse ] --END-- [ RunTime:0.006563s ]
INFO: [ view_filter ] --START--
INFO: Run Behavior\WriteHtmlCacheBehavior [ RunTime:0.000125s ]
INFO: [ view_filter ] --END-- [ RunTime:0.000177s ]
INFO: [ app_end ] --START--
INFO: Run Behavior\ShowPageTraceBehavior [ RunTime:0.000439s ]
INFO: [ app_end ] --END-- [ RunTime:0.000474s ]

[ 2016-11-09T14:11:26+08:00 ] 101.81.13.210 /Manage/Index/welcome.html
INFO: [ app_init ] --START--
INFO: Run Behavior\BuildLiteBehavior [ RunTime:0.000010s ]
INFO: [ app_init ] --END-- [ RunTime:0.000293s ]
INFO: [ app_begin ] --START--
INFO: Run Behavior\ReadHtmlCacheBehavior [ RunTime:0.000372s ]
INFO: [ app_begin ] --END-- [ RunTime:0.000407s ]
SQL: SHOW COLUMNS FROM `xueche1_adminlog` [ RunTime:0.0010s ]
SQL: SELECT `ntime`,`nip` FROM `xueche1_adminlog` WHERE ( account='admin' ) ORDER BY id desc LIMIT 1   [ RunTime:0.0003s ]
SQL: SELECT COUNT(*) AS tp_count FROM `xueche1_adminlog` WHERE ( account='admin' ) LIMIT 1   [ RunTime:0.0003s ]
SQL: SHOW COLUMNS FROM `xueche1_list` [ RunTime:0.0010s ]
SQL: SELECT `state`,count(id) as id FROM `xueche1_list` WHERE ( listtime like '%2016-11-09%' ) GROUP BY state  [ RunTime:0.0003s ]
SQL: SELECT `state`,count(id) as id FROM `xueche1_list` WHERE ( listtime like '%2016-11-08%' ) GROUP BY state  [ RunTime:0.0003s ]
SQL: SELECT `state`,count(id) as id FROM `xueche1_list` WHERE ( listtime like '%2016-11%' ) GROUP BY state  [ RunTime:0.0003s ]
SQL: SELECT `state`,count(id) as id FROM `xueche1_list` WHERE ( listtime like '%2016-10%' ) GROUP BY state  [ RunTime:0.0002s ]
SQL: SELECT count(id) as id FROM `xueche1_list` GROUP BY state  [ RunTime:0.0003s ]
NOTIC: [8] Undefined index: state /var/www/xueche/Application/Manage/Controller/IndexController.class.php 第 81 行.
NOTIC: [8] Undefined variable: count /var/www/xueche/Application/Manage/Controller/IndexController.class.php 第 82 行.
NOTIC: [8] Undefined offset: 0 /var/www/xueche/Application/Manage/Controller/IndexController.class.php 第 83 行.
NOTIC: [8] Undefined offset: 0 /var/www/xueche/Application/Manage/Controller/IndexController.class.php 第 83 行.
NOTIC: [8] Undefined offset: 0 /var/www/xueche/Application/Manage/Controller/IndexController.class.php 第 86 行.
NOTIC: [8] Undefined offset: 0 /var/www/xueche/Application/Manage/Controller/IndexController.class.php 第 86 行.
NOTIC: [8] Undefined offset: 1 /var/www/xueche/Application/Manage/Controller/IndexController.class.php 第 81 行.
NOTIC: [8] Undefined offset: 1 /var/www/xueche/Application/Manage/Controller/IndexController.class.php 第 81 行.
NOTIC: [8] Undefined offset: 1 /var/www/xueche/Application/Manage/Controller/IndexController.class.php 第 82 行.
NOTIC: [8] Undefined offset: 1 /var/www/xueche/Application/Manage/Controller/IndexController.class.php 第 83 行.
NOTIC: [8] Undefined offset: 1 /var/www/xueche/Application/Manage/Controller/IndexController.class.php 第 83 行.
NOTIC: [8] Undefined offset: 1 /var/www/xueche/Application/Manage/Controller/IndexController.class.php 第 84 行.
NOTIC: [8] Undefined offset: 1 /var/www/xueche/Application/Manage/Controller/IndexController.class.php 第 84 行.
NOTIC: [8] Undefined offset: 1 /var/www/xueche/Application/Manage/Controller/IndexController.class.php 第 85 行.
NOTIC: [8] Undefined offset: 1 /var/www/xueche/Application/Manage/Controller/IndexController.class.php 第 85 行.
NOTIC: [8] Undefined offset: 1 /var/www/xueche/Application/Manage/Controller/IndexController.class.php 第 86 行.
NOTIC: [8] Undefined offset: 1 /var/www/xueche/Application/Manage/Controller/IndexController.class.php 第 86 行.
NOTIC: [8] Undefined offset: 2 /var/www/xueche/Application/Manage/Controller/IndexController.class.php 第 81 行.
NOTIC: [8] Undefined offset: 2 /var/www/xueche/Application/Manage/Controller/IndexController.class.php 第 81 行.
NOTIC: [8] Undefined offset: 2 /var/www/xueche/Application/Manage/Controller/IndexController.class.php 第 82 行.
NOTIC: [8] Undefined offset: 2 /var/www/xueche/Application/Manage/Controller/IndexController.class.php 第 83 行.
NOTIC: [8] Undefined offset: 2 /var/www/xueche/Application/Manage/Controller/IndexController.class.php 第 83 行.
NOTIC: [8] Undefined offset: 2 /var/www/xueche/Application/Manage/Controller/IndexController.class.php 第 84 行.
NOTIC: [8] Undefined offset: 2 /var/www/xueche/Application/Manage/Controller/IndexController.class.php 第 84 行.
NOTIC: [8] Undefined offset: 2 /var/www/xueche/Application/Manage/Controller/IndexController.class.php 第 85 行.
NOTIC: [8] Undefined offset: 2 /var/www/xueche/Application/Manage/Controller/IndexController.class.php 第 85 行.
NOTIC: [8] Undefined offset: 2 /var/www/xueche/Application/Manage/Controller/IndexController.class.php 第 86 行.
NOTIC: [8] Undefined offset: 2 /var/www/xueche/Application/Manage/Controller/IndexController.class.php 第 86 行.
NOTIC: [8] Undefined offset: 3 /var/www/xueche/Application/Manage/Controller/IndexController.class.php 第 81 行.
NOTIC: [8] Undefined offset: 3 /var/www/xueche/Application/Manage/Controller/IndexController.class.php 第 81 行.
NOTIC: [8] Undefined offset: 3 /var/www/xueche/Application/Manage/Controller/IndexController.class.php 第 82 行.
NOTIC: [8] Undefined offset: 3 /var/www/xueche/Application/Manage/Controller/IndexController.class.php 第 83 行.
NOTIC: [8] Undefined offset: 3 /var/www/xueche/Application/Manage/Controller/IndexController.class.php 第 83 行.
NOTIC: [8] Undefined offset: 3 /var/www/xueche/Application/Manage/Controller/IndexController.class.php 第 84 行.
NOTIC: [8] Undefined offset: 3 /var/www/xueche/Application/Manage/Controller/IndexController.class.php 第 84 行.
NOTIC: [8] Undefined offset: 3 /var/www/xueche/Application/Manage/Controller/IndexController.class.php 第 85 行.
NOTIC: [8] Undefined offset: 3 /var/www/xueche/Application/Manage/Controller/IndexController.class.php 第 85 行.
NOTIC: [8] Undefined offset: 3 /var/www/xueche/Application/Manage/Controller/IndexController.class.php 第 86 行.
NOTIC: [8] Undefined offset: 3 /var/www/xueche/Application/Manage/Controller/IndexController.class.php 第 86 行.
NOTIC: [8] Undefined offset: 4 /var/www/xueche/Application/Manage/Controller/IndexController.class.php 第 81 行.
NOTIC: [8] Undefined offset: 4 /var/www/xueche/Application/Manage/Controller/IndexController.class.php 第 81 行.
NOTIC: [8] Undefined offset: 4 /var/www/xueche/Application/Manage/Controller/IndexController.class.php 第 82 行.
NOTIC: [8] Undefined offset: 4 /var/www/xueche/Application/Manage/Controller/IndexController.class.php 第 83 行.
NOTIC: [8] Undefined offset: 4 /var/www/xueche/Application/Manage/Controller/IndexController.class.php 第 83 行.
NOTIC: [8] Undefined offset: 4 /var/www/xueche/Application/Manage/Controller/IndexController.class.php 第 84 行.
NOTIC: [8] Undefined offset: 4 /var/www/xueche/Application/Manage/Controller/IndexController.class.php 第 84 行.
NOTIC: [8] Undefined offset: 4 /var/www/xueche/Application/Manage/Controller/IndexController.class.php 第 85 行.
NOTIC: [8] Undefined offset: 4 /var/www/xueche/Application/Manage/Controller/IndexController.class.php 第 85 行.
NOTIC: [8] Undefined offset: 4 /var/www/xueche/Application/Manage/Controller/IndexController.class.php 第 86 行.
NOTIC: [8] Undefined offset: 4 /var/www/xueche/Application/Manage/Controller/IndexController.class.php 第 86 行.
SQL: SELECT count(id) as id FROM `xueche1_list` WHERE ( listtime like '%2016-11-09%' ) LIMIT 1   [ RunTime:0.0002s ]
SQL: SELECT count(id) as id FROM `xueche1_list` WHERE ( listtime like '%2016-11-08%' ) LIMIT 1   [ RunTime:0.0002s ]
SQL: SELECT count(id) as id FROM `xueche1_list` WHERE ( listtime like '%2016-11%' ) LIMIT 1   [ RunTime:0.0002s ]
SQL: SELECT count(id) as id FROM `xueche1_list` WHERE ( listtime like '%2016-10%' ) LIMIT 1   [ RunTime:0.0002s ]
INFO: [ view_parse ] --START--
INFO: [ template_filter ] --START--
INFO: Run Behavior\ContentReplaceBehavior [ RunTime:0.000062s ]
INFO: [ template_filter ] --END-- [ RunTime:0.000097s ]
NOTIC: [8] Undefined offset: 1 /var/www/xueche/Application/Runtime/Cache/Manage/1e288adad12e0bfd37a0b3a2cdaf852e.php 第 45 行.
NOTIC: [8] Undefined offset: 1 /var/www/xueche/Application/Runtime/Cache/Manage/1e288adad12e0bfd37a0b3a2cdaf852e.php 第 46 行.
NOTIC: [8] Undefined offset: 2 /var/www/xueche/Application/Runtime/Cache/Manage/1e288adad12e0bfd37a0b3a2cdaf852e.php 第 47 行.
NOTIC: [8] Undefined offset: 3 /var/www/xueche/Application/Runtime/Cache/Manage/1e288adad12e0bfd37a0b3a2cdaf852e.php 第 48 行.
NOTIC: [8] Undefined offset: 0 /var/www/xueche/Application/Runtime/Cache/Manage/1e288adad12e0bfd37a0b3a2cdaf852e.php 第 54 行.
NOTIC: [8] Undefined offset: 1 /var/www/xueche/Application/Runtime/Cache/Manage/1e288adad12e0bfd37a0b3a2cdaf852e.php 第 55 行.
NOTIC: [8] Undefined offset: 1 /var/www/xueche/Application/Runtime/Cache/Manage/1e288adad12e0bfd37a0b3a2cdaf852e.php 第 56 行.
NOTIC: [8] Undefined offset: 2 /var/www/xueche/Application/Runtime/Cache/Manage/1e288adad12e0bfd37a0b3a2cdaf852e.php 第 57 行.
NOTIC: [8] Undefined offset: 3 /var/www/xueche/Application/Runtime/Cache/Manage/1e288adad12e0bfd37a0b3a2cdaf852e.php 第 58 行.
NOTIC: [8] Undefined offset: 1 /var/www/xueche/Application/Runtime/Cache/Manage/1e288adad12e0bfd37a0b3a2cdaf852e.php 第 65 行.
NOTIC: [8] Undefined offset: 1 /var/www/xueche/Application/Runtime/Cache/Manage/1e288adad12e0bfd37a0b3a2cdaf852e.php 第 66 行.
NOTIC: [8] Undefined offset: 2 /var/www/xueche/Application/Runtime/Cache/Manage/1e288adad12e0bfd37a0b3a2cdaf852e.php 第 67 行.
NOTIC: [8] Undefined offset: 3 /var/www/xueche/Application/Runtime/Cache/Manage/1e288adad12e0bfd37a0b3a2cdaf852e.php 第 68 行.
NOTIC: [8] Undefined offset: 1 /var/www/xueche/Application/Runtime/Cache/Manage/1e288adad12e0bfd37a0b3a2cdaf852e.php 第 75 行.
NOTIC: [8] Undefined offset: 1 /var/www/xueche/Application/Runtime/Cache/Manage/1e288adad12e0bfd37a0b3a2cdaf852e.php 第 76 行.
NOTIC: [8] Undefined offset: 4 /var/www/xueche/Application/Runtime/Cache/Manage/1e288adad12e0bfd37a0b3a2cdaf852e.php 第 77 行.
NOTIC: [8] Undefined offset: 3 /var/www/xueche/Application/Runtime/Cache/Manage/1e288adad12e0bfd37a0b3a2cdaf852e.php 第 78 行.
NOTIC: [8] Undefined offset: 0 /var/www/xueche/Application/Runtime/Cache/Manage/1e288adad12e0bfd37a0b3a2cdaf852e.php 第 84 行.
NOTIC: [8] Undefined offset: 1 /var/www/xueche/Application/Runtime/Cache/Manage/1e288adad12e0bfd37a0b3a2cdaf852e.php 第 85 行.
NOTIC: [8] Undefined offset: 1 /var/www/xueche/Application/Runtime/Cache/Manage/1e288adad12e0bfd37a0b3a2cdaf852e.php 第 86 行.
NOTIC: [8] Undefined offset: 2 /var/www/xueche/Application/Runtime/Cache/Manage/1e288adad12e0bfd37a0b3a2cdaf852e.php 第 87 行.
NOTIC: [8] Undefined offset: 3 /var/www/xueche/Application/Runtime/Cache/Manage/1e288adad12e0bfd37a0b3a2cdaf852e.php 第 88 行.
NOTIC: [8] Undefined variable: ww /var/www/xueche/Application/Runtime/Cache/Manage/1e288adad12e0bfd37a0b3a2cdaf852e.php 第 102 行.
NOTIC: [8] Undefined variable: php /var/www/xueche/Application/Runtime/Cache/Manage/1e288adad12e0bfd37a0b3a2cdaf852e.php 第 106 行.
NOTIC: [8] Undefined variable: ver /var/www/xueche/Application/Runtime/Cache/Manage/1e288adad12e0bfd37a0b3a2cdaf852e.php 第 130 行.
NOTIC: [8] Undefined variable: s /var/www/xueche/Application/Runtime/Cache/Manage/1e288adad12e0bfd37a0b3a2cdaf852e.php 第 134 行.
NOTIC: [8] Undefined variable: tp /var/www/xueche/Application/Runtime/Cache/Manage/1e288adad12e0bfd37a0b3a2cdaf852e.php 第 138 行.
NOTIC: [8] Undefined variable: sql /var/www/xueche/Application/Runtime/Cache/Manage/1e288adad12e0bfd37a0b3a2cdaf852e.php 第 142 行.
NOTIC: [8] Undefined variable: file /var/www/xueche/Application/Runtime/Cache/Manage/1e288adad12e0bfd37a0b3a2cdaf852e.php 第 150 行.
INFO: Run Behavior\ParseTemplateBehavior [ RunTime:0.006037s ]
INFO: [ view_parse ] --END-- [ RunTime:0.006065s ]
INFO: [ view_filter ] --START--
INFO: Run Behavior\WriteHtmlCacheBehavior [ RunTime:0.000148s ]
INFO: [ view_filter ] --END-- [ RunTime:0.000174s ]
INFO: [ app_end ] --START--
INFO: Run Behavior\ShowPageTraceBehavior [ RunTime:0.000404s ]
INFO: [ app_end ] --END-- [ RunTime:0.000435s ]

[ 2016-11-09T14:11:26+08:00 ] 101.81.13.210 /Manage/Index/skin/default/skin.css
INFO: [ app_init ] --START--
INFO: Run Behavior\BuildLiteBehavior [ RunTime:0.000013s ]
INFO: [ app_init ] --END-- [ RunTime:0.000323s ]
INFO: [ app_begin ] --START--
INFO: Run Behavior\ReadHtmlCacheBehavior [ RunTime:0.000401s ]
INFO: [ app_begin ] --END-- [ RunTime:0.000435s ]
ERR: 非法操作:skin

[ 2016-11-09T14:11:28+08:00 ] 101.81.13.210 /Manage/User/userList.html
INFO: [ app_init ] --START--
INFO: Run Behavior\BuildLiteBehavior [ RunTime:0.000014s ]
INFO: [ app_init ] --END-- [ RunTime:0.000357s ]
INFO: [ app_begin ] --START--
INFO: Run Behavior\ReadHtmlCacheBehavior [ RunTime:0.000391s ]
INFO: [ app_begin ] --END-- [ RunTime:0.000430s ]
SQL: SHOW COLUMNS FROM `xueche1_user` [ RunTime:0.0010s ]
SQL: SELECT COUNT(*) AS tp_count FROM `xueche1_user` LIMIT 1   [ RunTime:0.0002s ]
SQL: SELECT `id`,`account`,`sex`,`userid`,`ntime`,`nickname`,`img`,`phone`,`address`,`subjects`,`jtype`,`lastupdate`,`verify` FROM `xueche1_user` ORDER BY id asc LIMIT 0,8   [ RunTime:0.0003s ]
SQL: SHOW COLUMNS FROM `xueche1_list` [ RunTime:0.0011s ]
SQL: SELECT COUNT(*) AS tp_count FROM `xueche1_list` WHERE ( masterid='1ACCA599-8206-F1DA-90D3-BCFC6243E415' ) LIMIT 1   [ RunTime:0.0002s ]
SQL: SHOW COLUMNS FROM `xueche1_reservation` [ RunTime:0.0008s ]
SQL: SELECT COUNT(*) AS tp_count FROM `xueche1_reservation` WHERE ( masterid='1ACCA599-8206-F1DA-90D3-BCFC6243E415' ) LIMIT 1   [ RunTime:0.0002s ]
SQL: SELECT COUNT(*) AS tp_count FROM `xueche1_list` WHERE ( masterid='008B5940-E4E6-081D-4B3E-C180E2AD0AC0' ) LIMIT 1   [ RunTime:0.0002s ]
SQL: SELECT COUNT(*) AS tp_count FROM `xueche1_reservation` WHERE ( masterid='008B5940-E4E6-081D-4B3E-C180E2AD0AC0' ) LIMIT 1   [ RunTime:0.0002s ]
SQL: SELECT COUNT(*) AS tp_count FROM `xueche1_list` WHERE ( masterid='0BC9E90D-7014-323C-F4C1-72E8C7F568F9' ) LIMIT 1   [ RunTime:0.0003s ]
SQL: SELECT COUNT(*) AS tp_count FROM `xueche1_reservation` WHERE ( masterid='0BC9E90D-7014-323C-F4C1-72E8C7F568F9' ) LIMIT 1   [ RunTime:0.0002s ]
SQL: SELECT COUNT(*) AS tp_count FROM `xueche1_list` WHERE ( masterid='87696BB0-B365-6EC8-BE24-DBE30E4901B7' ) LIMIT 1   [ RunTime:0.0002s ]
SQL: SELECT COUNT(*) AS tp_count FROM `xueche1_reservation` WHERE ( masterid='87696BB0-B365-6EC8-BE24-DBE30E4901B7' ) LIMIT 1   [ RunTime:0.0002s ]
SQL: SELECT COUNT(*) AS tp_count FROM `xueche1_list` WHERE ( masterid='8CF687BE-A1AF-5F50-5C3F-C051BB0218A7' ) LIMIT 1   [ RunTime:0.0002s ]
SQL: SELECT COUNT(*) AS tp_count FROM `xueche1_reservation` WHERE ( masterid='8CF687BE-A1AF-5F50-5C3F-C051BB0218A7' ) LIMIT 1   [ RunTime:0.0002s ]
SQL: SELECT COUNT(*) AS tp_count FROM `xueche1_list` WHERE ( masterid='31A9D405-1D2C-9B12-0F90-2D23CE00E7D4' ) LIMIT 1   [ RunTime:0.0002s ]
SQL: SELECT COUNT(*) AS tp_count FROM `xueche1_reservation` WHERE ( masterid='31A9D405-1D2C-9B12-0F90-2D23CE00E7D4' ) LIMIT 1   [ RunTime:0.0002s ]
SQL: SELECT COUNT(*) AS tp_count FROM `xueche1_list` WHERE ( masterid='E6ED960E-234F-6DA4-31D1-D59CD435B2FB' ) LIMIT 1   [ RunTime:0.0002s ]
SQL: SELECT COUNT(*) AS tp_count FROM `xueche1_reservation` WHERE ( masterid='E6ED960E-234F-6DA4-31D1-D59CD435B2FB' ) LIMIT 1   [ RunTime:0.0002s ]
SQL: SELECT COUNT(*) AS tp_count FROM `xueche1_list` WHERE ( masterid='7F8CCC4C-F02E-14ED-229E-3BDE596A21DB' ) LIMIT 1   [ RunTime:0.0002s ]
SQL: SELECT COUNT(*) AS tp_count FROM `xueche1_reservation` WHERE ( masterid='7F8CCC4C-F02E-14ED-229E-3BDE596A21DB' ) LIMIT 1   [ RunTime:0.0002s ]
INFO: [ view_parse ] --START--
INFO: [ template_filter ] --START--
INFO: Run Behavior\ContentReplaceBehavior [ RunTime:0.000060s ]
INFO: [ template_filter ] --END-- [ RunTime:0.000096s ]
INFO: Run Behavior\ParseTemplateBehavior [ RunTime:0.007570s ]
INFO: [ view_parse ] --END-- [ RunTime:0.007629s ]
INFO: [ view_filter ] --START--
INFO: Run Behavior\WriteHtmlCacheBehavior [ RunTime:0.000221s ]
INFO: [ view_filter ] --END-- [ RunTime:0.000250s ]
INFO: [ app_end ] --START--
INFO: Run Behavior\ShowPageTraceBehavior [ RunTime:0.000470s ]
INFO: [ app_end ] --END-- [ RunTime:0.000505s ]

[ 2016-11-09T14:11:31+08:00 ] 101.81.13.210 /Manage/User/userList.html?p=13
INFO: [ app_init ] --START--
INFO: Run Behavior\BuildLiteBehavior [ RunTime:0.000012s ]
INFO: [ app_init ] --END-- [ RunTime:0.000301s ]
INFO: [ app_begin ] --START--
INFO: Run Behavior\ReadHtmlCacheBehavior [ RunTime:0.000380s ]
INFO: [ app_begin ] --END-- [ RunTime:0.000416s ]
SQL: SHOW COLUMNS FROM `xueche1_user` [ RunTime:0.0012s ]
SQL: SELECT COUNT(*) AS tp_count FROM `xueche1_user` LIMIT 1   [ RunTime:0.0002s ]
SQL: SELECT `id`,`account`,`sex`,`userid`,`ntime`,`nickname`,`img`,`phone`,`address`,`subjects`,`jtype`,`lastupdate`,`verify` FROM `xueche1_user` ORDER BY id asc LIMIT 96,8   [ RunTime:0.0004s ]
SQL: SHOW COLUMNS FROM `xueche1_list` [ RunTime:0.0011s ]
SQL: SELECT COUNT(*) AS tp_count FROM `xueche1_list` WHERE ( masterid='C37D6DE1-6EFF-10A9-0816-5FB56AE49019' ) LIMIT 1   [ RunTime:0.0003s ]
SQL: SHOW COLUMNS FROM `xueche1_reservation` [ RunTime:0.0008s ]
SQL: SELECT COUNT(*) AS tp_count FROM `xueche1_reservation` WHERE ( masterid='C37D6DE1-6EFF-10A9-0816-5FB56AE49019' ) LIMIT 1   [ RunTime:0.0002s ]
SQL: SELECT COUNT(*) AS tp_count FROM `xueche1_list` WHERE ( masterid='3B082A35-1324-641E-319F-164A0AAC4081' ) LIMIT 1   [ RunTime:0.0002s ]
SQL: SELECT COUNT(*) AS tp_count FROM `xueche1_reservation` WHERE ( masterid='3B082A35-1324-641E-319F-164A0AAC4081' ) LIMIT 1   [ RunTime:0.0002s ]
SQL: SELECT COUNT(*) AS tp_count FROM `xueche1_list` WHERE ( masterid='A6FEF429-1518-CF33-13C9-D3DA70D05C09' ) LIMIT 1   [ RunTime:0.0002s ]
SQL: SELECT COUNT(*) AS tp_count FROM `xueche1_reservation` WHERE ( masterid='A6FEF429-1518-CF33-13C9-D3DA70D05C09' ) LIMIT 1   [ RunTime:0.0002s ]
SQL: SELECT COUNT(*) AS tp_count FROM `xueche1_list` WHERE ( masterid='92F3049D-3EF2-B5F4-19DC-5B29C8BFC4AD' ) LIMIT 1   [ RunTime:0.0002s ]
SQL: SELECT COUNT(*) AS tp_count FROM `xueche1_reservation` WHERE ( masterid='92F3049D-3EF2-B5F4-19DC-5B29C8BFC4AD' ) LIMIT 1   [ RunTime:0.0002s ]
SQL: SELECT COUNT(*) AS tp_count FROM `xueche1_list` WHERE ( masterid='3918BE4B-4B27-904A-F777-CCF7018ED831' ) LIMIT 1   [ RunTime:0.0002s ]
SQL: SELECT COUNT(*) AS tp_count FROM `xueche1_reservation` WHERE ( masterid='3918BE4B-4B27-904A-F777-CCF7018ED831' ) LIMIT 1   [ RunTime:0.0002s ]
INFO: [ view_parse ] --START--
INFO: [ template_filter ] --START--
INFO: Run Behavior\ContentReplaceBehavior [ RunTime:0.000063s ]
INFO: [ template_filter ] --END-- [ RunTime:0.000099s ]
INFO: Run Behavior\ParseTemplateBehavior [ RunTime:0.006800s ]
INFO: [ view_parse ] --END-- [ RunTime:0.006835s ]
INFO: [ view_filter ] --START--
INFO: Run Behavior\WriteHtmlCacheBehavior [ RunTime:0.000130s ]
INFO: [ view_filter ] --END-- [ RunTime:0.000158s ]
INFO: [ app_end ] --START--
INFO: Run Behavior\ShowPageTraceBehavior [ RunTime:0.000440s ]
INFO: [ app_end ] --END-- [ RunTime:0.000477s ]

[ 2016-11-09T14:11:40+08:00 ] 101.81.13.210 /Manage/Eval/evallist.html
INFO: [ app_init ] --START--
INFO: Run Behavior\BuildLiteBehavior [ RunTime:0.000011s ]
INFO: [ app_init ] --END-- [ RunTime:0.000319s ]
INFO: [ app_begin ] --START--
INFO: Run Behavior\ReadHtmlCacheBehavior [ RunTime:0.000446s ]
INFO: [ app_begin ] --END-- [ RunTime:0.000487s ]
SQL: SHOW COLUMNS FROM `xueche1_evaluating` [ RunTime:0.0010s ]
SQL: SELECT COUNT(*) AS tp_count FROM `xueche1_evaluating` LIMIT 1   [ RunTime:0.0005s ]
SQL: SELECT `id`,`time`,`content`,`objecthingid`,`lastupdate` FROM `xueche1_evaluating` ORDER BY id LIMIT 0,12   [ RunTime:0.0003s ]
SQL: SHOW COLUMNS FROM `xueche1_school` [ RunTime:0.0010s ]
SQL: SELECT `nickname` FROM `xueche1_school` WHERE ( userid='090EB210-D6F4-047A-BC12-2306A6DA280F' ) LIMIT 1   [ RunTime:0.0003s ]
SQL: SELECT `nickname` FROM `xueche1_school` WHERE ( userid='090EB210-D6F4-047A-BC12-2306A6DA280F' ) LIMIT 1   [ RunTime:0.0002s ]
SQL: SELECT `nickname` FROM `xueche1_school` WHERE ( userid='6C7E6108-806A-A9BE-DB34-A04A9AC88110' ) LIMIT 1   [ RunTime:0.0002s ]
SQL: SELECT `nickname` FROM `xueche1_school` WHERE ( userid='6C7E6108-806A-A9BE-DB34-A04A9AC88110' ) LIMIT 1   [ RunTime:0.0002s ]
SQL: SELECT `nickname` FROM `xueche1_school` WHERE ( userid='48D2E57F-7E09-D598-8DF0-202EB9295A84' ) LIMIT 1   [ RunTime:0.0002s ]
SQL: SELECT `nickname` FROM `xueche1_school` WHERE ( userid='E908351C-6DD7-D9EA-7025-2DFFB2830285' ) LIMIT 1   [ RunTime:0.0002s ]
SQL: SELECT `nickname` FROM `xueche1_school` WHERE ( userid='C5998E79-B4A0-86B2-797D-3CCAB2CB78A0' ) LIMIT 1   [ RunTime:0.0002s ]
SQL: SELECT `nickname` FROM `xueche1_school` WHERE ( userid='6C7E6108-806A-A9BE-DB34-A04A9AC88110' ) LIMIT 1   [ RunTime:0.0002s ]
SQL: SELECT `nickname` FROM `xueche1_school` WHERE ( userid='6C7E6108-806A-A9BE-DB34-A04A9AC88110' ) LIMIT 1   [ RunTime:0.0002s ]
SQL: SELECT `nickname` FROM `xueche1_school` WHERE ( userid='373CE677-EBEB-6755-3E6D-C4931D9D0C64' ) LIMIT 1   [ RunTime:0.0005s ]
SQL: SELECT `nickname` FROM `xueche1_school` WHERE ( userid='373CE677-EBEB-6755-3E6D-C4931D9D0C64' ) LIMIT 1   [ RunTime:0.0003s ]
SQL: SELECT `nickname` FROM `xueche1_school` WHERE ( userid='736A9FC4-EBAA-72F5-ECBF-B1874E0BF000' ) LIMIT 1   [ RunTime:0.0002s ]
INFO: [ view_parse ] --START--
INFO: [ template_filter ] --START--
INFO: Run Behavior\ContentReplaceBehavior [ RunTime:0.000058s ]
INFO: [ template_filter ] --END-- [ RunTime:0.000095s ]
INFO: Run Behavior\ParseTemplateBehavior [ RunTime:0.006103s ]
INFO: [ view_parse ] --END-- [ RunTime:0.006137s ]
INFO: [ view_filter ] --START--
INFO: Run Behavior\WriteHtmlCacheBehavior [ RunTime:0.000128s ]
INFO: [ view_filter ] --END-- [ RunTime:0.000155s ]
INFO: [ app_end ] --START--
INFO: Run Behavior\ShowPageTraceBehavior [ RunTime:0.000436s ]
INFO: [ app_end ] --END-- [ RunTime:0.000472s ]

[ 2016-11-09T14:11:42+08:00 ] 101.81.13.210 /Manage/User/userLog.html
INFO: [ app_init ] --START--
INFO: Run Behavior\BuildLiteBehavior [ RunTime:0.000011s ]
INFO: [ app_init ] --END-- [ RunTime:0.000317s ]
INFO: [ app_begin ] --START--
INFO: Run Behavior\ReadHtmlCacheBehavior [ RunTime:0.000435s ]
INFO: [ app_begin ] --END-- [ RunTime:0.000476s ]
SQL: SHOW COLUMNS FROM `xueche1_userlog` [ RunTime:0.0009s ]
SQL: SELECT COUNT(*) AS tp_count FROM `xueche1_userlog` LIMIT 1   [ RunTime:0.0002s ]
SQL: SELECT `id`,`userid`,`ip`,`dotime`,`url`,`phone` FROM `xueche1_userlog` ORDER BY id desc LIMIT 0,18   [ RunTime:0.0004s ]
SQL: SHOW COLUMNS FROM `xueche1_user` [ RunTime:0.0008s ]
SQL: SELECT `nickname` FROM `xueche1_user` WHERE ( userid='87696BB0-B365-6EC8-BE24-DBE30E4901B7' ) LIMIT 1   [ RunTime:0.0003s ]
SQL: SELECT `nickname` FROM `xueche1_user` WHERE ( userid='87696BB0-B365-6EC8-BE24-DBE30E4901B7' ) LIMIT 1   [ RunTime:0.0002s ]
SQL: SELECT `nickname` FROM `xueche1_user` WHERE ( userid='87696BB0-B365-6EC8-BE24-DBE30E4901B7' ) LIMIT 1   [ RunTime:0.0002s ]
SQL: SELECT `nickname` FROM `xueche1_user` WHERE ( userid='87696BB0-B365-6EC8-BE24-DBE30E4901B7' ) LIMIT 1   [ RunTime:0.0002s ]
SQL: SELECT `nickname` FROM `xueche1_user` WHERE ( userid='7852A68A-F1B4-B1B3-37A0-4BA44E84416C' ) LIMIT 1   [ RunTime:0.0002s ]
SQL: SELECT `nickname` FROM `xueche1_user` WHERE ( userid='7852A68A-F1B4-B1B3-37A0-4BA44E84416C' ) LIMIT 1   [ RunTime:0.0002s ]
SQL: SELECT `nickname` FROM `xueche1_user` WHERE ( userid='7852A68A-F1B4-B1B3-37A0-4BA44E84416C' ) LIMIT 1   [ RunTime:0.0002s ]
SQL: SELECT `nickname` FROM `xueche1_user` WHERE ( userid='7852A68A-F1B4-B1B3-37A0-4BA44E84416C' ) LIMIT 1   [ RunTime:0.0002s ]
SQL: SELECT `nickname` FROM `xueche1_user` WHERE ( userid='7852A68A-F1B4-B1B3-37A0-4BA44E84416C' ) LIMIT 1   [ RunTime:0.0002s ]
SQL: SELECT `nickname` FROM `xueche1_user` WHERE ( userid='7852A68A-F1B4-B1B3-37A0-4BA44E84416C' ) LIMIT 1   [ RunTime:0.0002s ]
SQL: SELECT `nickname` FROM `xueche1_user` WHERE ( userid='7852A68A-F1B4-B1B3-37A0-4BA44E84416C' ) LIMIT 1   [ RunTime:0.0002s ]
SQL: SELECT `nickname` FROM `xueche1_user` WHERE ( userid='7852A68A-F1B4-B1B3-37A0-4BA44E84416C' ) LIMIT 1   [ RunTime:0.0002s ]
SQL: SELECT `nickname` FROM `xueche1_user` WHERE ( userid='7852A68A-F1B4-B1B3-37A0-4BA44E84416C' ) LIMIT 1   [ RunTime:0.0002s ]
SQL: SELECT `nickname` FROM `xueche1_user` WHERE ( userid='7852A68A-F1B4-B1B3-37A0-4BA44E84416C' ) LIMIT 1   [ RunTime:0.0002s ]
SQL: SELECT `nickname` FROM `xueche1_user` WHERE ( userid='7852A68A-F1B4-B1B3-37A0-4BA44E84416C' ) LIMIT 1   [ RunTime:0.0002s ]
SQL: SELECT `nickname` FROM `xueche1_user` WHERE ( userid='7852A68A-F1B4-B1B3-37A0-4BA44E84416C' ) LIMIT 1   [ RunTime:0.0002s ]
SQL: SELECT `nickname` FROM `xueche1_user` WHERE ( userid='7852A68A-F1B4-B1B3-37A0-4BA44E84416C' ) LIMIT 1   [ RunTime:0.0002s ]
SQL: SELECT `nickname` FROM `xueche1_user` WHERE ( userid='7852A68A-F1B4-B1B3-37A0-4BA44E84416C' ) LIMIT 1   [ RunTime:0.0002s ]
INFO: [ view_parse ] --START--
INFO: [ template_filter ] --START--
INFO: Run Behavior\ContentReplaceBehavior [ RunTime:0.000046s ]
INFO: [ template_filter ] --END-- [ RunTime:0.000080s ]
INFO: Run Behavior\ParseTemplateBehavior [ RunTime:0.005431s ]
INFO: [ view_parse ] --END-- [ RunTime:0.005490s ]
INFO: [ view_filter ] --START--
INFO: Run Behavior\WriteHtmlCacheBehavior [ RunTime:0.000125s ]
INFO: [ view_filter ] --END-- [ RunTime:0.000151s ]
INFO: [ app_end ] --START--
INFO: Run Behavior\ShowPageTraceBehavior [ RunTime:0.000461s ]
INFO: [ app_end ] --END-- [ RunTime:0.000496s ]

[ 2016-11-09T14:11:49+08:00 ] 101.81.13.210 /Manage/User/userLog.html?p=2
INFO: [ app_init ] --START--
INFO: Run Behavior\BuildLiteBehavior [ RunTime:0.000010s ]
INFO: [ app_init ] --END-- [ RunTime:0.000290s ]
INFO: [ app_begin ] --START--
INFO: Run Behavior\ReadHtmlCacheBehavior [ RunTime:0.000370s ]
INFO: [ app_begin ] --END-- [ RunTime:0.000406s ]
SQL: SHOW COLUMNS FROM `xueche1_userlog` [ RunTime:0.0010s ]
SQL: SELECT COUNT(*) AS tp_count FROM `xueche1_userlog` LIMIT 1   [ RunTime:0.0002s ]
SQL: SELECT `id`,`userid`,`ip`,`dotime`,`url`,`phone` FROM `xueche1_userlog` ORDER BY id desc LIMIT 18,18   [ RunTime:0.0004s ]
SQL: SHOW COLUMNS FROM `xueche1_user` [ RunTime:0.0008s ]
SQL: SELECT `nickname` FROM `xueche1_user` WHERE ( userid='7852A68A-F1B4-B1B3-37A0-4BA44E84416C' ) LIMIT 1   [ RunTime:0.0003s ]
SQL: SELECT `nickname` FROM `xueche1_user` WHERE ( userid='7852A68A-F1B4-B1B3-37A0-4BA44E84416C' ) LIMIT 1   [ RunTime:0.0002s ]
SQL: SELECT `nickname` FROM `xueche1_user` WHERE ( userid='7852A68A-F1B4-B1B3-37A0-4BA44E84416C' ) LIMIT 1   [ RunTime:0.0002s ]
SQL: SELECT `nickname` FROM `xueche1_user` WHERE ( userid='7852A68A-F1B4-B1B3-37A0-4BA44E84416C' ) LIMIT 1   [ RunTime:0.0002s ]
SQL: SELECT `nickname` FROM `xueche1_user` WHERE ( userid='7852A68A-F1B4-B1B3-37A0-4BA44E84416C' ) LIMIT 1   [ RunTime:0.0002s ]
SQL: SELECT `nickname` FROM `xueche1_user` WHERE ( userid='7852A68A-F1B4-B1B3-37A0-4BA44E84416C' ) LIMIT 1   [ RunTime:0.0003s ]
SQL: SELECT `nickname` FROM `xueche1_user` WHERE ( userid='7852A68A-F1B4-B1B3-37A0-4BA44E84416C' ) LIMIT 1   [ RunTime:0.0003s ]
SQL: SELECT `nickname` FROM `xueche1_user` WHERE ( userid='7852A68A-F1B4-B1B3-37A0-4BA44E84416C' ) LIMIT 1   [ RunTime:0.0002s ]
SQL: SELECT `nickname` FROM `xueche1_user` WHERE ( userid='' ) LIMIT 1   [ RunTime:0.0002s ]
SQL: SELECT `nickname` FROM `xueche1_user` WHERE ( userid='' ) LIMIT 1   [ RunTime:0.0002s ]
SQL: SELECT `nickname` FROM `xueche1_user` WHERE ( userid='5C11C490-5D36-2AAB-C259-DD0F86A707C1' ) LIMIT 1   [ RunTime:0.0002s ]
SQL: SELECT `nickname` FROM `xueche1_user` WHERE ( userid='5C11C490-5D36-2AAB-C259-DD0F86A707C1' ) LIMIT 1   [ RunTime:0.0002s ]
SQL: SELECT `nickname` FROM `xueche1_user` WHERE ( userid='' ) LIMIT 1   [ RunTime:0.0002s ]
SQL: SELECT `nickname` FROM `xueche1_user` WHERE ( userid='' ) LIMIT 1   [ RunTime:0.0002s ]
SQL: SELECT `nickname` FROM `xueche1_user` WHERE ( userid='' ) LIMIT 1   [ RunTime:0.0002s ]
SQL: SELECT `nickname` FROM `xueche1_user` WHERE ( userid='' ) LIMIT 1   [ RunTime:0.0002s ]
SQL: SELECT `nickname` FROM `xueche1_user` WHERE ( userid='5C11C490-5D36-2AAB-C259-DD0F86A707C1' ) LIMIT 1   [ RunTime:0.0002s ]
SQL: SELECT `nickname` FROM `xueche1_user` WHERE ( userid='5C11C490-5D36-2AAB-C259-DD0F86A707C1' ) LIMIT 1   [ RunTime:0.0002s ]
INFO: [ view_parse ] --START--
INFO: [ template_filter ] --START--
INFO: Run Behavior\ContentReplaceBehavior [ RunTime:0.000048s ]
INFO: [ template_filter ] --END-- [ RunTime:0.000082s ]
INFO: Run Behavior\ParseTemplateBehavior [ RunTime:0.005540s ]
INFO: [ view_parse ] --END-- [ RunTime:0.005574s ]
INFO: [ view_filter ] --START--
INFO: Run Behavior\WriteHtmlCacheBehavior [ RunTime:0.000125s ]
INFO: [ view_filter ] --END-- [ RunTime:0.000151s ]
INFO: [ app_end ] --START--
INFO: Run Behavior\ShowPageTraceBehavior [ RunTime:0.000408s ]
INFO: [ app_end ] --END-- [ RunTime:0.000467s ]

