[ 2016-11-04T10:53:20+08:00 ] 101.81.13.210 /Manage/Index/index.html
INFO: [ app_init ] --START--
INFO: Run Behavior\BuildLiteBehavior [ RunTime:0.000012s ]
INFO: [ app_init ] --END-- [ RunTime:0.000301s ]
INFO: [ app_begin ] --START--
INFO: Run Behavior\ReadHtmlCacheBehavior [ RunTime:0.000373s ]
INFO: [ app_begin ] --END-- [ RunTime:0.000408s ]

[ 2016-11-04T10:53:20+08:00 ] 101.81.13.210 /Manage/index/login.html
INFO: [ app_init ] --START--
INFO: Run Behavior\BuildLiteBehavior [ RunTime:0.000010s ]
INFO: [ app_init ] --END-- [ RunTime:0.000284s ]
INFO: [ app_begin ] --START--
INFO: Run Behavior\ReadHtmlCacheBehavior [ RunTime:0.000399s ]
INFO: [ app_begin ] --END-- [ RunTime:0.000433s ]
INFO: [ view_parse ] --START--
INFO: [ template_filter ] --START--
INFO: Run Behavior\ContentReplaceBehavior [ RunTime:0.000046s ]
INFO: [ template_filter ] --END-- [ RunTime:0.000080s ]
INFO: Run Behavior\ParseTemplateBehavior [ RunTime:0.004552s ]
INFO: [ view_parse ] --END-- [ RunTime:0.004586s ]
INFO: [ view_filter ] --START--
INFO: Run Behavior\WriteHtmlCacheBehavior [ RunTime:0.000124s ]
INFO: [ view_filter ] --END-- [ RunTime:0.000152s ]
INFO: [ app_end ] --START--
INFO: Run Behavior\ShowPageTraceBehavior [ RunTime:0.000402s ]
INFO: [ app_end ] --END-- [ RunTime:0.000432s ]

[ 2016-11-04T10:53:20+08:00 ] 101.81.13.210 /Manage/Index/verify.html
INFO: [ app_init ] --START--
INFO: Run Behavior\BuildLiteBehavior [ RunTime:0.000011s ]
INFO: [ app_init ] --END-- [ RunTime:0.000345s ]
INFO: [ app_begin ] --START--
INFO: Run Behavior\ReadHtmlCacheBehavior [ RunTime:0.000379s ]
INFO: [ app_begin ] --END-- [ RunTime:0.000441s ]
INFO: [ app_end ] --START--
INFO: Run Behavior\ShowPageTraceBehavior [ RunTime:0.000432s ]
INFO: [ app_end ] --END-- [ RunTime:0.000476s ]

[ 2016-11-04T10:53:30+08:00 ] 117.185.27.113 /manage/index/login.html
INFO: [ app_init ] --START--
INFO: Run Behavior\BuildLiteBehavior [ RunTime:0.000011s ]
INFO: [ app_init ] --END-- [ RunTime:0.000290s ]
INFO: [ app_begin ] --START--
INFO: Run Behavior\ReadHtmlCacheBehavior [ RunTime:0.000371s ]
INFO: [ app_begin ] --END-- [ RunTime:0.000407s ]
INFO: [ view_parse ] --START--
INFO: [ template_filter ] --START--
INFO: Run Behavior\ContentReplaceBehavior [ RunTime:0.000044s ]
INFO: [ template_filter ] --END-- [ RunTime:0.000078s ]
INFO: Run Behavior\ParseTemplateBehavior [ RunTime:0.004502s ]
INFO: [ view_parse ] --END-- [ RunTime:0.004536s ]
INFO: [ view_filter ] --START--
INFO: Run Behavior\WriteHtmlCacheBehavior [ RunTime:0.000122s ]
INFO: [ view_filter ] --END-- [ RunTime:0.000148s ]
INFO: [ app_end ] --START--
INFO: Run Behavior\ShowPageTraceBehavior [ RunTime:0.000393s ]
INFO: [ app_end ] --END-- [ RunTime:0.000424s ]

[ 2016-11-04T10:53:31+08:00 ] 101.81.13.210 /Manage/Index/checkuser.html
INFO: [ app_init ] --START--
INFO: Run Behavior\BuildLiteBehavior [ RunTime:0.000015s ]
INFO: [ app_init ] --END-- [ RunTime:0.000323s ]
INFO: [ app_begin ] --START--
INFO: Run Behavior\ReadHtmlCacheBehavior [ RunTime:0.000402s ]
INFO: [ app_begin ] --END-- [ RunTime:0.000438s ]
SQL: SHOW COLUMNS FROM `xueche1_admin` [ RunTime:0.0010s ]
SQL: SELECT count(*),`pass`,`masgroup`,`flag`,`username`,`role` FROM `xueche1_admin` WHERE ( account='admin' ) LIMIT 1   [ RunTime:0.0003s ]
SQL: SHOW COLUMNS FROM `xueche1_adminlog` [ RunTime:0.0006s ]
SQL: INSERT INTO `xueche1_adminlog` (`account`,`ntime`,`nip`,`info`) VALUES ('admin','1478228011','1699810770','登录') [ RunTime:0.0011s ]
INFO: [ app_end ] --START--
INFO: Run Behavior\ShowPageTraceBehavior [ RunTime:0.000472s ]
INFO: [ app_end ] --END-- [ RunTime:0.000528s ]

[ 2016-11-04T10:53:31+08:00 ] 101.81.13.210 /Manage/Index/index.html
INFO: [ app_init ] --START--
INFO: Run Behavior\BuildLiteBehavior [ RunTime:0.000012s ]
INFO: [ app_init ] --END-- [ RunTime:0.000301s ]
INFO: [ app_begin ] --START--
INFO: Run Behavior\ReadHtmlCacheBehavior [ RunTime:0.000373s ]
INFO: [ app_begin ] --END-- [ RunTime:0.000408s ]
SQL: SHOW COLUMNS FROM `xueche1_admin` [ RunTime:0.0012s ]
SQL: SELECT `permissId` FROM `xueche1_admin` WHERE ( account='admin' ) LIMIT 1   [ RunTime:0.0003s ]
INFO: [ view_parse ] --START--
INFO: [ template_filter ] --START--
INFO: Run Behavior\ContentReplaceBehavior [ RunTime:0.000110s ]
INFO: [ template_filter ] --END-- [ RunTime:0.000168s ]
INFO: Run Behavior\ParseTemplateBehavior [ RunTime:0.006677s ]
INFO: [ view_parse ] --END-- [ RunTime:0.006713s ]
INFO: [ view_filter ] --START--
INFO: Run Behavior\WriteHtmlCacheBehavior [ RunTime:0.000127s ]
INFO: [ view_filter ] --END-- [ RunTime:0.000154s ]
INFO: [ app_end ] --START--
INFO: Run Behavior\ShowPageTraceBehavior [ RunTime:0.000415s ]
INFO: [ app_end ] --END-- [ RunTime:0.000450s ]

[ 2016-11-04T10:53:32+08:00 ] 101.81.13.210 /Manage/Index/welcome.html
INFO: [ app_init ] --START--
INFO: Run Behavior\BuildLiteBehavior [ RunTime:0.000011s ]
INFO: [ app_init ] --END-- [ RunTime:0.000323s ]
INFO: [ app_begin ] --START--
INFO: Run Behavior\ReadHtmlCacheBehavior [ RunTime:0.000401s ]
INFO: [ app_begin ] --END-- [ RunTime:0.000436s ]
SQL: SHOW COLUMNS FROM `xueche1_adminlog` [ RunTime:0.0009s ]
SQL: SELECT `ntime`,`nip` FROM `xueche1_adminlog` WHERE ( account='admin' ) ORDER BY id desc LIMIT 1   [ RunTime:0.0003s ]
SQL: SELECT COUNT(*) AS tp_count FROM `xueche1_adminlog` WHERE ( account='admin' ) LIMIT 1   [ RunTime:0.0002s ]
SQL: SHOW COLUMNS FROM `xueche1_list` [ RunTime:0.0010s ]
SQL: SELECT `state`,count(id) as id FROM `xueche1_list` WHERE ( listtime like '%2016-11-04%' ) GROUP BY state  [ RunTime:0.0004s ]
SQL: SELECT `state`,count(id) as id FROM `xueche1_list` WHERE ( listtime like '%2016-11-03%' ) GROUP BY state  [ RunTime:0.0004s ]
SQL: SELECT `state`,count(id) as id FROM `xueche1_list` WHERE ( listtime like '%2016-11%' ) GROUP BY state  [ RunTime:0.0004s ]
SQL: SELECT `state`,count(id) as id FROM `xueche1_list` WHERE ( listtime like '%2016-10%' ) GROUP BY state  [ RunTime:0.0007s ]
SQL: SELECT count(id) as id FROM `xueche1_list` GROUP BY state  [ RunTime:0.0004s ]
NOTIC: [8] Undefined index: state /var/www/xueche/Application/Manage/Controller/IndexController.class.php 第 81 行.
NOTIC: [8] Undefined variable: count /var/www/xueche/Application/Manage/Controller/IndexController.class.php 第 82 行.
NOTIC: [8] Undefined offset: 0 /var/www/xueche/Application/Manage/Controller/IndexController.class.php 第 83 行.
NOTIC: [8] Undefined offset: 0 /var/www/xueche/Application/Manage/Controller/IndexController.class.php 第 83 行.
NOTIC: [8] Undefined index: state /var/www/xueche/Application/Manage/Controller/IndexController.class.php 第 81 行.
NOTIC: [8] Undefined offset: 1 /var/www/xueche/Application/Manage/Controller/IndexController.class.php 第 83 行.
NOTIC: [8] Undefined offset: 1 /var/www/xueche/Application/Manage/Controller/IndexController.class.php 第 83 行.
NOTIC: [8] Undefined offset: 1 /var/www/xueche/Application/Manage/Controller/IndexController.class.php 第 84 行.
NOTIC: [8] Undefined offset: 1 /var/www/xueche/Application/Manage/Controller/IndexController.class.php 第 84 行.
NOTIC: [8] Undefined offset: 1 /var/www/xueche/Application/Manage/Controller/IndexController.class.php 第 85 行.
NOTIC: [8] Undefined offset: 1 /var/www/xueche/Application/Manage/Controller/IndexController.class.php 第 85 行.
NOTIC: [8] Undefined index: state /var/www/xueche/Application/Manage/Controller/IndexController.class.php 第 81 行.
NOTIC: [8] Undefined offset: 2 /var/www/xueche/Application/Manage/Controller/IndexController.class.php 第 83 行.
NOTIC: [8] Undefined offset: 2 /var/www/xueche/Application/Manage/Controller/IndexController.class.php 第 83 行.
NOTIC: [8] Undefined offset: 2 /var/www/xueche/Application/Manage/Controller/IndexController.class.php 第 84 行.
NOTIC: [8] Undefined offset: 2 /var/www/xueche/Application/Manage/Controller/IndexController.class.php 第 84 行.
NOTIC: [8] Undefined offset: 2 /var/www/xueche/Application/Manage/Controller/IndexController.class.php 第 85 行.
NOTIC: [8] Undefined offset: 2 /var/www/xueche/Application/Manage/Controller/IndexController.class.php 第 85 行.
NOTIC: [8] Undefined index: state /var/www/xueche/Application/Manage/Controller/IndexController.class.php 第 81 行.
NOTIC: [8] Undefined offset: 3 /var/www/xueche/Application/Manage/Controller/IndexController.class.php 第 83 行.
NOTIC: [8] Undefined offset: 3 /var/www/xueche/Application/Manage/Controller/IndexController.class.php 第 83 行.
NOTIC: [8] Undefined offset: 3 /var/www/xueche/Application/Manage/Controller/IndexController.class.php 第 84 行.
NOTIC: [8] Undefined offset: 3 /var/www/xueche/Application/Manage/Controller/IndexController.class.php 第 84 行.
NOTIC: [8] Undefined offset: 3 /var/www/xueche/Application/Manage/Controller/IndexController.class.php 第 85 行.
NOTIC: [8] Undefined offset: 3 /var/www/xueche/Application/Manage/Controller/IndexController.class.php 第 85 行.
NOTIC: [8] Undefined index: state /var/www/xueche/Application/Manage/Controller/IndexController.class.php 第 81 行.
NOTIC: [8] Undefined offset: 4 /var/www/xueche/Application/Manage/Controller/IndexController.class.php 第 83 行.
NOTIC: [8] Undefined offset: 4 /var/www/xueche/Application/Manage/Controller/IndexController.class.php 第 83 行.
NOTIC: [8] Undefined offset: 4 /var/www/xueche/Application/Manage/Controller/IndexController.class.php 第 84 行.
NOTIC: [8] Undefined offset: 4 /var/www/xueche/Application/Manage/Controller/IndexController.class.php 第 84 行.
NOTIC: [8] Undefined offset: 4 /var/www/xueche/Application/Manage/Controller/IndexController.class.php 第 85 行.
NOTIC: [8] Undefined offset: 4 /var/www/xueche/Application/Manage/Controller/IndexController.class.php 第 85 行.
NOTIC: [8] Undefined offset: 4 /var/www/xueche/Application/Manage/Controller/IndexController.class.php 第 86 行.
NOTIC: [8] Undefined offset: 4 /var/www/xueche/Application/Manage/Controller/IndexController.class.php 第 86 行.
SQL: SELECT count(id) as id FROM `xueche1_list` WHERE ( listtime like '%2016-11-04%' ) LIMIT 1   [ RunTime:0.0003s ]
SQL: SELECT count(id) as id FROM `xueche1_list` WHERE ( listtime like '%2016-11-03%' ) LIMIT 1   [ RunTime:0.0003s ]
SQL: SELECT count(id) as id FROM `xueche1_list` WHERE ( listtime like '%2016-11%' ) LIMIT 1   [ RunTime:0.0005s ]
SQL: SELECT count(id) as id FROM `xueche1_list` WHERE ( listtime like '%2016-10%' ) LIMIT 1   [ RunTime:0.0004s ]
INFO: [ view_parse ] --START--
INFO: [ template_filter ] --START--
INFO: Run Behavior\ContentReplaceBehavior [ RunTime:0.000091s ]
INFO: [ template_filter ] --END-- [ RunTime:0.000145s ]
NOTIC: [8] Undefined offset: 0 /var/www/xueche/Application/Runtime/Cache/Manage/1e288adad12e0bfd37a0b3a2cdaf852e.php 第 54 行.
NOTIC: [8] Undefined offset: 1 /var/www/xueche/Application/Runtime/Cache/Manage/1e288adad12e0bfd37a0b3a2cdaf852e.php 第 55 行.
NOTIC: [8] Undefined offset: 1 /var/www/xueche/Application/Runtime/Cache/Manage/1e288adad12e0bfd37a0b3a2cdaf852e.php 第 56 行.
NOTIC: [8] Undefined offset: 2 /var/www/xueche/Application/Runtime/Cache/Manage/1e288adad12e0bfd37a0b3a2cdaf852e.php 第 57 行.
NOTIC: [8] Undefined offset: 3 /var/www/xueche/Application/Runtime/Cache/Manage/1e288adad12e0bfd37a0b3a2cdaf852e.php 第 58 行.
NOTIC: [8] Undefined offset: 1 /var/www/xueche/Application/Runtime/Cache/Manage/1e288adad12e0bfd37a0b3a2cdaf852e.php 第 65 行.
NOTIC: [8] Undefined offset: 1 /var/www/xueche/Application/Runtime/Cache/Manage/1e288adad12e0bfd37a0b3a2cdaf852e.php 第 66 行.
NOTIC: [8] Undefined offset: 2 /var/www/xueche/Application/Runtime/Cache/Manage/1e288adad12e0bfd37a0b3a2cdaf852e.php 第 67 行.
NOTIC: [8] Undefined offset: 3 /var/www/xueche/Application/Runtime/Cache/Manage/1e288adad12e0bfd37a0b3a2cdaf852e.php 第 68 行.
NOTIC: [8] Undefined offset: 1 /var/www/xueche/Application/Runtime/Cache/Manage/1e288adad12e0bfd37a0b3a2cdaf852e.php 第 75 行.
NOTIC: [8] Undefined offset: 1 /var/www/xueche/Application/Runtime/Cache/Manage/1e288adad12e0bfd37a0b3a2cdaf852e.php 第 76 行.
NOTIC: [8] Undefined offset: 4 /var/www/xueche/Application/Runtime/Cache/Manage/1e288adad12e0bfd37a0b3a2cdaf852e.php 第 77 行.
NOTIC: [8] Undefined offset: 3 /var/www/xueche/Application/Runtime/Cache/Manage/1e288adad12e0bfd37a0b3a2cdaf852e.php 第 78 行.
NOTIC: [8] Undefined offset: 2 /var/www/xueche/Application/Runtime/Cache/Manage/1e288adad12e0bfd37a0b3a2cdaf852e.php 第 87 行.
NOTIC: [8] Undefined variable: ww /var/www/xueche/Application/Runtime/Cache/Manage/1e288adad12e0bfd37a0b3a2cdaf852e.php 第 102 行.
NOTIC: [8] Undefined variable: php /var/www/xueche/Application/Runtime/Cache/Manage/1e288adad12e0bfd37a0b3a2cdaf852e.php 第 106 行.
NOTIC: [8] Undefined variable: ver /var/www/xueche/Application/Runtime/Cache/Manage/1e288adad12e0bfd37a0b3a2cdaf852e.php 第 130 行.
NOTIC: [8] Undefined variable: s /var/www/xueche/Application/Runtime/Cache/Manage/1e288adad12e0bfd37a0b3a2cdaf852e.php 第 134 行.
NOTIC: [8] Undefined variable: tp /var/www/xueche/Application/Runtime/Cache/Manage/1e288adad12e0bfd37a0b3a2cdaf852e.php 第 138 行.
NOTIC: [8] Undefined variable: sql /var/www/xueche/Application/Runtime/Cache/Manage/1e288adad12e0bfd37a0b3a2cdaf852e.php 第 142 行.
NOTIC: [8] Undefined variable: file /var/www/xueche/Application/Runtime/Cache/Manage/1e288adad12e0bfd37a0b3a2cdaf852e.php 第 150 行.
INFO: Run Behavior\ParseTemplateBehavior [ RunTime:0.006491s ]
INFO: [ view_parse ] --END-- [ RunTime:0.006521s ]
INFO: [ view_filter ] --START--
INFO: Run Behavior\WriteHtmlCacheBehavior [ RunTime:0.000125s ]
INFO: [ view_filter ] --END-- [ RunTime:0.000152s ]
INFO: [ app_end ] --START--
INFO: Run Behavior\ShowPageTraceBehavior [ RunTime:0.000403s ]
INFO: [ app_end ] --END-- [ RunTime:0.000435s ]

[ 2016-11-04T10:53:32+08:00 ] 101.81.13.210 /Manage/Index/skin/default/skin.css
INFO: [ app_init ] --START--
INFO: Run Behavior\BuildLiteBehavior [ RunTime:0.000011s ]
INFO: [ app_init ] --END-- [ RunTime:0.000293s ]
INFO: [ app_begin ] --START--
INFO: Run Behavior\ReadHtmlCacheBehavior [ RunTime:0.000372s ]
INFO: [ app_begin ] --END-- [ RunTime:0.000408s ]
ERR: 非法操作:skin

[ 2016-11-04T10:53:35+08:00 ] 101.81.13.210 /Manage/list/orderList.html
INFO: [ app_init ] --START--
INFO: Run Behavior\BuildLiteBehavior [ RunTime:0.000011s ]
INFO: [ app_init ] --END-- [ RunTime:0.000298s ]
INFO: [ app_begin ] --START--
INFO: Run Behavior\ReadHtmlCacheBehavior [ RunTime:0.000375s ]
INFO: [ app_begin ] --END-- [ RunTime:0.000412s ]
SQL: SHOW COLUMNS FROM `xueche1_list` [ RunTime:0.0014s ]
SQL: SELECT COUNT(*) AS tp_count FROM xueche1_list l LIMIT 1   [ RunTime:0.0003s ]
SQL: SELECT `id`,`listid`,`listtime`,`masterid`,`objectid`,`phone`,`stucount`,`listname`,`paymethod`,`liststate`,`paytime`,`state`,`classid`,`customer`,`note`,`type`,`returndate`,`lastupdate`,`CL_type`,`flag`,`preferentialprice`,`gmt_payment` FROM xueche1_list l ORDER BY id desc LIMIT 0,13   [ RunTime:0.0004s ]
SQL: SHOW COLUMNS FROM `xueche1_trainclass` [ RunTime:0.0008s ]
SQL: SELECT `name` FROM `xueche1_trainclass` WHERE ( tcid=1080 ) LIMIT 1   [ RunTime:0.0008s ]
SQL: SHOW COLUMNS FROM `xueche1_admin` [ RunTime:0.0007s ]
SQL: SELECT `username` FROM `xueche1_admin` WHERE ( id=22 ) LIMIT 1   [ RunTime:0.0002s ]
SQL: SHOW COLUMNS FROM `xueche1_user` [ RunTime:0.0009s ]
SQL: SELECT `nickname` FROM `xueche1_user` WHERE ( userid='87696BB0-B365-6EC8-BE24-DBE30E4901B7' ) LIMIT 1   [ RunTime:0.0003s ]
SQL: SHOW COLUMNS FROM `xueche1_school` [ RunTime:0.0010s ]
SQL: SELECT `nickname` FROM `xueche1_school` WHERE ( userid='5196C331-1DA3-E56C-DAC1-5EF8655FF96B' ) LIMIT 1   [ RunTime:0.0002s ]
SQL: SELECT `name` FROM `xueche1_trainclass` WHERE ( tcid=1080 ) LIMIT 1   [ RunTime:0.0009s ]
SQL: SELECT `username` FROM `xueche1_admin` WHERE ( id=22 ) LIMIT 1   [ RunTime:0.0003s ]
SQL: SELECT `nickname` FROM `xueche1_user` WHERE ( userid='0BC9E90D-7014-323C-F4C1-72E8C7F568F9' ) LIMIT 1   [ RunTime:0.0003s ]
SQL: SELECT `nickname` FROM `xueche1_school` WHERE ( userid='' ) LIMIT 1   [ RunTime:0.0002s ]
SQL: SELECT `name` FROM `xueche1_trainclass` WHERE ( tcid=1080 ) LIMIT 1   [ RunTime:0.0007s ]
SQL: SELECT `username` FROM `xueche1_admin` WHERE ( id=22 ) LIMIT 1   [ RunTime:0.0002s ]
SQL: SELECT `nickname` FROM `xueche1_user` WHERE ( userid='0BC9E90D-7014-323C-F4C1-72E8C7F568F9' ) LIMIT 1   [ RunTime:0.0002s ]
SQL: SELECT `nickname` FROM `xueche1_school` WHERE ( userid='5196C331-1DA3-E56C-DAC1-5EF8655FF96B' ) LIMIT 1   [ RunTime:0.0002s ]
SQL: SELECT `name` FROM `xueche1_trainclass` WHERE ( tcid=10 ) LIMIT 1   [ RunTime:0.0002s ]
SQL: SELECT `username` FROM `xueche1_admin` WHERE ( id=22 ) LIMIT 1   [ RunTime:0.0002s ]
SQL: SELECT `nickname` FROM `xueche1_user` WHERE ( userid='0BC9E90D-7014-323C-F4C1-72E8C7F568F9' ) LIMIT 1   [ RunTime:0.0002s ]
SQL: SHOW COLUMNS FROM `xueche1_coach` [ RunTime:0.0013s ]
SQL: SELECT `nickname` FROM `xueche1_coach` WHERE ( userid='E7D96389-D40B-EA8B-46DF-99FF792C0D27' ) LIMIT 1   [ RunTime:0.0003s ]
SQL: SELECT `name` FROM `xueche1_trainclass` WHERE ( tcid=10 ) LIMIT 1   [ RunTime:0.0002s ]
SQL: SELECT `username` FROM `xueche1_admin` WHERE ( id=22 ) LIMIT 1   [ RunTime:0.0002s ]
SQL: SELECT `nickname` FROM `xueche1_user` WHERE ( userid='0BC9E90D-7014-323C-F4C1-72E8C7F568F9' ) LIMIT 1   [ RunTime:0.0002s ]
SQL: SELECT `nickname` FROM `xueche1_coach` WHERE ( userid='A25BF70C-D5FC-2956-5760-06611F40EBC7' ) LIMIT 1   [ RunTime:0.0002s ]
SQL: SELECT `name` FROM `xueche1_trainclass` WHERE ( tcid=0 ) LIMIT 1   [ RunTime:0.0008s ]
SQL: SELECT `username` FROM `xueche1_admin` WHERE ( id=22 ) LIMIT 1   [ RunTime:0.0002s ]
SQL: SELECT `nickname` FROM `xueche1_user` WHERE ( userid='1ACCA599-8206-F1DA-90D3-BCFC6243E415' ) LIMIT 1   [ RunTime:0.0002s ]
SQL: SELECT `nickname` FROM `xueche1_coach` WHERE ( userid='E7D96389-D40B-EA8B-46DF-99FF792C0D27' ) LIMIT 1   [ RunTime:0.0003s ]
SQL: SELECT `name` FROM `xueche1_trainclass` WHERE ( tcid=28 ) LIMIT 1   [ RunTime:0.0002s ]
SQL: SELECT `username` FROM `xueche1_admin` WHERE ( id=22 ) LIMIT 1   [ RunTime:0.0002s ]
SQL: SELECT `nickname` FROM `xueche1_user` WHERE ( userid='7DADE2FA-3825-45A6-1C46-56061FFA9B0B' ) LIMIT 1   [ RunTime:0.0002s ]
SQL: SELECT `nickname` FROM `xueche1_school` WHERE ( userid='6C7E6108-806A-A9BE-DB34-A04A9AC88110' ) LIMIT 1   [ RunTime:0.0002s ]
SQL: SELECT `name` FROM `xueche1_trainclass` WHERE ( tcid=1 ) LIMIT 1   [ RunTime:0.0002s ]
SQL: SELECT `username` FROM `xueche1_admin` WHERE ( id=22 ) LIMIT 1   [ RunTime:0.0002s ]
SQL: SELECT `nickname` FROM `xueche1_user` WHERE ( userid='8CF687BE-A1AF-5F50-5C3F-C051BB0218A7' ) LIMIT 1   [ RunTime:0.0002s ]
SQL: SELECT `nickname` FROM `xueche1_school` WHERE ( userid='D18CF959-EDB7-B2C2-C8D0-85CFB1415721' ) LIMIT 1   [ RunTime:0.0002s ]
SQL: SELECT `name` FROM `xueche1_trainclass` WHERE ( tcid=2 ) LIMIT 1   [ RunTime:0.0002s ]
SQL: SELECT `username` FROM `xueche1_admin` WHERE ( id=22 ) LIMIT 1   [ RunTime:0.0002s ]
SQL: SELECT `nickname` FROM `xueche1_user` WHERE ( userid='7DADE2FA-3825-45A6-1C46-56061FFA9B0B' ) LIMIT 1   [ RunTime:0.0002s ]
SQL: SELECT `nickname` FROM `xueche1_school` WHERE ( userid='D18CF959-EDB7-B2C2-C8D0-85CFB1415721' ) LIMIT 1   [ RunTime:0.0002s ]
SQL: SELECT `name` FROM `xueche1_trainclass` WHERE ( tcid=71 ) LIMIT 1   [ RunTime:0.0002s ]
SQL: SELECT `username` FROM `xueche1_admin` WHERE ( id=22 ) LIMIT 1   [ RunTime:0.0002s ]
SQL: SELECT `nickname` FROM `xueche1_user` WHERE ( userid='1ACCA599-8206-F1DA-90D3-BCFC6243E415' ) LIMIT 1   [ RunTime:0.0002s ]
SQL: SELECT `nickname` FROM `xueche1_school` WHERE ( userid='1CDED6A4-1404-D478-8689-7A7EBC18BFBB' ) LIMIT 1   [ RunTime:0.0002s ]
SQL: SELECT `name` FROM `xueche1_trainclass` WHERE ( tcid=70 ) LIMIT 1   [ RunTime:0.0002s ]
SQL: SELECT `username` FROM `xueche1_admin` WHERE ( id=22 ) LIMIT 1   [ RunTime:0.0002s ]
SQL: SELECT `nickname` FROM `xueche1_user` WHERE ( userid='1ACCA599-8206-F1DA-90D3-BCFC6243E415' ) LIMIT 1   [ RunTime:0.0002s ]
SQL: SELECT `nickname` FROM `xueche1_school` WHERE ( userid='1CDED6A4-1404-D478-8689-7A7EBC18BFBB' ) LIMIT 1   [ RunTime:0.0002s ]
SQL: SELECT `name` FROM `xueche1_trainclass` WHERE ( tcid=28 ) LIMIT 1   [ RunTime:0.0002s ]
SQL: SELECT `username` FROM `xueche1_admin` WHERE ( id=22 ) LIMIT 1   [ RunTime:0.0002s ]
SQL: SELECT `nickname` FROM `xueche1_user` WHERE ( userid='1ACCA599-8206-F1DA-90D3-BCFC6243E415' ) LIMIT 1   [ RunTime:0.0002s ]
SQL: SELECT `nickname` FROM `xueche1_school` WHERE ( userid='6C7E6108-806A-A9BE-DB34-A04A9AC88110' ) LIMIT 1   [ RunTime:0.0002s ]
SQL: SELECT `name` FROM `xueche1_trainclass` WHERE ( tcid=38 ) LIMIT 1   [ RunTime:0.0002s ]
SQL: SELECT `username` FROM `xueche1_admin` WHERE ( id=22 ) LIMIT 1   [ RunTime:0.0002s ]
SQL: SELECT `nickname` FROM `xueche1_user` WHERE ( userid='1F1302C2-563D-724F-CA12-776A0F4BB895' ) LIMIT 1   [ RunTime:0.0002s ]
SQL: SELECT `nickname` FROM `xueche1_school` WHERE ( userid='AA0F9918-4DE4-412F-738C-954DAFF1F857' ) LIMIT 1   [ RunTime:0.0002s ]
INFO: [ view_parse ] --START--
INFO: [ template_filter ] --START--
INFO: Run Behavior\ContentReplaceBehavior [ RunTime:0.000069s ]
INFO: [ template_filter ] --END-- [ RunTime:0.000105s ]
NOTIC: [8] Undefined index: CL_type /var/www/xueche/Application/Runtime/Cache/Manage/1cf0397956afe21bc2ff0ef98a3d71ed.php 第 144 行.
NOTIC: [8] Undefined index: CL_type /var/www/xueche/Application/Runtime/Cache/Manage/1cf0397956afe21bc2ff0ef98a3d71ed.php 第 144 行.
NOTIC: [8] Undefined index: CL_type /var/www/xueche/Application/Runtime/Cache/Manage/1cf0397956afe21bc2ff0ef98a3d71ed.php 第 144 行.
NOTIC: [8] Undefined index: CL_type /var/www/xueche/Application/Runtime/Cache/Manage/1cf0397956afe21bc2ff0ef98a3d71ed.php 第 144 行.
NOTIC: [8] Undefined index: CL_type /var/www/xueche/Application/Runtime/Cache/Manage/1cf0397956afe21bc2ff0ef98a3d71ed.php 第 144 行.
NOTIC: [8] Undefined index: CL_type /var/www/xueche/Application/Runtime/Cache/Manage/1cf0397956afe21bc2ff0ef98a3d71ed.php 第 144 行.
NOTIC: [8] Undefined index: CL_type /var/www/xueche/Application/Runtime/Cache/Manage/1cf0397956afe21bc2ff0ef98a3d71ed.php 第 144 行.
NOTIC: [8] Undefined index: CL_type /var/www/xueche/Application/Runtime/Cache/Manage/1cf0397956afe21bc2ff0ef98a3d71ed.php 第 144 行.
NOTIC: [8] Undefined index: CL_type /var/www/xueche/Application/Runtime/Cache/Manage/1cf0397956afe21bc2ff0ef98a3d71ed.php 第 144 行.
NOTIC: [8] Undefined index: CL_type /var/www/xueche/Application/Runtime/Cache/Manage/1cf0397956afe21bc2ff0ef98a3d71ed.php 第 144 行.
NOTIC: [8] Undefined index: CL_type /var/www/xueche/Application/Runtime/Cache/Manage/1cf0397956afe21bc2ff0ef98a3d71ed.php 第 144 行.
NOTIC: [8] Undefined index: CL_type /var/www/xueche/Application/Runtime/Cache/Manage/1cf0397956afe21bc2ff0ef98a3d71ed.php 第 144 行.
NOTIC: [8] Undefined index: CL_type /var/www/xueche/Application/Runtime/Cache/Manage/1cf0397956afe21bc2ff0ef98a3d71ed.php 第 144 行.
INFO: Run Behavior\ParseTemplateBehavior [ RunTime:0.006829s ]
INFO: [ view_parse ] --END-- [ RunTime:0.006860s ]
INFO: [ view_filter ] --START--
INFO: Run Behavior\WriteHtmlCacheBehavior [ RunTime:0.000128s ]
INFO: [ view_filter ] --END-- [ RunTime:0.000155s ]
INFO: [ app_end ] --START--
INFO: Run Behavior\ShowPageTraceBehavior [ RunTime:0.000411s ]
INFO: [ app_end ] --END-- [ RunTime:0.000446s ]

[ 2016-11-04T10:54:03+08:00 ] 101.81.13.210 /Manage/list/orderList.html?p=2
INFO: [ app_init ] --START--
INFO: Run Behavior\BuildLiteBehavior [ RunTime:0.000011s ]
INFO: [ app_init ] --END-- [ RunTime:0.000323s ]
INFO: [ app_begin ] --START--
INFO: Run Behavior\ReadHtmlCacheBehavior [ RunTime:0.000419s ]
INFO: [ app_begin ] --END-- [ RunTime:0.000459s ]
SQL: SHOW COLUMNS FROM `xueche1_list` [ RunTime:0.0014s ]
SQL: SELECT COUNT(*) AS tp_count FROM xueche1_list l LIMIT 1   [ RunTime:0.0003s ]
SQL: SELECT `id`,`listid`,`listtime`,`masterid`,`objectid`,`phone`,`stucount`,`listname`,`paymethod`,`liststate`,`paytime`,`state`,`classid`,`customer`,`note`,`type`,`returndate`,`lastupdate`,`CL_type`,`flag`,`preferentialprice`,`gmt_payment` FROM xueche1_list l ORDER BY id desc LIMIT 13,13   [ RunTime:0.0005s ]
SQL: SHOW COLUMNS FROM `xueche1_trainclass` [ RunTime:0.0008s ]
SQL: SELECT `name` FROM `xueche1_trainclass` WHERE ( tcid=70 ) LIMIT 1   [ RunTime:0.0002s ]
SQL: SHOW COLUMNS FROM `xueche1_admin` [ RunTime:0.0007s ]
SQL: SELECT `username` FROM `xueche1_admin` WHERE ( id=22 ) LIMIT 1   [ RunTime:0.0002s ]
SQL: SHOW COLUMNS FROM `xueche1_user` [ RunTime:0.0008s ]
SQL: SELECT `nickname` FROM `xueche1_user` WHERE ( userid='1F1302C2-563D-724F-CA12-776A0F4BB895' ) LIMIT 1   [ RunTime:0.0003s ]
SQL: SHOW COLUMNS FROM `xueche1_school` [ RunTime:0.0010s ]
SQL: SELECT `nickname` FROM `xueche1_school` WHERE ( userid='1CDED6A4-1404-D478-8689-7A7EBC18BFBB' ) LIMIT 1   [ RunTime:0.0002s ]
SQL: SELECT `name` FROM `xueche1_trainclass` WHERE ( tcid=38 ) LIMIT 1   [ RunTime:0.0002s ]
SQL: SELECT `username` FROM `xueche1_admin` WHERE ( id=22 ) LIMIT 1   [ RunTime:0.0002s ]
SQL: SELECT `nickname` FROM `xueche1_user` WHERE ( userid='1F1302C2-563D-724F-CA12-776A0F4BB895' ) LIMIT 1   [ RunTime:0.0002s ]
SQL: SELECT `nickname` FROM `xueche1_school` WHERE ( userid='AA0F9918-4DE4-412F-738C-954DAFF1F857' ) LIMIT 1   [ RunTime:0.0002s ]
SQL: SELECT `name` FROM `xueche1_trainclass` WHERE ( tcid=28 ) LIMIT 1   [ RunTime:0.0002s ]
SQL: SELECT `username` FROM `xueche1_admin` WHERE ( id=22 ) LIMIT 1   [ RunTime:0.0002s ]
SQL: SELECT `nickname` FROM `xueche1_user` WHERE ( userid='1ACCA599-8206-F1DA-90D3-BCFC6243E415' ) LIMIT 1   [ RunTime:0.0002s ]
SQL: SELECT `nickname` FROM `xueche1_school` WHERE ( userid='6C7E6108-806A-A9BE-DB34-A04A9AC88110' ) LIMIT 1   [ RunTime:0.0002s ]
SQL: SELECT `name` FROM `xueche1_trainclass` WHERE ( tcid=0 ) LIMIT 1   [ RunTime:0.0008s ]
SQL: SELECT `username` FROM `xueche1_admin` WHERE ( id=22 ) LIMIT 1   [ RunTime:0.0002s ]
SQL: SELECT `nickname` FROM `xueche1_user` WHERE ( userid='1ACCA599-8206-F1DA-90D3-BCFC6243E415' ) LIMIT 1   [ RunTime:0.0002s ]
SQL: SHOW COLUMNS FROM `xueche1_coach` [ RunTime:0.0011s ]
SQL: SELECT `nickname` FROM `xueche1_coach` WHERE ( userid='E7D96389-D40B-EA8B-46DF-99FF792C0D27' ) LIMIT 1   [ RunTime:0.0002s ]
SQL: SELECT `name` FROM `xueche1_trainclass` WHERE ( tcid=0 ) LIMIT 1   [ RunTime:0.0008s ]
SQL: SELECT `username` FROM `xueche1_admin` WHERE ( id=22 ) LIMIT 1   [ RunTime:0.0002s ]
SQL: SELECT `nickname` FROM `xueche1_user` WHERE ( userid='1ACCA599-8206-F1DA-90D3-BCFC6243E415' ) LIMIT 1   [ RunTime:0.0002s ]
SQL: SELECT `nickname` FROM `xueche1_coach` WHERE ( userid='E7D96389-D40B-EA8B-46DF-99FF792C0D27' ) LIMIT 1   [ RunTime:0.0002s ]
SQL: SELECT `name` FROM `xueche1_trainclass` WHERE ( tcid=34 ) LIMIT 1   [ RunTime:0.0002s ]
SQL: SELECT `username` FROM `xueche1_admin` WHERE ( id=22 ) LIMIT 1   [ RunTime:0.0002s ]
SQL: SELECT `nickname` FROM `xueche1_user` WHERE ( userid='8CF687BE-A1AF-5F50-5C3F-C051BB0218A7' ) LIMIT 1   [ RunTime:0.0002s ]
SQL: SELECT `nickname` FROM `xueche1_school` WHERE ( userid='B7FB97B8-C71C-CB17-5AC8-9E427BD9A61B' ) LIMIT 1   [ RunTime:0.0002s ]
SQL: SELECT `name` FROM `xueche1_trainclass` WHERE ( tcid=0 ) LIMIT 1   [ RunTime:0.0007s ]
SQL: SELECT `username` FROM `xueche1_admin` WHERE ( id=22 ) LIMIT 1   [ RunTime:0.0002s ]
SQL: SELECT `nickname` FROM `xueche1_user` WHERE ( userid='1ACCA599-8206-F1DA-90D3-BCFC6243E415' ) LIMIT 1   [ RunTime:0.0002s ]
SQL: SELECT `nickname` FROM `xueche1_coach` WHERE ( userid='E7D96389-D40B-EA8B-46DF-99FF792C0D27' ) LIMIT 1   [ RunTime:0.0002s ]
SQL: SELECT `name` FROM `xueche1_trainclass` WHERE ( tcid=28 ) LIMIT 1   [ RunTime:0.0002s ]
SQL: SELECT `username` FROM `xueche1_admin` WHERE ( id=22 ) LIMIT 1   [ RunTime:0.0002s ]
SQL: SELECT `nickname` FROM `xueche1_user` WHERE ( userid='1ACCA599-8206-F1DA-90D3-BCFC6243E415' ) LIMIT 1   [ RunTime:0.0002s ]
SQL: SELECT `nickname` FROM `xueche1_school` WHERE ( userid='6C7E6108-806A-A9BE-DB34-A04A9AC88110' ) LIMIT 1   [ RunTime:0.0002s ]
SQL: SELECT `name` FROM `xueche1_trainclass` WHERE ( tcid=10 ) LIMIT 1   [ RunTime:0.0002s ]
SQL: SELECT `username` FROM `xueche1_admin` WHERE ( id=22 ) LIMIT 1   [ RunTime:0.0002s ]
SQL: SELECT `nickname` FROM `xueche1_user` WHERE ( userid='1ACCA599-8206-F1DA-90D3-BCFC6243E415' ) LIMIT 1   [ RunTime:0.0002s ]
SQL: SELECT `nickname` FROM `xueche1_school` WHERE ( userid='D18CF959-EDB7-B2C2-C8D0-85CFB1415721' ) LIMIT 1   [ RunTime:0.0002s ]
SQL: SELECT `name` FROM `xueche1_trainclass` WHERE ( tcid=0 ) LIMIT 1   [ RunTime:0.0007s ]
SQL: SELECT `username` FROM `xueche1_admin` WHERE ( id=22 ) LIMIT 1   [ RunTime:0.0002s ]
SQL: SELECT `nickname` FROM `xueche1_user` WHERE ( userid='8CF687BE-A1AF-5F50-5C3F-C051BB0218A7' ) LIMIT 1   [ RunTime:0.0002s ]
SQL: SELECT `nickname` FROM `xueche1_coach` WHERE ( userid='E7D96389-D40B-EA8B-46DF-99FF792C0D27' ) LIMIT 1   [ RunTime:0.0002s ]
SQL: SELECT `name` FROM `xueche1_trainclass` WHERE ( tcid=0 ) LIMIT 1   [ RunTime:0.0007s ]
SQL: SELECT `username` FROM `xueche1_admin` WHERE ( id=22 ) LIMIT 1   [ RunTime:0.0002s ]
SQL: SELECT `nickname` FROM `xueche1_user` WHERE ( userid='1ACCA599-8206-F1DA-90D3-BCFC6243E415' ) LIMIT 1   [ RunTime:0.0002s ]
SQL: SELECT `nickname` FROM `xueche1_coach` WHERE ( userid='E7D96389-D40B-EA8B-46DF-99FF792C0D27' ) LIMIT 1   [ RunTime:0.0002s ]
SQL: SELECT `name` FROM `xueche1_trainclass` WHERE ( tcid=0 ) LIMIT 1   [ RunTime:0.0007s ]
SQL: SELECT `username` FROM `xueche1_admin` WHERE ( id=22 ) LIMIT 1   [ RunTime:0.0002s ]
SQL: SELECT `nickname` FROM `xueche1_user` WHERE ( userid='8CF687BE-A1AF-5F50-5C3F-C051BB0218A7' ) LIMIT 1   [ RunTime:0.0002s ]
SQL: SELECT `nickname` FROM `xueche1_coach` WHERE ( userid='E7D96389-D40B-EA8B-46DF-99FF792C0D27' ) LIMIT 1   [ RunTime:0.0002s ]
SQL: SELECT `name` FROM `xueche1_trainclass` WHERE ( tcid=0 ) LIMIT 1   [ RunTime:0.0007s ]
SQL: SELECT `username` FROM `xueche1_admin` WHERE ( id=22 ) LIMIT 1   [ RunTime:0.0002s ]
SQL: SELECT `nickname` FROM `xueche1_user` WHERE ( userid='1ACCA599-8206-F1DA-90D3-BCFC6243E415' ) LIMIT 1   [ RunTime:0.0002s ]
SQL: SELECT `nickname` FROM `xueche1_coach` WHERE ( userid='E7D96389-D40B-EA8B-46DF-99FF792C0D27' ) LIMIT 1   [ RunTime:0.0002s ]
INFO: [ view_parse ] --START--
INFO: [ template_filter ] --START--
INFO: Run Behavior\ContentReplaceBehavior [ RunTime:0.000096s ]
INFO: [ template_filter ] --END-- [ RunTime:0.000136s ]
NOTIC: [8] Undefined index: CL_type /var/www/xueche/Application/Runtime/Cache/Manage/1cf0397956afe21bc2ff0ef98a3d71ed.php 第 144 行.
NOTIC: [8] Undefined index: CL_type /var/www/xueche/Application/Runtime/Cache/Manage/1cf0397956afe21bc2ff0ef98a3d71ed.php 第 144 行.
NOTIC: [8] Undefined index: CL_type /var/www/xueche/Application/Runtime/Cache/Manage/1cf0397956afe21bc2ff0ef98a3d71ed.php 第 144 行.
NOTIC: [8] Undefined index: CL_type /var/www/xueche/Application/Runtime/Cache/Manage/1cf0397956afe21bc2ff0ef98a3d71ed.php 第 144 行.
NOTIC: [8] Undefined index: CL_type /var/www/xueche/Application/Runtime/Cache/Manage/1cf0397956afe21bc2ff0ef98a3d71ed.php 第 144 行.
NOTIC: [8] Undefined index: CL_type /var/www/xueche/Application/Runtime/Cache/Manage/1cf0397956afe21bc2ff0ef98a3d71ed.php 第 144 行.
NOTIC: [8] Undefined index: CL_type /var/www/xueche/Application/Runtime/Cache/Manage/1cf0397956afe21bc2ff0ef98a3d71ed.php 第 144 行.
NOTIC: [8] Undefined index: CL_type /var/www/xueche/Application/Runtime/Cache/Manage/1cf0397956afe21bc2ff0ef98a3d71ed.php 第 144 行.
NOTIC: [8] Undefined index: CL_type /var/www/xueche/Application/Runtime/Cache/Manage/1cf0397956afe21bc2ff0ef98a3d71ed.php 第 144 行.
NOTIC: [8] Undefined index: CL_type /var/www/xueche/Application/Runtime/Cache/Manage/1cf0397956afe21bc2ff0ef98a3d71ed.php 第 144 行.
NOTIC: [8] Undefined index: CL_type /var/www/xueche/Application/Runtime/Cache/Manage/1cf0397956afe21bc2ff0ef98a3d71ed.php 第 144 行.
NOTIC: [8] Undefined index: CL_type /var/www/xueche/Application/Runtime/Cache/Manage/1cf0397956afe21bc2ff0ef98a3d71ed.php 第 144 行.
NOTIC: [8] Undefined index: CL_type /var/www/xueche/Application/Runtime/Cache/Manage/1cf0397956afe21bc2ff0ef98a3d71ed.php 第 144 行.
INFO: Run Behavior\ParseTemplateBehavior [ RunTime:0.006969s ]
INFO: [ view_parse ] --END-- [ RunTime:0.006999s ]
INFO: [ view_filter ] --START--
INFO: Run Behavior\WriteHtmlCacheBehavior [ RunTime:0.000127s ]
INFO: [ view_filter ] --END-- [ RunTime:0.000154s ]
INFO: [ app_end ] --START--
INFO: Run Behavior\ShowPageTraceBehavior [ RunTime:0.000464s ]
INFO: [ app_end ] --END-- [ RunTime:0.000500s ]

[ 2016-11-04T10:54:05+08:00 ] 101.81.13.210 /Manage/list/orderList.html?p=3
INFO: [ app_init ] --START--
INFO: Run Behavior\BuildLiteBehavior [ RunTime:0.000011s ]
INFO: [ app_init ] --END-- [ RunTime:0.000299s ]
INFO: [ app_begin ] --START--
INFO: Run Behavior\ReadHtmlCacheBehavior [ RunTime:0.000374s ]
INFO: [ app_begin ] --END-- [ RunTime:0.000409s ]
SQL: SHOW COLUMNS FROM `xueche1_list` [ RunTime:0.0012s ]
SQL: SELECT COUNT(*) AS tp_count FROM xueche1_list l LIMIT 1   [ RunTime:0.0003s ]
SQL: SELECT `id`,`listid`,`listtime`,`masterid`,`objectid`,`phone`,`stucount`,`listname`,`paymethod`,`liststate`,`paytime`,`state`,`classid`,`customer`,`note`,`type`,`returndate`,`lastupdate`,`CL_type`,`flag`,`preferentialprice`,`gmt_payment` FROM xueche1_list l ORDER BY id desc LIMIT 26,13   [ RunTime:0.0005s ]
SQL: SHOW COLUMNS FROM `xueche1_trainclass` [ RunTime:0.0008s ]
SQL: SELECT `name` FROM `xueche1_trainclass` WHERE ( tcid=0 ) LIMIT 1   [ RunTime:0.0009s ]
SQL: SHOW COLUMNS FROM `xueche1_admin` [ RunTime:0.0010s ]
SQL: SELECT `username` FROM `xueche1_admin` WHERE ( id=22 ) LIMIT 1   [ RunTime:0.0002s ]
SQL: SHOW COLUMNS FROM `xueche1_user` [ RunTime:0.0008s ]
SQL: SELECT `nickname` FROM `xueche1_user` WHERE ( userid='1ACCA599-8206-F1DA-90D3-BCFC6243E415' ) LIMIT 1   [ RunTime:0.0002s ]
SQL: SHOW COLUMNS FROM `xueche1_coach` [ RunTime:0.0011s ]
SQL: SELECT `nickname` FROM `xueche1_coach` WHERE ( userid='E7D96389-D40B-EA8B-46DF-99FF792C0D27' ) LIMIT 1   [ RunTime:0.0002s ]
SQL: SELECT `name` FROM `xueche1_trainclass` WHERE ( tcid=0 ) LIMIT 1   [ RunTime:0.0008s ]
SQL: SELECT `username` FROM `xueche1_admin` WHERE ( id=22 ) LIMIT 1   [ RunTime:0.0002s ]
SQL: SELECT `nickname` FROM `xueche1_user` WHERE ( userid='1ACCA599-8206-F1DA-90D3-BCFC6243E415' ) LIMIT 1   [ RunTime:0.0002s ]
SQL: SELECT `nickname` FROM `xueche1_coach` WHERE ( userid='E7D96389-D40B-EA8B-46DF-99FF792C0D27' ) LIMIT 1   [ RunTime:0.0002s ]
SQL: SELECT `name` FROM `xueche1_trainclass` WHERE ( tcid=1 ) LIMIT 1   [ RunTime:0.0002s ]
SQL: SELECT `username` FROM `xueche1_admin` WHERE ( id=22 ) LIMIT 1   [ RunTime:0.0002s ]
SQL: SELECT `nickname` FROM `xueche1_user` WHERE ( userid='8CF687BE-A1AF-5F50-5C3F-C051BB0218A7' ) LIMIT 1   [ RunTime:0.0002s ]
SQL: SHOW COLUMNS FROM `xueche1_school` [ RunTime:0.0010s ]
SQL: SELECT `nickname` FROM `xueche1_school` WHERE ( userid='D18CF959-EDB7-B2C2-C8D0-85CFB1415721' ) LIMIT 1   [ RunTime:0.0002s ]
SQL: SELECT `name` FROM `xueche1_trainclass` WHERE ( tcid=28 ) LIMIT 1   [ RunTime:0.0002s ]
SQL: SELECT `username` FROM `xueche1_admin` WHERE ( id=22 ) LIMIT 1   [ RunTime:0.0002s ]
SQL: SELECT `nickname` FROM `xueche1_user` WHERE ( userid='1ACCA599-8206-F1DA-90D3-BCFC6243E415' ) LIMIT 1   [ RunTime:0.0002s ]
SQL: SELECT `nickname` FROM `xueche1_school` WHERE ( userid='6C7E6108-806A-A9BE-DB34-A04A9AC88110' ) LIMIT 1   [ RunTime:0.0002s ]
SQL: SELECT `name` FROM `xueche1_trainclass` WHERE ( tcid=28 ) LIMIT 1   [ RunTime:0.0002s ]
SQL: SELECT `username` FROM `xueche1_admin` WHERE ( id=22 ) LIMIT 1   [ RunTime:0.0002s ]
SQL: SELECT `nickname` FROM `xueche1_user` WHERE ( userid='1ACCA599-8206-F1DA-90D3-BCFC6243E415' ) LIMIT 1   [ RunTime:0.0002s ]
SQL: SELECT `nickname` FROM `xueche1_school` WHERE ( userid='6C7E6108-806A-A9BE-DB34-A04A9AC88110' ) LIMIT 1   [ RunTime:0.0002s ]
SQL: SELECT `name` FROM `xueche1_trainclass` WHERE ( tcid=147 ) LIMIT 1   [ RunTime:0.0002s ]
SQL: SELECT `username` FROM `xueche1_admin` WHERE ( id=22 ) LIMIT 1   [ RunTime:0.0002s ]
SQL: SELECT `nickname` FROM `xueche1_user` WHERE ( userid='8CF687BE-A1AF-5F50-5C3F-C051BB0218A7' ) LIMIT 1   [ RunTime:0.0002s ]
SQL: SELECT `nickname` FROM `xueche1_coach` WHERE ( userid='B0D60BCC-05C2-C391-5640-D0AC680B41AF' ) LIMIT 1   [ RunTime:0.0002s ]
SQL: SELECT `name` FROM `xueche1_trainclass` WHERE ( tcid=30 ) LIMIT 1   [ RunTime:0.0007s ]
SQL: SELECT `username` FROM `xueche1_admin` WHERE ( id=22 ) LIMIT 1   [ RunTime:0.0002s ]
SQL: SELECT `nickname` FROM `xueche1_user` WHERE ( userid='8CF687BE-A1AF-5F50-5C3F-C051BB0218A7' ) LIMIT 1   [ RunTime:0.0002s ]
SQL: SELECT `nickname` FROM `xueche1_school` WHERE ( userid='B7FB97B8-C71C-CB17-5AC8-9E427BD9A61B' ) LIMIT 1   [ RunTime:0.0002s ]
SQL: SELECT `name` FROM `xueche1_trainclass` WHERE ( tcid=148 ) LIMIT 1   [ RunTime:0.0002s ]
SQL: SELECT `username` FROM `xueche1_admin` WHERE ( id=22 ) LIMIT 1   [ RunTime:0.0002s ]
SQL: SELECT `nickname` FROM `xueche1_user` WHERE ( userid='8CF687BE-A1AF-5F50-5C3F-C051BB0218A7' ) LIMIT 1   [ RunTime:0.0002s ]
SQL: SELECT `nickname` FROM `xueche1_coach` WHERE ( userid='E7D96389-D40B-EA8B-46DF-99FF792C0D27' ) LIMIT 1   [ RunTime:0.0002s ]
SQL: SELECT `name` FROM `xueche1_trainclass` WHERE ( tcid=0 ) LIMIT 1   [ RunTime:0.0007s ]
SQL: SELECT `username` FROM `xueche1_admin` WHERE ( id=22 ) LIMIT 1   [ RunTime:0.0002s ]
SQL: SELECT `nickname` FROM `xueche1_user` WHERE ( userid='8CF687BE-A1AF-5F50-5C3F-C051BB0218A7' ) LIMIT 1   [ RunTime:0.0002s ]
SQL: SELECT `nickname` FROM `xueche1_coach` WHERE ( userid='E7D96389-D40B-EA8B-46DF-99FF792C0D27' ) LIMIT 1   [ RunTime:0.0002s ]
SQL: SELECT `name` FROM `xueche1_trainclass` WHERE ( tcid=0 ) LIMIT 1   [ RunTime:0.0007s ]
SQL: SELECT `username` FROM `xueche1_admin` WHERE ( id=22 ) LIMIT 1   [ RunTime:0.0002s ]
SQL: SELECT `nickname` FROM `xueche1_user` WHERE ( userid='8CF687BE-A1AF-5F50-5C3F-C051BB0218A7' ) LIMIT 1   [ RunTime:0.0002s ]
SQL: SELECT `nickname` FROM `xueche1_coach` WHERE ( userid='E7D96389-D40B-EA8B-46DF-99FF792C0D27' ) LIMIT 1   [ RunTime:0.0002s ]
SQL: SELECT `name` FROM `xueche1_trainclass` WHERE ( tcid=0 ) LIMIT 1   [ RunTime:0.0007s ]
SQL: SELECT `username` FROM `xueche1_admin` WHERE ( id=22 ) LIMIT 1   [ RunTime:0.0002s ]
SQL: SELECT `nickname` FROM `xueche1_user` WHERE ( userid='8CF687BE-A1AF-5F50-5C3F-C051BB0218A7' ) LIMIT 1   [ RunTime:0.0002s ]
SQL: SELECT `nickname` FROM `xueche1_coach` WHERE ( userid='E7D96389-D40B-EA8B-46DF-99FF792C0D27' ) LIMIT 1   [ RunTime:0.0002s ]
SQL: SELECT `name` FROM `xueche1_trainclass` WHERE ( tcid=28 ) LIMIT 1   [ RunTime:0.0002s ]
SQL: SELECT `username` FROM `xueche1_admin` WHERE ( id=22 ) LIMIT 1   [ RunTime:0.0002s ]
SQL: SELECT `nickname` FROM `xueche1_user` WHERE ( userid='8CF687BE-A1AF-5F50-5C3F-C051BB0218A7' ) LIMIT 1   [ RunTime:0.0002s ]
SQL: SELECT `nickname` FROM `xueche1_school` WHERE ( userid='6C7E6108-806A-A9BE-DB34-A04A9AC88110' ) LIMIT 1   [ RunTime:0.0002s ]
SQL: SELECT `name` FROM `xueche1_trainclass` WHERE ( tcid=28 ) LIMIT 1   [ RunTime:0.0002s ]
SQL: SELECT `username` FROM `xueche1_admin` WHERE ( id=22 ) LIMIT 1   [ RunTime:0.0002s ]
SQL: SELECT `nickname` FROM `xueche1_user` WHERE ( userid='8CF687BE-A1AF-5F50-5C3F-C051BB0218A7' ) LIMIT 1   [ RunTime:0.0002s ]
SQL: SELECT `nickname` FROM `xueche1_school` WHERE ( userid='6C7E6108-806A-A9BE-DB34-A04A9AC88110' ) LIMIT 1   [ RunTime:0.0002s ]
INFO: [ view_parse ] --START--
INFO: [ template_filter ] --START--
INFO: Run Behavior\ContentReplaceBehavior [ RunTime:0.000070s ]
INFO: [ template_filter ] --END-- [ RunTime:0.000106s ]
NOTIC: [8] Undefined index: CL_type /var/www/xueche/Application/Runtime/Cache/Manage/1cf0397956afe21bc2ff0ef98a3d71ed.php 第 144 行.
NOTIC: [8] Undefined index: CL_type /var/www/xueche/Application/Runtime/Cache/Manage/1cf0397956afe21bc2ff0ef98a3d71ed.php 第 144 行.
NOTIC: [8] Undefined index: CL_type /var/www/xueche/Application/Runtime/Cache/Manage/1cf0397956afe21bc2ff0ef98a3d71ed.php 第 144 行.
NOTIC: [8] Undefined index: CL_type /var/www/xueche/Application/Runtime/Cache/Manage/1cf0397956afe21bc2ff0ef98a3d71ed.php 第 144 行.
NOTIC: [8] Undefined index: CL_type /var/www/xueche/Application/Runtime/Cache/Manage/1cf0397956afe21bc2ff0ef98a3d71ed.php 第 144 行.
NOTIC: [8] Undefined index: CL_type /var/www/xueche/Application/Runtime/Cache/Manage/1cf0397956afe21bc2ff0ef98a3d71ed.php 第 144 行.
NOTIC: [8] Undefined index: CL_type /var/www/xueche/Application/Runtime/Cache/Manage/1cf0397956afe21bc2ff0ef98a3d71ed.php 第 144 行.
NOTIC: [8] Undefined index: CL_type /var/www/xueche/Application/Runtime/Cache/Manage/1cf0397956afe21bc2ff0ef98a3d71ed.php 第 144 行.
NOTIC: [8] Undefined index: CL_type /var/www/xueche/Application/Runtime/Cache/Manage/1cf0397956afe21bc2ff0ef98a3d71ed.php 第 144 行.
NOTIC: [8] Undefined index: CL_type /var/www/xueche/Application/Runtime/Cache/Manage/1cf0397956afe21bc2ff0ef98a3d71ed.php 第 144 行.
NOTIC: [8] Undefined index: CL_type /var/www/xueche/Application/Runtime/Cache/Manage/1cf0397956afe21bc2ff0ef98a3d71ed.php 第 144 行.
NOTIC: [8] Undefined index: CL_type /var/www/xueche/Application/Runtime/Cache/Manage/1cf0397956afe21bc2ff0ef98a3d71ed.php 第 144 行.
NOTIC: [8] Undefined index: CL_type /var/www/xueche/Application/Runtime/Cache/Manage/1cf0397956afe21bc2ff0ef98a3d71ed.php 第 144 行.
INFO: Run Behavior\ParseTemplateBehavior [ RunTime:0.007212s ]
INFO: [ view_parse ] --END-- [ RunTime:0.007253s ]
INFO: [ view_filter ] --START--
INFO: Run Behavior\WriteHtmlCacheBehavior [ RunTime:0.000147s ]
INFO: [ view_filter ] --END-- [ RunTime:0.000175s ]
INFO: [ app_end ] --START--
INFO: Run Behavior\ShowPageTraceBehavior [ RunTime:0.000415s ]
INFO: [ app_end ] --END-- [ RunTime:0.000451s ]

[ 2016-11-04T10:54:07+08:00 ] 101.81.13.210 /Manage/list/orderList.html?p=4
INFO: [ app_init ] --START--
INFO: Run Behavior\BuildLiteBehavior [ RunTime:0.000010s ]
INFO: [ app_init ] --END-- [ RunTime:0.000289s ]
INFO: [ app_begin ] --START--
INFO: Run Behavior\ReadHtmlCacheBehavior [ RunTime:0.000369s ]
INFO: [ app_begin ] --END-- [ RunTime:0.000404s ]
SQL: SHOW COLUMNS FROM `xueche1_list` [ RunTime:0.0013s ]
SQL: SELECT COUNT(*) AS tp_count FROM xueche1_list l LIMIT 1   [ RunTime:0.0003s ]
SQL: SELECT `id`,`listid`,`listtime`,`masterid`,`objectid`,`phone`,`stucount`,`listname`,`paymethod`,`liststate`,`paytime`,`state`,`classid`,`customer`,`note`,`type`,`returndate`,`lastupdate`,`CL_type`,`flag`,`preferentialprice`,`gmt_payment` FROM xueche1_list l ORDER BY id desc LIMIT 39,13   [ RunTime:0.0006s ]
SQL: SHOW COLUMNS FROM `xueche1_trainclass` [ RunTime:0.0008s ]
SQL: SELECT `name` FROM `xueche1_trainclass` WHERE ( tcid=67 ) LIMIT 1   [ RunTime:0.0008s ]
SQL: SHOW COLUMNS FROM `xueche1_admin` [ RunTime:0.0011s ]
SQL: SELECT `username` FROM `xueche1_admin` WHERE ( id=22 ) LIMIT 1   [ RunTime:0.0003s ]
SQL: SHOW COLUMNS FROM `xueche1_user` [ RunTime:0.0010s ]
SQL: SELECT `nickname` FROM `xueche1_user` WHERE ( userid='8CF687BE-A1AF-5F50-5C3F-C051BB0218A7' ) LIMIT 1   [ RunTime:0.0003s ]
SQL: SHOW COLUMNS FROM `xueche1_school` [ RunTime:0.0010s ]
SQL: SELECT `nickname` FROM `xueche1_school` WHERE ( userid='1CDED6A4-1404-D478-8689-7A7EBC18BFBB' ) LIMIT 1   [ RunTime:0.0002s ]
SQL: SELECT `name` FROM `xueche1_trainclass` WHERE ( tcid=68 ) LIMIT 1   [ RunTime:0.0008s ]
SQL: SELECT `username` FROM `xueche1_admin` WHERE ( id=22 ) LIMIT 1   [ RunTime:0.0002s ]
SQL: SELECT `nickname` FROM `xueche1_user` WHERE ( userid='8CF687BE-A1AF-5F50-5C3F-C051BB0218A7' ) LIMIT 1   [ RunTime:0.0002s ]
SQL: SELECT `nickname` FROM `xueche1_school` WHERE ( userid='1CDED6A4-1404-D478-8689-7A7EBC18BFBB' ) LIMIT 1   [ RunTime:0.0002s ]
SQL: SELECT `name` FROM `xueche1_trainclass` WHERE ( tcid=28 ) LIMIT 1   [ RunTime:0.0002s ]
SQL: SELECT `username` FROM `xueche1_admin` WHERE ( id=22 ) LIMIT 1   [ RunTime:0.0003s ]
SQL: SELECT `nickname` FROM `xueche1_user` WHERE ( userid='8CF687BE-A1AF-5F50-5C3F-C051BB0218A7' ) LIMIT 1   [ RunTime:0.0002s ]
SQL: SELECT `nickname` FROM `xueche1_school` WHERE ( userid='6C7E6108-806A-A9BE-DB34-A04A9AC88110' ) LIMIT 1   [ RunTime:0.0002s ]
SQL: SELECT `name` FROM `xueche1_trainclass` WHERE ( tcid=28 ) LIMIT 1   [ RunTime:0.0002s ]
SQL: SELECT `username` FROM `xueche1_admin` WHERE ( id=22 ) LIMIT 1   [ RunTime:0.0002s ]
SQL: SELECT `nickname` FROM `xueche1_user` WHERE ( userid='8CF687BE-A1AF-5F50-5C3F-C051BB0218A7' ) LIMIT 1   [ RunTime:0.0002s ]
SQL: SELECT `nickname` FROM `xueche1_school` WHERE ( userid='6C7E6108-806A-A9BE-DB34-A04A9AC88110' ) LIMIT 1   [ RunTime:0.0002s ]
SQL: SELECT `name` FROM `xueche1_trainclass` WHERE ( tcid=148 ) LIMIT 1   [ RunTime:0.0002s ]
SQL: SELECT `username` FROM `xueche1_admin` WHERE ( id=22 ) LIMIT 1   [ RunTime:0.0002s ]
SQL: SELECT `nickname` FROM `xueche1_user` WHERE ( userid='8CF687BE-A1AF-5F50-5C3F-C051BB0218A7' ) LIMIT 1   [ RunTime:0.0002s ]
SQL: SHOW COLUMNS FROM `xueche1_coach` [ RunTime:0.0011s ]
SQL: SELECT `nickname` FROM `xueche1_coach` WHERE ( userid='B0D60BCC-05C2-C391-5640-D0AC680B41AF' ) LIMIT 1   [ RunTime:0.0002s ]
SQL: SELECT `name` FROM `xueche1_trainclass` WHERE ( tcid=70 ) LIMIT 1   [ RunTime:0.0003s ]
SQL: SELECT `username` FROM `xueche1_admin` WHERE ( id=22 ) LIMIT 1   [ RunTime:0.0002s ]
SQL: SELECT `nickname` FROM `xueche1_user` WHERE ( userid='8CF687BE-A1AF-5F50-5C3F-C051BB0218A7' ) LIMIT 1   [ RunTime:0.0002s ]
SQL: SELECT `nickname` FROM `xueche1_school` WHERE ( userid='1CDED6A4-1404-D478-8689-7A7EBC18BFBB' ) LIMIT 1   [ RunTime:0.0003s ]
SQL: SELECT `name` FROM `xueche1_trainclass` WHERE ( tcid=148 ) LIMIT 1   [ RunTime:0.0002s ]
SQL: SELECT `username` FROM `xueche1_admin` WHERE ( id=22 ) LIMIT 1   [ RunTime:0.0002s ]
SQL: SELECT `nickname` FROM `xueche1_user` WHERE ( userid='8CF687BE-A1AF-5F50-5C3F-C051BB0218A7' ) LIMIT 1   [ RunTime:0.0003s ]
SQL: SELECT `nickname` FROM `xueche1_coach` WHERE ( userid='B0D60BCC-05C2-C391-5640-D0AC680B41AF' ) LIMIT 1   [ RunTime:0.0002s ]
SQL: SELECT `name` FROM `xueche1_trainclass` WHERE ( tcid=147 ) LIMIT 1   [ RunTime:0.0002s ]
SQL: SELECT `username` FROM `xueche1_admin` WHERE ( id=22 ) LIMIT 1   [ RunTime:0.0002s ]
SQL: SELECT `nickname` FROM `xueche1_user` WHERE ( userid='8CF687BE-A1AF-5F50-5C3F-C051BB0218A7' ) LIMIT 1   [ RunTime:0.0002s ]
SQL: SELECT `nickname` FROM `xueche1_coach` WHERE ( userid='B0D60BCC-05C2-C391-5640-D0AC680B41AF' ) LIMIT 1   [ RunTime:0.0002s ]
SQL: SELECT `name` FROM `xueche1_trainclass` WHERE ( tcid=146 ) LIMIT 1   [ RunTime:0.0003s ]
SQL: SELECT `username` FROM `xueche1_admin` WHERE ( id=22 ) LIMIT 1   [ RunTime:0.0002s ]
SQL: SELECT `nickname` FROM `xueche1_user` WHERE ( userid='8CF687BE-A1AF-5F50-5C3F-C051BB0218A7' ) LIMIT 1   [ RunTime:0.0002s ]
SQL: SELECT `nickname` FROM `xueche1_coach` WHERE ( userid='B0D60BCC-05C2-C391-5640-D0AC680B41AF' ) LIMIT 1   [ RunTime:0.0002s ]
SQL: SELECT `name` FROM `xueche1_trainclass` WHERE ( tcid=148 ) LIMIT 1   [ RunTime:0.0002s ]
SQL: SELECT `username` FROM `xueche1_admin` WHERE ( id=22 ) LIMIT 1   [ RunTime:0.0002s ]
SQL: SELECT `nickname` FROM `xueche1_user` WHERE ( userid='8CF687BE-A1AF-5F50-5C3F-C051BB0218A7' ) LIMIT 1   [ RunTime:0.0002s ]
SQL: SELECT `nickname` FROM `xueche1_coach` WHERE ( userid='B0D60BCC-05C2-C391-5640-D0AC680B41AF' ) LIMIT 1   [ RunTime:0.0002s ]
SQL: SELECT `name` FROM `xueche1_trainclass` WHERE ( tcid=27 ) LIMIT 1   [ RunTime:0.0002s ]
SQL: SELECT `username` FROM `xueche1_admin` WHERE ( id=22 ) LIMIT 1   [ RunTime:0.0002s ]
SQL: SELECT `nickname` FROM `xueche1_user` WHERE ( userid='8CF687BE-A1AF-5F50-5C3F-C051BB0218A7' ) LIMIT 1   [ RunTime:0.0002s ]
SQL: SELECT `nickname` FROM `xueche1_school` WHERE ( userid='6C7E6108-806A-A9BE-DB34-A04A9AC88110' ) LIMIT 1   [ RunTime:0.0002s ]
SQL: SELECT `name` FROM `xueche1_trainclass` WHERE ( tcid=0 ) LIMIT 1   [ RunTime:0.0007s ]
SQL: SELECT `username` FROM `xueche1_admin` WHERE ( id=22 ) LIMIT 1   [ RunTime:0.0002s ]
SQL: SELECT `nickname` FROM `xueche1_user` WHERE ( userid='8CF687BE-A1AF-5F50-5C3F-C051BB0218A7' ) LIMIT 1   [ RunTime:0.0002s ]
SQL: SELECT `nickname` FROM `xueche1_coach` WHERE ( userid='E7D96389-D40B-EA8B-46DF-99FF792C0D27' ) LIMIT 1   [ RunTime:0.0002s ]
SQL: SELECT `name` FROM `xueche1_trainclass` WHERE ( tcid=0 ) LIMIT 1   [ RunTime:0.0007s ]
SQL: SELECT `username` FROM `xueche1_admin` WHERE ( id=22 ) LIMIT 1   [ RunTime:0.0002s ]
SQL: SELECT `nickname` FROM `xueche1_user` WHERE ( userid='0BC9E90D-7014-323C-F4C1-72E8C7F568F9' ) LIMIT 1   [ RunTime:0.0002s ]
SQL: SELECT `nickname` FROM `xueche1_coach` WHERE ( userid='E7D96389-D40B-EA8B-46DF-99FF792C0D27' ) LIMIT 1   [ RunTime:0.0002s ]
INFO: [ view_parse ] --START--
INFO: [ template_filter ] --START--
INFO: Run Behavior\ContentReplaceBehavior [ RunTime:0.000068s ]
INFO: [ template_filter ] --END-- [ RunTime:0.000102s ]
NOTIC: [8] Undefined index: CL_type /var/www/xueche/Application/Runtime/Cache/Manage/1cf0397956afe21bc2ff0ef98a3d71ed.php 第 144 行.
NOTIC: [8] Undefined index: CL_type /var/www/xueche/Application/Runtime/Cache/Manage/1cf0397956afe21bc2ff0ef98a3d71ed.php 第 144 行.
NOTIC: [8] Undefined index: CL_type /var/www/xueche/Application/Runtime/Cache/Manage/1cf0397956afe21bc2ff0ef98a3d71ed.php 第 144 行.
NOTIC: [8] Undefined index: CL_type /var/www/xueche/Application/Runtime/Cache/Manage/1cf0397956afe21bc2ff0ef98a3d71ed.php 第 144 行.
NOTIC: [8] Undefined index: CL_type /var/www/xueche/Application/Runtime/Cache/Manage/1cf0397956afe21bc2ff0ef98a3d71ed.php 第 144 行.
NOTIC: [8] Undefined index: CL_type /var/www/xueche/Application/Runtime/Cache/Manage/1cf0397956afe21bc2ff0ef98a3d71ed.php 第 144 行.
NOTIC: [8] Undefined index: CL_type /var/www/xueche/Application/Runtime/Cache/Manage/1cf0397956afe21bc2ff0ef98a3d71ed.php 第 144 行.
NOTIC: [8] Undefined index: CL_type /var/www/xueche/Application/Runtime/Cache/Manage/1cf0397956afe21bc2ff0ef98a3d71ed.php 第 144 行.
NOTIC: [8] Undefined index: CL_type /var/www/xueche/Application/Runtime/Cache/Manage/1cf0397956afe21bc2ff0ef98a3d71ed.php 第 144 行.
NOTIC: [8] Undefined index: CL_type /var/www/xueche/Application/Runtime/Cache/Manage/1cf0397956afe21bc2ff0ef98a3d71ed.php 第 144 行.
NOTIC: [8] Undefined index: CL_type /var/www/xueche/Application/Runtime/Cache/Manage/1cf0397956afe21bc2ff0ef98a3d71ed.php 第 144 行.
NOTIC: [8] Undefined index: CL_type /var/www/xueche/Application/Runtime/Cache/Manage/1cf0397956afe21bc2ff0ef98a3d71ed.php 第 144 行.
NOTIC: [8] Undefined index: CL_type /var/www/xueche/Application/Runtime/Cache/Manage/1cf0397956afe21bc2ff0ef98a3d71ed.php 第 144 行.
INFO: Run Behavior\ParseTemplateBehavior [ RunTime:0.006728s ]
INFO: [ view_parse ] --END-- [ RunTime:0.006758s ]
INFO: [ view_filter ] --START--
INFO: Run Behavior\WriteHtmlCacheBehavior [ RunTime:0.000126s ]
INFO: [ view_filter ] --END-- [ RunTime:0.000153s ]
INFO: [ app_end ] --START--
INFO: Run Behavior\ShowPageTraceBehavior [ RunTime:0.000435s ]
INFO: [ app_end ] --END-- [ RunTime:0.000470s ]

[ 2016-11-04T10:54:10+08:00 ] 101.81.13.210 /Manage/list/orderList.html?p=5
INFO: [ app_init ] --START--
INFO: Run Behavior\BuildLiteBehavior [ RunTime:0.000011s ]
INFO: [ app_init ] --END-- [ RunTime:0.000335s ]
INFO: [ app_begin ] --START--
INFO: Run Behavior\ReadHtmlCacheBehavior [ RunTime:0.000400s ]
INFO: [ app_begin ] --END-- [ RunTime:0.000435s ]
SQL: SHOW COLUMNS FROM `xueche1_list` [ RunTime:0.0012s ]
SQL: SELECT COUNT(*) AS tp_count FROM xueche1_list l LIMIT 1   [ RunTime:0.0003s ]
SQL: SELECT `id`,`listid`,`listtime`,`masterid`,`objectid`,`phone`,`stucount`,`listname`,`paymethod`,`liststate`,`paytime`,`state`,`classid`,`customer`,`note`,`type`,`returndate`,`lastupdate`,`CL_type`,`flag`,`preferentialprice`,`gmt_payment` FROM xueche1_list l ORDER BY id desc LIMIT 52,13   [ RunTime:0.0006s ]
SQL: SHOW COLUMNS FROM `xueche1_trainclass` [ RunTime:0.0009s ]
SQL: SELECT `name` FROM `xueche1_trainclass` WHERE ( tcid=1 ) LIMIT 1   [ RunTime:0.0002s ]
SQL: SHOW COLUMNS FROM `xueche1_admin` [ RunTime:0.0007s ]
SQL: SELECT `username` FROM `xueche1_admin` WHERE ( id=22 ) LIMIT 1   [ RunTime:0.0002s ]
SQL: SHOW COLUMNS FROM `xueche1_user` [ RunTime:0.0008s ]
SQL: SELECT `nickname` FROM `xueche1_user` WHERE ( userid='0BC9E90D-7014-323C-F4C1-72E8C7F568F9' ) LIMIT 1   [ RunTime:0.0003s ]
SQL: SHOW COLUMNS FROM `xueche1_school` [ RunTime:0.0010s ]
SQL: SELECT `nickname` FROM `xueche1_school` WHERE ( userid='D18CF959-EDB7-B2C2-C8D0-85CFB1415721' ) LIMIT 1   [ RunTime:0.0002s ]
SQL: SELECT `name` FROM `xueche1_trainclass` WHERE ( tcid=28 ) LIMIT 1   [ RunTime:0.0002s ]
SQL: SELECT `username` FROM `xueche1_admin` WHERE ( id=22 ) LIMIT 1   [ RunTime:0.0002s ]
SQL: SELECT `nickname` FROM `xueche1_user` WHERE ( userid='008B5940-E4E6-081D-4B3E-C180E2AD0AC0' ) LIMIT 1   [ RunTime:0.0002s ]
SQL: SELECT `nickname` FROM `xueche1_school` WHERE ( userid='6C7E6108-806A-A9BE-DB34-A04A9AC88110' ) LIMIT 1   [ RunTime:0.0002s ]
SQL: SELECT `name` FROM `xueche1_trainclass` WHERE ( tcid=0 ) LIMIT 1   [ RunTime:0.0007s ]
SQL: SELECT `username` FROM `xueche1_admin` WHERE ( id=22 ) LIMIT 1   [ RunTime:0.0002s ]
SQL: SELECT `nickname` FROM `xueche1_user` WHERE ( userid='0BC9E90D-7014-323C-F4C1-72E8C7F568F9' ) LIMIT 1   [ RunTime:0.0002s ]
SQL: SHOW COLUMNS FROM `xueche1_coach` [ RunTime:0.0012s ]
SQL: SELECT `nickname` FROM `xueche1_coach` WHERE ( userid='E7D96389-D40B-EA8B-46DF-99FF792C0D27' ) LIMIT 1   [ RunTime:0.0003s ]
SQL: SELECT `name` FROM `xueche1_trainclass` WHERE ( tcid=35 ) LIMIT 1   [ RunTime:0.0007s ]
SQL: SELECT `username` FROM `xueche1_admin` WHERE ( id=22 ) LIMIT 1   [ RunTime:0.0002s ]
SQL: SELECT `nickname` FROM `xueche1_user` WHERE ( userid='0BC9E90D-7014-323C-F4C1-72E8C7F568F9' ) LIMIT 1   [ RunTime:0.0004s ]
SQL: SELECT `nickname` FROM `xueche1_school` WHERE ( userid='AA0F9918-4DE4-412F-738C-954DAFF1F857' ) LIMIT 1   [ RunTime:0.0002s ]
SQL: SELECT `name` FROM `xueche1_trainclass` WHERE ( tcid=0 ) LIMIT 1   [ RunTime:0.0008s ]
SQL: SELECT `username` FROM `xueche1_admin` WHERE ( id=22 ) LIMIT 1   [ RunTime:0.0002s ]
SQL: SELECT `nickname` FROM `xueche1_user` WHERE ( userid='0BC9E90D-7014-323C-F4C1-72E8C7F568F9' ) LIMIT 1   [ RunTime:0.0002s ]
SQL: SELECT `nickname` FROM `xueche1_coach` WHERE ( userid='E7D96389-D40B-EA8B-46DF-99FF792C0D27' ) LIMIT 1   [ RunTime:0.0003s ]
SQL: SELECT `name` FROM `xueche1_trainclass` WHERE ( tcid=0 ) LIMIT 1   [ RunTime:0.0007s ]
SQL: SELECT `username` FROM `xueche1_admin` WHERE ( id=22 ) LIMIT 1   [ RunTime:0.0002s ]
SQL: SELECT `nickname` FROM `xueche1_user` WHERE ( userid='0BC9E90D-7014-323C-F4C1-72E8C7F568F9' ) LIMIT 1   [ RunTime:0.0002s ]
SQL: SELECT `nickname` FROM `xueche1_coach` WHERE ( userid='E7D96389-D40B-EA8B-46DF-99FF792C0D27' ) LIMIT 1   [ RunTime:0.0002s ]
SQL: SELECT `name` FROM `xueche1_trainclass` WHERE ( tcid=0 ) LIMIT 1   [ RunTime:0.0008s ]
SQL: SELECT `username` FROM `xueche1_admin` WHERE ( id=22 ) LIMIT 1   [ RunTime:0.0002s ]
SQL: SELECT `nickname` FROM `xueche1_user` WHERE ( userid='0BC9E90D-7014-323C-F4C1-72E8C7F568F9' ) LIMIT 1   [ RunTime:0.0002s ]
SQL: SELECT `nickname` FROM `xueche1_coach` WHERE ( userid='E7D96389-D40B-EA8B-46DF-99FF792C0D27' ) LIMIT 1   [ RunTime:0.0002s ]
SQL: SELECT `name` FROM `xueche1_trainclass` WHERE ( tcid=0 ) LIMIT 1   [ RunTime:0.0007s ]
SQL: SELECT `username` FROM `xueche1_admin` WHERE ( id=22 ) LIMIT 1   [ RunTime:0.0002s ]
SQL: SELECT `nickname` FROM `xueche1_user` WHERE ( userid='8CF687BE-A1AF-5F50-5C3F-C051BB0218A7' ) LIMIT 1   [ RunTime:0.0008s ]
SQL: SELECT `nickname` FROM `xueche1_coach` WHERE ( userid='E7D96389-D40B-EA8B-46DF-99FF792C0D27' ) LIMIT 1   [ RunTime:0.0002s ]
SQL: SELECT `name` FROM `xueche1_trainclass` WHERE ( tcid=0 ) LIMIT 1   [ RunTime:0.0007s ]
SQL: SELECT `username` FROM `xueche1_admin` WHERE ( id=22 ) LIMIT 1   [ RunTime:0.0002s ]
SQL: SELECT `nickname` FROM `xueche1_user` WHERE ( userid='8CF687BE-A1AF-5F50-5C3F-C051BB0218A7' ) LIMIT 1   [ RunTime:0.0002s ]
SQL: SELECT `nickname` FROM `xueche1_coach` WHERE ( userid='E7D96389-D40B-EA8B-46DF-99FF792C0D27' ) LIMIT 1   [ RunTime:0.0002s ]
SQL: SELECT `name` FROM `xueche1_trainclass` WHERE ( tcid=0 ) LIMIT 1   [ RunTime:0.0007s ]
SQL: SELECT `username` FROM `xueche1_admin` WHERE ( id=22 ) LIMIT 1   [ RunTime:0.0002s ]
SQL: SELECT `nickname` FROM `xueche1_user` WHERE ( userid='8CF687BE-A1AF-5F50-5C3F-C051BB0218A7' ) LIMIT 1   [ RunTime:0.0002s ]
SQL: SELECT `nickname` FROM `xueche1_coach` WHERE ( userid='E7D96389-D40B-EA8B-46DF-99FF792C0D27' ) LIMIT 1   [ RunTime:0.0002s ]
SQL: SELECT `name` FROM `xueche1_trainclass` WHERE ( tcid=0 ) LIMIT 1   [ RunTime:0.0007s ]
SQL: SELECT `username` FROM `xueche1_admin` WHERE ( id=22 ) LIMIT 1   [ RunTime:0.0002s ]
SQL: SELECT `nickname` FROM `xueche1_user` WHERE ( userid='8CF687BE-A1AF-5F50-5C3F-C051BB0218A7' ) LIMIT 1   [ RunTime:0.0002s ]
SQL: SELECT `nickname` FROM `xueche1_coach` WHERE ( userid='E7D96389-D40B-EA8B-46DF-99FF792C0D27' ) LIMIT 1   [ RunTime:0.0002s ]
SQL: SELECT `name` FROM `xueche1_trainclass` WHERE ( tcid=0 ) LIMIT 1   [ RunTime:0.0007s ]
SQL: SELECT `username` FROM `xueche1_admin` WHERE ( id=22 ) LIMIT 1   [ RunTime:0.0002s ]
SQL: SELECT `nickname` FROM `xueche1_user` WHERE ( userid='0BC9E90D-7014-323C-F4C1-72E8C7F568F9' ) LIMIT 1   [ RunTime:0.0002s ]
SQL: SELECT `nickname` FROM `xueche1_coach` WHERE ( userid='E7D96389-D40B-EA8B-46DF-99FF792C0D27' ) LIMIT 1   [ RunTime:0.0002s ]
SQL: SELECT `name` FROM `xueche1_trainclass` WHERE ( tcid=0 ) LIMIT 1   [ RunTime:0.0007s ]
SQL: SELECT `username` FROM `xueche1_admin` WHERE ( id=22 ) LIMIT 1   [ RunTime:0.0002s ]
SQL: SELECT `nickname` FROM `xueche1_user` WHERE ( userid='0BC9E90D-7014-323C-F4C1-72E8C7F568F9' ) LIMIT 1   [ RunTime:0.0002s ]
SQL: SELECT `nickname` FROM `xueche1_coach` WHERE ( userid='E7D96389-D40B-EA8B-46DF-99FF792C0D27' ) LIMIT 1   [ RunTime:0.0002s ]
INFO: [ view_parse ] --START--
INFO: [ template_filter ] --START--
INFO: Run Behavior\ContentReplaceBehavior [ RunTime:0.000077s ]
INFO: [ template_filter ] --END-- [ RunTime:0.000114s ]
NOTIC: [8] Undefined index: CL_type /var/www/xueche/Application/Runtime/Cache/Manage/1cf0397956afe21bc2ff0ef98a3d71ed.php 第 144 行.
NOTIC: [8] Undefined index: CL_type /var/www/xueche/Application/Runtime/Cache/Manage/1cf0397956afe21bc2ff0ef98a3d71ed.php 第 144 行.
NOTIC: [8] Undefined index: CL_type /var/www/xueche/Application/Runtime/Cache/Manage/1cf0397956afe21bc2ff0ef98a3d71ed.php 第 144 行.
NOTIC: [8] Undefined index: CL_type /var/www/xueche/Application/Runtime/Cache/Manage/1cf0397956afe21bc2ff0ef98a3d71ed.php 第 144 行.
NOTIC: [8] Undefined index: CL_type /var/www/xueche/Application/Runtime/Cache/Manage/1cf0397956afe21bc2ff0ef98a3d71ed.php 第 144 行.
NOTIC: [8] Undefined index: CL_type /var/www/xueche/Application/Runtime/Cache/Manage/1cf0397956afe21bc2ff0ef98a3d71ed.php 第 144 行.
NOTIC: [8] Undefined index: CL_type /var/www/xueche/Application/Runtime/Cache/Manage/1cf0397956afe21bc2ff0ef98a3d71ed.php 第 144 行.
NOTIC: [8] Undefined index: CL_type /var/www/xueche/Application/Runtime/Cache/Manage/1cf0397956afe21bc2ff0ef98a3d71ed.php 第 144 行.
NOTIC: [8] Undefined index: CL_type /var/www/xueche/Application/Runtime/Cache/Manage/1cf0397956afe21bc2ff0ef98a3d71ed.php 第 144 行.
NOTIC: [8] Undefined index: CL_type /var/www/xueche/Application/Runtime/Cache/Manage/1cf0397956afe21bc2ff0ef98a3d71ed.php 第 144 行.
NOTIC: [8] Undefined index: CL_type /var/www/xueche/Application/Runtime/Cache/Manage/1cf0397956afe21bc2ff0ef98a3d71ed.php 第 144 行.
NOTIC: [8] Undefined index: CL_type /var/www/xueche/Application/Runtime/Cache/Manage/1cf0397956afe21bc2ff0ef98a3d71ed.php 第 144 行.
NOTIC: [8] Undefined index: CL_type /var/www/xueche/Application/Runtime/Cache/Manage/1cf0397956afe21bc2ff0ef98a3d71ed.php 第 144 行.
INFO: Run Behavior\ParseTemplateBehavior [ RunTime:0.007077s ]
INFO: [ view_parse ] --END-- [ RunTime:0.007108s ]
INFO: [ view_filter ] --START--
INFO: Run Behavior\WriteHtmlCacheBehavior [ RunTime:0.000131s ]
INFO: [ view_filter ] --END-- [ RunTime:0.000158s ]
INFO: [ app_end ] --START--
INFO: Run Behavior\ShowPageTraceBehavior [ RunTime:0.000437s ]
INFO: [ app_end ] --END-- [ RunTime:0.000474s ]

[ 2016-11-04T10:54:13+08:00 ] 101.81.13.210 /Manage/list/orderList.html?p=6
INFO: [ app_init ] --START--
INFO: Run Behavior\BuildLiteBehavior [ RunTime:0.000012s ]
INFO: [ app_init ] --END-- [ RunTime:0.000300s ]
INFO: [ app_begin ] --START--
INFO: Run Behavior\ReadHtmlCacheBehavior [ RunTime:0.000371s ]
INFO: [ app_begin ] --END-- [ RunTime:0.000407s ]
SQL: SHOW COLUMNS FROM `xueche1_list` [ RunTime:0.0013s ]
SQL: SELECT COUNT(*) AS tp_count FROM xueche1_list l LIMIT 1   [ RunTime:0.0002s ]
SQL: SELECT `id`,`listid`,`listtime`,`masterid`,`objectid`,`phone`,`stucount`,`listname`,`paymethod`,`liststate`,`paytime`,`state`,`classid`,`customer`,`note`,`type`,`returndate`,`lastupdate`,`CL_type`,`flag`,`preferentialprice`,`gmt_payment` FROM xueche1_list l ORDER BY id desc LIMIT 65,13   [ RunTime:0.0006s ]
SQL: SHOW COLUMNS FROM `xueche1_trainclass` [ RunTime:0.0008s ]
SQL: SELECT `name` FROM `xueche1_trainclass` WHERE ( tcid=0 ) LIMIT 1   [ RunTime:0.0008s ]
SQL: SHOW COLUMNS FROM `xueche1_admin` [ RunTime:0.0007s ]
SQL: SELECT `username` FROM `xueche1_admin` WHERE ( id=22 ) LIMIT 1   [ RunTime:0.0002s ]
SQL: SHOW COLUMNS FROM `xueche1_user` [ RunTime:0.0008s ]
SQL: SELECT `nickname` FROM `xueche1_user` WHERE ( userid='0BC9E90D-7014-323C-F4C1-72E8C7F568F9' ) LIMIT 1   [ RunTime:0.0002s ]
SQL: SHOW COLUMNS FROM `xueche1_coach` [ RunTime:0.0011s ]
SQL: SELECT `nickname` FROM `xueche1_coach` WHERE ( userid='E7D96389-D40B-EA8B-46DF-99FF792C0D27' ) LIMIT 1   [ RunTime:0.0004s ]
SQL: SELECT `name` FROM `xueche1_trainclass` WHERE ( tcid=0 ) LIMIT 1   [ RunTime:0.0008s ]
SQL: SELECT `username` FROM `xueche1_admin` WHERE ( id=22 ) LIMIT 1   [ RunTime:0.0002s ]
SQL: SELECT `nickname` FROM `xueche1_user` WHERE ( userid='0BC9E90D-7014-323C-F4C1-72E8C7F568F9' ) LIMIT 1   [ RunTime:0.0002s ]
SQL: SELECT `nickname` FROM `xueche1_coach` WHERE ( userid='E7D96389-D40B-EA8B-46DF-99FF792C0D27' ) LIMIT 1   [ RunTime:0.0002s ]
SQL: SELECT `name` FROM `xueche1_trainclass` WHERE ( tcid=150 ) LIMIT 1   [ RunTime:0.0002s ]
SQL: SELECT `username` FROM `xueche1_admin` WHERE ( id=22 ) LIMIT 1   [ RunTime:0.0002s ]
SQL: SELECT `nickname` FROM `xueche1_user` WHERE ( userid='8CF687BE-A1AF-5F50-5C3F-C051BB0218A7' ) LIMIT 1   [ RunTime:0.0002s ]
SQL: SELECT `nickname` FROM `xueche1_coach` WHERE ( userid='E7D96389-D40B-EA8B-46DF-99FF792C0D27' ) LIMIT 1   [ RunTime:0.0002s ]
SQL: SELECT `name` FROM `xueche1_trainclass` WHERE ( tcid=37 ) LIMIT 1   [ RunTime:0.0007s ]
SQL: SELECT `username` FROM `xueche1_admin` WHERE ( id=22 ) LIMIT 1   [ RunTime:0.0002s ]
SQL: SELECT `nickname` FROM `xueche1_user` WHERE ( userid='1ACCA599-8206-F1DA-90D3-BCFC6243E415' ) LIMIT 1   [ RunTime:0.0002s ]
SQL: SHOW COLUMNS FROM `xueche1_school` [ RunTime:0.0012s ]
SQL: SELECT `nickname` FROM `xueche1_school` WHERE ( userid='AA0F9918-4DE4-412F-738C-954DAFF1F857' ) LIMIT 1   [ RunTime:0.0003s ]
SQL: SELECT `name` FROM `xueche1_trainclass` WHERE ( tcid=34 ) LIMIT 1   [ RunTime:0.0002s ]
SQL: SELECT `username` FROM `xueche1_admin` WHERE ( id=22 ) LIMIT 1   [ RunTime:0.0002s ]
SQL: SELECT `nickname` FROM `xueche1_user` WHERE ( userid='1ACCA599-8206-F1DA-90D3-BCFC6243E415' ) LIMIT 1   [ RunTime:0.0002s ]
SQL: SELECT `nickname` FROM `xueche1_coach` WHERE ( userid='E7D96389-D40B-EA8B-46DF-99FF792C0D27' ) LIMIT 1   [ RunTime:0.0002s ]
SQL: SELECT `name` FROM `xueche1_trainclass` WHERE ( tcid=150 ) LIMIT 1   [ RunTime:0.0002s ]
SQL: SELECT `username` FROM `xueche1_admin` WHERE ( id=22 ) LIMIT 1   [ RunTime:0.0002s ]
SQL: SELECT `nickname` FROM `xueche1_user` WHERE ( userid='8CF687BE-A1AF-5F50-5C3F-C051BB0218A7' ) LIMIT 1   [ RunTime:0.0002s ]
SQL: SELECT `nickname` FROM `xueche1_coach` WHERE ( userid='81362E0D-4200-7FE6-EFDC-7051A54E34AD' ) LIMIT 1   [ RunTime:0.0002s ]
SQL: SELECT `name` FROM `xueche1_trainclass` WHERE ( tcid=27 ) LIMIT 1   [ RunTime:0.0002s ]
SQL: SELECT `username` FROM `xueche1_admin` WHERE ( id=22 ) LIMIT 1   [ RunTime:0.0002s ]
SQL: SELECT `nickname` FROM `xueche1_user` WHERE ( userid='8CF687BE-A1AF-5F50-5C3F-C051BB0218A7' ) LIMIT 1   [ RunTime:0.0002s ]
SQL: SELECT `nickname` FROM `xueche1_school` WHERE ( userid='6C7E6108-806A-A9BE-DB34-A04A9AC88110' ) LIMIT 1   [ RunTime:0.0002s ]
SQL: SELECT `name` FROM `xueche1_trainclass` WHERE ( tcid=1 ) LIMIT 1   [ RunTime:0.0002s ]
SQL: SELECT `username` FROM `xueche1_admin` WHERE ( id=22 ) LIMIT 1   [ RunTime:0.0002s ]
SQL: SELECT `nickname` FROM `xueche1_user` WHERE ( userid='87696BB0-B365-6EC8-BE24-DBE30E4901B7' ) LIMIT 1   [ RunTime:0.0002s ]
SQL: SELECT `nickname` FROM `xueche1_school` WHERE ( userid='D18CF959-EDB7-B2C2-C8D0-85CFB1415721' ) LIMIT 1   [ RunTime:0.0002s ]
SQL: SELECT `name` FROM `xueche1_trainclass` WHERE ( tcid=27 ) LIMIT 1   [ RunTime:0.0002s ]
SQL: SELECT `username` FROM `xueche1_admin` WHERE ( id=22 ) LIMIT 1   [ RunTime:0.0002s ]
SQL: SELECT `nickname` FROM `xueche1_user` WHERE ( userid='8CF687BE-A1AF-5F50-5C3F-C051BB0218A7' ) LIMIT 1   [ RunTime:0.0002s ]
SQL: SELECT `nickname` FROM `xueche1_school` WHERE ( userid='6C7E6108-806A-A9BE-DB34-A04A9AC88110' ) LIMIT 1   [ RunTime:0.0002s ]
SQL: SELECT `name` FROM `xueche1_trainclass` WHERE ( tcid=149 ) LIMIT 1   [ RunTime:0.0002s ]
SQL: SELECT `username` FROM `xueche1_admin` WHERE ( id=22 ) LIMIT 1   [ RunTime:0.0002s ]
SQL: SELECT `nickname` FROM `xueche1_user` WHERE ( userid='8CF687BE-A1AF-5F50-5C3F-C051BB0218A7' ) LIMIT 1   [ RunTime:0.0002s ]
SQL: SELECT `nickname` FROM `xueche1_coach` WHERE ( userid='B0D60BCC-05C2-C391-5640-D0AC680B41AF' ) LIMIT 1   [ RunTime:0.0002s ]
SQL: SELECT `name` FROM `xueche1_trainclass` WHERE ( tcid=3 ) LIMIT 1   [ RunTime:0.0002s ]
SQL: SELECT `username` FROM `xueche1_admin` WHERE ( id=22 ) LIMIT 1   [ RunTime:0.0002s ]
SQL: SELECT `nickname` FROM `xueche1_user` WHERE ( userid='8CF687BE-A1AF-5F50-5C3F-C051BB0218A7' ) LIMIT 1   [ RunTime:0.0002s ]
SQL: SELECT `nickname` FROM `xueche1_school` WHERE ( userid='D18CF959-EDB7-B2C2-C8D0-85CFB1415721' ) LIMIT 1   [ RunTime:0.0002s ]
SQL: SELECT `name` FROM `xueche1_trainclass` WHERE ( tcid=1 ) LIMIT 1   [ RunTime:0.0002s ]
SQL: SELECT `username` FROM `xueche1_admin` WHERE ( id=22 ) LIMIT 1   [ RunTime:0.0002s ]
SQL: SELECT `nickname` FROM `xueche1_user` WHERE ( userid='87696BB0-B365-6EC8-BE24-DBE30E4901B7' ) LIMIT 1   [ RunTime:0.0002s ]
SQL: SELECT `nickname` FROM `xueche1_school` WHERE ( userid='D18CF959-EDB7-B2C2-C8D0-85CFB1415721' ) LIMIT 1   [ RunTime:0.0002s ]
SQL: SELECT `name` FROM `xueche1_trainclass` WHERE ( tcid=147 ) LIMIT 1   [ RunTime:0.0002s ]
SQL: SELECT `username` FROM `xueche1_admin` WHERE ( id=22 ) LIMIT 1   [ RunTime:0.0002s ]
SQL: SELECT `nickname` FROM `xueche1_user` WHERE ( userid='8CF687BE-A1AF-5F50-5C3F-C051BB0218A7' ) LIMIT 1   [ RunTime:0.0002s ]
SQL: SELECT `nickname` FROM `xueche1_coach` WHERE ( userid='E7D96389-D40B-EA8B-46DF-99FF792C0D27' ) LIMIT 1   [ RunTime:0.0002s ]
INFO: [ view_parse ] --START--
INFO: [ template_filter ] --START--
INFO: Run Behavior\ContentReplaceBehavior [ RunTime:0.000072s ]
INFO: [ template_filter ] --END-- [ RunTime:0.000108s ]
NOTIC: [8] Undefined index: CL_type /var/www/xueche/Application/Runtime/Cache/Manage/1cf0397956afe21bc2ff0ef98a3d71ed.php 第 144 行.
NOTIC: [8] Undefined index: CL_type /var/www/xueche/Application/Runtime/Cache/Manage/1cf0397956afe21bc2ff0ef98a3d71ed.php 第 144 行.
NOTIC: [8] Undefined index: CL_type /var/www/xueche/Application/Runtime/Cache/Manage/1cf0397956afe21bc2ff0ef98a3d71ed.php 第 144 行.
NOTIC: [8] Undefined index: CL_type /var/www/xueche/Application/Runtime/Cache/Manage/1cf0397956afe21bc2ff0ef98a3d71ed.php 第 144 行.
NOTIC: [8] Undefined index: CL_type /var/www/xueche/Application/Runtime/Cache/Manage/1cf0397956afe21bc2ff0ef98a3d71ed.php 第 144 行.
NOTIC: [8] Undefined index: CL_type /var/www/xueche/Application/Runtime/Cache/Manage/1cf0397956afe21bc2ff0ef98a3d71ed.php 第 144 行.
NOTIC: [8] Undefined index: CL_type /var/www/xueche/Application/Runtime/Cache/Manage/1cf0397956afe21bc2ff0ef98a3d71ed.php 第 144 行.
NOTIC: [8] Undefined index: CL_type /var/www/xueche/Application/Runtime/Cache/Manage/1cf0397956afe21bc2ff0ef98a3d71ed.php 第 144 行.
NOTIC: [8] Undefined index: CL_type /var/www/xueche/Application/Runtime/Cache/Manage/1cf0397956afe21bc2ff0ef98a3d71ed.php 第 144 行.
NOTIC: [8] Undefined index: CL_type /var/www/xueche/Application/Runtime/Cache/Manage/1cf0397956afe21bc2ff0ef98a3d71ed.php 第 144 行.
NOTIC: [8] Undefined index: CL_type /var/www/xueche/Application/Runtime/Cache/Manage/1cf0397956afe21bc2ff0ef98a3d71ed.php 第 144 行.
NOTIC: [8] Undefined index: CL_type /var/www/xueche/Application/Runtime/Cache/Manage/1cf0397956afe21bc2ff0ef98a3d71ed.php 第 144 行.
NOTIC: [8] Undefined index: CL_type /var/www/xueche/Application/Runtime/Cache/Manage/1cf0397956afe21bc2ff0ef98a3d71ed.php 第 144 行.
INFO: Run Behavior\ParseTemplateBehavior [ RunTime:0.007017s ]
INFO: [ view_parse ] --END-- [ RunTime:0.007073s ]
INFO: [ view_filter ] --START--
INFO: Run Behavior\WriteHtmlCacheBehavior [ RunTime:0.000130s ]
INFO: [ view_filter ] --END-- [ RunTime:0.000156s ]
INFO: [ app_end ] --START--
INFO: Run Behavior\ShowPageTraceBehavior [ RunTime:0.000432s ]
INFO: [ app_end ] --END-- [ RunTime:0.000468s ]

[ 2016-11-04T10:54:15+08:00 ] 101.81.13.210 /Manage/list/orderList.html?p=7
INFO: [ app_init ] --START--
INFO: Run Behavior\BuildLiteBehavior [ RunTime:0.000011s ]
INFO: [ app_init ] --END-- [ RunTime:0.000288s ]
INFO: [ app_begin ] --START--
INFO: Run Behavior\ReadHtmlCacheBehavior [ RunTime:0.000371s ]
INFO: [ app_begin ] --END-- [ RunTime:0.000407s ]
SQL: SHOW COLUMNS FROM `xueche1_list` [ RunTime:0.0013s ]
SQL: SELECT COUNT(*) AS tp_count FROM xueche1_list l LIMIT 1   [ RunTime:0.0003s ]
SQL: SELECT `id`,`listid`,`listtime`,`masterid`,`objectid`,`phone`,`stucount`,`listname`,`paymethod`,`liststate`,`paytime`,`state`,`classid`,`customer`,`note`,`type`,`returndate`,`lastupdate`,`CL_type`,`flag`,`preferentialprice`,`gmt_payment` FROM xueche1_list l ORDER BY id desc LIMIT 78,13   [ RunTime:0.0006s ]
SQL: SHOW COLUMNS FROM `xueche1_trainclass` [ RunTime:0.0008s ]
SQL: SELECT `name` FROM `xueche1_trainclass` WHERE ( tcid=27 ) LIMIT 1   [ RunTime:0.0003s ]
SQL: SHOW COLUMNS FROM `xueche1_admin` [ RunTime:0.0007s ]
SQL: SELECT `username` FROM `xueche1_admin` WHERE ( id=22 ) LIMIT 1   [ RunTime:0.0002s ]
SQL: SHOW COLUMNS FROM `xueche1_user` [ RunTime:0.0008s ]
SQL: SELECT `nickname` FROM `xueche1_user` WHERE ( userid='8CF687BE-A1AF-5F50-5C3F-C051BB0218A7' ) LIMIT 1   [ RunTime:0.0002s ]
SQL: SHOW COLUMNS FROM `xueche1_school` [ RunTime:0.0010s ]
SQL: SELECT `nickname` FROM `xueche1_school` WHERE ( userid='6C7E6108-806A-A9BE-DB34-A04A9AC88110' ) LIMIT 1   [ RunTime:0.0003s ]
SQL: SELECT `name` FROM `xueche1_trainclass` WHERE ( tcid=27 ) LIMIT 1   [ RunTime:0.0002s ]
SQL: SELECT `username` FROM `xueche1_admin` WHERE ( id=22 ) LIMIT 1   [ RunTime:0.0002s ]
SQL: SELECT `nickname` FROM `xueche1_user` WHERE ( userid='8CF687BE-A1AF-5F50-5C3F-C051BB0218A7' ) LIMIT 1   [ RunTime:0.0002s ]
SQL: SELECT `nickname` FROM `xueche1_school` WHERE ( userid='6C7E6108-806A-A9BE-DB34-A04A9AC88110' ) LIMIT 1   [ RunTime:0.0002s ]
SQL: SELECT `name` FROM `xueche1_trainclass` WHERE ( tcid=27 ) LIMIT 1   [ RunTime:0.0002s ]
SQL: SELECT `username` FROM `xueche1_admin` WHERE ( id=22 ) LIMIT 1   [ RunTime:0.0002s ]
SQL: SELECT `nickname` FROM `xueche1_user` WHERE ( userid='0BC9E90D-7014-323C-F4C1-72E8C7F568F9' ) LIMIT 1   [ RunTime:0.0002s ]
SQL: SELECT `nickname` FROM `xueche1_school` WHERE ( userid='6C7E6108-806A-A9BE-DB34-A04A9AC88110' ) LIMIT 1   [ RunTime:0.0002s ]
SQL: SELECT `name` FROM `xueche1_trainclass` WHERE ( tcid=50 ) LIMIT 1   [ RunTime:0.0002s ]
SQL: SELECT `username` FROM `xueche1_admin` WHERE ( id=22 ) LIMIT 1   [ RunTime:0.0002s ]
SQL: SELECT `nickname` FROM `xueche1_user` WHERE ( userid='0BC9E90D-7014-323C-F4C1-72E8C7F568F9' ) LIMIT 1   [ RunTime:0.0002s ]
SQL: SELECT `nickname` FROM `xueche1_school` WHERE ( userid='4E1A1784-6F12-FA7B-22E6-BBCB70836AC1' ) LIMIT 1   [ RunTime:0.0002s ]
SQL: SELECT `name` FROM `xueche1_trainclass` WHERE ( tcid=150 ) LIMIT 1   [ RunTime:0.0003s ]
SQL: SELECT `username` FROM `xueche1_admin` WHERE ( id=22 ) LIMIT 1   [ RunTime:0.0002s ]
SQL: SELECT `nickname` FROM `xueche1_user` WHERE ( userid='0BC9E90D-7014-323C-F4C1-72E8C7F568F9' ) LIMIT 1   [ RunTime:0.0002s ]
SQL: SHOW COLUMNS FROM `xueche1_coach` [ RunTime:0.0011s ]
SQL: SELECT `nickname` FROM `xueche1_coach` WHERE ( userid='81362E0D-4200-7FE6-EFDC-7051A54E34AD' ) LIMIT 1   [ RunTime:0.0002s ]
SQL: SELECT `name` FROM `xueche1_trainclass` WHERE ( tcid=150 ) LIMIT 1   [ RunTime:0.0002s ]
SQL: SELECT `username` FROM `xueche1_admin` WHERE ( id=22 ) LIMIT 1   [ RunTime:0.0002s ]
SQL: SELECT `nickname` FROM `xueche1_user` WHERE ( userid='0BC9E90D-7014-323C-F4C1-72E8C7F568F9' ) LIMIT 1   [ RunTime:0.0002s ]
SQL: SELECT `nickname` FROM `xueche1_coach` WHERE ( userid='B0D60BCC-05C2-C391-5640-D0AC680B41AF' ) LIMIT 1   [ RunTime:0.0002s ]
SQL: SELECT `name` FROM `xueche1_trainclass` WHERE ( tcid=70 ) LIMIT 1   [ RunTime:0.0002s ]
SQL: SELECT `username` FROM `xueche1_admin` WHERE ( id=22 ) LIMIT 1   [ RunTime:0.0002s ]
SQL: SELECT `nickname` FROM `xueche1_user` WHERE ( userid='0BC9E90D-7014-323C-F4C1-72E8C7F568F9' ) LIMIT 1   [ RunTime:0.0003s ]
SQL: SELECT `nickname` FROM `xueche1_school` WHERE ( userid='1CDED6A4-1404-D478-8689-7A7EBC18BFBB' ) LIMIT 1   [ RunTime:0.0002s ]
SQL: SELECT `name` FROM `xueche1_trainclass` WHERE ( tcid=55 ) LIMIT 1   [ RunTime:0.0002s ]
SQL: SELECT `username` FROM `xueche1_admin` WHERE ( id=22 ) LIMIT 1   [ RunTime:0.0002s ]
SQL: SELECT `nickname` FROM `xueche1_user` WHERE ( userid='0BC9E90D-7014-323C-F4C1-72E8C7F568F9' ) LIMIT 1   [ RunTime:0.0002s ]
SQL: SELECT `nickname` FROM `xueche1_school` WHERE ( userid='07825C54-2994-4B42-3351-19343C4CA7AD' ) LIMIT 1   [ RunTime:0.0002s ]
SQL: SELECT `name` FROM `xueche1_trainclass` WHERE ( tcid=21 ) LIMIT 1   [ RunTime:0.0007s ]
SQL: SELECT `username` FROM `xueche1_admin` WHERE ( id=22 ) LIMIT 1   [ RunTime:0.0002s ]
SQL: SELECT `nickname` FROM `xueche1_user` WHERE ( userid='0BC9E90D-7014-323C-F4C1-72E8C7F568F9' ) LIMIT 1   [ RunTime:0.0004s ]
SQL: SELECT `nickname` FROM `xueche1_school` WHERE ( userid='BC7547F9-CDC6-3432-1FF1-601A66BCB3F6' ) LIMIT 1   [ RunTime:0.0004s ]
SQL: SELECT `name` FROM `xueche1_trainclass` WHERE ( tcid=148 ) LIMIT 1   [ RunTime:0.0003s ]
SQL: SELECT `username` FROM `xueche1_admin` WHERE ( id=22 ) LIMIT 1   [ RunTime:0.0002s ]
SQL: SELECT `nickname` FROM `xueche1_user` WHERE ( userid='0BC9E90D-7014-323C-F4C1-72E8C7F568F9' ) LIMIT 1   [ RunTime:0.0002s ]
SQL: SELECT `nickname` FROM `xueche1_coach` WHERE ( userid='E7D96389-D40B-EA8B-46DF-99FF792C0D27' ) LIMIT 1   [ RunTime:0.0002s ]
SQL: SELECT `name` FROM `xueche1_trainclass` WHERE ( tcid=10 ) LIMIT 1   [ RunTime:0.0002s ]
SQL: SELECT `username` FROM `xueche1_admin` WHERE ( id=22 ) LIMIT 1   [ RunTime:0.0002s ]
SQL: SELECT `nickname` FROM `xueche1_user` WHERE ( userid='0BC9E90D-7014-323C-F4C1-72E8C7F568F9' ) LIMIT 1   [ RunTime:0.0002s ]
SQL: SELECT `nickname` FROM `xueche1_school` WHERE ( userid='D18CF959-EDB7-B2C2-C8D0-85CFB1415721' ) LIMIT 1   [ RunTime:0.0002s ]
SQL: SELECT `name` FROM `xueche1_trainclass` WHERE ( tcid=27 ) LIMIT 1   [ RunTime:0.0002s ]
SQL: SELECT `username` FROM `xueche1_admin` WHERE ( id=22 ) LIMIT 1   [ RunTime:0.0002s ]
SQL: SELECT `nickname` FROM `xueche1_user` WHERE ( userid='1ACCA599-8206-F1DA-90D3-BCFC6243E415' ) LIMIT 1   [ RunTime:0.0002s ]
SQL: SELECT `nickname` FROM `xueche1_school` WHERE ( userid='6C7E6108-806A-A9BE-DB34-A04A9AC88110' ) LIMIT 1   [ RunTime:0.0002s ]
SQL: SELECT `name` FROM `xueche1_trainclass` WHERE ( tcid=27 ) LIMIT 1   [ RunTime:0.0002s ]
SQL: SELECT `username` FROM `xueche1_admin` WHERE ( id=22 ) LIMIT 1   [ RunTime:0.0002s ]
SQL: SELECT `nickname` FROM `xueche1_user` WHERE ( userid='1ACCA599-8206-F1DA-90D3-BCFC6243E415' ) LIMIT 1   [ RunTime:0.0002s ]
SQL: SELECT `nickname` FROM `xueche1_school` WHERE ( userid='6C7E6108-806A-A9BE-DB34-A04A9AC88110' ) LIMIT 1   [ RunTime:0.0002s ]
INFO: [ view_parse ] --START--
INFO: [ template_filter ] --START--
INFO: Run Behavior\ContentReplaceBehavior [ RunTime:0.000076s ]
INFO: [ template_filter ] --END-- [ RunTime:0.000115s ]
NOTIC: [8] Undefined index: CL_type /var/www/xueche/Application/Runtime/Cache/Manage/1cf0397956afe21bc2ff0ef98a3d71ed.php 第 144 行.
NOTIC: [8] Undefined index: CL_type /var/www/xueche/Application/Runtime/Cache/Manage/1cf0397956afe21bc2ff0ef98a3d71ed.php 第 144 行.
NOTIC: [8] Undefined index: CL_type /var/www/xueche/Application/Runtime/Cache/Manage/1cf0397956afe21bc2ff0ef98a3d71ed.php 第 144 行.
NOTIC: [8] Undefined index: CL_type /var/www/xueche/Application/Runtime/Cache/Manage/1cf0397956afe21bc2ff0ef98a3d71ed.php 第 144 行.
NOTIC: [8] Undefined index: CL_type /var/www/xueche/Application/Runtime/Cache/Manage/1cf0397956afe21bc2ff0ef98a3d71ed.php 第 144 行.
NOTIC: [8] Undefined index: CL_type /var/www/xueche/Application/Runtime/Cache/Manage/1cf0397956afe21bc2ff0ef98a3d71ed.php 第 144 行.
NOTIC: [8] Undefined index: CL_type /var/www/xueche/Application/Runtime/Cache/Manage/1cf0397956afe21bc2ff0ef98a3d71ed.php 第 144 行.
NOTIC: [8] Undefined index: CL_type /var/www/xueche/Application/Runtime/Cache/Manage/1cf0397956afe21bc2ff0ef98a3d71ed.php 第 144 行.
NOTIC: [8] Undefined index: CL_type /var/www/xueche/Application/Runtime/Cache/Manage/1cf0397956afe21bc2ff0ef98a3d71ed.php 第 144 行.
NOTIC: [8] Undefined index: CL_type /var/www/xueche/Application/Runtime/Cache/Manage/1cf0397956afe21bc2ff0ef98a3d71ed.php 第 144 行.
NOTIC: [8] Undefined index: CL_type /var/www/xueche/Application/Runtime/Cache/Manage/1cf0397956afe21bc2ff0ef98a3d71ed.php 第 144 行.
NOTIC: [8] Undefined index: CL_type /var/www/xueche/Application/Runtime/Cache/Manage/1cf0397956afe21bc2ff0ef98a3d71ed.php 第 144 行.
NOTIC: [8] Undefined index: CL_type /var/www/xueche/Application/Runtime/Cache/Manage/1cf0397956afe21bc2ff0ef98a3d71ed.php 第 144 行.
INFO: Run Behavior\ParseTemplateBehavior [ RunTime:0.007149s ]
INFO: [ view_parse ] --END-- [ RunTime:0.007179s ]
INFO: [ view_filter ] --START--
INFO: Run Behavior\WriteHtmlCacheBehavior [ RunTime:0.000125s ]
INFO: [ view_filter ] --END-- [ RunTime:0.000153s ]
INFO: [ app_end ] --START--
INFO: Run Behavior\ShowPageTraceBehavior [ RunTime:0.000437s ]
INFO: [ app_end ] --END-- [ RunTime:0.000473s ]

[ 2016-11-04T10:54:18+08:00 ] 101.81.13.210 /Manage/list/orderList.html?p=8
INFO: [ app_init ] --START--
INFO: Run Behavior\BuildLiteBehavior [ RunTime:0.000013s ]
INFO: [ app_init ] --END-- [ RunTime:0.000300s ]
INFO: [ app_begin ] --START--
INFO: Run Behavior\ReadHtmlCacheBehavior [ RunTime:0.000373s ]
INFO: [ app_begin ] --END-- [ RunTime:0.000408s ]
SQL: SHOW COLUMNS FROM `xueche1_list` [ RunTime:0.0014s ]
SQL: SELECT COUNT(*) AS tp_count FROM xueche1_list l LIMIT 1   [ RunTime:0.0003s ]
SQL: SELECT `id`,`listid`,`listtime`,`masterid`,`objectid`,`phone`,`stucount`,`listname`,`paymethod`,`liststate`,`paytime`,`state`,`classid`,`customer`,`note`,`type`,`returndate`,`lastupdate`,`CL_type`,`flag`,`preferentialprice`,`gmt_payment` FROM xueche1_list l ORDER BY id desc LIMIT 78,13   [ RunTime:0.0007s ]
SQL: SHOW COLUMNS FROM `xueche1_trainclass` [ RunTime:0.0008s ]
SQL: SELECT `name` FROM `xueche1_trainclass` WHERE ( tcid=27 ) LIMIT 1   [ RunTime:0.0002s ]
SQL: SHOW COLUMNS FROM `xueche1_admin` [ RunTime:0.0007s ]
SQL: SELECT `username` FROM `xueche1_admin` WHERE ( id=22 ) LIMIT 1   [ RunTime:0.0002s ]
SQL: SHOW COLUMNS FROM `xueche1_user` [ RunTime:0.0008s ]
SQL: SELECT `nickname` FROM `xueche1_user` WHERE ( userid='8CF687BE-A1AF-5F50-5C3F-C051BB0218A7' ) LIMIT 1   [ RunTime:0.0003s ]
SQL: SHOW COLUMNS FROM `xueche1_school` [ RunTime:0.0010s ]
SQL: SELECT `nickname` FROM `xueche1_school` WHERE ( userid='6C7E6108-806A-A9BE-DB34-A04A9AC88110' ) LIMIT 1   [ RunTime:0.0002s ]
SQL: SELECT `name` FROM `xueche1_trainclass` WHERE ( tcid=27 ) LIMIT 1   [ RunTime:0.0002s ]
SQL: SELECT `username` FROM `xueche1_admin` WHERE ( id=22 ) LIMIT 1   [ RunTime:0.0002s ]
SQL: SELECT `nickname` FROM `xueche1_user` WHERE ( userid='8CF687BE-A1AF-5F50-5C3F-C051BB0218A7' ) LIMIT 1   [ RunTime:0.0002s ]
SQL: SELECT `nickname` FROM `xueche1_school` WHERE ( userid='6C7E6108-806A-A9BE-DB34-A04A9AC88110' ) LIMIT 1   [ RunTime:0.0002s ]
SQL: SELECT `name` FROM `xueche1_trainclass` WHERE ( tcid=27 ) LIMIT 1   [ RunTime:0.0002s ]
SQL: SELECT `username` FROM `xueche1_admin` WHERE ( id=22 ) LIMIT 1   [ RunTime:0.0002s ]
SQL: SELECT `nickname` FROM `xueche1_user` WHERE ( userid='0BC9E90D-7014-323C-F4C1-72E8C7F568F9' ) LIMIT 1   [ RunTime:0.0002s ]
SQL: SELECT `nickname` FROM `xueche1_school` WHERE ( userid='6C7E6108-806A-A9BE-DB34-A04A9AC88110' ) LIMIT 1   [ RunTime:0.0002s ]
SQL: SELECT `name` FROM `xueche1_trainclass` WHERE ( tcid=50 ) LIMIT 1   [ RunTime:0.0002s ]
SQL: SELECT `username` FROM `xueche1_admin` WHERE ( id=22 ) LIMIT 1   [ RunTime:0.0002s ]
SQL: SELECT `nickname` FROM `xueche1_user` WHERE ( userid='0BC9E90D-7014-323C-F4C1-72E8C7F568F9' ) LIMIT 1   [ RunTime:0.0002s ]
SQL: SELECT `nickname` FROM `xueche1_school` WHERE ( userid='4E1A1784-6F12-FA7B-22E6-BBCB70836AC1' ) LIMIT 1   [ RunTime:0.0002s ]
SQL: SELECT `name` FROM `xueche1_trainclass` WHERE ( tcid=150 ) LIMIT 1   [ RunTime:0.0002s ]
SQL: SELECT `username` FROM `xueche1_admin` WHERE ( id=22 ) LIMIT 1   [ RunTime:0.0002s ]
SQL: SELECT `nickname` FROM `xueche1_user` WHERE ( userid='0BC9E90D-7014-323C-F4C1-72E8C7F568F9' ) LIMIT 1   [ RunTime:0.0002s ]
SQL: SHOW COLUMNS FROM `xueche1_coach` [ RunTime:0.0011s ]
SQL: SELECT `nickname` FROM `xueche1_coach` WHERE ( userid='81362E0D-4200-7FE6-EFDC-7051A54E34AD' ) LIMIT 1   [ RunTime:0.0002s ]
SQL: SELECT `name` FROM `xueche1_trainclass` WHERE ( tcid=150 ) LIMIT 1   [ RunTime:0.0003s ]
SQL: SELECT `username` FROM `xueche1_admin` WHERE ( id=22 ) LIMIT 1   [ RunTime:0.0002s ]
SQL: SELECT `nickname` FROM `xueche1_user` WHERE ( userid='0BC9E90D-7014-323C-F4C1-72E8C7F568F9' ) LIMIT 1   [ RunTime:0.0002s ]
SQL: SELECT `nickname` FROM `xueche1_coach` WHERE ( userid='B0D60BCC-05C2-C391-5640-D0AC680B41AF' ) LIMIT 1   [ RunTime:0.0002s ]
SQL: SELECT `name` FROM `xueche1_trainclass` WHERE ( tcid=70 ) LIMIT 1   [ RunTime:0.0002s ]
SQL: SELECT `username` FROM `xueche1_admin` WHERE ( id=22 ) LIMIT 1   [ RunTime:0.0002s ]
SQL: SELECT `nickname` FROM `xueche1_user` WHERE ( userid='0BC9E90D-7014-323C-F4C1-72E8C7F568F9' ) LIMIT 1   [ RunTime:0.0002s ]
SQL: SELECT `nickname` FROM `xueche1_school` WHERE ( userid='1CDED6A4-1404-D478-8689-7A7EBC18BFBB' ) LIMIT 1   [ RunTime:0.0002s ]
SQL: SELECT `name` FROM `xueche1_trainclass` WHERE ( tcid=55 ) LIMIT 1   [ RunTime:0.0002s ]
SQL: SELECT `username` FROM `xueche1_admin` WHERE ( id=22 ) LIMIT 1   [ RunTime:0.0002s ]
SQL: SELECT `nickname` FROM `xueche1_user` WHERE ( userid='0BC9E90D-7014-323C-F4C1-72E8C7F568F9' ) LIMIT 1   [ RunTime:0.0002s ]
SQL: SELECT `nickname` FROM `xueche1_school` WHERE ( userid='07825C54-2994-4B42-3351-19343C4CA7AD' ) LIMIT 1   [ RunTime:0.0002s ]
SQL: SELECT `name` FROM `xueche1_trainclass` WHERE ( tcid=21 ) LIMIT 1   [ RunTime:0.0007s ]
SQL: SELECT `username` FROM `xueche1_admin` WHERE ( id=22 ) LIMIT 1   [ RunTime:0.0002s ]
SQL: SELECT `nickname` FROM `xueche1_user` WHERE ( userid='0BC9E90D-7014-323C-F4C1-72E8C7F568F9' ) LIMIT 1   [ RunTime:0.0002s ]
SQL: SELECT `nickname` FROM `xueche1_school` WHERE ( userid='BC7547F9-CDC6-3432-1FF1-601A66BCB3F6' ) LIMIT 1   [ RunTime:0.0002s ]
SQL: SELECT `name` FROM `xueche1_trainclass` WHERE ( tcid=148 ) LIMIT 1   [ RunTime:0.0002s ]
SQL: SELECT `username` FROM `xueche1_admin` WHERE ( id=22 ) LIMIT 1   [ RunTime:0.0002s ]
SQL: SELECT `nickname` FROM `xueche1_user` WHERE ( userid='0BC9E90D-7014-323C-F4C1-72E8C7F568F9' ) LIMIT 1   [ RunTime:0.0002s ]
SQL: SELECT `nickname` FROM `xueche1_coach` WHERE ( userid='E7D96389-D40B-EA8B-46DF-99FF792C0D27' ) LIMIT 1   [ RunTime:0.0002s ]
SQL: SELECT `name` FROM `xueche1_trainclass` WHERE ( tcid=10 ) LIMIT 1   [ RunTime:0.0002s ]
SQL: SELECT `username` FROM `xueche1_admin` WHERE ( id=22 ) LIMIT 1   [ RunTime:0.0002s ]
SQL: SELECT `nickname` FROM `xueche1_user` WHERE ( userid='0BC9E90D-7014-323C-F4C1-72E8C7F568F9' ) LIMIT 1   [ RunTime:0.0002s ]
SQL: SELECT `nickname` FROM `xueche1_school` WHERE ( userid='D18CF959-EDB7-B2C2-C8D0-85CFB1415721' ) LIMIT 1   [ RunTime:0.0002s ]
SQL: SELECT `name` FROM `xueche1_trainclass` WHERE ( tcid=27 ) LIMIT 1   [ RunTime:0.0002s ]
SQL: SELECT `username` FROM `xueche1_admin` WHERE ( id=22 ) LIMIT 1   [ RunTime:0.0002s ]
SQL: SELECT `nickname` FROM `xueche1_user` WHERE ( userid='1ACCA599-8206-F1DA-90D3-BCFC6243E415' ) LIMIT 1   [ RunTime:0.0002s ]
SQL: SELECT `nickname` FROM `xueche1_school` WHERE ( userid='6C7E6108-806A-A9BE-DB34-A04A9AC88110' ) LIMIT 1   [ RunTime:0.0002s ]
SQL: SELECT `name` FROM `xueche1_trainclass` WHERE ( tcid=27 ) LIMIT 1   [ RunTime:0.0002s ]
SQL: SELECT `username` FROM `xueche1_admin` WHERE ( id=22 ) LIMIT 1   [ RunTime:0.0002s ]
SQL: SELECT `nickname` FROM `xueche1_user` WHERE ( userid='1ACCA599-8206-F1DA-90D3-BCFC6243E415' ) LIMIT 1   [ RunTime:0.0002s ]
SQL: SELECT `nickname` FROM `xueche1_school` WHERE ( userid='6C7E6108-806A-A9BE-DB34-A04A9AC88110' ) LIMIT 1   [ RunTime:0.0002s ]
INFO: [ view_parse ] --START--
INFO: [ template_filter ] --START--
INFO: Run Behavior\ContentReplaceBehavior [ RunTime:0.000070s ]
INFO: [ template_filter ] --END-- [ RunTime:0.000104s ]
NOTIC: [8] Undefined index: CL_type /var/www/xueche/Application/Runtime/Cache/Manage/1cf0397956afe21bc2ff0ef98a3d71ed.php 第 144 行.
NOTIC: [8] Undefined index: CL_type /var/www/xueche/Application/Runtime/Cache/Manage/1cf0397956afe21bc2ff0ef98a3d71ed.php 第 144 行.
NOTIC: [8] Undefined index: CL_type /var/www/xueche/Application/Runtime/Cache/Manage/1cf0397956afe21bc2ff0ef98a3d71ed.php 第 144 行.
NOTIC: [8] Undefined index: CL_type /var/www/xueche/Application/Runtime/Cache/Manage/1cf0397956afe21bc2ff0ef98a3d71ed.php 第 144 行.
NOTIC: [8] Undefined index: CL_type /var/www/xueche/Application/Runtime/Cache/Manage/1cf0397956afe21bc2ff0ef98a3d71ed.php 第 144 行.
NOTIC: [8] Undefined index: CL_type /var/www/xueche/Application/Runtime/Cache/Manage/1cf0397956afe21bc2ff0ef98a3d71ed.php 第 144 行.
NOTIC: [8] Undefined index: CL_type /var/www/xueche/Application/Runtime/Cache/Manage/1cf0397956afe21bc2ff0ef98a3d71ed.php 第 144 行.
NOTIC: [8] Undefined index: CL_type /var/www/xueche/Application/Runtime/Cache/Manage/1cf0397956afe21bc2ff0ef98a3d71ed.php 第 144 行.
NOTIC: [8] Undefined index: CL_type /var/www/xueche/Application/Runtime/Cache/Manage/1cf0397956afe21bc2ff0ef98a3d71ed.php 第 144 行.
NOTIC: [8] Undefined index: CL_type /var/www/xueche/Application/Runtime/Cache/Manage/1cf0397956afe21bc2ff0ef98a3d71ed.php 第 144 行.
NOTIC: [8] Undefined index: CL_type /var/www/xueche/Application/Runtime/Cache/Manage/1cf0397956afe21bc2ff0ef98a3d71ed.php 第 144 行.
NOTIC: [8] Undefined index: CL_type /var/www/xueche/Application/Runtime/Cache/Manage/1cf0397956afe21bc2ff0ef98a3d71ed.php 第 144 行.
NOTIC: [8] Undefined index: CL_type /var/www/xueche/Application/Runtime/Cache/Manage/1cf0397956afe21bc2ff0ef98a3d71ed.php 第 144 行.
INFO: Run Behavior\ParseTemplateBehavior [ RunTime:0.006761s ]
INFO: [ view_parse ] --END-- [ RunTime:0.006791s ]
INFO: [ view_filter ] --START--
INFO: Run Behavior\WriteHtmlCacheBehavior [ RunTime:0.000125s ]
INFO: [ view_filter ] --END-- [ RunTime:0.000153s ]
INFO: [ app_end ] --START--
INFO: Run Behavior\ShowPageTraceBehavior [ RunTime:0.000436s ]
INFO: [ app_end ] --END-- [ RunTime:0.000470s ]

