[ 2016-11-27T18:28:21+08:00 ] 59.63.248.87 /Manage
INFO: [ app_init ] --START--
INFO: Run Behavior\BuildLiteBehavior [ RunTime:0.000012s ]
INFO: [ app_init ] --END-- [ RunTime:0.000306s ]
INFO: [ app_begin ] --START--
INFO: Run Behavior\ReadHtmlCacheBehavior [ RunTime:0.000371s ]
INFO: [ app_begin ] --END-- [ RunTime:0.000408s ]

[ 2016-11-27T18:28:21+08:00 ] 59.63.248.87 /Manage/index/login.html
INFO: [ app_init ] --START--
INFO: Run Behavior\BuildLiteBehavior [ RunTime:0.000012s ]
INFO: [ app_init ] --END-- [ RunTime:0.000302s ]
INFO: [ app_begin ] --START--
INFO: Run Behavior\ReadHtmlCacheBehavior [ RunTime:0.000371s ]
INFO: [ app_begin ] --END-- [ RunTime:0.000408s ]
INFO: [ view_parse ] --START--
INFO: [ template_filter ] --START--
INFO: Run Behavior\ContentReplaceBehavior [ RunTime:0.000048s ]
INFO: [ template_filter ] --END-- [ RunTime:0.000084s ]
INFO: Run Behavior\ParseTemplateBehavior [ RunTime:0.004707s ]
INFO: [ view_parse ] --END-- [ RunTime:0.004742s ]
INFO: [ view_filter ] --START--
INFO: Run Behavior\WriteHtmlCacheBehavior [ RunTime:0.000123s ]
INFO: [ view_filter ] --END-- [ RunTime:0.000151s ]
INFO: [ app_end ] --START--
INFO: Run Behavior\ShowPageTraceBehavior [ RunTime:0.000428s ]
INFO: [ app_end ] --END-- [ RunTime:0.000460s ]

[ 2016-11-27T18:28:22+08:00 ] 59.63.248.87 /Manage/Index/verify.html
INFO: [ app_init ] --START--
INFO: Run Behavior\BuildLiteBehavior [ RunTime:0.000012s ]
INFO: [ app_init ] --END-- [ RunTime:0.000299s ]
INFO: [ app_begin ] --START--
INFO: Run Behavior\ReadHtmlCacheBehavior [ RunTime:0.000368s ]
INFO: [ app_begin ] --END-- [ RunTime:0.000405s ]
INFO: [ app_end ] --START--
INFO: Run Behavior\ShowPageTraceBehavior [ RunTime:0.000447s ]
INFO: [ app_end ] --END-- [ RunTime:0.000491s ]

[ 2016-11-27T18:28:30+08:00 ] 180.153.160.24 /Manage
INFO: [ app_init ] --START--
INFO: Run Behavior\BuildLiteBehavior [ RunTime:0.000013s ]
INFO: [ app_init ] --END-- [ RunTime:0.000302s ]
INFO: [ app_begin ] --START--
INFO: Run Behavior\ReadHtmlCacheBehavior [ RunTime:0.000394s ]
INFO: [ app_begin ] --END-- [ RunTime:0.000431s ]

[ 2016-11-27T18:28:31+08:00 ] 180.153.160.24 /Manage/index/login.html
INFO: [ app_init ] --START--
INFO: Run Behavior\BuildLiteBehavior [ RunTime:0.000011s ]
INFO: [ app_init ] --END-- [ RunTime:0.000316s ]
INFO: [ app_begin ] --START--
INFO: Run Behavior\ReadHtmlCacheBehavior [ RunTime:0.000365s ]
INFO: [ app_begin ] --END-- [ RunTime:0.000402s ]
INFO: [ view_parse ] --START--
INFO: [ template_filter ] --START--
INFO: Run Behavior\ContentReplaceBehavior [ RunTime:0.000059s ]
INFO: [ template_filter ] --END-- [ RunTime:0.000113s ]
INFO: Run Behavior\ParseTemplateBehavior [ RunTime:0.006872s ]
INFO: [ view_parse ] --END-- [ RunTime:0.006907s ]
INFO: [ view_filter ] --START--
INFO: Run Behavior\WriteHtmlCacheBehavior [ RunTime:0.000157s ]
INFO: [ view_filter ] --END-- [ RunTime:0.000186s ]
INFO: [ app_end ] --START--
INFO: Run Behavior\ShowPageTraceBehavior [ RunTime:0.000477s ]
INFO: [ app_end ] --END-- [ RunTime:0.000517s ]

[ 2016-11-27T18:28:33+08:00 ] 59.63.248.87 /Manage/Index/checkuser.html
INFO: [ app_init ] --START--
INFO: Run Behavior\BuildLiteBehavior [ RunTime:0.000012s ]
INFO: [ app_init ] --END-- [ RunTime:0.000309s ]
INFO: [ app_begin ] --START--
INFO: Run Behavior\ReadHtmlCacheBehavior [ RunTime:0.000393s ]
INFO: [ app_begin ] --END-- [ RunTime:0.000429s ]
SQL: SHOW COLUMNS FROM `xueche1_admin` [ RunTime:0.0010s ]
SQL: SELECT count(*),`pass`,`masgroup`,`flag`,`username`,`role` FROM `xueche1_admin` WHERE ( account='admin' ) LIMIT 1   [ RunTime:0.0003s ]
SQL: SHOW COLUMNS FROM `xueche1_adminlog` [ RunTime:0.0006s ]
SQL: INSERT INTO `xueche1_adminlog` (`account`,`ntime`,`nip`,`info`) VALUES ('admin','1480242513','994048087','登录') [ RunTime:0.0010s ]
INFO: [ app_end ] --START--
INFO: Run Behavior\ShowPageTraceBehavior [ RunTime:0.000449s ]
INFO: [ app_end ] --END-- [ RunTime:0.000483s ]

[ 2016-11-27T18:28:34+08:00 ] 59.63.248.87 /Manage/Index/index.html
INFO: [ app_init ] --START--
INFO: Run Behavior\BuildLiteBehavior [ RunTime:0.000012s ]
INFO: [ app_init ] --END-- [ RunTime:0.000292s ]
INFO: [ app_begin ] --START--
INFO: Run Behavior\ReadHtmlCacheBehavior [ RunTime:0.000364s ]
INFO: [ app_begin ] --END-- [ RunTime:0.000401s ]
SQL: SHOW COLUMNS FROM `xueche1_admin` [ RunTime:0.0009s ]
SQL: SELECT `permissId` FROM `xueche1_admin` WHERE ( account='admin' ) LIMIT 1   [ RunTime:0.0003s ]
INFO: [ view_parse ] --START--
INFO: [ template_filter ] --START--
INFO: Run Behavior\ContentReplaceBehavior [ RunTime:0.000107s ]
INFO: [ template_filter ] --END-- [ RunTime:0.000144s ]
INFO: Run Behavior\ParseTemplateBehavior [ RunTime:0.006812s ]
INFO: [ view_parse ] --END-- [ RunTime:0.006847s ]
INFO: [ view_filter ] --START--
INFO: Run Behavior\WriteHtmlCacheBehavior [ RunTime:0.000124s ]
INFO: [ view_filter ] --END-- [ RunTime:0.000151s ]
INFO: [ app_end ] --START--
INFO: Run Behavior\ShowPageTraceBehavior [ RunTime:0.000440s ]
INFO: [ app_end ] --END-- [ RunTime:0.000476s ]

[ 2016-11-27T18:28:35+08:00 ] 59.63.248.87 /Manage/Index/welcome.html
INFO: [ app_init ] --START--
INFO: Run Behavior\BuildLiteBehavior [ RunTime:0.000012s ]
INFO: [ app_init ] --END-- [ RunTime:0.000339s ]
INFO: [ app_begin ] --START--
INFO: Run Behavior\ReadHtmlCacheBehavior [ RunTime:0.000414s ]
INFO: [ app_begin ] --END-- [ RunTime:0.000450s ]
SQL: SHOW COLUMNS FROM `xueche1_adminlog` [ RunTime:0.0010s ]
SQL: SELECT `ntime`,`nip` FROM `xueche1_adminlog` WHERE ( account='admin' ) ORDER BY id desc LIMIT 1   [ RunTime:0.0003s ]
SQL: SELECT COUNT(*) AS tp_count FROM `xueche1_adminlog` WHERE ( account='admin' ) LIMIT 1   [ RunTime:0.0003s ]
SQL: SHOW COLUMNS FROM `xueche1_list` [ RunTime:0.0011s ]
SQL: SELECT `state`,count(id) as id FROM `xueche1_list` WHERE ( listtime like '%2016-11-27%' ) GROUP BY state  [ RunTime:0.0004s ]
SQL: SELECT `state`,count(id) as id FROM `xueche1_list` WHERE ( listtime like '%2016-11-26%' ) GROUP BY state  [ RunTime:0.0003s ]
SQL: SELECT `state`,count(id) as id FROM `xueche1_list` WHERE ( listtime like '%2016-11%' ) GROUP BY state  [ RunTime:0.0004s ]
SQL: SELECT `state`,count(id) as id FROM `xueche1_list` WHERE ( listtime like '%2016-10%' ) GROUP BY state  [ RunTime:0.0003s ]
SQL: SELECT count(id) as id FROM `xueche1_list` GROUP BY state  [ RunTime:0.0003s ]
NOTIC: [8] Undefined index: state /var/www/xueche/Application/Manage/Controller/IndexController.class.php 第 81 行.
NOTIC: [8] Undefined variable: count /var/www/xueche/Application/Manage/Controller/IndexController.class.php 第 82 行.
NOTIC: [8] Undefined offset: 0 /var/www/xueche/Application/Manage/Controller/IndexController.class.php 第 84 行.
NOTIC: [8] Undefined offset: 0 /var/www/xueche/Application/Manage/Controller/IndexController.class.php 第 84 行.
NOTIC: [8] Undefined offset: 0 /var/www/xueche/Application/Manage/Controller/IndexController.class.php 第 86 行.
NOTIC: [8] Undefined offset: 0 /var/www/xueche/Application/Manage/Controller/IndexController.class.php 第 86 行.
NOTIC: [8] Undefined index: state /var/www/xueche/Application/Manage/Controller/IndexController.class.php 第 81 行.
NOTIC: [8] Undefined offset: 1 /var/www/xueche/Application/Manage/Controller/IndexController.class.php 第 83 行.
NOTIC: [8] Undefined offset: 1 /var/www/xueche/Application/Manage/Controller/IndexController.class.php 第 83 行.
NOTIC: [8] Undefined offset: 1 /var/www/xueche/Application/Manage/Controller/IndexController.class.php 第 84 行.
NOTIC: [8] Undefined offset: 1 /var/www/xueche/Application/Manage/Controller/IndexController.class.php 第 84 行.
NOTIC: [8] Undefined offset: 1 /var/www/xueche/Application/Manage/Controller/IndexController.class.php 第 86 行.
NOTIC: [8] Undefined offset: 1 /var/www/xueche/Application/Manage/Controller/IndexController.class.php 第 86 行.
NOTIC: [8] Undefined index: state /var/www/xueche/Application/Manage/Controller/IndexController.class.php 第 81 行.
NOTIC: [8] Undefined offset: 2 /var/www/xueche/Application/Manage/Controller/IndexController.class.php 第 83 行.
NOTIC: [8] Undefined offset: 2 /var/www/xueche/Application/Manage/Controller/IndexController.class.php 第 83 行.
NOTIC: [8] Undefined offset: 2 /var/www/xueche/Application/Manage/Controller/IndexController.class.php 第 84 行.
NOTIC: [8] Undefined offset: 2 /var/www/xueche/Application/Manage/Controller/IndexController.class.php 第 84 行.
NOTIC: [8] Undefined offset: 2 /var/www/xueche/Application/Manage/Controller/IndexController.class.php 第 86 行.
NOTIC: [8] Undefined offset: 2 /var/www/xueche/Application/Manage/Controller/IndexController.class.php 第 86 行.
NOTIC: [8] Undefined index: state /var/www/xueche/Application/Manage/Controller/IndexController.class.php 第 81 行.
NOTIC: [8] Undefined offset: 3 /var/www/xueche/Application/Manage/Controller/IndexController.class.php 第 83 行.
NOTIC: [8] Undefined offset: 3 /var/www/xueche/Application/Manage/Controller/IndexController.class.php 第 83 行.
NOTIC: [8] Undefined offset: 3 /var/www/xueche/Application/Manage/Controller/IndexController.class.php 第 84 行.
NOTIC: [8] Undefined offset: 3 /var/www/xueche/Application/Manage/Controller/IndexController.class.php 第 84 行.
NOTIC: [8] Undefined offset: 3 /var/www/xueche/Application/Manage/Controller/IndexController.class.php 第 86 行.
NOTIC: [8] Undefined offset: 3 /var/www/xueche/Application/Manage/Controller/IndexController.class.php 第 86 行.
NOTIC: [8] Undefined offset: 4 /var/www/xueche/Application/Manage/Controller/IndexController.class.php 第 81 行.
NOTIC: [8] Undefined offset: 4 /var/www/xueche/Application/Manage/Controller/IndexController.class.php 第 81 行.
NOTIC: [8] Undefined offset: 4 /var/www/xueche/Application/Manage/Controller/IndexController.class.php 第 82 行.
NOTIC: [8] Undefined offset: 4 /var/www/xueche/Application/Manage/Controller/IndexController.class.php 第 83 行.
NOTIC: [8] Undefined offset: 4 /var/www/xueche/Application/Manage/Controller/IndexController.class.php 第 83 行.
NOTIC: [8] Undefined offset: 4 /var/www/xueche/Application/Manage/Controller/IndexController.class.php 第 84 行.
NOTIC: [8] Undefined offset: 4 /var/www/xueche/Application/Manage/Controller/IndexController.class.php 第 84 行.
NOTIC: [8] Undefined offset: 4 /var/www/xueche/Application/Manage/Controller/IndexController.class.php 第 85 行.
NOTIC: [8] Undefined offset: 4 /var/www/xueche/Application/Manage/Controller/IndexController.class.php 第 85 行.
NOTIC: [8] Undefined offset: 4 /var/www/xueche/Application/Manage/Controller/IndexController.class.php 第 86 行.
NOTIC: [8] Undefined offset: 4 /var/www/xueche/Application/Manage/Controller/IndexController.class.php 第 86 行.
SQL: SELECT count(id) as id FROM `xueche1_list` WHERE ( listtime like '%2016-11-27%' ) LIMIT 1   [ RunTime:0.0003s ]
SQL: SELECT count(id) as id FROM `xueche1_list` WHERE ( listtime like '%2016-11-26%' ) LIMIT 1   [ RunTime:0.0003s ]
SQL: SELECT count(id) as id FROM `xueche1_list` WHERE ( listtime like '%2016-11%' ) LIMIT 1   [ RunTime:0.0002s ]
SQL: SELECT count(id) as id FROM `xueche1_list` WHERE ( listtime like '%2016-10%' ) LIMIT 1   [ RunTime:0.0002s ]
INFO: [ view_parse ] --START--
INFO: [ template_filter ] --START--
INFO: Run Behavior\ContentReplaceBehavior [ RunTime:0.000059s ]
INFO: [ template_filter ] --END-- [ RunTime:0.000093s ]
NOTIC: [8] Undefined offset: 1 /var/www/xueche/Application/Runtime/Cache/Manage/1e288adad12e0bfd37a0b3a2cdaf852e.php 第 55 行.
NOTIC: [8] Undefined offset: 1 /var/www/xueche/Application/Runtime/Cache/Manage/1e288adad12e0bfd37a0b3a2cdaf852e.php 第 56 行.
NOTIC: [8] Undefined offset: 2 /var/www/xueche/Application/Runtime/Cache/Manage/1e288adad12e0bfd37a0b3a2cdaf852e.php 第 57 行.
NOTIC: [8] Undefined offset: 3 /var/www/xueche/Application/Runtime/Cache/Manage/1e288adad12e0bfd37a0b3a2cdaf852e.php 第 58 行.
NOTIC: [8] Undefined offset: 0 /var/www/xueche/Application/Runtime/Cache/Manage/1e288adad12e0bfd37a0b3a2cdaf852e.php 第 64 行.
NOTIC: [8] Undefined offset: 1 /var/www/xueche/Application/Runtime/Cache/Manage/1e288adad12e0bfd37a0b3a2cdaf852e.php 第 65 行.
NOTIC: [8] Undefined offset: 1 /var/www/xueche/Application/Runtime/Cache/Manage/1e288adad12e0bfd37a0b3a2cdaf852e.php 第 66 行.
NOTIC: [8] Undefined offset: 2 /var/www/xueche/Application/Runtime/Cache/Manage/1e288adad12e0bfd37a0b3a2cdaf852e.php 第 67 行.
NOTIC: [8] Undefined offset: 3 /var/www/xueche/Application/Runtime/Cache/Manage/1e288adad12e0bfd37a0b3a2cdaf852e.php 第 68 行.
NOTIC: [8] Undefined offset: 3 /var/www/xueche/Application/Runtime/Cache/Manage/1e288adad12e0bfd37a0b3a2cdaf852e.php 第 78 行.
NOTIC: [8] Undefined offset: 0 /var/www/xueche/Application/Runtime/Cache/Manage/1e288adad12e0bfd37a0b3a2cdaf852e.php 第 84 行.
NOTIC: [8] Undefined offset: 1 /var/www/xueche/Application/Runtime/Cache/Manage/1e288adad12e0bfd37a0b3a2cdaf852e.php 第 85 行.
NOTIC: [8] Undefined offset: 1 /var/www/xueche/Application/Runtime/Cache/Manage/1e288adad12e0bfd37a0b3a2cdaf852e.php 第 86 行.
NOTIC: [8] Undefined offset: 2 /var/www/xueche/Application/Runtime/Cache/Manage/1e288adad12e0bfd37a0b3a2cdaf852e.php 第 87 行.
NOTIC: [8] Undefined offset: 3 /var/www/xueche/Application/Runtime/Cache/Manage/1e288adad12e0bfd37a0b3a2cdaf852e.php 第 88 行.
NOTIC: [8] Undefined variable: ww /var/www/xueche/Application/Runtime/Cache/Manage/1e288adad12e0bfd37a0b3a2cdaf852e.php 第 102 行.
NOTIC: [8] Undefined variable: php /var/www/xueche/Application/Runtime/Cache/Manage/1e288adad12e0bfd37a0b3a2cdaf852e.php 第 106 行.
NOTIC: [8] Undefined variable: ver /var/www/xueche/Application/Runtime/Cache/Manage/1e288adad12e0bfd37a0b3a2cdaf852e.php 第 130 行.
NOTIC: [8] Undefined variable: s /var/www/xueche/Application/Runtime/Cache/Manage/1e288adad12e0bfd37a0b3a2cdaf852e.php 第 134 行.
NOTIC: [8] Undefined variable: tp /var/www/xueche/Application/Runtime/Cache/Manage/1e288adad12e0bfd37a0b3a2cdaf852e.php 第 138 行.
NOTIC: [8] Undefined variable: sql /var/www/xueche/Application/Runtime/Cache/Manage/1e288adad12e0bfd37a0b3a2cdaf852e.php 第 142 行.
NOTIC: [8] Undefined variable: file /var/www/xueche/Application/Runtime/Cache/Manage/1e288adad12e0bfd37a0b3a2cdaf852e.php 第 150 行.
INFO: Run Behavior\ParseTemplateBehavior [ RunTime:0.006288s ]
INFO: [ view_parse ] --END-- [ RunTime:0.006318s ]
INFO: [ view_filter ] --START--
INFO: Run Behavior\WriteHtmlCacheBehavior [ RunTime:0.000125s ]
INFO: [ view_filter ] --END-- [ RunTime:0.000153s ]
INFO: [ app_end ] --START--
INFO: Run Behavior\ShowPageTraceBehavior [ RunTime:0.000403s ]
INFO: [ app_end ] --END-- [ RunTime:0.000434s ]

[ 2016-11-27T18:28:35+08:00 ] 59.63.248.87 /Manage/Index/skin/default/skin.css
INFO: [ app_init ] --START--
INFO: Run Behavior\BuildLiteBehavior [ RunTime:0.000011s ]
INFO: [ app_init ] --END-- [ RunTime:0.000287s ]
INFO: [ app_begin ] --START--
INFO: Run Behavior\ReadHtmlCacheBehavior [ RunTime:0.000570s ]
INFO: [ app_begin ] --END-- [ RunTime:0.000646s ]
ERR: 非法操作:skin

[ 2016-11-27T18:28:45+08:00 ] 59.63.248.87 /Manage/User/userLog.html
INFO: [ app_init ] --START--
INFO: Run Behavior\BuildLiteBehavior [ RunTime:0.000011s ]
INFO: [ app_init ] --END-- [ RunTime:0.000289s ]
INFO: [ app_begin ] --START--
INFO: Run Behavior\ReadHtmlCacheBehavior [ RunTime:0.000396s ]
INFO: [ app_begin ] --END-- [ RunTime:0.000434s ]
SQL: SHOW COLUMNS FROM `xueche1_userlog` [ RunTime:0.0011s ]
SQL: SELECT COUNT(*) AS tp_count FROM `xueche1_userlog` LIMIT 1   [ RunTime:0.0002s ]
SQL: SELECT `id`,`userid`,`ip`,`dotime`,`url`,`phone` FROM `xueche1_userlog` ORDER BY id desc LIMIT 0,18   [ RunTime:0.0003s ]
SQL: SHOW COLUMNS FROM `xueche1_user` [ RunTime:0.0009s ]
SQL: SELECT `nickname` FROM `xueche1_user` WHERE ( userid='B0064622-3368-70CC-B202-DBAD72548649' ) LIMIT 1   [ RunTime:0.0004s ]
SQL: SELECT `nickname` FROM `xueche1_user` WHERE ( userid='B0064622-3368-70CC-B202-DBAD72548649' ) LIMIT 1   [ RunTime:0.0002s ]
SQL: SELECT `nickname` FROM `xueche1_user` WHERE ( userid='B0064622-3368-70CC-B202-DBAD72548649' ) LIMIT 1   [ RunTime:0.0002s ]
SQL: SELECT `nickname` FROM `xueche1_user` WHERE ( userid='B0064622-3368-70CC-B202-DBAD72548649' ) LIMIT 1   [ RunTime:0.0002s ]
SQL: SELECT `nickname` FROM `xueche1_user` WHERE ( userid='B0064622-3368-70CC-B202-DBAD72548649' ) LIMIT 1   [ RunTime:0.0002s ]
SQL: SELECT `nickname` FROM `xueche1_user` WHERE ( userid='' ) LIMIT 1   [ RunTime:0.0002s ]
SQL: SELECT `nickname` FROM `xueche1_user` WHERE ( userid='B0064622-3368-70CC-B202-DBAD72548649' ) LIMIT 1   [ RunTime:0.0002s ]
SQL: SELECT `nickname` FROM `xueche1_user` WHERE ( userid='B0064622-3368-70CC-B202-DBAD72548649' ) LIMIT 1   [ RunTime:0.0002s ]
SQL: SELECT `nickname` FROM `xueche1_user` WHERE ( userid='B0064622-3368-70CC-B202-DBAD72548649' ) LIMIT 1   [ RunTime:0.0002s ]
SQL: SELECT `nickname` FROM `xueche1_user` WHERE ( userid='B0064622-3368-70CC-B202-DBAD72548649' ) LIMIT 1   [ RunTime:0.0003s ]
SQL: SELECT `nickname` FROM `xueche1_user` WHERE ( userid='B0064622-3368-70CC-B202-DBAD72548649' ) LIMIT 1   [ RunTime:0.0002s ]
SQL: SELECT `nickname` FROM `xueche1_user` WHERE ( userid='B0064622-3368-70CC-B202-DBAD72548649' ) LIMIT 1   [ RunTime:0.0002s ]
SQL: SELECT `nickname` FROM `xueche1_user` WHERE ( userid='B0064622-3368-70CC-B202-DBAD72548649' ) LIMIT 1   [ RunTime:0.0002s ]
SQL: SELECT `nickname` FROM `xueche1_user` WHERE ( userid='B0064622-3368-70CC-B202-DBAD72548649' ) LIMIT 1   [ RunTime:0.0002s ]
SQL: SELECT `nickname` FROM `xueche1_user` WHERE ( userid='B0064622-3368-70CC-B202-DBAD72548649' ) LIMIT 1   [ RunTime:0.0002s ]
SQL: SELECT `nickname` FROM `xueche1_user` WHERE ( userid='B0064622-3368-70CC-B202-DBAD72548649' ) LIMIT 1   [ RunTime:0.0002s ]
SQL: SELECT `nickname` FROM `xueche1_user` WHERE ( userid='B0064622-3368-70CC-B202-DBAD72548649' ) LIMIT 1   [ RunTime:0.0002s ]
SQL: SELECT `nickname` FROM `xueche1_user` WHERE ( userid='B0064622-3368-70CC-B202-DBAD72548649' ) LIMIT 1   [ RunTime:0.0002s ]
INFO: [ view_parse ] --START--
INFO: [ template_filter ] --START--
INFO: Run Behavior\ContentReplaceBehavior [ RunTime:0.000077s ]
INFO: [ template_filter ] --END-- [ RunTime:0.000125s ]
INFO: Run Behavior\ParseTemplateBehavior [ RunTime:0.006277s ]
INFO: [ view_parse ] --END-- [ RunTime:0.006314s ]
INFO: [ view_filter ] --START--
INFO: Run Behavior\WriteHtmlCacheBehavior [ RunTime:0.000238s ]
INFO: [ view_filter ] --END-- [ RunTime:0.000273s ]
INFO: [ app_end ] --START--
INFO: Run Behavior\ShowPageTraceBehavior [ RunTime:0.000540s ]
INFO: [ app_end ] --END-- [ RunTime:0.000584s ]

[ 2016-11-27T18:29:01+08:00 ] 27.47.120.223 /Manage/Index/verify.html
INFO: [ app_init ] --START--
INFO: Run Behavior\BuildLiteBehavior [ RunTime:0.000012s ]
INFO: [ app_init ] --END-- [ RunTime:0.000314s ]
INFO: [ app_begin ] --START--
INFO: Run Behavior\ReadHtmlCacheBehavior [ RunTime:0.000395s ]
INFO: [ app_begin ] --END-- [ RunTime:0.000433s ]
INFO: [ app_end ] --START--
INFO: Run Behavior\ShowPageTraceBehavior [ RunTime:0.000424s ]
INFO: [ app_end ] --END-- [ RunTime:0.000491s ]

[ 2016-11-27T18:32:13+08:00 ] 59.63.248.87 /Manage/User/userLog.html?p=2
INFO: [ app_init ] --START--
INFO: Run Behavior\BuildLiteBehavior [ RunTime:0.000039s ]
INFO: [ app_init ] --END-- [ RunTime:0.000383s ]
INFO: [ app_begin ] --START--
INFO: Run Behavior\ReadHtmlCacheBehavior [ RunTime:0.000375s ]
INFO: [ app_begin ] --END-- [ RunTime:0.000412s ]
SQL: SHOW COLUMNS FROM `xueche1_userlog` [ RunTime:0.0010s ]
SQL: SELECT COUNT(*) AS tp_count FROM `xueche1_userlog` LIMIT 1   [ RunTime:0.0002s ]
SQL: SELECT `id`,`userid`,`ip`,`dotime`,`url`,`phone` FROM `xueche1_userlog` ORDER BY id desc LIMIT 18,18   [ RunTime:0.0004s ]
SQL: SHOW COLUMNS FROM `xueche1_user` [ RunTime:0.0010s ]
SQL: SELECT `nickname` FROM `xueche1_user` WHERE ( userid='B0064622-3368-70CC-B202-DBAD72548649' ) LIMIT 1   [ RunTime:0.0003s ]
SQL: SELECT `nickname` FROM `xueche1_user` WHERE ( userid='B0064622-3368-70CC-B202-DBAD72548649' ) LIMIT 1   [ RunTime:0.0002s ]
SQL: SELECT `nickname` FROM `xueche1_user` WHERE ( userid='B0064622-3368-70CC-B202-DBAD72548649' ) LIMIT 1   [ RunTime:0.0002s ]
SQL: SELECT `nickname` FROM `xueche1_user` WHERE ( userid='B0064622-3368-70CC-B202-DBAD72548649' ) LIMIT 1   [ RunTime:0.0002s ]
SQL: SELECT `nickname` FROM `xueche1_user` WHERE ( userid='B0064622-3368-70CC-B202-DBAD72548649' ) LIMIT 1   [ RunTime:0.0002s ]
SQL: SELECT `nickname` FROM `xueche1_user` WHERE ( userid='B0064622-3368-70CC-B202-DBAD72548649' ) LIMIT 1   [ RunTime:0.0002s ]
SQL: SELECT `nickname` FROM `xueche1_user` WHERE ( userid='B0064622-3368-70CC-B202-DBAD72548649' ) LIMIT 1   [ RunTime:0.0002s ]
SQL: SELECT `nickname` FROM `xueche1_user` WHERE ( userid='B0064622-3368-70CC-B202-DBAD72548649' ) LIMIT 1   [ RunTime:0.0002s ]
SQL: SELECT `nickname` FROM `xueche1_user` WHERE ( userid='B0064622-3368-70CC-B202-DBAD72548649' ) LIMIT 1   [ RunTime:0.0002s ]
SQL: SELECT `nickname` FROM `xueche1_user` WHERE ( userid='B0064622-3368-70CC-B202-DBAD72548649' ) LIMIT 1   [ RunTime:0.0002s ]
SQL: SELECT `nickname` FROM `xueche1_user` WHERE ( userid='B0064622-3368-70CC-B202-DBAD72548649' ) LIMIT 1   [ RunTime:0.0002s ]
SQL: SELECT `nickname` FROM `xueche1_user` WHERE ( userid='B0064622-3368-70CC-B202-DBAD72548649' ) LIMIT 1   [ RunTime:0.0003s ]
SQL: SELECT `nickname` FROM `xueche1_user` WHERE ( userid='B0064622-3368-70CC-B202-DBAD72548649' ) LIMIT 1   [ RunTime:0.0002s ]
SQL: SELECT `nickname` FROM `xueche1_user` WHERE ( userid='B0064622-3368-70CC-B202-DBAD72548649' ) LIMIT 1   [ RunTime:0.0002s ]
SQL: SELECT `nickname` FROM `xueche1_user` WHERE ( userid='B0064622-3368-70CC-B202-DBAD72548649' ) LIMIT 1   [ RunTime:0.0002s ]
SQL: SELECT `nickname` FROM `xueche1_user` WHERE ( userid='B0064622-3368-70CC-B202-DBAD72548649' ) LIMIT 1   [ RunTime:0.0002s ]
SQL: SELECT `nickname` FROM `xueche1_user` WHERE ( userid='B0064622-3368-70CC-B202-DBAD72548649' ) LIMIT 1   [ RunTime:0.0002s ]
SQL: SELECT `nickname` FROM `xueche1_user` WHERE ( userid='B0064622-3368-70CC-B202-DBAD72548649' ) LIMIT 1   [ RunTime:0.0002s ]
INFO: [ view_parse ] --START--
INFO: [ template_filter ] --START--
INFO: Run Behavior\ContentReplaceBehavior [ RunTime:0.000051s ]
INFO: [ template_filter ] --END-- [ RunTime:0.000087s ]
INFO: Run Behavior\ParseTemplateBehavior [ RunTime:0.005974s ]
INFO: [ view_parse ] --END-- [ RunTime:0.006010s ]
INFO: [ view_filter ] --START--
INFO: Run Behavior\WriteHtmlCacheBehavior [ RunTime:0.000127s ]
INFO: [ view_filter ] --END-- [ RunTime:0.000155s ]
INFO: [ app_end ] --START--
INFO: Run Behavior\ShowPageTraceBehavior [ RunTime:0.000447s ]
INFO: [ app_end ] --END-- [ RunTime:0.000484s ]

[ 2016-11-27T18:32:21+08:00 ] 59.63.248.87 /Manage/User/userLog.html?p=3
INFO: [ app_init ] --START--
INFO: Run Behavior\BuildLiteBehavior [ RunTime:0.000012s ]
INFO: [ app_init ] --END-- [ RunTime:0.000318s ]
INFO: [ app_begin ] --START--
INFO: Run Behavior\ReadHtmlCacheBehavior [ RunTime:0.000395s ]
INFO: [ app_begin ] --END-- [ RunTime:0.000432s ]
SQL: SHOW COLUMNS FROM `xueche1_userlog` [ RunTime:0.0010s ]
SQL: SELECT COUNT(*) AS tp_count FROM `xueche1_userlog` LIMIT 1   [ RunTime:0.0002s ]
SQL: SELECT `id`,`userid`,`ip`,`dotime`,`url`,`phone` FROM `xueche1_userlog` ORDER BY id desc LIMIT 36,18   [ RunTime:0.0004s ]
SQL: SHOW COLUMNS FROM `xueche1_user` [ RunTime:0.0008s ]
SQL: SELECT `nickname` FROM `xueche1_user` WHERE ( userid='B0064622-3368-70CC-B202-DBAD72548649' ) LIMIT 1   [ RunTime:0.0003s ]
SQL: SELECT `nickname` FROM `xueche1_user` WHERE ( userid='B0064622-3368-70CC-B202-DBAD72548649' ) LIMIT 1   [ RunTime:0.0002s ]
SQL: SELECT `nickname` FROM `xueche1_user` WHERE ( userid='B0064622-3368-70CC-B202-DBAD72548649' ) LIMIT 1   [ RunTime:0.0003s ]
SQL: SELECT `nickname` FROM `xueche1_user` WHERE ( userid='B0064622-3368-70CC-B202-DBAD72548649' ) LIMIT 1   [ RunTime:0.0002s ]
SQL: SELECT `nickname` FROM `xueche1_user` WHERE ( userid='B0064622-3368-70CC-B202-DBAD72548649' ) LIMIT 1   [ RunTime:0.0002s ]
SQL: SELECT `nickname` FROM `xueche1_user` WHERE ( userid='B0064622-3368-70CC-B202-DBAD72548649' ) LIMIT 1   [ RunTime:0.0002s ]
SQL: SELECT `nickname` FROM `xueche1_user` WHERE ( userid='' ) LIMIT 1   [ RunTime:0.0002s ]
SQL: SELECT `nickname` FROM `xueche1_user` WHERE ( userid='B0064622-3368-70CC-B202-DBAD72548649' ) LIMIT 1   [ RunTime:0.0002s ]
SQL: SELECT `nickname` FROM `xueche1_user` WHERE ( userid='B0064622-3368-70CC-B202-DBAD72548649' ) LIMIT 1   [ RunTime:0.0003s ]
SQL: SELECT `nickname` FROM `xueche1_user` WHERE ( userid='B0064622-3368-70CC-B202-DBAD72548649' ) LIMIT 1   [ RunTime:0.0002s ]
SQL: SELECT `nickname` FROM `xueche1_user` WHERE ( userid='B0064622-3368-70CC-B202-DBAD72548649' ) LIMIT 1   [ RunTime:0.0002s ]
SQL: SELECT `nickname` FROM `xueche1_user` WHERE ( userid='B0064622-3368-70CC-B202-DBAD72548649' ) LIMIT 1   [ RunTime:0.0002s ]
SQL: SELECT `nickname` FROM `xueche1_user` WHERE ( userid='B0064622-3368-70CC-B202-DBAD72548649' ) LIMIT 1   [ RunTime:0.0002s ]
SQL: SELECT `nickname` FROM `xueche1_user` WHERE ( userid='B0064622-3368-70CC-B202-DBAD72548649' ) LIMIT 1   [ RunTime:0.0002s ]
SQL: SELECT `nickname` FROM `xueche1_user` WHERE ( userid='B0064622-3368-70CC-B202-DBAD72548649' ) LIMIT 1   [ RunTime:0.0002s ]
SQL: SELECT `nickname` FROM `xueche1_user` WHERE ( userid='B0064622-3368-70CC-B202-DBAD72548649' ) LIMIT 1   [ RunTime:0.0002s ]
SQL: SELECT `nickname` FROM `xueche1_user` WHERE ( userid='B0064622-3368-70CC-B202-DBAD72548649' ) LIMIT 1   [ RunTime:0.0002s ]
SQL: SELECT `nickname` FROM `xueche1_user` WHERE ( userid='B0064622-3368-70CC-B202-DBAD72548649' ) LIMIT 1   [ RunTime:0.0002s ]
INFO: [ view_parse ] --START--
INFO: [ template_filter ] --START--
INFO: Run Behavior\ContentReplaceBehavior [ RunTime:0.000056s ]
INFO: [ template_filter ] --END-- [ RunTime:0.000092s ]
INFO: Run Behavior\ParseTemplateBehavior [ RunTime:0.005860s ]
INFO: [ view_parse ] --END-- [ RunTime:0.005921s ]
INFO: [ view_filter ] --START--
INFO: Run Behavior\WriteHtmlCacheBehavior [ RunTime:0.000152s ]
INFO: [ view_filter ] --END-- [ RunTime:0.000181s ]
INFO: [ app_end ] --START--
INFO: Run Behavior\ShowPageTraceBehavior [ RunTime:0.000453s ]
INFO: [ app_end ] --END-- [ RunTime:0.000494s ]

[ 2016-11-27T18:32:52+08:00 ] 123.207.162.188 /Manage/User/userLog.html?p=2
INFO: [ app_init ] --START--
INFO: Run Behavior\BuildLiteBehavior [ RunTime:0.000012s ]
INFO: [ app_init ] --END-- [ RunTime:0.000287s ]
INFO: [ app_begin ] --START--
INFO: Run Behavior\ReadHtmlCacheBehavior [ RunTime:0.000365s ]
INFO: [ app_begin ] --END-- [ RunTime:0.000401s ]

[ 2016-11-27T18:32:53+08:00 ] 123.207.162.188 /Manage/index/login.html
INFO: [ app_init ] --START--
INFO: Run Behavior\BuildLiteBehavior [ RunTime:0.000012s ]
INFO: [ app_init ] --END-- [ RunTime:0.000290s ]
INFO: [ app_begin ] --START--
INFO: Run Behavior\ReadHtmlCacheBehavior [ RunTime:0.000363s ]
INFO: [ app_begin ] --END-- [ RunTime:0.000401s ]
INFO: [ view_parse ] --START--
INFO: [ template_filter ] --START--
INFO: Run Behavior\ContentReplaceBehavior [ RunTime:0.000044s ]
INFO: [ template_filter ] --END-- [ RunTime:0.000080s ]
INFO: Run Behavior\ParseTemplateBehavior [ RunTime:0.004508s ]
INFO: [ view_parse ] --END-- [ RunTime:0.004544s ]
INFO: [ view_filter ] --START--
INFO: Run Behavior\WriteHtmlCacheBehavior [ RunTime:0.000122s ]
INFO: [ view_filter ] --END-- [ RunTime:0.000151s ]
INFO: [ app_end ] --START--
INFO: Run Behavior\ShowPageTraceBehavior [ RunTime:0.000393s ]
INFO: [ app_end ] --END-- [ RunTime:0.000423s ]

[ 2016-11-27T18:32:58+08:00 ] 59.63.248.87 /Manage/User/userLog.html?p=4
INFO: [ app_init ] --START--
INFO: Run Behavior\BuildLiteBehavior [ RunTime:0.000011s ]
INFO: [ app_init ] --END-- [ RunTime:0.000289s ]
INFO: [ app_begin ] --START--
INFO: Run Behavior\ReadHtmlCacheBehavior [ RunTime:0.000367s ]
INFO: [ app_begin ] --END-- [ RunTime:0.000403s ]
SQL: SHOW COLUMNS FROM `xueche1_userlog` [ RunTime:0.0011s ]
SQL: SELECT COUNT(*) AS tp_count FROM `xueche1_userlog` LIMIT 1   [ RunTime:0.0002s ]
SQL: SELECT `id`,`userid`,`ip`,`dotime`,`url`,`phone` FROM `xueche1_userlog` ORDER BY id desc LIMIT 54,18   [ RunTime:0.0004s ]
SQL: SHOW COLUMNS FROM `xueche1_user` [ RunTime:0.0008s ]
SQL: SELECT `nickname` FROM `xueche1_user` WHERE ( userid='B0064622-3368-70CC-B202-DBAD72548649' ) LIMIT 1   [ RunTime:0.0003s ]
SQL: SELECT `nickname` FROM `xueche1_user` WHERE ( userid='B0064622-3368-70CC-B202-DBAD72548649' ) LIMIT 1   [ RunTime:0.0002s ]
SQL: SELECT `nickname` FROM `xueche1_user` WHERE ( userid='B0064622-3368-70CC-B202-DBAD72548649' ) LIMIT 1   [ RunTime:0.0002s ]
SQL: SELECT `nickname` FROM `xueche1_user` WHERE ( userid='B0064622-3368-70CC-B202-DBAD72548649' ) LIMIT 1   [ RunTime:0.0002s ]
SQL: SELECT `nickname` FROM `xueche1_user` WHERE ( userid='B0064622-3368-70CC-B202-DBAD72548649' ) LIMIT 1   [ RunTime:0.0002s ]
SQL: SELECT `nickname` FROM `xueche1_user` WHERE ( userid='B0064622-3368-70CC-B202-DBAD72548649' ) LIMIT 1   [ RunTime:0.0002s ]
SQL: SELECT `nickname` FROM `xueche1_user` WHERE ( userid='B0064622-3368-70CC-B202-DBAD72548649' ) LIMIT 1   [ RunTime:0.0002s ]
SQL: SELECT `nickname` FROM `xueche1_user` WHERE ( userid='B0064622-3368-70CC-B202-DBAD72548649' ) LIMIT 1   [ RunTime:0.0002s ]
SQL: SELECT `nickname` FROM `xueche1_user` WHERE ( userid='B0064622-3368-70CC-B202-DBAD72548649' ) LIMIT 1   [ RunTime:0.0002s ]
SQL: SELECT `nickname` FROM `xueche1_user` WHERE ( userid='B0064622-3368-70CC-B202-DBAD72548649' ) LIMIT 1   [ RunTime:0.0002s ]
SQL: SELECT `nickname` FROM `xueche1_user` WHERE ( userid='B0064622-3368-70CC-B202-DBAD72548649' ) LIMIT 1   [ RunTime:0.0002s ]
SQL: SELECT `nickname` FROM `xueche1_user` WHERE ( userid='B0064622-3368-70CC-B202-DBAD72548649' ) LIMIT 1   [ RunTime:0.0002s ]
SQL: SELECT `nickname` FROM `xueche1_user` WHERE ( userid='B0064622-3368-70CC-B202-DBAD72548649' ) LIMIT 1   [ RunTime:0.0002s ]
SQL: SELECT `nickname` FROM `xueche1_user` WHERE ( userid='B0064622-3368-70CC-B202-DBAD72548649' ) LIMIT 1   [ RunTime:0.0002s ]
SQL: SELECT `nickname` FROM `xueche1_user` WHERE ( userid='B0064622-3368-70CC-B202-DBAD72548649' ) LIMIT 1   [ RunTime:0.0002s ]
SQL: SELECT `nickname` FROM `xueche1_user` WHERE ( userid='' ) LIMIT 1   [ RunTime:0.0002s ]
SQL: SELECT `nickname` FROM `xueche1_user` WHERE ( userid='' ) LIMIT 1   [ RunTime:0.0002s ]
SQL: SELECT `nickname` FROM `xueche1_user` WHERE ( userid='' ) LIMIT 1   [ RunTime:0.0002s ]
INFO: [ view_parse ] --START--
INFO: [ template_filter ] --START--
INFO: Run Behavior\ContentReplaceBehavior [ RunTime:0.000055s ]
INFO: [ template_filter ] --END-- [ RunTime:0.000093s ]
INFO: Run Behavior\ParseTemplateBehavior [ RunTime:0.005959s ]
INFO: [ view_parse ] --END-- [ RunTime:0.005995s ]
INFO: [ view_filter ] --START--
INFO: Run Behavior\WriteHtmlCacheBehavior [ RunTime:0.000129s ]
INFO: [ view_filter ] --END-- [ RunTime:0.000159s ]
INFO: [ app_end ] --START--
INFO: Run Behavior\ShowPageTraceBehavior [ RunTime:0.000453s ]
INFO: [ app_end ] --END-- [ RunTime:0.000513s ]

[ 2016-11-27T18:33:04+08:00 ] 59.63.248.87 /Manage/User/userLog.html?p=5
INFO: [ app_init ] --START--
INFO: Run Behavior\BuildLiteBehavior [ RunTime:0.000011s ]
INFO: [ app_init ] --END-- [ RunTime:0.000290s ]
INFO: [ app_begin ] --START--
INFO: Run Behavior\ReadHtmlCacheBehavior [ RunTime:0.000365s ]
INFO: [ app_begin ] --END-- [ RunTime:0.000401s ]
SQL: SHOW COLUMNS FROM `xueche1_userlog` [ RunTime:0.0009s ]
SQL: SELECT COUNT(*) AS tp_count FROM `xueche1_userlog` LIMIT 1   [ RunTime:0.0002s ]
SQL: SELECT `id`,`userid`,`ip`,`dotime`,`url`,`phone` FROM `xueche1_userlog` ORDER BY id desc LIMIT 72,18   [ RunTime:0.0004s ]
SQL: SHOW COLUMNS FROM `xueche1_user` [ RunTime:0.0008s ]
SQL: SELECT `nickname` FROM `xueche1_user` WHERE ( userid='' ) LIMIT 1   [ RunTime:0.0003s ]
SQL: SELECT `nickname` FROM `xueche1_user` WHERE ( userid='8AFC85C2-FDB4-BFB7-2440-1E3ED03137F7' ) LIMIT 1   [ RunTime:0.0002s ]
SQL: SELECT `nickname` FROM `xueche1_user` WHERE ( userid='' ) LIMIT 1   [ RunTime:0.0002s ]
SQL: SELECT `nickname` FROM `xueche1_user` WHERE ( userid='' ) LIMIT 1   [ RunTime:0.0002s ]
SQL: SELECT `nickname` FROM `xueche1_user` WHERE ( userid='' ) LIMIT 1   [ RunTime:0.0002s ]
SQL: SELECT `nickname` FROM `xueche1_user` WHERE ( userid='' ) LIMIT 1   [ RunTime:0.0002s ]
SQL: SELECT `nickname` FROM `xueche1_user` WHERE ( userid='' ) LIMIT 1   [ RunTime:0.0002s ]
SQL: SELECT `nickname` FROM `xueche1_user` WHERE ( userid='8AFC85C2-FDB4-BFB7-2440-1E3ED03137F7' ) LIMIT 1   [ RunTime:0.0002s ]
SQL: SELECT `nickname` FROM `xueche1_user` WHERE ( userid='8AFC85C2-FDB4-BFB7-2440-1E3ED03137F7' ) LIMIT 1   [ RunTime:0.0002s ]
SQL: SELECT `nickname` FROM `xueche1_user` WHERE ( userid='' ) LIMIT 1   [ RunTime:0.0002s ]
SQL: SELECT `nickname` FROM `xueche1_user` WHERE ( userid='' ) LIMIT 1   [ RunTime:0.0005s ]
SQL: SELECT `nickname` FROM `xueche1_user` WHERE ( userid='' ) LIMIT 1   [ RunTime:0.0003s ]
SQL: SELECT `nickname` FROM `xueche1_user` WHERE ( userid='8CF687BE-A1AF-5F50-5C3F-C051BB0218A7' ) LIMIT 1   [ RunTime:0.0002s ]
SQL: SELECT `nickname` FROM `xueche1_user` WHERE ( userid='' ) LIMIT 1   [ RunTime:0.0002s ]
SQL: SELECT `nickname` FROM `xueche1_user` WHERE ( userid='' ) LIMIT 1   [ RunTime:0.0002s ]
SQL: SELECT `nickname` FROM `xueche1_user` WHERE ( userid='8CF687BE-A1AF-5F50-5C3F-C051BB0218A7' ) LIMIT 1   [ RunTime:0.0002s ]
SQL: SELECT `nickname` FROM `xueche1_user` WHERE ( userid='8CF687BE-A1AF-5F50-5C3F-C051BB0218A7' ) LIMIT 1   [ RunTime:0.0002s ]
SQL: SELECT `nickname` FROM `xueche1_user` WHERE ( userid='' ) LIMIT 1   [ RunTime:0.0002s ]
INFO: [ view_parse ] --START--
INFO: [ template_filter ] --START--
INFO: Run Behavior\ContentReplaceBehavior [ RunTime:0.000056s ]
INFO: [ template_filter ] --END-- [ RunTime:0.000092s ]
INFO: Run Behavior\ParseTemplateBehavior [ RunTime:0.006162s ]
INFO: [ view_parse ] --END-- [ RunTime:0.006200s ]
INFO: [ view_filter ] --START--
INFO: Run Behavior\WriteHtmlCacheBehavior [ RunTime:0.000129s ]
INFO: [ view_filter ] --END-- [ RunTime:0.000158s ]
INFO: [ app_end ] --START--
INFO: Run Behavior\ShowPageTraceBehavior [ RunTime:0.000478s ]
INFO: [ app_end ] --END-- [ RunTime:0.000515s ]

[ 2016-11-27T18:33:09+08:00 ] 163.204.82.69 /Manage/User/userLog.html?p=3
INFO: [ app_init ] --START--
INFO: Run Behavior\BuildLiteBehavior [ RunTime:0.000013s ]
INFO: [ app_init ] --END-- [ RunTime:0.000300s ]
INFO: [ app_begin ] --START--
INFO: Run Behavior\ReadHtmlCacheBehavior [ RunTime:0.000370s ]
INFO: [ app_begin ] --END-- [ RunTime:0.000407s ]

[ 2016-11-27T18:33:19+08:00 ] 61.151.228.22 /Manage/User/userLog.html?p=5
INFO: [ app_init ] --START--
INFO: Run Behavior\BuildLiteBehavior [ RunTime:0.000012s ]
INFO: [ app_init ] --END-- [ RunTime:0.000290s ]
INFO: [ app_begin ] --START--
INFO: Run Behavior\ReadHtmlCacheBehavior [ RunTime:0.000366s ]
INFO: [ app_begin ] --END-- [ RunTime:0.000404s ]

[ 2016-11-27T18:33:19+08:00 ] 61.151.228.22 /Manage/index/login.html
INFO: [ app_init ] --START--
INFO: Run Behavior\BuildLiteBehavior [ RunTime:0.000013s ]
INFO: [ app_init ] --END-- [ RunTime:0.000311s ]
INFO: [ app_begin ] --START--
INFO: Run Behavior\ReadHtmlCacheBehavior [ RunTime:0.000378s ]
INFO: [ app_begin ] --END-- [ RunTime:0.000415s ]
INFO: [ view_parse ] --START--
INFO: [ template_filter ] --START--
INFO: Run Behavior\ContentReplaceBehavior [ RunTime:0.000048s ]
INFO: [ template_filter ] --END-- [ RunTime:0.000084s ]
INFO: Run Behavior\ParseTemplateBehavior [ RunTime:0.004507s ]
INFO: [ view_parse ] --END-- [ RunTime:0.004565s ]
INFO: [ view_filter ] --START--
INFO: Run Behavior\WriteHtmlCacheBehavior [ RunTime:0.000122s ]
INFO: [ view_filter ] --END-- [ RunTime:0.000150s ]
INFO: [ app_end ] --START--
INFO: Run Behavior\ShowPageTraceBehavior [ RunTime:0.000422s ]
INFO: [ app_end ] --END-- [ RunTime:0.000455s ]

