[ 2016-11-02T14:32:22+08:00 ] 101.81.13.210 /Manage/Index/index.html
INFO: [ app_init ] --START--
INFO: Run Behavior\BuildLiteBehavior [ RunTime:0.000011s ]
INFO: [ app_init ] --END-- [ RunTime:0.000299s ]
INFO: [ app_begin ] --START--
INFO: Run Behavior\ReadHtmlCacheBehavior [ RunTime:0.000396s ]
INFO: [ app_begin ] --END-- [ RunTime:0.000431s ]

[ 2016-11-02T14:32:22+08:00 ] 101.81.13.210 /Manage/index/login.html
INFO: [ app_init ] --START--
INFO: Run Behavior\BuildLiteBehavior [ RunTime:0.000014s ]
INFO: [ app_init ] --END-- [ RunTime:0.000334s ]
INFO: [ app_begin ] --START--
INFO: Run Behavior\ReadHtmlCacheBehavior [ RunTime:0.000402s ]
INFO: [ app_begin ] --END-- [ RunTime:0.000444s ]
INFO: [ view_parse ] --START--
INFO: [ template_filter ] --START--
INFO: Run Behavior\ContentReplaceBehavior [ RunTime:0.000046s ]
INFO: [ template_filter ] --END-- [ RunTime:0.000079s ]
INFO: Run Behavior\ParseTemplateBehavior [ RunTime:0.004572s ]
INFO: [ view_parse ] --END-- [ RunTime:0.004605s ]
INFO: [ view_filter ] --START--
INFO: Run Behavior\WriteHtmlCacheBehavior [ RunTime:0.000120s ]
INFO: [ view_filter ] --END-- [ RunTime:0.000146s ]
INFO: [ app_end ] --START--
INFO: Run Behavior\ShowPageTraceBehavior [ RunTime:0.000402s ]
INFO: [ app_end ] --END-- [ RunTime:0.000434s ]

[ 2016-11-02T14:32:22+08:00 ] 101.81.13.210 /Manage/Index/verify.html
INFO: [ app_init ] --START--
INFO: Run Behavior\BuildLiteBehavior [ RunTime:0.000012s ]
INFO: [ app_init ] --END-- [ RunTime:0.000334s ]
INFO: [ app_begin ] --START--
INFO: Run Behavior\ReadHtmlCacheBehavior [ RunTime:0.000371s ]
INFO: [ app_begin ] --END-- [ RunTime:0.000407s ]
INFO: [ app_end ] --START--
INFO: Run Behavior\ShowPageTraceBehavior [ RunTime:0.000451s ]
INFO: [ app_end ] --END-- [ RunTime:0.000492s ]

[ 2016-11-02T14:32:28+08:00 ] 101.81.13.210 /Manage/Index/checkuser.html
INFO: [ app_init ] --START--
INFO: Run Behavior\BuildLiteBehavior [ RunTime:0.000011s ]
INFO: [ app_init ] --END-- [ RunTime:0.000292s ]
INFO: [ app_begin ] --START--
INFO: Run Behavior\ReadHtmlCacheBehavior [ RunTime:0.000393s ]
INFO: [ app_begin ] --END-- [ RunTime:0.000428s ]
SQL: SHOW COLUMNS FROM `xueche1_admin` [ RunTime:0.0010s ]
SQL: SELECT count(*),`pass`,`masgroup`,`flag`,`username`,`role` FROM `xueche1_admin` WHERE ( account='517liaonan' ) LIMIT 1   [ RunTime:0.0003s ]
SQL: SHOW COLUMNS FROM `xueche1_adminlog` [ RunTime:0.0006s ]
SQL: INSERT INTO `xueche1_adminlog` (`account`,`ntime`,`nip`,`info`) VALUES ('517liaonan','1478068348','1699810770','登录') [ RunTime:0.0010s ]
INFO: [ app_end ] --START--
INFO: Run Behavior\ShowPageTraceBehavior [ RunTime:0.000461s ]
INFO: [ app_end ] --END-- [ RunTime:0.000495s ]

[ 2016-11-02T14:32:34+08:00 ] 101.81.13.210 /Manage/Index/index.html
INFO: [ app_init ] --START--
INFO: Run Behavior\BuildLiteBehavior [ RunTime:0.000010s ]
INFO: [ app_init ] --END-- [ RunTime:0.000286s ]
INFO: [ app_begin ] --START--
INFO: Run Behavior\ReadHtmlCacheBehavior [ RunTime:0.000370s ]
INFO: [ app_begin ] --END-- [ RunTime:0.000406s ]
SQL: SHOW COLUMNS FROM `xueche1_admin` [ RunTime:0.0009s ]
SQL: SELECT `permissId` FROM `xueche1_admin` WHERE ( account='517liaonan' ) LIMIT 1   [ RunTime:0.0003s ]
INFO: [ view_parse ] --START--
INFO: [ template_filter ] --START--
INFO: Run Behavior\ContentReplaceBehavior [ RunTime:0.000191s ]
INFO: [ template_filter ] --END-- [ RunTime:0.000262s ]
INFO: Run Behavior\ParseTemplateBehavior [ RunTime:0.006839s ]
INFO: [ view_parse ] --END-- [ RunTime:0.006874s ]
INFO: [ view_filter ] --START--
INFO: Run Behavior\WriteHtmlCacheBehavior [ RunTime:0.000148s ]
INFO: [ view_filter ] --END-- [ RunTime:0.000176s ]
INFO: [ app_end ] --START--
INFO: Run Behavior\ShowPageTraceBehavior [ RunTime:0.000477s ]
INFO: [ app_end ] --END-- [ RunTime:0.000513s ]

[ 2016-11-02T14:32:34+08:00 ] 101.81.13.210 /Manage/Index/welcome.html
INFO: [ app_init ] --START--
INFO: Run Behavior\BuildLiteBehavior [ RunTime:0.000011s ]
INFO: [ app_init ] --END-- [ RunTime:0.000314s ]
INFO: [ app_begin ] --START--
INFO: Run Behavior\ReadHtmlCacheBehavior [ RunTime:0.000369s ]
INFO: [ app_begin ] --END-- [ RunTime:0.000406s ]
SQL: SHOW COLUMNS FROM `xueche1_adminlog` [ RunTime:0.0008s ]
SQL: SELECT `ntime`,`nip` FROM `xueche1_adminlog` WHERE ( account='517liaonan' ) ORDER BY id desc LIMIT 1   [ RunTime:0.0003s ]
SQL: SELECT COUNT(*) AS tp_count FROM `xueche1_adminlog` WHERE ( account='517liaonan' ) LIMIT 1   [ RunTime:0.0002s ]
SQL: SHOW COLUMNS FROM `xueche1_list` [ RunTime:0.0010s ]
SQL: SELECT `state`,count(id) as id FROM `xueche1_list` WHERE ( listtime like '%2016-11-02%' ) GROUP BY state  [ RunTime:0.0004s ]
SQL: SELECT `state`,count(id) as id FROM `xueche1_list` WHERE ( listtime like '%2016-11-01%' ) GROUP BY state  [ RunTime:0.0004s ]
SQL: SELECT `state`,count(id) as id FROM `xueche1_list` WHERE ( listtime like '%2016-11%' ) GROUP BY state  [ RunTime:0.0004s ]
SQL: SELECT `state`,count(id) as id FROM `xueche1_list` WHERE ( listtime like '%2016-10%' ) GROUP BY state  [ RunTime:0.0004s ]
SQL: SELECT count(id) as id FROM `xueche1_list` GROUP BY state  [ RunTime:0.0003s ]
NOTIC: [8] Undefined index: state /var/www/xueche/Application/Manage/Controller/IndexController.class.php 第 81 行.
NOTIC: [8] Undefined variable: count /var/www/xueche/Application/Manage/Controller/IndexController.class.php 第 82 行.
NOTIC: [8] Undefined offset: 0 /var/www/xueche/Application/Manage/Controller/IndexController.class.php 第 83 行.
NOTIC: [8] Undefined offset: 0 /var/www/xueche/Application/Manage/Controller/IndexController.class.php 第 83 行.
NOTIC: [8] Undefined index: state /var/www/xueche/Application/Manage/Controller/IndexController.class.php 第 81 行.
NOTIC: [8] Undefined offset: 1 /var/www/xueche/Application/Manage/Controller/IndexController.class.php 第 83 行.
NOTIC: [8] Undefined offset: 1 /var/www/xueche/Application/Manage/Controller/IndexController.class.php 第 83 行.
NOTIC: [8] Undefined offset: 1 /var/www/xueche/Application/Manage/Controller/IndexController.class.php 第 84 行.
NOTIC: [8] Undefined offset: 1 /var/www/xueche/Application/Manage/Controller/IndexController.class.php 第 84 行.
NOTIC: [8] Undefined offset: 1 /var/www/xueche/Application/Manage/Controller/IndexController.class.php 第 85 行.
NOTIC: [8] Undefined offset: 1 /var/www/xueche/Application/Manage/Controller/IndexController.class.php 第 85 行.
NOTIC: [8] Undefined index: state /var/www/xueche/Application/Manage/Controller/IndexController.class.php 第 81 行.
NOTIC: [8] Undefined offset: 2 /var/www/xueche/Application/Manage/Controller/IndexController.class.php 第 83 行.
NOTIC: [8] Undefined offset: 2 /var/www/xueche/Application/Manage/Controller/IndexController.class.php 第 83 行.
NOTIC: [8] Undefined offset: 2 /var/www/xueche/Application/Manage/Controller/IndexController.class.php 第 84 行.
NOTIC: [8] Undefined offset: 2 /var/www/xueche/Application/Manage/Controller/IndexController.class.php 第 84 行.
NOTIC: [8] Undefined offset: 2 /var/www/xueche/Application/Manage/Controller/IndexController.class.php 第 85 行.
NOTIC: [8] Undefined offset: 2 /var/www/xueche/Application/Manage/Controller/IndexController.class.php 第 85 行.
NOTIC: [8] Undefined index: state /var/www/xueche/Application/Manage/Controller/IndexController.class.php 第 81 行.
NOTIC: [8] Undefined offset: 3 /var/www/xueche/Application/Manage/Controller/IndexController.class.php 第 83 行.
NOTIC: [8] Undefined offset: 3 /var/www/xueche/Application/Manage/Controller/IndexController.class.php 第 83 行.
NOTIC: [8] Undefined offset: 3 /var/www/xueche/Application/Manage/Controller/IndexController.class.php 第 84 行.
NOTIC: [8] Undefined offset: 3 /var/www/xueche/Application/Manage/Controller/IndexController.class.php 第 84 行.
NOTIC: [8] Undefined offset: 3 /var/www/xueche/Application/Manage/Controller/IndexController.class.php 第 85 行.
NOTIC: [8] Undefined offset: 3 /var/www/xueche/Application/Manage/Controller/IndexController.class.php 第 85 行.
NOTIC: [8] Undefined index: state /var/www/xueche/Application/Manage/Controller/IndexController.class.php 第 81 行.
NOTIC: [8] Undefined offset: 4 /var/www/xueche/Application/Manage/Controller/IndexController.class.php 第 83 行.
NOTIC: [8] Undefined offset: 4 /var/www/xueche/Application/Manage/Controller/IndexController.class.php 第 83 行.
NOTIC: [8] Undefined offset: 4 /var/www/xueche/Application/Manage/Controller/IndexController.class.php 第 84 行.
NOTIC: [8] Undefined offset: 4 /var/www/xueche/Application/Manage/Controller/IndexController.class.php 第 84 行.
NOTIC: [8] Undefined offset: 4 /var/www/xueche/Application/Manage/Controller/IndexController.class.php 第 85 行.
NOTIC: [8] Undefined offset: 4 /var/www/xueche/Application/Manage/Controller/IndexController.class.php 第 85 行.
NOTIC: [8] Undefined offset: 4 /var/www/xueche/Application/Manage/Controller/IndexController.class.php 第 86 行.
NOTIC: [8] Undefined offset: 4 /var/www/xueche/Application/Manage/Controller/IndexController.class.php 第 86 行.
SQL: SELECT count(id) as id FROM `xueche1_list` WHERE ( listtime like '%2016-11-02%' ) LIMIT 1   [ RunTime:0.0005s ]
SQL: SELECT count(id) as id FROM `xueche1_list` WHERE ( listtime like '%2016-11-01%' ) LIMIT 1   [ RunTime:0.0003s ]
SQL: SELECT count(id) as id FROM `xueche1_list` WHERE ( listtime like '%2016-11%' ) LIMIT 1   [ RunTime:0.0003s ]
SQL: SELECT count(id) as id FROM `xueche1_list` WHERE ( listtime like '%2016-10%' ) LIMIT 1   [ RunTime:0.0003s ]
INFO: [ view_parse ] --START--
INFO: [ template_filter ] --START--
INFO: Run Behavior\ContentReplaceBehavior [ RunTime:0.000060s ]
INFO: [ template_filter ] --END-- [ RunTime:0.000095s ]
NOTIC: [8] Undefined offset: 0 /var/www/xueche/Application/Runtime/Cache/Manage/1e288adad12e0bfd37a0b3a2cdaf852e.php 第 54 行.
NOTIC: [8] Undefined offset: 1 /var/www/xueche/Application/Runtime/Cache/Manage/1e288adad12e0bfd37a0b3a2cdaf852e.php 第 55 行.
NOTIC: [8] Undefined offset: 1 /var/www/xueche/Application/Runtime/Cache/Manage/1e288adad12e0bfd37a0b3a2cdaf852e.php 第 56 行.
NOTIC: [8] Undefined offset: 2 /var/www/xueche/Application/Runtime/Cache/Manage/1e288adad12e0bfd37a0b3a2cdaf852e.php 第 57 行.
NOTIC: [8] Undefined offset: 3 /var/www/xueche/Application/Runtime/Cache/Manage/1e288adad12e0bfd37a0b3a2cdaf852e.php 第 58 行.
NOTIC: [8] Undefined offset: 1 /var/www/xueche/Application/Runtime/Cache/Manage/1e288adad12e0bfd37a0b3a2cdaf852e.php 第 65 行.
NOTIC: [8] Undefined offset: 1 /var/www/xueche/Application/Runtime/Cache/Manage/1e288adad12e0bfd37a0b3a2cdaf852e.php 第 66 行.
NOTIC: [8] Undefined offset: 2 /var/www/xueche/Application/Runtime/Cache/Manage/1e288adad12e0bfd37a0b3a2cdaf852e.php 第 67 行.
NOTIC: [8] Undefined offset: 3 /var/www/xueche/Application/Runtime/Cache/Manage/1e288adad12e0bfd37a0b3a2cdaf852e.php 第 68 行.
NOTIC: [8] Undefined offset: 1 /var/www/xueche/Application/Runtime/Cache/Manage/1e288adad12e0bfd37a0b3a2cdaf852e.php 第 75 行.
NOTIC: [8] Undefined offset: 1 /var/www/xueche/Application/Runtime/Cache/Manage/1e288adad12e0bfd37a0b3a2cdaf852e.php 第 76 行.
NOTIC: [8] Undefined offset: 4 /var/www/xueche/Application/Runtime/Cache/Manage/1e288adad12e0bfd37a0b3a2cdaf852e.php 第 77 行.
NOTIC: [8] Undefined offset: 3 /var/www/xueche/Application/Runtime/Cache/Manage/1e288adad12e0bfd37a0b3a2cdaf852e.php 第 78 行.
NOTIC: [8] Undefined offset: 2 /var/www/xueche/Application/Runtime/Cache/Manage/1e288adad12e0bfd37a0b3a2cdaf852e.php 第 87 行.
NOTIC: [8] Undefined variable: ww /var/www/xueche/Application/Runtime/Cache/Manage/1e288adad12e0bfd37a0b3a2cdaf852e.php 第 102 行.
NOTIC: [8] Undefined variable: php /var/www/xueche/Application/Runtime/Cache/Manage/1e288adad12e0bfd37a0b3a2cdaf852e.php 第 106 行.
NOTIC: [8] Undefined variable: ver /var/www/xueche/Application/Runtime/Cache/Manage/1e288adad12e0bfd37a0b3a2cdaf852e.php 第 130 行.
NOTIC: [8] Undefined variable: s /var/www/xueche/Application/Runtime/Cache/Manage/1e288adad12e0bfd37a0b3a2cdaf852e.php 第 134 行.
NOTIC: [8] Undefined variable: tp /var/www/xueche/Application/Runtime/Cache/Manage/1e288adad12e0bfd37a0b3a2cdaf852e.php 第 138 行.
NOTIC: [8] Undefined variable: sql /var/www/xueche/Application/Runtime/Cache/Manage/1e288adad12e0bfd37a0b3a2cdaf852e.php 第 142 行.
NOTIC: [8] Undefined variable: file /var/www/xueche/Application/Runtime/Cache/Manage/1e288adad12e0bfd37a0b3a2cdaf852e.php 第 150 行.
INFO: Run Behavior\ParseTemplateBehavior [ RunTime:0.006006s ]
INFO: [ view_parse ] --END-- [ RunTime:0.006035s ]
INFO: [ view_filter ] --START--
INFO: Run Behavior\WriteHtmlCacheBehavior [ RunTime:0.000122s ]
INFO: [ view_filter ] --END-- [ RunTime:0.000148s ]
INFO: [ app_end ] --START--
INFO: Run Behavior\ShowPageTraceBehavior [ RunTime:0.000427s ]
INFO: [ app_end ] --END-- [ RunTime:0.000457s ]

[ 2016-11-02T14:32:35+08:00 ] 101.81.13.210 /Manage/Index/skin/default/skin.css
INFO: [ app_init ] --START--
INFO: Run Behavior\BuildLiteBehavior [ RunTime:0.000016s ]
INFO: [ app_init ] --END-- [ RunTime:0.000354s ]
INFO: [ app_begin ] --START--
INFO: Run Behavior\ReadHtmlCacheBehavior [ RunTime:0.000379s ]
INFO: [ app_begin ] --END-- [ RunTime:0.000440s ]
ERR: 非法操作:skin

[ 2016-11-02T14:32:38+08:00 ] 101.81.13.210 /Manage/Coach/coachList.html
INFO: [ app_init ] --START--
INFO: Run Behavior\BuildLiteBehavior [ RunTime:0.000011s ]
INFO: [ app_init ] --END-- [ RunTime:0.000293s ]
INFO: [ app_begin ] --START--
INFO: Run Behavior\ReadHtmlCacheBehavior [ RunTime:0.000369s ]
INFO: [ app_begin ] --END-- [ RunTime:0.000404s ]
NOTIC: [8] Undefined index: nickname /var/www/xueche/Application/Manage/Controller/CoachController.class.php 第 16 行.
NOTIC: [8] Undefined index: city /var/www/xueche/Application/Manage/Controller/CoachController.class.php 第 23 行.
NOTIC: [8] Undefined index: city /var/www/xueche/Application/Manage/Controller/CoachController.class.php 第 28 行.
NOTIC: [8] Undefined index: nickname /var/www/xueche/Application/Manage/Controller/CoachController.class.php 第 28 行.
SQL: SHOW COLUMNS FROM `xueche1_coach` [ RunTime:0.0015s ]
NOTIC: [8] Undefined variable: where /var/www/xueche/Application/Manage/Controller/CoachController.class.php 第 33 行.
SQL: SELECT COUNT(*) AS tp_count FROM xueche1_coach s LIMIT 1   [ RunTime:0.0004s ]
NOTIC: [8] Undefined variable: where /var/www/xueche/Application/Manage/Controller/CoachController.class.php 第 38 行.
SQL: SELECT s.userid,s.masterid,s.cityid FROM xueche1_coach s ORDER BY s.id LIMIT 0,8   [ RunTime:0.0003s ]
NOTIC: [8] Undefined variable: where /var/www/xueche/Application/Manage/Controller/CoachController.class.php 第 41 行.
SQL: SELECT s.id,s.account,s.sex,s.userid,s.nickname,s.img,s.phone,s.birthday,s.type,s.timeflag,s.address,count(t.id) as attcount,s.jltype,s.cityid,s.verify,s.lastupdate,s.carNumber FROM xueche1_coach s left join xueche1_attention t on t.objectid=s.userid  GROUP BY s.userid ORDER BY s.id LIMIT 0,8   [ RunTime:0.0110s ]
SQL: SHOW COLUMNS FROM `xueche1_news` [ RunTime:0.0008s ]
SQL: SELECT COUNT(*) AS tp_count FROM `xueche1_news` WHERE ( userid='E7D96389-D40B-EA8B-46DF-99FF792C0D27' ) LIMIT 1   [ RunTime:0.0003s ]
SQL: SHOW COLUMNS FROM `xueche1_school` [ RunTime:0.0010s ]
SQL: SELECT `nickname` FROM `xueche1_school` WHERE ( userid='6CC07A5C-CADB-C5D0-DCB4-9E7CF21FC192' ) LIMIT 1   [ RunTime:0.0003s ]
SQL: SHOW COLUMNS FROM `xueche1_coachtrain` [ RunTime:0.0007s ]
SQL: SELECT t.trname FROM xueche1_coachtrain c INNER JOIN xueche1_train t on t.id=c.trainid and coachid='E7D96389-D40B-EA8B-46DF-99FF792C0D27'   [ RunTime:0.0003s ]
SQL: SHOW COLUMNS FROM `xueche1_citys` [ RunTime:0.0007s ]
SQL: SELECT `cityname` FROM `xueche1_citys` WHERE ( id='1' ) LIMIT 1   [ RunTime:0.0002s ]
SQL: SHOW COLUMNS FROM `xueche1_student` [ RunTime:0.0008s ]
SQL: SELECT COUNT(*) AS tp_count FROM xueche1_student s INNER JOIN xueche1_user u on s.userid=u.userid and s.masterid='E7D96389-D40B-EA8B-46DF-99FF792C0D27'  LIMIT 1   [ RunTime:0.0003s ]
SQL: SELECT COUNT(*) AS tp_count FROM `xueche1_news` WHERE ( userid='81362E0D-4200-7FE6-EFDC-7051A54E34AD' ) LIMIT 1   [ RunTime:0.0003s ]
SQL: SELECT `nickname` FROM `xueche1_school` WHERE ( userid='6CC07A5C-CADB-C5D0-DCB4-9E7CF21FC192' ) LIMIT 1   [ RunTime:0.0002s ]
SQL: SELECT t.trname FROM xueche1_coachtrain c INNER JOIN xueche1_train t on t.id=c.trainid and coachid='81362E0D-4200-7FE6-EFDC-7051A54E34AD'   [ RunTime:0.0002s ]
SQL: SELECT `cityname` FROM `xueche1_citys` WHERE ( id='1' ) LIMIT 1   [ RunTime:0.0002s ]
SQL: SELECT COUNT(*) AS tp_count FROM xueche1_student s INNER JOIN xueche1_user u on s.userid=u.userid and s.masterid='81362E0D-4200-7FE6-EFDC-7051A54E34AD'  LIMIT 1   [ RunTime:0.0002s ]
SQL: SELECT COUNT(*) AS tp_count FROM `xueche1_news` WHERE ( userid='B0D60BCC-05C2-C391-5640-D0AC680B41AF' ) LIMIT 1   [ RunTime:0.0002s ]
SQL: SELECT `nickname` FROM `xueche1_school` WHERE ( userid='6CC07A5C-CADB-C5D0-DCB4-9E7CF21FC192' ) LIMIT 1   [ RunTime:0.0003s ]
SQL: SELECT t.trname FROM xueche1_coachtrain c INNER JOIN xueche1_train t on t.id=c.trainid and coachid='B0D60BCC-05C2-C391-5640-D0AC680B41AF'   [ RunTime:0.0002s ]
SQL: SELECT `cityname` FROM `xueche1_citys` WHERE ( id='1' ) LIMIT 1   [ RunTime:0.0002s ]
SQL: SELECT COUNT(*) AS tp_count FROM xueche1_student s INNER JOIN xueche1_user u on s.userid=u.userid and s.masterid='B0D60BCC-05C2-C391-5640-D0AC680B41AF'  LIMIT 1   [ RunTime:0.0003s ]
SQL: SELECT COUNT(*) AS tp_count FROM `xueche1_news` WHERE ( userid='C203E3AC-FE4C-FB3C-8584-3499F46C6863' ) LIMIT 1   [ RunTime:0.0002s ]
SQL: SELECT `nickname` FROM `xueche1_school` WHERE ( userid='6CC07A5C-CADB-C5D0-DCB4-9E7CF21FC192' ) LIMIT 1   [ RunTime:0.0002s ]
SQL: SELECT t.trname FROM xueche1_coachtrain c INNER JOIN xueche1_train t on t.id=c.trainid and coachid='C203E3AC-FE4C-FB3C-8584-3499F46C6863'   [ RunTime:0.0003s ]
SQL: SELECT `cityname` FROM `xueche1_citys` WHERE ( id='1' ) LIMIT 1   [ RunTime:0.0002s ]
SQL: SELECT COUNT(*) AS tp_count FROM xueche1_student s INNER JOIN xueche1_user u on s.userid=u.userid and s.masterid='C203E3AC-FE4C-FB3C-8584-3499F46C6863'  LIMIT 1   [ RunTime:0.0002s ]
SQL: SELECT COUNT(*) AS tp_count FROM `xueche1_news` WHERE ( userid='6DD1B43D-35EF-30DE-BE07-6429980F2F53' ) LIMIT 1   [ RunTime:0.0002s ]
SQL: SELECT `nickname` FROM `xueche1_school` WHERE ( userid='6CC07A5C-CADB-C5D0-DCB4-9E7CF21FC192' ) LIMIT 1   [ RunTime:0.0002s ]
SQL: SELECT t.trname FROM xueche1_coachtrain c INNER JOIN xueche1_train t on t.id=c.trainid and coachid='6DD1B43D-35EF-30DE-BE07-6429980F2F53'   [ RunTime:0.0002s ]
SQL: SELECT `cityname` FROM `xueche1_citys` WHERE ( id='1' ) LIMIT 1   [ RunTime:0.0002s ]
SQL: SELECT COUNT(*) AS tp_count FROM xueche1_student s INNER JOIN xueche1_user u on s.userid=u.userid and s.masterid='6DD1B43D-35EF-30DE-BE07-6429980F2F53'  LIMIT 1   [ RunTime:0.0002s ]
SQL: SELECT COUNT(*) AS tp_count FROM `xueche1_news` WHERE ( userid='E5A467B7-19E4-9EF3-BAC5-09EED04DB1F0' ) LIMIT 1   [ RunTime:0.0002s ]
SQL: SELECT `nickname` FROM `xueche1_school` WHERE ( userid='6CC07A5C-CADB-C5D0-DCB4-9E7CF21FC192' ) LIMIT 1   [ RunTime:0.0002s ]
SQL: SELECT t.trname FROM xueche1_coachtrain c INNER JOIN xueche1_train t on t.id=c.trainid and coachid='E5A467B7-19E4-9EF3-BAC5-09EED04DB1F0'   [ RunTime:0.0002s ]
SQL: SELECT `cityname` FROM `xueche1_citys` WHERE ( id='1' ) LIMIT 1   [ RunTime:0.0002s ]
SQL: SELECT COUNT(*) AS tp_count FROM xueche1_student s INNER JOIN xueche1_user u on s.userid=u.userid and s.masterid='E5A467B7-19E4-9EF3-BAC5-09EED04DB1F0'  LIMIT 1   [ RunTime:0.0002s ]
SQL: SELECT COUNT(*) AS tp_count FROM `xueche1_news` WHERE ( userid='C1F5DB3A-58E5-037F-6B86-1B00F17856E0' ) LIMIT 1   [ RunTime:0.0002s ]
SQL: SELECT `nickname` FROM `xueche1_school` WHERE ( userid='F36B5873-B886-E543-513F-CC325AE9A63B' ) LIMIT 1   [ RunTime:0.0002s ]
SQL: SELECT t.trname FROM xueche1_coachtrain c INNER JOIN xueche1_train t on t.id=c.trainid and coachid='C1F5DB3A-58E5-037F-6B86-1B00F17856E0'   [ RunTime:0.0002s ]
SQL: SELECT `cityname` FROM `xueche1_citys` WHERE ( id='1' ) LIMIT 1   [ RunTime:0.0002s ]
SQL: SELECT COUNT(*) AS tp_count FROM xueche1_student s INNER JOIN xueche1_user u on s.userid=u.userid and s.masterid='C1F5DB3A-58E5-037F-6B86-1B00F17856E0'  LIMIT 1   [ RunTime:0.0002s ]
SQL: SELECT COUNT(*) AS tp_count FROM `xueche1_news` WHERE ( userid='B3738353-D3FF-F20F-5946-E462A6912AF5' ) LIMIT 1   [ RunTime:0.0002s ]
SQL: SELECT `nickname` FROM `xueche1_school` WHERE ( userid='988982E0-96F0-81C6-6663-ED7630993600' ) LIMIT 1   [ RunTime:0.0002s ]
SQL: SELECT t.trname FROM xueche1_coachtrain c INNER JOIN xueche1_train t on t.id=c.trainid and coachid='B3738353-D3FF-F20F-5946-E462A6912AF5'   [ RunTime:0.0002s ]
SQL: SELECT `cityname` FROM `xueche1_citys` WHERE ( id='1' ) LIMIT 1   [ RunTime:0.0002s ]
SQL: SELECT COUNT(*) AS tp_count FROM xueche1_student s INNER JOIN xueche1_user u on s.userid=u.userid and s.masterid='B3738353-D3FF-F20F-5946-E462A6912AF5'  LIMIT 1   [ RunTime:0.0003s ]
INFO: [ view_parse ] --START--
INFO: [ template_filter ] --START--
INFO: Run Behavior\ContentReplaceBehavior [ RunTime:0.000073s ]
INFO: [ template_filter ] --END-- [ RunTime:0.000108s ]
NOTIC: [8] Undefined index: carNumber /var/www/xueche/Application/Runtime/Cache/Manage/2211db19c9584e19fa78c727c5960eb4.php 第 92 行.
NOTIC: [8] Undefined index: carNumber /var/www/xueche/Application/Runtime/Cache/Manage/2211db19c9584e19fa78c727c5960eb4.php 第 92 行.
NOTIC: [8] Undefined index: carNumber /var/www/xueche/Application/Runtime/Cache/Manage/2211db19c9584e19fa78c727c5960eb4.php 第 92 行.
NOTIC: [8] Undefined index: carNumber /var/www/xueche/Application/Runtime/Cache/Manage/2211db19c9584e19fa78c727c5960eb4.php 第 92 行.
NOTIC: [8] Undefined index: carNumber /var/www/xueche/Application/Runtime/Cache/Manage/2211db19c9584e19fa78c727c5960eb4.php 第 92 行.
NOTIC: [8] Undefined index: carNumber /var/www/xueche/Application/Runtime/Cache/Manage/2211db19c9584e19fa78c727c5960eb4.php 第 92 行.
NOTIC: [8] Undefined index: carNumber /var/www/xueche/Application/Runtime/Cache/Manage/2211db19c9584e19fa78c727c5960eb4.php 第 92 行.
NOTIC: [8] Undefined index: carNumber /var/www/xueche/Application/Runtime/Cache/Manage/2211db19c9584e19fa78c727c5960eb4.php 第 92 行.
INFO: Run Behavior\ParseTemplateBehavior [ RunTime:0.008298s ]
INFO: [ view_parse ] --END-- [ RunTime:0.008329s ]
INFO: [ view_filter ] --START--
INFO: Run Behavior\WriteHtmlCacheBehavior [ RunTime:0.000129s ]
INFO: [ view_filter ] --END-- [ RunTime:0.000156s ]
INFO: [ app_end ] --START--
INFO: Run Behavior\ShowPageTraceBehavior [ RunTime:0.000465s ]
INFO: [ app_end ] --END-- [ RunTime:0.000501s ]

[ 2016-11-02T14:32:39+08:00 ] 101.81.13.210 /Manage/School/schoolList.html
INFO: [ app_init ] --START--
INFO: Run Behavior\BuildLiteBehavior [ RunTime:0.000010s ]
INFO: [ app_init ] --END-- [ RunTime:0.000290s ]
INFO: [ app_begin ] --START--
INFO: Run Behavior\ReadHtmlCacheBehavior [ RunTime:0.000370s ]
INFO: [ app_begin ] --END-- [ RunTime:0.000406s ]
NOTIC: [8] Undefined index: nickname /var/www/xueche/Application/Manage/Controller/SchoolController.class.php 第 68 行.
NOTIC: [8] Undefined index: city /var/www/xueche/Application/Manage/Controller/SchoolController.class.php 第 75 行.
NOTIC: [8] Undefined index: city /var/www/xueche/Application/Manage/Controller/SchoolController.class.php 第 80 行.
NOTIC: [8] Undefined index: nickname /var/www/xueche/Application/Manage/Controller/SchoolController.class.php 第 80 行.
SQL: SHOW COLUMNS FROM `xueche1_school` [ RunTime:0.0012s ]
NOTIC: [8] Undefined variable: where /var/www/xueche/Application/Manage/Controller/SchoolController.class.php 第 85 行.
SQL: SELECT COUNT(*) AS tp_count FROM xueche1_school s LIMIT 1   [ RunTime:0.0004s ]
NOTIC: [8] Undefined variable: where /var/www/xueche/Application/Manage/Controller/SchoolController.class.php 第 90 行.
SQL: SELECT s.userid,s.cityid FROM xueche1_school s ORDER BY s.id LIMIT 0,8   [ RunTime:0.0003s ]
NOTIC: [8] Undefined variable: where /var/www/xueche/Application/Manage/Controller/SchoolController.class.php 第 93 行.
SQL: SELECT s.id,s.account,s.userid,s.nickname,s.img,s.phone,s.type,s.address,count(t.id) as traincount,s.connectteacher,s.cityid,s.verify,s.lastupdate FROM xueche1_school s left join xueche1_schooltrain t on t.schoolid=s.userid  GROUP BY s.userid ORDER BY s.id LIMIT 0,8   [ RunTime:0.0279s ]
SQL: SHOW COLUMNS FROM `xueche1_attention` [ RunTime:0.0010s ]
SQL: SELECT COUNT(*) AS tp_count FROM `xueche1_attention` WHERE ( objectid='D18CF959-EDB7-B2C2-C8D0-85CFB1415721' ) LIMIT 1   [ RunTime:0.0003s ]
SQL: SHOW COLUMNS FROM `xueche1_trainclass` [ RunTime:0.0008s ]
SQL: SELECT COUNT(*) AS tp_count FROM `xueche1_trainclass` WHERE ( masterid='D18CF959-EDB7-B2C2-C8D0-85CFB1415721' ) LIMIT 1   [ RunTime:0.0003s ]
SQL: SHOW COLUMNS FROM `xueche1_sign` [ RunTime:0.0006s ]
SQL: SELECT COUNT(*) AS tp_count FROM `xueche1_sign` WHERE ( masterid='D18CF959-EDB7-B2C2-C8D0-85CFB1415721' ) LIMIT 1   [ RunTime:0.0003s ]
SQL: SHOW COLUMNS FROM `xueche1_citys` [ RunTime:0.0006s ]
SQL: SELECT `cityname` FROM `xueche1_citys` WHERE ( id='1' ) LIMIT 1   [ RunTime:0.0002s ]
SQL: SHOW COLUMNS FROM `xueche1_student` [ RunTime:0.0007s ]
SQL: SELECT COUNT(*) AS tp_count FROM xueche1_student s INNER JOIN xueche1_user u on s.userid=u.userid and s.masterid='D18CF959-EDB7-B2C2-C8D0-85CFB1415721'  LIMIT 1   [ RunTime:0.0003s ]
SQL: SHOW COLUMNS FROM `xueche1_coach` [ RunTime:0.0012s ]
SQL: SELECT `nickname`,`userid` FROM `xueche1_coach` WHERE ( masterid='D18CF959-EDB7-B2C2-C8D0-85CFB1415721' )  [ RunTime:0.0010s ]
SQL: SELECT COUNT(*) AS tp_count FROM xueche1_student s INNER JOIN xueche1_user u on s.userid=u.userid and s.masterid='A25BF70C-D5FC-2956-5760-06611F40EBC7'  LIMIT 1   [ RunTime:0.0003s ]
SQL: SELECT COUNT(*) AS tp_count FROM `xueche1_attention` WHERE ( objectid='105BF1E9-C4A7-42AC-A74E-ED080F162A81' ) LIMIT 1   [ RunTime:0.0002s ]
SQL: SELECT COUNT(*) AS tp_count FROM `xueche1_trainclass` WHERE ( masterid='105BF1E9-C4A7-42AC-A74E-ED080F162A81' ) LIMIT 1   [ RunTime:0.0002s ]
SQL: SELECT COUNT(*) AS tp_count FROM `xueche1_sign` WHERE ( masterid='105BF1E9-C4A7-42AC-A74E-ED080F162A81' ) LIMIT 1   [ RunTime:0.0003s ]
SQL: SELECT `cityname` FROM `xueche1_citys` WHERE ( id='15' ) LIMIT 1   [ RunTime:0.0002s ]
SQL: SELECT COUNT(*) AS tp_count FROM xueche1_student s INNER JOIN xueche1_user u on s.userid=u.userid and s.masterid='105BF1E9-C4A7-42AC-A74E-ED080F162A81'  LIMIT 1   [ RunTime:0.0002s ]
SQL: SELECT `nickname`,`userid` FROM `xueche1_coach` WHERE ( masterid='105BF1E9-C4A7-42AC-A74E-ED080F162A81' )  [ RunTime:0.0008s ]
SQL: SELECT COUNT(*) AS tp_count FROM `xueche1_attention` WHERE ( objectid='BC7547F9-CDC6-3432-1FF1-601A66BCB3F6' ) LIMIT 1   [ RunTime:0.0002s ]
SQL: SELECT COUNT(*) AS tp_count FROM `xueche1_trainclass` WHERE ( masterid='BC7547F9-CDC6-3432-1FF1-601A66BCB3F6' ) LIMIT 1   [ RunTime:0.0002s ]
SQL: SELECT COUNT(*) AS tp_count FROM `xueche1_sign` WHERE ( masterid='BC7547F9-CDC6-3432-1FF1-601A66BCB3F6' ) LIMIT 1   [ RunTime:0.0002s ]
SQL: SELECT `cityname` FROM `xueche1_citys` WHERE ( id='1' ) LIMIT 1   [ RunTime:0.0002s ]
SQL: SELECT COUNT(*) AS tp_count FROM xueche1_student s INNER JOIN xueche1_user u on s.userid=u.userid and s.masterid='BC7547F9-CDC6-3432-1FF1-601A66BCB3F6'  LIMIT 1   [ RunTime:0.0003s ]
SQL: SELECT `nickname`,`userid` FROM `xueche1_coach` WHERE ( masterid='BC7547F9-CDC6-3432-1FF1-601A66BCB3F6' )  [ RunTime:0.0008s ]
SQL: SELECT COUNT(*) AS tp_count FROM xueche1_student s INNER JOIN xueche1_user u on s.userid=u.userid and s.masterid='EB1E6891-7619-4F58-DF59-594C19781EA3'  LIMIT 1   [ RunTime:0.0002s ]
SQL: SELECT COUNT(*) AS tp_count FROM `xueche1_attention` WHERE ( objectid='6C7E6108-806A-A9BE-DB34-A04A9AC88110' ) LIMIT 1   [ RunTime:0.0002s ]
SQL: SELECT COUNT(*) AS tp_count FROM `xueche1_trainclass` WHERE ( masterid='6C7E6108-806A-A9BE-DB34-A04A9AC88110' ) LIMIT 1   [ RunTime:0.0002s ]
SQL: SELECT COUNT(*) AS tp_count FROM `xueche1_sign` WHERE ( masterid='6C7E6108-806A-A9BE-DB34-A04A9AC88110' ) LIMIT 1   [ RunTime:0.0002s ]
SQL: SELECT `cityname` FROM `xueche1_citys` WHERE ( id='1' ) LIMIT 1   [ RunTime:0.0002s ]
SQL: SELECT COUNT(*) AS tp_count FROM xueche1_student s INNER JOIN xueche1_user u on s.userid=u.userid and s.masterid='6C7E6108-806A-A9BE-DB34-A04A9AC88110'  LIMIT 1   [ RunTime:0.0003s ]
SQL: SELECT `nickname`,`userid` FROM `xueche1_coach` WHERE ( masterid='6C7E6108-806A-A9BE-DB34-A04A9AC88110' )  [ RunTime:0.0010s ]
SQL: SELECT COUNT(*) AS tp_count FROM `xueche1_attention` WHERE ( objectid='B7FB97B8-C71C-CB17-5AC8-9E427BD9A61B' ) LIMIT 1   [ RunTime:0.0002s ]
SQL: SELECT COUNT(*) AS tp_count FROM `xueche1_trainclass` WHERE ( masterid='B7FB97B8-C71C-CB17-5AC8-9E427BD9A61B' ) LIMIT 1   [ RunTime:0.0002s ]
SQL: SELECT COUNT(*) AS tp_count FROM `xueche1_sign` WHERE ( masterid='B7FB97B8-C71C-CB17-5AC8-9E427BD9A61B' ) LIMIT 1   [ RunTime:0.0002s ]
SQL: SELECT `cityname` FROM `xueche1_citys` WHERE ( id='1' ) LIMIT 1   [ RunTime:0.0002s ]
SQL: SELECT COUNT(*) AS tp_count FROM xueche1_student s INNER JOIN xueche1_user u on s.userid=u.userid and s.masterid='B7FB97B8-C71C-CB17-5AC8-9E427BD9A61B'  LIMIT 1   [ RunTime:0.0002s ]
SQL: SELECT `nickname`,`userid` FROM `xueche1_coach` WHERE ( masterid='B7FB97B8-C71C-CB17-5AC8-9E427BD9A61B' )  [ RunTime:0.0008s ]
SQL: SELECT COUNT(*) AS tp_count FROM `xueche1_attention` WHERE ( objectid='AA0F9918-4DE4-412F-738C-954DAFF1F857' ) LIMIT 1   [ RunTime:0.0002s ]
SQL: SELECT COUNT(*) AS tp_count FROM `xueche1_trainclass` WHERE ( masterid='AA0F9918-4DE4-412F-738C-954DAFF1F857' ) LIMIT 1   [ RunTime:0.0002s ]
SQL: SELECT COUNT(*) AS tp_count FROM `xueche1_sign` WHERE ( masterid='AA0F9918-4DE4-412F-738C-954DAFF1F857' ) LIMIT 1   [ RunTime:0.0002s ]
SQL: SELECT `cityname` FROM `xueche1_citys` WHERE ( id='1' ) LIMIT 1   [ RunTime:0.0002s ]
SQL: SELECT COUNT(*) AS tp_count FROM xueche1_student s INNER JOIN xueche1_user u on s.userid=u.userid and s.masterid='AA0F9918-4DE4-412F-738C-954DAFF1F857'  LIMIT 1   [ RunTime:0.0002s ]
SQL: SELECT `nickname`,`userid` FROM `xueche1_coach` WHERE ( masterid='AA0F9918-4DE4-412F-738C-954DAFF1F857' )  [ RunTime:0.0008s ]
SQL: SELECT COUNT(*) AS tp_count FROM xueche1_student s INNER JOIN xueche1_user u on s.userid=u.userid and s.masterid='EBE5AD29-A3BA-7B60-9B79-9AB09CB308B7'  LIMIT 1   [ RunTime:0.0002s ]
SQL: SELECT COUNT(*) AS tp_count FROM xueche1_student s INNER JOIN xueche1_user u on s.userid=u.userid and s.masterid='D537245B-A49E-9828-E063-4C2C63DEC273'  LIMIT 1   [ RunTime:0.0002s ]
SQL: SELECT COUNT(*) AS tp_count FROM xueche1_student s INNER JOIN xueche1_user u on s.userid=u.userid and s.masterid='ADC55564-F55E-B1DA-77F2-CC5BB6F93267'  LIMIT 1   [ RunTime:0.0002s ]
SQL: SELECT COUNT(*) AS tp_count FROM `xueche1_attention` WHERE ( objectid='E9581929-CF91-99CF-237F-FB07C3AB2091' ) LIMIT 1   [ RunTime:0.0002s ]
SQL: SELECT COUNT(*) AS tp_count FROM `xueche1_trainclass` WHERE ( masterid='E9581929-CF91-99CF-237F-FB07C3AB2091' ) LIMIT 1   [ RunTime:0.0003s ]
SQL: SELECT COUNT(*) AS tp_count FROM `xueche1_sign` WHERE ( masterid='E9581929-CF91-99CF-237F-FB07C3AB2091' ) LIMIT 1   [ RunTime:0.0002s ]
SQL: SELECT `cityname` FROM `xueche1_citys` WHERE ( id='1' ) LIMIT 1   [ RunTime:0.0002s ]
SQL: SELECT COUNT(*) AS tp_count FROM xueche1_student s INNER JOIN xueche1_user u on s.userid=u.userid and s.masterid='E9581929-CF91-99CF-237F-FB07C3AB2091'  LIMIT 1   [ RunTime:0.0003s ]
SQL: SELECT `nickname`,`userid` FROM `xueche1_coach` WHERE ( masterid='E9581929-CF91-99CF-237F-FB07C3AB2091' )  [ RunTime:0.0008s ]
SQL: SELECT COUNT(*) AS tp_count FROM `xueche1_attention` WHERE ( objectid='921E6D53-1E61-31F4-6912-39E9051C9777' ) LIMIT 1   [ RunTime:0.0002s ]
SQL: SELECT COUNT(*) AS tp_count FROM `xueche1_trainclass` WHERE ( masterid='921E6D53-1E61-31F4-6912-39E9051C9777' ) LIMIT 1   [ RunTime:0.0002s ]
SQL: SELECT COUNT(*) AS tp_count FROM `xueche1_sign` WHERE ( masterid='921E6D53-1E61-31F4-6912-39E9051C9777' ) LIMIT 1   [ RunTime:0.0002s ]
SQL: SELECT `cityname` FROM `xueche1_citys` WHERE ( id='1' ) LIMIT 1   [ RunTime:0.0002s ]
SQL: SELECT COUNT(*) AS tp_count FROM xueche1_student s INNER JOIN xueche1_user u on s.userid=u.userid and s.masterid='921E6D53-1E61-31F4-6912-39E9051C9777'  LIMIT 1   [ RunTime:0.0002s ]
SQL: SELECT `nickname`,`userid` FROM `xueche1_coach` WHERE ( masterid='921E6D53-1E61-31F4-6912-39E9051C9777' )  [ RunTime:0.0008s ]
INFO: [ view_parse ] --START--
INFO: [ template_filter ] --START--
INFO: Run Behavior\ContentReplaceBehavior [ RunTime:0.000074s ]
INFO: [ template_filter ] --END-- [ RunTime:0.000114s ]
NOTIC: [8] Undefined index: newscount /var/www/xueche/Application/Runtime/Cache/Manage/efc7e28ecd813da06c08cf808820418f.php 第 83 行.
NOTIC: [8] Undefined index: newscount /var/www/xueche/Application/Runtime/Cache/Manage/efc7e28ecd813da06c08cf808820418f.php 第 83 行.
NOTIC: [8] Undefined index: newscount /var/www/xueche/Application/Runtime/Cache/Manage/efc7e28ecd813da06c08cf808820418f.php 第 83 行.
NOTIC: [8] Undefined index: newscount /var/www/xueche/Application/Runtime/Cache/Manage/efc7e28ecd813da06c08cf808820418f.php 第 83 行.
NOTIC: [8] Undefined index: newscount /var/www/xueche/Application/Runtime/Cache/Manage/efc7e28ecd813da06c08cf808820418f.php 第 83 行.
NOTIC: [8] Undefined index: newscount /var/www/xueche/Application/Runtime/Cache/Manage/efc7e28ecd813da06c08cf808820418f.php 第 83 行.
NOTIC: [8] Undefined index: newscount /var/www/xueche/Application/Runtime/Cache/Manage/efc7e28ecd813da06c08cf808820418f.php 第 83 行.
NOTIC: [8] Undefined index: newscount /var/www/xueche/Application/Runtime/Cache/Manage/efc7e28ecd813da06c08cf808820418f.php 第 83 行.
INFO: Run Behavior\ParseTemplateBehavior [ RunTime:0.008685s ]
INFO: [ view_parse ] --END-- [ RunTime:0.008716s ]
INFO: [ view_filter ] --START--
INFO: Run Behavior\WriteHtmlCacheBehavior [ RunTime:0.000128s ]
INFO: [ view_filter ] --END-- [ RunTime:0.000154s ]
INFO: [ app_end ] --START--
INFO: Run Behavior\ShowPageTraceBehavior [ RunTime:0.000459s ]
INFO: [ app_end ] --END-- [ RunTime:0.000494s ]

[ 2016-11-02T14:32:52+08:00 ] 101.81.13.210 /Manage/User/userList.html
INFO: [ app_init ] --START--
INFO: Run Behavior\BuildLiteBehavior [ RunTime:0.000012s ]
INFO: [ app_init ] --END-- [ RunTime:0.000326s ]
INFO: [ app_begin ] --START--
INFO: Run Behavior\ReadHtmlCacheBehavior [ RunTime:0.000413s ]
INFO: [ app_begin ] --END-- [ RunTime:0.000450s ]
SQL: SHOW COLUMNS FROM `xueche1_user` [ RunTime:0.0012s ]
SQL: SELECT COUNT(*) AS tp_count FROM `xueche1_user` LIMIT 1   [ RunTime:0.0003s ]
SQL: SELECT `id`,`account`,`sex`,`userid`,`ntime`,`nickname`,`img`,`phone`,`address`,`subjects`,`jtype`,`lastupdate`,`verify` FROM `xueche1_user` ORDER BY id asc LIMIT 0,8   [ RunTime:0.0003s ]
SQL: SHOW COLUMNS FROM `xueche1_list` [ RunTime:0.0010s ]
SQL: SELECT COUNT(*) AS tp_count FROM `xueche1_list` WHERE ( masterid='1ACCA599-8206-F1DA-90D3-BCFC6243E415' ) LIMIT 1   [ RunTime:0.0003s ]
SQL: SHOW COLUMNS FROM `xueche1_reservation` [ RunTime:0.0008s ]
SQL: SELECT COUNT(*) AS tp_count FROM `xueche1_reservation` WHERE ( masterid='1ACCA599-8206-F1DA-90D3-BCFC6243E415' ) LIMIT 1   [ RunTime:0.0002s ]
SQL: SELECT COUNT(*) AS tp_count FROM `xueche1_list` WHERE ( masterid='008B5940-E4E6-081D-4B3E-C180E2AD0AC0' ) LIMIT 1   [ RunTime:0.0002s ]
SQL: SELECT COUNT(*) AS tp_count FROM `xueche1_reservation` WHERE ( masterid='008B5940-E4E6-081D-4B3E-C180E2AD0AC0' ) LIMIT 1   [ RunTime:0.0002s ]
SQL: SELECT COUNT(*) AS tp_count FROM `xueche1_list` WHERE ( masterid='0BC9E90D-7014-323C-F4C1-72E8C7F568F9' ) LIMIT 1   [ RunTime:0.0002s ]
SQL: SELECT COUNT(*) AS tp_count FROM `xueche1_reservation` WHERE ( masterid='0BC9E90D-7014-323C-F4C1-72E8C7F568F9' ) LIMIT 1   [ RunTime:0.0002s ]
SQL: SELECT COUNT(*) AS tp_count FROM `xueche1_list` WHERE ( masterid='87696BB0-B365-6EC8-BE24-DBE30E4901B7' ) LIMIT 1   [ RunTime:0.0002s ]
SQL: SELECT COUNT(*) AS tp_count FROM `xueche1_reservation` WHERE ( masterid='87696BB0-B365-6EC8-BE24-DBE30E4901B7' ) LIMIT 1   [ RunTime:0.0002s ]
SQL: SELECT COUNT(*) AS tp_count FROM `xueche1_list` WHERE ( masterid='8CF687BE-A1AF-5F50-5C3F-C051BB0218A7' ) LIMIT 1   [ RunTime:0.0003s ]
SQL: SELECT COUNT(*) AS tp_count FROM `xueche1_reservation` WHERE ( masterid='8CF687BE-A1AF-5F50-5C3F-C051BB0218A7' ) LIMIT 1   [ RunTime:0.0002s ]
SQL: SELECT COUNT(*) AS tp_count FROM `xueche1_list` WHERE ( masterid='31A9D405-1D2C-9B12-0F90-2D23CE00E7D4' ) LIMIT 1   [ RunTime:0.0002s ]
SQL: SELECT COUNT(*) AS tp_count FROM `xueche1_reservation` WHERE ( masterid='31A9D405-1D2C-9B12-0F90-2D23CE00E7D4' ) LIMIT 1   [ RunTime:0.0002s ]
SQL: SELECT COUNT(*) AS tp_count FROM `xueche1_list` WHERE ( masterid='E6ED960E-234F-6DA4-31D1-D59CD435B2FB' ) LIMIT 1   [ RunTime:0.0002s ]
SQL: SELECT COUNT(*) AS tp_count FROM `xueche1_reservation` WHERE ( masterid='E6ED960E-234F-6DA4-31D1-D59CD435B2FB' ) LIMIT 1   [ RunTime:0.0002s ]
SQL: SELECT COUNT(*) AS tp_count FROM `xueche1_list` WHERE ( masterid='7F8CCC4C-F02E-14ED-229E-3BDE596A21DB' ) LIMIT 1   [ RunTime:0.0002s ]
SQL: SELECT COUNT(*) AS tp_count FROM `xueche1_reservation` WHERE ( masterid='7F8CCC4C-F02E-14ED-229E-3BDE596A21DB' ) LIMIT 1   [ RunTime:0.0002s ]
INFO: [ view_parse ] --START--
INFO: [ template_filter ] --START--
INFO: Run Behavior\ContentReplaceBehavior [ RunTime:0.000062s ]
INFO: [ template_filter ] --END-- [ RunTime:0.000096s ]
INFO: Run Behavior\ParseTemplateBehavior [ RunTime:0.007044s ]
INFO: [ view_parse ] --END-- [ RunTime:0.007078s ]
INFO: [ view_filter ] --START--
INFO: Run Behavior\WriteHtmlCacheBehavior [ RunTime:0.000132s ]
INFO: [ view_filter ] --END-- [ RunTime:0.000159s ]
INFO: [ app_end ] --START--
INFO: Run Behavior\ShowPageTraceBehavior [ RunTime:0.000434s ]
INFO: [ app_end ] --END-- [ RunTime:0.000469s ]

[ 2016-11-02T14:32:54+08:00 ] 101.81.13.210 /Manage/User/userList.html?p=13
INFO: [ app_init ] --START--
INFO: Run Behavior\BuildLiteBehavior [ RunTime:0.000015s ]
INFO: [ app_init ] --END-- [ RunTime:0.000320s ]
INFO: [ app_begin ] --START--
INFO: Run Behavior\ReadHtmlCacheBehavior [ RunTime:0.000383s ]
INFO: [ app_begin ] --END-- [ RunTime:0.000419s ]
SQL: SHOW COLUMNS FROM `xueche1_user` [ RunTime:0.0010s ]
SQL: SELECT COUNT(*) AS tp_count FROM `xueche1_user` LIMIT 1   [ RunTime:0.0002s ]
SQL: SELECT `id`,`account`,`sex`,`userid`,`ntime`,`nickname`,`img`,`phone`,`address`,`subjects`,`jtype`,`lastupdate`,`verify` FROM `xueche1_user` ORDER BY id asc LIMIT 96,8   [ RunTime:0.0004s ]
SQL: SHOW COLUMNS FROM `xueche1_list` [ RunTime:0.0010s ]
SQL: SELECT COUNT(*) AS tp_count FROM `xueche1_list` WHERE ( masterid='C37D6DE1-6EFF-10A9-0816-5FB56AE49019' ) LIMIT 1   [ RunTime:0.0003s ]
SQL: SHOW COLUMNS FROM `xueche1_reservation` [ RunTime:0.0008s ]
SQL: SELECT COUNT(*) AS tp_count FROM `xueche1_reservation` WHERE ( masterid='C37D6DE1-6EFF-10A9-0816-5FB56AE49019' ) LIMIT 1   [ RunTime:0.0002s ]
INFO: [ view_parse ] --START--
INFO: [ template_filter ] --START--
INFO: Run Behavior\ContentReplaceBehavior [ RunTime:0.000064s ]
INFO: [ template_filter ] --END-- [ RunTime:0.000098s ]
INFO: Run Behavior\ParseTemplateBehavior [ RunTime:0.006448s ]
INFO: [ view_parse ] --END-- [ RunTime:0.006482s ]
INFO: [ view_filter ] --START--
INFO: Run Behavior\WriteHtmlCacheBehavior [ RunTime:0.000127s ]
INFO: [ view_filter ] --END-- [ RunTime:0.000154s ]
INFO: [ app_end ] --START--
INFO: Run Behavior\ShowPageTraceBehavior [ RunTime:0.000409s ]
INFO: [ app_end ] --END-- [ RunTime:0.000441s ]

[ 2016-11-02T14:32:59+08:00 ] 101.81.13.210 /Manage/User/userList.html?p=12
INFO: [ app_init ] --START--
INFO: Run Behavior\BuildLiteBehavior [ RunTime:0.000011s ]
INFO: [ app_init ] --END-- [ RunTime:0.000289s ]
INFO: [ app_begin ] --START--
INFO: Run Behavior\ReadHtmlCacheBehavior [ RunTime:0.000370s ]
INFO: [ app_begin ] --END-- [ RunTime:0.000406s ]
SQL: SHOW COLUMNS FROM `xueche1_user` [ RunTime:0.0010s ]
SQL: SELECT COUNT(*) AS tp_count FROM `xueche1_user` LIMIT 1   [ RunTime:0.0003s ]
SQL: SELECT `id`,`account`,`sex`,`userid`,`ntime`,`nickname`,`img`,`phone`,`address`,`subjects`,`jtype`,`lastupdate`,`verify` FROM `xueche1_user` ORDER BY id asc LIMIT 88,8   [ RunTime:0.0004s ]
SQL: SHOW COLUMNS FROM `xueche1_list` [ RunTime:0.0010s ]
SQL: SELECT COUNT(*) AS tp_count FROM `xueche1_list` WHERE ( masterid='82DCE099-DC57-0ADA-CC3E-8AB15B302F9A' ) LIMIT 1   [ RunTime:0.0003s ]
SQL: SHOW COLUMNS FROM `xueche1_reservation` [ RunTime:0.0007s ]
SQL: SELECT COUNT(*) AS tp_count FROM `xueche1_reservation` WHERE ( masterid='82DCE099-DC57-0ADA-CC3E-8AB15B302F9A' ) LIMIT 1   [ RunTime:0.0002s ]
SQL: SELECT COUNT(*) AS tp_count FROM `xueche1_list` WHERE ( masterid='63572771-9B52-0318-011E-C75EED2F954C' ) LIMIT 1   [ RunTime:0.0002s ]
SQL: SELECT COUNT(*) AS tp_count FROM `xueche1_reservation` WHERE ( masterid='63572771-9B52-0318-011E-C75EED2F954C' ) LIMIT 1   [ RunTime:0.0002s ]
SQL: SELECT COUNT(*) AS tp_count FROM `xueche1_list` WHERE ( masterid='7852A68A-F1B4-B1B3-37A0-4BA44E84416C' ) LIMIT 1   [ RunTime:0.0002s ]
SQL: SELECT COUNT(*) AS tp_count FROM `xueche1_reservation` WHERE ( masterid='7852A68A-F1B4-B1B3-37A0-4BA44E84416C' ) LIMIT 1   [ RunTime:0.0002s ]
SQL: SELECT COUNT(*) AS tp_count FROM `xueche1_list` WHERE ( masterid='550BC3C3-AF34-F5C1-87C0-005202E0FD14' ) LIMIT 1   [ RunTime:0.0002s ]
SQL: SELECT COUNT(*) AS tp_count FROM `xueche1_reservation` WHERE ( masterid='550BC3C3-AF34-F5C1-87C0-005202E0FD14' ) LIMIT 1   [ RunTime:0.0002s ]
SQL: SELECT COUNT(*) AS tp_count FROM `xueche1_list` WHERE ( masterid='77D36D25-E2A9-5AFF-E62A-C0DA2032E45F' ) LIMIT 1   [ RunTime:0.0002s ]
SQL: SELECT COUNT(*) AS tp_count FROM `xueche1_reservation` WHERE ( masterid='77D36D25-E2A9-5AFF-E62A-C0DA2032E45F' ) LIMIT 1   [ RunTime:0.0002s ]
SQL: SELECT COUNT(*) AS tp_count FROM `xueche1_list` WHERE ( masterid='A315142F-EDA0-B65D-6978-DD27D277D095' ) LIMIT 1   [ RunTime:0.0002s ]
SQL: SELECT COUNT(*) AS tp_count FROM `xueche1_reservation` WHERE ( masterid='A315142F-EDA0-B65D-6978-DD27D277D095' ) LIMIT 1   [ RunTime:0.0002s ]
SQL: SELECT COUNT(*) AS tp_count FROM `xueche1_list` WHERE ( masterid='8D5907E3-295D-8B09-E721-45F73093E9EF' ) LIMIT 1   [ RunTime:0.0002s ]
SQL: SELECT COUNT(*) AS tp_count FROM `xueche1_reservation` WHERE ( masterid='8D5907E3-295D-8B09-E721-45F73093E9EF' ) LIMIT 1   [ RunTime:0.0002s ]
SQL: SELECT COUNT(*) AS tp_count FROM `xueche1_list` WHERE ( masterid='3CA640E6-3090-C42D-249B-EA3DF0FF5EB1' ) LIMIT 1   [ RunTime:0.0002s ]
SQL: SELECT COUNT(*) AS tp_count FROM `xueche1_reservation` WHERE ( masterid='3CA640E6-3090-C42D-249B-EA3DF0FF5EB1' ) LIMIT 1   [ RunTime:0.0002s ]
INFO: [ view_parse ] --START--
INFO: [ template_filter ] --START--
INFO: Run Behavior\ContentReplaceBehavior [ RunTime:0.000059s ]
INFO: [ template_filter ] --END-- [ RunTime:0.000093s ]
INFO: Run Behavior\ParseTemplateBehavior [ RunTime:0.006946s ]
INFO: [ view_parse ] --END-- [ RunTime:0.006980s ]
INFO: [ view_filter ] --START--
INFO: Run Behavior\WriteHtmlCacheBehavior [ RunTime:0.000125s ]
INFO: [ view_filter ] --END-- [ RunTime:0.000151s ]
INFO: [ app_end ] --START--
INFO: Run Behavior\ShowPageTraceBehavior [ RunTime:0.000429s ]
INFO: [ app_end ] --END-- [ RunTime:0.000463s ]

[ 2016-11-02T14:33:09+08:00 ] 101.81.13.210 /Manage/User/userList.html?p=13
INFO: [ app_init ] --START--
INFO: Run Behavior\BuildLiteBehavior [ RunTime:0.000011s ]
INFO: [ app_init ] --END-- [ RunTime:0.000298s ]
INFO: [ app_begin ] --START--
INFO: Run Behavior\ReadHtmlCacheBehavior [ RunTime:0.000372s ]
INFO: [ app_begin ] --END-- [ RunTime:0.000409s ]
SQL: SHOW COLUMNS FROM `xueche1_user` [ RunTime:0.0010s ]
SQL: SELECT COUNT(*) AS tp_count FROM `xueche1_user` LIMIT 1   [ RunTime:0.0002s ]
SQL: SELECT `id`,`account`,`sex`,`userid`,`ntime`,`nickname`,`img`,`phone`,`address`,`subjects`,`jtype`,`lastupdate`,`verify` FROM `xueche1_user` ORDER BY id asc LIMIT 96,8   [ RunTime:0.0004s ]
SQL: SHOW COLUMNS FROM `xueche1_list` [ RunTime:0.0010s ]
SQL: SELECT COUNT(*) AS tp_count FROM `xueche1_list` WHERE ( masterid='C37D6DE1-6EFF-10A9-0816-5FB56AE49019' ) LIMIT 1   [ RunTime:0.0003s ]
SQL: SHOW COLUMNS FROM `xueche1_reservation` [ RunTime:0.0007s ]
SQL: SELECT COUNT(*) AS tp_count FROM `xueche1_reservation` WHERE ( masterid='C37D6DE1-6EFF-10A9-0816-5FB56AE49019' ) LIMIT 1   [ RunTime:0.0005s ]
INFO: [ view_parse ] --START--
INFO: [ template_filter ] --START--
INFO: Run Behavior\ContentReplaceBehavior [ RunTime:0.000063s ]
INFO: [ template_filter ] --END-- [ RunTime:0.000097s ]
INFO: Run Behavior\ParseTemplateBehavior [ RunTime:0.006531s ]
INFO: [ view_parse ] --END-- [ RunTime:0.006567s ]
INFO: [ view_filter ] --START--
INFO: Run Behavior\WriteHtmlCacheBehavior [ RunTime:0.000129s ]
INFO: [ view_filter ] --END-- [ RunTime:0.000156s ]
INFO: [ app_end ] --START--
INFO: Run Behavior\ShowPageTraceBehavior [ RunTime:0.000414s ]
INFO: [ app_end ] --END-- [ RunTime:0.000446s ]

[ 2016-11-02T14:37:47+08:00 ] 101.81.13.210 /Manage/Index/index.html
INFO: [ app_init ] --START--
INFO: Run Behavior\BuildLiteBehavior [ RunTime:0.000012s ]
INFO: [ app_init ] --END-- [ RunTime:0.000300s ]
INFO: [ app_begin ] --START--
INFO: Run Behavior\ReadHtmlCacheBehavior [ RunTime:0.000374s ]
INFO: [ app_begin ] --END-- [ RunTime:0.000411s ]

[ 2016-11-02T14:37:47+08:00 ] 101.81.13.210 /Manage/index/login.html
INFO: [ app_init ] --START--
INFO: Run Behavior\BuildLiteBehavior [ RunTime:0.000010s ]
INFO: [ app_init ] --END-- [ RunTime:0.000282s ]
INFO: [ app_begin ] --START--
INFO: Run Behavior\ReadHtmlCacheBehavior [ RunTime:0.000384s ]
INFO: [ app_begin ] --END-- [ RunTime:0.000421s ]
INFO: [ view_parse ] --START--
INFO: [ template_filter ] --START--
INFO: Run Behavior\ContentReplaceBehavior [ RunTime:0.000046s ]
INFO: [ template_filter ] --END-- [ RunTime:0.000081s ]
INFO: Run Behavior\ParseTemplateBehavior [ RunTime:0.004555s ]
INFO: [ view_parse ] --END-- [ RunTime:0.004590s ]
INFO: [ view_filter ] --START--
INFO: Run Behavior\WriteHtmlCacheBehavior [ RunTime:0.000123s ]
INFO: [ view_filter ] --END-- [ RunTime:0.000150s ]
INFO: [ app_end ] --START--
INFO: Run Behavior\ShowPageTraceBehavior [ RunTime:0.000428s ]
INFO: [ app_end ] --END-- [ RunTime:0.000459s ]

[ 2016-11-02T14:37:47+08:00 ] 101.81.13.210 /Manage/Index/verify.html
INFO: [ app_init ] --START--
INFO: Run Behavior\BuildLiteBehavior [ RunTime:0.000010s ]
INFO: [ app_init ] --END-- [ RunTime:0.000291s ]
INFO: [ app_begin ] --START--
INFO: Run Behavior\ReadHtmlCacheBehavior [ RunTime:0.000373s ]
INFO: [ app_begin ] --END-- [ RunTime:0.000409s ]
INFO: [ app_end ] --START--
INFO: Run Behavior\ShowPageTraceBehavior [ RunTime:0.000449s ]
INFO: [ app_end ] --END-- [ RunTime:0.000496s ]

[ 2016-11-02T14:38:01+08:00 ] 101.81.13.210 /Manage/Index/checkuser.html
INFO: [ app_init ] --START--
INFO: Run Behavior\BuildLiteBehavior [ RunTime:0.000014s ]
INFO: [ app_init ] --END-- [ RunTime:0.000319s ]
INFO: [ app_begin ] --START--
INFO: Run Behavior\ReadHtmlCacheBehavior [ RunTime:0.000378s ]
INFO: [ app_begin ] --END-- [ RunTime:0.000414s ]
SQL: SHOW COLUMNS FROM `xueche1_admin` [ RunTime:0.0010s ]
SQL: SELECT count(*),`pass`,`masgroup`,`flag`,`username`,`role` FROM `xueche1_admin` WHERE ( account='admin' ) LIMIT 1   [ RunTime:0.0003s ]
INFO: [ app_end ] --START--
INFO: Run Behavior\ShowPageTraceBehavior [ RunTime:0.000422s ]
INFO: [ app_end ] --END-- [ RunTime:0.000458s ]

[ 2016-11-02T14:38:02+08:00 ] 101.81.13.210 /Manage/Index/verify.html?+new%20Date()
INFO: [ app_init ] --START--
INFO: Run Behavior\BuildLiteBehavior [ RunTime:0.000014s ]
INFO: [ app_init ] --END-- [ RunTime:0.000312s ]
INFO: [ app_begin ] --START--
INFO: Run Behavior\ReadHtmlCacheBehavior [ RunTime:0.000388s ]
INFO: [ app_begin ] --END-- [ RunTime:0.000425s ]
INFO: [ app_end ] --START--
INFO: Run Behavior\ShowPageTraceBehavior [ RunTime:0.000431s ]
INFO: [ app_end ] --END-- [ RunTime:0.000474s ]

[ 2016-11-02T14:38:09+08:00 ] 101.81.13.210 /Manage/Index/checkuser.html
INFO: [ app_init ] --START--
INFO: Run Behavior\BuildLiteBehavior [ RunTime:0.000011s ]
INFO: [ app_init ] --END-- [ RunTime:0.000291s ]
INFO: [ app_begin ] --START--
INFO: Run Behavior\ReadHtmlCacheBehavior [ RunTime:0.000367s ]
INFO: [ app_begin ] --END-- [ RunTime:0.000403s ]
SQL: SHOW COLUMNS FROM `xueche1_admin` [ RunTime:0.0009s ]
SQL: SELECT count(*),`pass`,`masgroup`,`flag`,`username`,`role` FROM `xueche1_admin` WHERE ( account='admin' ) LIMIT 1   [ RunTime:0.0003s ]
SQL: SHOW COLUMNS FROM `xueche1_adminlog` [ RunTime:0.0006s ]
SQL: INSERT INTO `xueche1_adminlog` (`account`,`ntime`,`nip`,`info`) VALUES ('admin','1478068689','1699810770','登录') [ RunTime:0.0058s ]
INFO: [ app_end ] --START--
INFO: Run Behavior\ShowPageTraceBehavior [ RunTime:0.000507s ]
INFO: [ app_end ] --END-- [ RunTime:0.000564s ]

[ 2016-11-02T14:38:10+08:00 ] 101.81.13.210 /Manage/Index/index.html
INFO: [ app_init ] --START--
INFO: Run Behavior\BuildLiteBehavior [ RunTime:0.000011s ]
INFO: [ app_init ] --END-- [ RunTime:0.000289s ]
INFO: [ app_begin ] --START--
INFO: Run Behavior\ReadHtmlCacheBehavior [ RunTime:0.000372s ]
INFO: [ app_begin ] --END-- [ RunTime:0.000409s ]
SQL: SHOW COLUMNS FROM `xueche1_admin` [ RunTime:0.0009s ]
SQL: SELECT `permissId` FROM `xueche1_admin` WHERE ( account='admin' ) LIMIT 1   [ RunTime:0.0003s ]
INFO: [ view_parse ] --START--
INFO: [ template_filter ] --START--
INFO: Run Behavior\ContentReplaceBehavior [ RunTime:0.000108s ]
INFO: [ template_filter ] --END-- [ RunTime:0.000144s ]
INFO: Run Behavior\ParseTemplateBehavior [ RunTime:0.006499s ]
INFO: [ view_parse ] --END-- [ RunTime:0.006532s ]
INFO: [ view_filter ] --START--
INFO: Run Behavior\WriteHtmlCacheBehavior [ RunTime:0.000124s ]
INFO: [ view_filter ] --END-- [ RunTime:0.000150s ]
INFO: [ app_end ] --START--
INFO: Run Behavior\ShowPageTraceBehavior [ RunTime:0.000438s ]
INFO: [ app_end ] --END-- [ RunTime:0.000474s ]

[ 2016-11-02T14:38:10+08:00 ] 101.81.13.210 /Manage/Index/welcome.html
INFO: [ app_init ] --START--
INFO: Run Behavior\BuildLiteBehavior [ RunTime:0.000013s ]
INFO: [ app_init ] --END-- [ RunTime:0.000307s ]
INFO: [ app_begin ] --START--
INFO: Run Behavior\ReadHtmlCacheBehavior [ RunTime:0.000377s ]
INFO: [ app_begin ] --END-- [ RunTime:0.000414s ]
SQL: SHOW COLUMNS FROM `xueche1_adminlog` [ RunTime:0.0008s ]
SQL: SELECT `ntime`,`nip` FROM `xueche1_adminlog` WHERE ( account='admin' ) ORDER BY id desc LIMIT 1   [ RunTime:0.0006s ]
SQL: SELECT COUNT(*) AS tp_count FROM `xueche1_adminlog` WHERE ( account='admin' ) LIMIT 1   [ RunTime:0.0003s ]
SQL: SHOW COLUMNS FROM `xueche1_list` [ RunTime:0.0010s ]
SQL: SELECT `state`,count(id) as id FROM `xueche1_list` WHERE ( listtime like '%2016-11-02%' ) GROUP BY state  [ RunTime:0.0004s ]
SQL: SELECT `state`,count(id) as id FROM `xueche1_list` WHERE ( listtime like '%2016-11-01%' ) GROUP BY state  [ RunTime:0.0004s ]
SQL: SELECT `state`,count(id) as id FROM `xueche1_list` WHERE ( listtime like '%2016-11%' ) GROUP BY state  [ RunTime:0.0003s ]
SQL: SELECT `state`,count(id) as id FROM `xueche1_list` WHERE ( listtime like '%2016-10%' ) GROUP BY state  [ RunTime:0.0004s ]
SQL: SELECT count(id) as id FROM `xueche1_list` GROUP BY state  [ RunTime:0.0006s ]
NOTIC: [8] Undefined index: state /var/www/xueche/Application/Manage/Controller/IndexController.class.php 第 81 行.
NOTIC: [8] Undefined variable: count /var/www/xueche/Application/Manage/Controller/IndexController.class.php 第 82 行.
NOTIC: [8] Undefined offset: 0 /var/www/xueche/Application/Manage/Controller/IndexController.class.php 第 83 行.
NOTIC: [8] Undefined offset: 0 /var/www/xueche/Application/Manage/Controller/IndexController.class.php 第 83 行.
NOTIC: [8] Undefined index: state /var/www/xueche/Application/Manage/Controller/IndexController.class.php 第 81 行.
NOTIC: [8] Undefined offset: 1 /var/www/xueche/Application/Manage/Controller/IndexController.class.php 第 83 行.
NOTIC: [8] Undefined offset: 1 /var/www/xueche/Application/Manage/Controller/IndexController.class.php 第 83 行.
NOTIC: [8] Undefined offset: 1 /var/www/xueche/Application/Manage/Controller/IndexController.class.php 第 84 行.
NOTIC: [8] Undefined offset: 1 /var/www/xueche/Application/Manage/Controller/IndexController.class.php 第 84 行.
NOTIC: [8] Undefined offset: 1 /var/www/xueche/Application/Manage/Controller/IndexController.class.php 第 85 行.
NOTIC: [8] Undefined offset: 1 /var/www/xueche/Application/Manage/Controller/IndexController.class.php 第 85 行.
NOTIC: [8] Undefined index: state /var/www/xueche/Application/Manage/Controller/IndexController.class.php 第 81 行.
NOTIC: [8] Undefined offset: 2 /var/www/xueche/Application/Manage/Controller/IndexController.class.php 第 83 行.
NOTIC: [8] Undefined offset: 2 /var/www/xueche/Application/Manage/Controller/IndexController.class.php 第 83 行.
NOTIC: [8] Undefined offset: 2 /var/www/xueche/Application/Manage/Controller/IndexController.class.php 第 84 行.
NOTIC: [8] Undefined offset: 2 /var/www/xueche/Application/Manage/Controller/IndexController.class.php 第 84 行.
NOTIC: [8] Undefined offset: 2 /var/www/xueche/Application/Manage/Controller/IndexController.class.php 第 85 行.
NOTIC: [8] Undefined offset: 2 /var/www/xueche/Application/Manage/Controller/IndexController.class.php 第 85 行.
NOTIC: [8] Undefined index: state /var/www/xueche/Application/Manage/Controller/IndexController.class.php 第 81 行.
NOTIC: [8] Undefined offset: 3 /var/www/xueche/Application/Manage/Controller/IndexController.class.php 第 83 行.
NOTIC: [8] Undefined offset: 3 /var/www/xueche/Application/Manage/Controller/IndexController.class.php 第 83 行.
NOTIC: [8] Undefined offset: 3 /var/www/xueche/Application/Manage/Controller/IndexController.class.php 第 84 行.
NOTIC: [8] Undefined offset: 3 /var/www/xueche/Application/Manage/Controller/IndexController.class.php 第 84 行.
NOTIC: [8] Undefined offset: 3 /var/www/xueche/Application/Manage/Controller/IndexController.class.php 第 85 行.
NOTIC: [8] Undefined offset: 3 /var/www/xueche/Application/Manage/Controller/IndexController.class.php 第 85 行.
NOTIC: [8] Undefined index: state /var/www/xueche/Application/Manage/Controller/IndexController.class.php 第 81 行.
NOTIC: [8] Undefined offset: 4 /var/www/xueche/Application/Manage/Controller/IndexController.class.php 第 83 行.
NOTIC: [8] Undefined offset: 4 /var/www/xueche/Application/Manage/Controller/IndexController.class.php 第 83 行.
NOTIC: [8] Undefined offset: 4 /var/www/xueche/Application/Manage/Controller/IndexController.class.php 第 84 行.
NOTIC: [8] Undefined offset: 4 /var/www/xueche/Application/Manage/Controller/IndexController.class.php 第 84 行.
NOTIC: [8] Undefined offset: 4 /var/www/xueche/Application/Manage/Controller/IndexController.class.php 第 85 行.
NOTIC: [8] Undefined offset: 4 /var/www/xueche/Application/Manage/Controller/IndexController.class.php 第 85 行.
NOTIC: [8] Undefined offset: 4 /var/www/xueche/Application/Manage/Controller/IndexController.class.php 第 86 行.
NOTIC: [8] Undefined offset: 4 /var/www/xueche/Application/Manage/Controller/IndexController.class.php 第 86 行.
SQL: SELECT count(id) as id FROM `xueche1_list` WHERE ( listtime like '%2016-11-02%' ) LIMIT 1   [ RunTime:0.0003s ]
SQL: SELECT count(id) as id FROM `xueche1_list` WHERE ( listtime like '%2016-11-01%' ) LIMIT 1   [ RunTime:0.0003s ]
SQL: SELECT count(id) as id FROM `xueche1_list` WHERE ( listtime like '%2016-11%' ) LIMIT 1   [ RunTime:0.0003s ]
SQL: SELECT count(id) as id FROM `xueche1_list` WHERE ( listtime like '%2016-10%' ) LIMIT 1   [ RunTime:0.0003s ]
INFO: [ view_parse ] --START--
INFO: [ template_filter ] --START--
INFO: Run Behavior\ContentReplaceBehavior [ RunTime:0.000062s ]
INFO: [ template_filter ] --END-- [ RunTime:0.000095s ]
NOTIC: [8] Undefined offset: 0 /var/www/xueche/Application/Runtime/Cache/Manage/1e288adad12e0bfd37a0b3a2cdaf852e.php 第 54 行.
NOTIC: [8] Undefined offset: 1 /var/www/xueche/Application/Runtime/Cache/Manage/1e288adad12e0bfd37a0b3a2cdaf852e.php 第 55 行.
NOTIC: [8] Undefined offset: 1 /var/www/xueche/Application/Runtime/Cache/Manage/1e288adad12e0bfd37a0b3a2cdaf852e.php 第 56 行.
NOTIC: [8] Undefined offset: 2 /var/www/xueche/Application/Runtime/Cache/Manage/1e288adad12e0bfd37a0b3a2cdaf852e.php 第 57 行.
NOTIC: [8] Undefined offset: 3 /var/www/xueche/Application/Runtime/Cache/Manage/1e288adad12e0bfd37a0b3a2cdaf852e.php 第 58 行.
NOTIC: [8] Undefined offset: 1 /var/www/xueche/Application/Runtime/Cache/Manage/1e288adad12e0bfd37a0b3a2cdaf852e.php 第 65 行.
NOTIC: [8] Undefined offset: 1 /var/www/xueche/Application/Runtime/Cache/Manage/1e288adad12e0bfd37a0b3a2cdaf852e.php 第 66 行.
NOTIC: [8] Undefined offset: 2 /var/www/xueche/Application/Runtime/Cache/Manage/1e288adad12e0bfd37a0b3a2cdaf852e.php 第 67 行.
NOTIC: [8] Undefined offset: 3 /var/www/xueche/Application/Runtime/Cache/Manage/1e288adad12e0bfd37a0b3a2cdaf852e.php 第 68 行.
NOTIC: [8] Undefined offset: 1 /var/www/xueche/Application/Runtime/Cache/Manage/1e288adad12e0bfd37a0b3a2cdaf852e.php 第 75 行.
NOTIC: [8] Undefined offset: 1 /var/www/xueche/Application/Runtime/Cache/Manage/1e288adad12e0bfd37a0b3a2cdaf852e.php 第 76 行.
NOTIC: [8] Undefined offset: 4 /var/www/xueche/Application/Runtime/Cache/Manage/1e288adad12e0bfd37a0b3a2cdaf852e.php 第 77 行.
NOTIC: [8] Undefined offset: 3 /var/www/xueche/Application/Runtime/Cache/Manage/1e288adad12e0bfd37a0b3a2cdaf852e.php 第 78 行.
NOTIC: [8] Undefined offset: 2 /var/www/xueche/Application/Runtime/Cache/Manage/1e288adad12e0bfd37a0b3a2cdaf852e.php 第 87 行.
NOTIC: [8] Undefined variable: ww /var/www/xueche/Application/Runtime/Cache/Manage/1e288adad12e0bfd37a0b3a2cdaf852e.php 第 102 行.
NOTIC: [8] Undefined variable: php /var/www/xueche/Application/Runtime/Cache/Manage/1e288adad12e0bfd37a0b3a2cdaf852e.php 第 106 行.
NOTIC: [8] Undefined variable: ver /var/www/xueche/Application/Runtime/Cache/Manage/1e288adad12e0bfd37a0b3a2cdaf852e.php 第 130 行.
NOTIC: [8] Undefined variable: s /var/www/xueche/Application/Runtime/Cache/Manage/1e288adad12e0bfd37a0b3a2cdaf852e.php 第 134 行.
NOTIC: [8] Undefined variable: tp /var/www/xueche/Application/Runtime/Cache/Manage/1e288adad12e0bfd37a0b3a2cdaf852e.php 第 138 行.
NOTIC: [8] Undefined variable: sql /var/www/xueche/Application/Runtime/Cache/Manage/1e288adad12e0bfd37a0b3a2cdaf852e.php 第 142 行.
NOTIC: [8] Undefined variable: file /var/www/xueche/Application/Runtime/Cache/Manage/1e288adad12e0bfd37a0b3a2cdaf852e.php 第 150 行.
INFO: Run Behavior\ParseTemplateBehavior [ RunTime:0.006031s ]
INFO: [ view_parse ] --END-- [ RunTime:0.006060s ]
INFO: [ view_filter ] --START--
INFO: Run Behavior\WriteHtmlCacheBehavior [ RunTime:0.000125s ]
INFO: [ view_filter ] --END-- [ RunTime:0.000152s ]
INFO: [ app_end ] --START--
INFO: Run Behavior\ShowPageTraceBehavior [ RunTime:0.000403s ]
INFO: [ app_end ] --END-- [ RunTime:0.000434s ]

[ 2016-11-02T14:38:10+08:00 ] 101.81.13.210 /Manage/Index/skin/default/skin.css
INFO: [ app_init ] --START--
INFO: Run Behavior\BuildLiteBehavior [ RunTime:0.000015s ]
INFO: [ app_init ] --END-- [ RunTime:0.000306s ]
INFO: [ app_begin ] --START--
INFO: Run Behavior\ReadHtmlCacheBehavior [ RunTime:0.000406s ]
INFO: [ app_begin ] --END-- [ RunTime:0.000443s ]
ERR: 非法操作:skin

[ 2016-11-02T14:38:12+08:00 ] 101.81.13.210 /Manage/School/schoolList.html
INFO: [ app_init ] --START--
INFO: Run Behavior\BuildLiteBehavior [ RunTime:0.000011s ]
INFO: [ app_init ] --END-- [ RunTime:0.000315s ]
INFO: [ app_begin ] --START--
INFO: Run Behavior\ReadHtmlCacheBehavior [ RunTime:0.000392s ]
INFO: [ app_begin ] --END-- [ RunTime:0.000428s ]
NOTIC: [8] Undefined index: nickname /var/www/xueche/Application/Manage/Controller/SchoolController.class.php 第 68 行.
NOTIC: [8] Undefined index: city /var/www/xueche/Application/Manage/Controller/SchoolController.class.php 第 75 行.
NOTIC: [8] Undefined index: city /var/www/xueche/Application/Manage/Controller/SchoolController.class.php 第 80 行.
NOTIC: [8] Undefined index: nickname /var/www/xueche/Application/Manage/Controller/SchoolController.class.php 第 80 行.
SQL: SHOW COLUMNS FROM `xueche1_school` [ RunTime:0.0013s ]
NOTIC: [8] Undefined variable: where /var/www/xueche/Application/Manage/Controller/SchoolController.class.php 第 85 行.
SQL: SELECT COUNT(*) AS tp_count FROM xueche1_school s LIMIT 1   [ RunTime:0.0004s ]
NOTIC: [8] Undefined variable: where /var/www/xueche/Application/Manage/Controller/SchoolController.class.php 第 90 行.
SQL: SELECT s.userid,s.cityid FROM xueche1_school s ORDER BY s.id LIMIT 0,8   [ RunTime:0.0002s ]
NOTIC: [8] Undefined variable: where /var/www/xueche/Application/Manage/Controller/SchoolController.class.php 第 93 行.
SQL: SELECT s.id,s.account,s.userid,s.nickname,s.img,s.phone,s.type,s.address,count(t.id) as traincount,s.connectteacher,s.cityid,s.verify,s.lastupdate FROM xueche1_school s left join xueche1_schooltrain t on t.schoolid=s.userid  GROUP BY s.userid ORDER BY s.id LIMIT 0,8   [ RunTime:0.0272s ]
SQL: SHOW COLUMNS FROM `xueche1_attention` [ RunTime:0.0007s ]
SQL: SELECT COUNT(*) AS tp_count FROM `xueche1_attention` WHERE ( objectid='D18CF959-EDB7-B2C2-C8D0-85CFB1415721' ) LIMIT 1   [ RunTime:0.0003s ]
SQL: SHOW COLUMNS FROM `xueche1_trainclass` [ RunTime:0.0008s ]
SQL: SELECT COUNT(*) AS tp_count FROM `xueche1_trainclass` WHERE ( masterid='D18CF959-EDB7-B2C2-C8D0-85CFB1415721' ) LIMIT 1   [ RunTime:0.0003s ]
SQL: SHOW COLUMNS FROM `xueche1_sign` [ RunTime:0.0006s ]
SQL: SELECT COUNT(*) AS tp_count FROM `xueche1_sign` WHERE ( masterid='D18CF959-EDB7-B2C2-C8D0-85CFB1415721' ) LIMIT 1   [ RunTime:0.0003s ]
SQL: SHOW COLUMNS FROM `xueche1_citys` [ RunTime:0.0006s ]
SQL: SELECT `cityname` FROM `xueche1_citys` WHERE ( id='1' ) LIMIT 1   [ RunTime:0.0002s ]
SQL: SHOW COLUMNS FROM `xueche1_student` [ RunTime:0.0007s ]
SQL: SELECT COUNT(*) AS tp_count FROM xueche1_student s INNER JOIN xueche1_user u on s.userid=u.userid and s.masterid='D18CF959-EDB7-B2C2-C8D0-85CFB1415721'  LIMIT 1   [ RunTime:0.0003s ]
SQL: SHOW COLUMNS FROM `xueche1_coach` [ RunTime:0.0011s ]
SQL: SELECT `nickname`,`userid` FROM `xueche1_coach` WHERE ( masterid='D18CF959-EDB7-B2C2-C8D0-85CFB1415721' )  [ RunTime:0.0009s ]
SQL: SELECT COUNT(*) AS tp_count FROM xueche1_student s INNER JOIN xueche1_user u on s.userid=u.userid and s.masterid='A25BF70C-D5FC-2956-5760-06611F40EBC7'  LIMIT 1   [ RunTime:0.0003s ]
SQL: SELECT COUNT(*) AS tp_count FROM `xueche1_attention` WHERE ( objectid='105BF1E9-C4A7-42AC-A74E-ED080F162A81' ) LIMIT 1   [ RunTime:0.0002s ]
SQL: SELECT COUNT(*) AS tp_count FROM `xueche1_trainclass` WHERE ( masterid='105BF1E9-C4A7-42AC-A74E-ED080F162A81' ) LIMIT 1   [ RunTime:0.0002s ]
SQL: SELECT COUNT(*) AS tp_count FROM `xueche1_sign` WHERE ( masterid='105BF1E9-C4A7-42AC-A74E-ED080F162A81' ) LIMIT 1   [ RunTime:0.0002s ]
SQL: SELECT `cityname` FROM `xueche1_citys` WHERE ( id='15' ) LIMIT 1   [ RunTime:0.0002s ]
SQL: SELECT COUNT(*) AS tp_count FROM xueche1_student s INNER JOIN xueche1_user u on s.userid=u.userid and s.masterid='105BF1E9-C4A7-42AC-A74E-ED080F162A81'  LIMIT 1   [ RunTime:0.0002s ]
SQL: SELECT `nickname`,`userid` FROM `xueche1_coach` WHERE ( masterid='105BF1E9-C4A7-42AC-A74E-ED080F162A81' )  [ RunTime:0.0008s ]
SQL: SELECT COUNT(*) AS tp_count FROM `xueche1_attention` WHERE ( objectid='BC7547F9-CDC6-3432-1FF1-601A66BCB3F6' ) LIMIT 1   [ RunTime:0.0002s ]
SQL: SELECT COUNT(*) AS tp_count FROM `xueche1_trainclass` WHERE ( masterid='BC7547F9-CDC6-3432-1FF1-601A66BCB3F6' ) LIMIT 1   [ RunTime:0.0002s ]
SQL: SELECT COUNT(*) AS tp_count FROM `xueche1_sign` WHERE ( masterid='BC7547F9-CDC6-3432-1FF1-601A66BCB3F6' ) LIMIT 1   [ RunTime:0.0002s ]
SQL: SELECT `cityname` FROM `xueche1_citys` WHERE ( id='1' ) LIMIT 1   [ RunTime:0.0002s ]
SQL: SELECT COUNT(*) AS tp_count FROM xueche1_student s INNER JOIN xueche1_user u on s.userid=u.userid and s.masterid='BC7547F9-CDC6-3432-1FF1-601A66BCB3F6'  LIMIT 1   [ RunTime:0.0002s ]
SQL: SELECT `nickname`,`userid` FROM `xueche1_coach` WHERE ( masterid='BC7547F9-CDC6-3432-1FF1-601A66BCB3F6' )  [ RunTime:0.0008s ]
SQL: SELECT COUNT(*) AS tp_count FROM xueche1_student s INNER JOIN xueche1_user u on s.userid=u.userid and s.masterid='EB1E6891-7619-4F58-DF59-594C19781EA3'  LIMIT 1   [ RunTime:0.0002s ]
SQL: SELECT COUNT(*) AS tp_count FROM `xueche1_attention` WHERE ( objectid='6C7E6108-806A-A9BE-DB34-A04A9AC88110' ) LIMIT 1   [ RunTime:0.0002s ]
SQL: SELECT COUNT(*) AS tp_count FROM `xueche1_trainclass` WHERE ( masterid='6C7E6108-806A-A9BE-DB34-A04A9AC88110' ) LIMIT 1   [ RunTime:0.0002s ]
SQL: SELECT COUNT(*) AS tp_count FROM `xueche1_sign` WHERE ( masterid='6C7E6108-806A-A9BE-DB34-A04A9AC88110' ) LIMIT 1   [ RunTime:0.0002s ]
SQL: SELECT `cityname` FROM `xueche1_citys` WHERE ( id='1' ) LIMIT 1   [ RunTime:0.0002s ]
SQL: SELECT COUNT(*) AS tp_count FROM xueche1_student s INNER JOIN xueche1_user u on s.userid=u.userid and s.masterid='6C7E6108-806A-A9BE-DB34-A04A9AC88110'  LIMIT 1   [ RunTime:0.0003s ]
SQL: SELECT `nickname`,`userid` FROM `xueche1_coach` WHERE ( masterid='6C7E6108-806A-A9BE-DB34-A04A9AC88110' )  [ RunTime:0.0009s ]
SQL: SELECT COUNT(*) AS tp_count FROM `xueche1_attention` WHERE ( objectid='B7FB97B8-C71C-CB17-5AC8-9E427BD9A61B' ) LIMIT 1   [ RunTime:0.0002s ]
SQL: SELECT COUNT(*) AS tp_count FROM `xueche1_trainclass` WHERE ( masterid='B7FB97B8-C71C-CB17-5AC8-9E427BD9A61B' ) LIMIT 1   [ RunTime:0.0002s ]
SQL: SELECT COUNT(*) AS tp_count FROM `xueche1_sign` WHERE ( masterid='B7FB97B8-C71C-CB17-5AC8-9E427BD9A61B' ) LIMIT 1   [ RunTime:0.0002s ]
SQL: SELECT `cityname` FROM `xueche1_citys` WHERE ( id='1' ) LIMIT 1   [ RunTime:0.0002s ]
SQL: SELECT COUNT(*) AS tp_count FROM xueche1_student s INNER JOIN xueche1_user u on s.userid=u.userid and s.masterid='B7FB97B8-C71C-CB17-5AC8-9E427BD9A61B'  LIMIT 1   [ RunTime:0.0002s ]
SQL: SELECT `nickname`,`userid` FROM `xueche1_coach` WHERE ( masterid='B7FB97B8-C71C-CB17-5AC8-9E427BD9A61B' )  [ RunTime:0.0008s ]
SQL: SELECT COUNT(*) AS tp_count FROM `xueche1_attention` WHERE ( objectid='AA0F9918-4DE4-412F-738C-954DAFF1F857' ) LIMIT 1   [ RunTime:0.0002s ]
SQL: SELECT COUNT(*) AS tp_count FROM `xueche1_trainclass` WHERE ( masterid='AA0F9918-4DE4-412F-738C-954DAFF1F857' ) LIMIT 1   [ RunTime:0.0002s ]
SQL: SELECT COUNT(*) AS tp_count FROM `xueche1_sign` WHERE ( masterid='AA0F9918-4DE4-412F-738C-954DAFF1F857' ) LIMIT 1   [ RunTime:0.0002s ]
SQL: SELECT `cityname` FROM `xueche1_citys` WHERE ( id='1' ) LIMIT 1   [ RunTime:0.0002s ]
SQL: SELECT COUNT(*) AS tp_count FROM xueche1_student s INNER JOIN xueche1_user u on s.userid=u.userid and s.masterid='AA0F9918-4DE4-412F-738C-954DAFF1F857'  LIMIT 1   [ RunTime:0.0003s ]
SQL: SELECT `nickname`,`userid` FROM `xueche1_coach` WHERE ( masterid='AA0F9918-4DE4-412F-738C-954DAFF1F857' )  [ RunTime:0.0008s ]
SQL: SELECT COUNT(*) AS tp_count FROM xueche1_student s INNER JOIN xueche1_user u on s.userid=u.userid and s.masterid='EBE5AD29-A3BA-7B60-9B79-9AB09CB308B7'  LIMIT 1   [ RunTime:0.0002s ]
SQL: SELECT COUNT(*) AS tp_count FROM xueche1_student s INNER JOIN xueche1_user u on s.userid=u.userid and s.masterid='D537245B-A49E-9828-E063-4C2C63DEC273'  LIMIT 1   [ RunTime:0.0002s ]
SQL: SELECT COUNT(*) AS tp_count FROM xueche1_student s INNER JOIN xueche1_user u on s.userid=u.userid and s.masterid='ADC55564-F55E-B1DA-77F2-CC5BB6F93267'  LIMIT 1   [ RunTime:0.0002s ]
SQL: SELECT COUNT(*) AS tp_count FROM `xueche1_attention` WHERE ( objectid='E9581929-CF91-99CF-237F-FB07C3AB2091' ) LIMIT 1   [ RunTime:0.0002s ]
SQL: SELECT COUNT(*) AS tp_count FROM `xueche1_trainclass` WHERE ( masterid='E9581929-CF91-99CF-237F-FB07C3AB2091' ) LIMIT 1   [ RunTime:0.0002s ]
SQL: SELECT COUNT(*) AS tp_count FROM `xueche1_sign` WHERE ( masterid='E9581929-CF91-99CF-237F-FB07C3AB2091' ) LIMIT 1   [ RunTime:0.0002s ]
SQL: SELECT `cityname` FROM `xueche1_citys` WHERE ( id='1' ) LIMIT 1   [ RunTime:0.0002s ]
SQL: SELECT COUNT(*) AS tp_count FROM xueche1_student s INNER JOIN xueche1_user u on s.userid=u.userid and s.masterid='E9581929-CF91-99CF-237F-FB07C3AB2091'  LIMIT 1   [ RunTime:0.0002s ]
SQL: SELECT `nickname`,`userid` FROM `xueche1_coach` WHERE ( masterid='E9581929-CF91-99CF-237F-FB07C3AB2091' )  [ RunTime:0.0008s ]
SQL: SELECT COUNT(*) AS tp_count FROM `xueche1_attention` WHERE ( objectid='921E6D53-1E61-31F4-6912-39E9051C9777' ) LIMIT 1   [ RunTime:0.0002s ]
SQL: SELECT COUNT(*) AS tp_count FROM `xueche1_trainclass` WHERE ( masterid='921E6D53-1E61-31F4-6912-39E9051C9777' ) LIMIT 1   [ RunTime:0.0002s ]
SQL: SELECT COUNT(*) AS tp_count FROM `xueche1_sign` WHERE ( masterid='921E6D53-1E61-31F4-6912-39E9051C9777' ) LIMIT 1   [ RunTime:0.0002s ]
SQL: SELECT `cityname` FROM `xueche1_citys` WHERE ( id='1' ) LIMIT 1   [ RunTime:0.0002s ]
SQL: SELECT COUNT(*) AS tp_count FROM xueche1_student s INNER JOIN xueche1_user u on s.userid=u.userid and s.masterid='921E6D53-1E61-31F4-6912-39E9051C9777'  LIMIT 1   [ RunTime:0.0003s ]
SQL: SELECT `nickname`,`userid` FROM `xueche1_coach` WHERE ( masterid='921E6D53-1E61-31F4-6912-39E9051C9777' )  [ RunTime:0.0008s ]
INFO: [ view_parse ] --START--
INFO: [ template_filter ] --START--
INFO: Run Behavior\ContentReplaceBehavior [ RunTime:0.000066s ]
INFO: [ template_filter ] --END-- [ RunTime:0.000100s ]
NOTIC: [8] Undefined index: newscount /var/www/xueche/Application/Runtime/Cache/Manage/efc7e28ecd813da06c08cf808820418f.php 第 83 行.
NOTIC: [8] Undefined index: newscount /var/www/xueche/Application/Runtime/Cache/Manage/efc7e28ecd813da06c08cf808820418f.php 第 83 行.
NOTIC: [8] Undefined index: newscount /var/www/xueche/Application/Runtime/Cache/Manage/efc7e28ecd813da06c08cf808820418f.php 第 83 行.
NOTIC: [8] Undefined index: newscount /var/www/xueche/Application/Runtime/Cache/Manage/efc7e28ecd813da06c08cf808820418f.php 第 83 行.
NOTIC: [8] Undefined index: newscount /var/www/xueche/Application/Runtime/Cache/Manage/efc7e28ecd813da06c08cf808820418f.php 第 83 行.
NOTIC: [8] Undefined index: newscount /var/www/xueche/Application/Runtime/Cache/Manage/efc7e28ecd813da06c08cf808820418f.php 第 83 行.
NOTIC: [8] Undefined index: newscount /var/www/xueche/Application/Runtime/Cache/Manage/efc7e28ecd813da06c08cf808820418f.php 第 83 行.
NOTIC: [8] Undefined index: newscount /var/www/xueche/Application/Runtime/Cache/Manage/efc7e28ecd813da06c08cf808820418f.php 第 83 行.
INFO: Run Behavior\ParseTemplateBehavior [ RunTime:0.007833s ]
INFO: [ view_parse ] --END-- [ RunTime:0.007865s ]
INFO: [ view_filter ] --START--
INFO: Run Behavior\WriteHtmlCacheBehavior [ RunTime:0.000128s ]
INFO: [ view_filter ] --END-- [ RunTime:0.000177s ]
INFO: [ app_end ] --START--
INFO: Run Behavior\ShowPageTraceBehavior [ RunTime:0.000415s ]
INFO: [ app_end ] --END-- [ RunTime:0.000451s ]

[ 2016-11-02T14:38:14+08:00 ] 101.81.13.210 /Manage/list/orderList.html
INFO: [ app_init ] --START--
INFO: Run Behavior\BuildLiteBehavior [ RunTime:0.000011s ]
INFO: [ app_init ] --END-- [ RunTime:0.000289s ]
INFO: [ app_begin ] --START--
INFO: Run Behavior\ReadHtmlCacheBehavior [ RunTime:0.000371s ]
INFO: [ app_begin ] --END-- [ RunTime:0.000407s ]
SQL: SHOW COLUMNS FROM `xueche1_list` [ RunTime:0.0014s ]
SQL: SELECT COUNT(*) AS tp_count FROM xueche1_list l LIMIT 1   [ RunTime:0.0003s ]
SQL: SELECT `id`,`listid`,`listtime`,`masterid`,`objectid`,`phone`,`stucount`,`listname`,`paymethod`,`liststate`,`paytime`,`state`,`classid`,`customer`,`note`,`type`,`returndate`,`lastupdate`,`CL_type`,`flag`,`preferentialprice`,`gmt_payment` FROM xueche1_list l ORDER BY id desc LIMIT 0,13   [ RunTime:0.0005s ]
SQL: SHOW COLUMNS FROM `xueche1_trainclass` [ RunTime:0.0008s ]
SQL: SELECT `name` FROM `xueche1_trainclass` WHERE ( tcid=10 ) LIMIT 1   [ RunTime:0.0002s ]
SQL: SHOW COLUMNS FROM `xueche1_admin` [ RunTime:0.0007s ]
SQL: SELECT `username` FROM `xueche1_admin` WHERE ( id=22 ) LIMIT 1   [ RunTime:0.0002s ]
SQL: SHOW COLUMNS FROM `xueche1_user` [ RunTime:0.0009s ]
SQL: SELECT `nickname` FROM `xueche1_user` WHERE ( userid='0BC9E90D-7014-323C-F4C1-72E8C7F568F9' ) LIMIT 1   [ RunTime:0.0003s ]
SQL: SHOW COLUMNS FROM `xueche1_coach` [ RunTime:0.0011s ]
SQL: SELECT `nickname` FROM `xueche1_coach` WHERE ( userid='E7D96389-D40B-EA8B-46DF-99FF792C0D27' ) LIMIT 1   [ RunTime:0.0003s ]
SQL: SELECT `name` FROM `xueche1_trainclass` WHERE ( tcid=10 ) LIMIT 1   [ RunTime:0.0002s ]
SQL: SELECT `username` FROM `xueche1_admin` WHERE ( id=22 ) LIMIT 1   [ RunTime:0.0002s ]
SQL: SELECT `nickname` FROM `xueche1_user` WHERE ( userid='0BC9E90D-7014-323C-F4C1-72E8C7F568F9' ) LIMIT 1   [ RunTime:0.0002s ]
SQL: SELECT `nickname` FROM `xueche1_coach` WHERE ( userid='A25BF70C-D5FC-2956-5760-06611F40EBC7' ) LIMIT 1   [ RunTime:0.0002s ]
SQL: SELECT `name` FROM `xueche1_trainclass` WHERE ( tcid=0 ) LIMIT 1   [ RunTime:0.0008s ]
SQL: SELECT `username` FROM `xueche1_admin` WHERE ( id=22 ) LIMIT 1   [ RunTime:0.0002s ]
SQL: SELECT `nickname` FROM `xueche1_user` WHERE ( userid='1ACCA599-8206-F1DA-90D3-BCFC6243E415' ) LIMIT 1   [ RunTime:0.0002s ]
SQL: SELECT `nickname` FROM `xueche1_coach` WHERE ( userid='E7D96389-D40B-EA8B-46DF-99FF792C0D27' ) LIMIT 1   [ RunTime:0.0002s ]
SQL: SELECT `name` FROM `xueche1_trainclass` WHERE ( tcid=28 ) LIMIT 1   [ RunTime:0.0002s ]
SQL: SELECT `username` FROM `xueche1_admin` WHERE ( id=22 ) LIMIT 1   [ RunTime:0.0002s ]
SQL: SELECT `nickname` FROM `xueche1_user` WHERE ( userid='7DADE2FA-3825-45A6-1C46-56061FFA9B0B' ) LIMIT 1   [ RunTime:0.0002s ]
SQL: SHOW COLUMNS FROM `xueche1_school` [ RunTime:0.0010s ]
SQL: SELECT `nickname` FROM `xueche1_school` WHERE ( userid='6C7E6108-806A-A9BE-DB34-A04A9AC88110' ) LIMIT 1   [ RunTime:0.0002s ]
SQL: SELECT `name` FROM `xueche1_trainclass` WHERE ( tcid=1 ) LIMIT 1   [ RunTime:0.0002s ]
SQL: SELECT `username` FROM `xueche1_admin` WHERE ( id=22 ) LIMIT 1   [ RunTime:0.0002s ]
SQL: SELECT `nickname` FROM `xueche1_user` WHERE ( userid='8CF687BE-A1AF-5F50-5C3F-C051BB0218A7' ) LIMIT 1   [ RunTime:0.0002s ]
SQL: SELECT `nickname` FROM `xueche1_school` WHERE ( userid='D18CF959-EDB7-B2C2-C8D0-85CFB1415721' ) LIMIT 1   [ RunTime:0.0002s ]
SQL: SELECT `name` FROM `xueche1_trainclass` WHERE ( tcid=2 ) LIMIT 1   [ RunTime:0.0002s ]
SQL: SELECT `username` FROM `xueche1_admin` WHERE ( id=22 ) LIMIT 1   [ RunTime:0.0002s ]
SQL: SELECT `nickname` FROM `xueche1_user` WHERE ( userid='7DADE2FA-3825-45A6-1C46-56061FFA9B0B' ) LIMIT 1   [ RunTime:0.0002s ]
SQL: SELECT `nickname` FROM `xueche1_school` WHERE ( userid='D18CF959-EDB7-B2C2-C8D0-85CFB1415721' ) LIMIT 1   [ RunTime:0.0002s ]
SQL: SELECT `name` FROM `xueche1_trainclass` WHERE ( tcid=71 ) LIMIT 1   [ RunTime:0.0002s ]
SQL: SELECT `username` FROM `xueche1_admin` WHERE ( id=22 ) LIMIT 1   [ RunTime:0.0002s ]
SQL: SELECT `nickname` FROM `xueche1_user` WHERE ( userid='1ACCA599-8206-F1DA-90D3-BCFC6243E415' ) LIMIT 1   [ RunTime:0.0002s ]
SQL: SELECT `nickname` FROM `xueche1_school` WHERE ( userid='1CDED6A4-1404-D478-8689-7A7EBC18BFBB' ) LIMIT 1   [ RunTime:0.0003s ]
SQL: SELECT `name` FROM `xueche1_trainclass` WHERE ( tcid=70 ) LIMIT 1   [ RunTime:0.0002s ]
SQL: SELECT `username` FROM `xueche1_admin` WHERE ( id=22 ) LIMIT 1   [ RunTime:0.0002s ]
SQL: SELECT `nickname` FROM `xueche1_user` WHERE ( userid='1ACCA599-8206-F1DA-90D3-BCFC6243E415' ) LIMIT 1   [ RunTime:0.0002s ]
SQL: SELECT `nickname` FROM `xueche1_school` WHERE ( userid='1CDED6A4-1404-D478-8689-7A7EBC18BFBB' ) LIMIT 1   [ RunTime:0.0002s ]
SQL: SELECT `name` FROM `xueche1_trainclass` WHERE ( tcid=28 ) LIMIT 1   [ RunTime:0.0002s ]
SQL: SELECT `username` FROM `xueche1_admin` WHERE ( id=22 ) LIMIT 1   [ RunTime:0.0002s ]
SQL: SELECT `nickname` FROM `xueche1_user` WHERE ( userid='1ACCA599-8206-F1DA-90D3-BCFC6243E415' ) LIMIT 1   [ RunTime:0.0002s ]
SQL: SELECT `nickname` FROM `xueche1_school` WHERE ( userid='6C7E6108-806A-A9BE-DB34-A04A9AC88110' ) LIMIT 1   [ RunTime:0.0002s ]
SQL: SELECT `name` FROM `xueche1_trainclass` WHERE ( tcid=38 ) LIMIT 1   [ RunTime:0.0002s ]
SQL: SELECT `username` FROM `xueche1_admin` WHERE ( id=22 ) LIMIT 1   [ RunTime:0.0002s ]
SQL: SELECT `nickname` FROM `xueche1_user` WHERE ( userid='1F1302C2-563D-724F-CA12-776A0F4BB895' ) LIMIT 1   [ RunTime:0.0002s ]
SQL: SELECT `nickname` FROM `xueche1_school` WHERE ( userid='AA0F9918-4DE4-412F-738C-954DAFF1F857' ) LIMIT 1   [ RunTime:0.0002s ]
SQL: SELECT `name` FROM `xueche1_trainclass` WHERE ( tcid=70 ) LIMIT 1   [ RunTime:0.0002s ]
SQL: SELECT `username` FROM `xueche1_admin` WHERE ( id=22 ) LIMIT 1   [ RunTime:0.0002s ]
SQL: SELECT `nickname` FROM `xueche1_user` WHERE ( userid='1F1302C2-563D-724F-CA12-776A0F4BB895' ) LIMIT 1   [ RunTime:0.0002s ]
SQL: SELECT `nickname` FROM `xueche1_school` WHERE ( userid='1CDED6A4-1404-D478-8689-7A7EBC18BFBB' ) LIMIT 1   [ RunTime:0.0002s ]
SQL: SELECT `name` FROM `xueche1_trainclass` WHERE ( tcid=38 ) LIMIT 1   [ RunTime:0.0002s ]
SQL: SELECT `username` FROM `xueche1_admin` WHERE ( id=22 ) LIMIT 1   [ RunTime:0.0002s ]
SQL: SELECT `nickname` FROM `xueche1_user` WHERE ( userid='1F1302C2-563D-724F-CA12-776A0F4BB895' ) LIMIT 1   [ RunTime:0.0002s ]
SQL: SELECT `nickname` FROM `xueche1_school` WHERE ( userid='AA0F9918-4DE4-412F-738C-954DAFF1F857' ) LIMIT 1   [ RunTime:0.0002s ]
SQL: SELECT `name` FROM `xueche1_trainclass` WHERE ( tcid=28 ) LIMIT 1   [ RunTime:0.0002s ]
SQL: SELECT `username` FROM `xueche1_admin` WHERE ( id=22 ) LIMIT 1   [ RunTime:0.0002s ]
SQL: SELECT `nickname` FROM `xueche1_user` WHERE ( userid='1ACCA599-8206-F1DA-90D3-BCFC6243E415' ) LIMIT 1   [ RunTime:0.0002s ]
SQL: SELECT `nickname` FROM `xueche1_school` WHERE ( userid='6C7E6108-806A-A9BE-DB34-A04A9AC88110' ) LIMIT 1   [ RunTime:0.0002s ]
INFO: [ view_parse ] --START--
INFO: [ template_filter ] --START--
INFO: Run Behavior\ContentReplaceBehavior [ RunTime:0.000073s ]
INFO: [ template_filter ] --END-- [ RunTime:0.000111s ]
NOTIC: [8] Undefined index: CL_type /var/www/xueche/Application/Runtime/Cache/Manage/1cf0397956afe21bc2ff0ef98a3d71ed.php 第 144 行.
NOTIC: [8] Undefined index: CL_type /var/www/xueche/Application/Runtime/Cache/Manage/1cf0397956afe21bc2ff0ef98a3d71ed.php 第 144 行.
NOTIC: [8] Undefined index: CL_type /var/www/xueche/Application/Runtime/Cache/Manage/1cf0397956afe21bc2ff0ef98a3d71ed.php 第 144 行.
NOTIC: [8] Undefined index: CL_type /var/www/xueche/Application/Runtime/Cache/Manage/1cf0397956afe21bc2ff0ef98a3d71ed.php 第 144 行.
NOTIC: [8] Undefined index: CL_type /var/www/xueche/Application/Runtime/Cache/Manage/1cf0397956afe21bc2ff0ef98a3d71ed.php 第 144 行.
NOTIC: [8] Undefined index: CL_type /var/www/xueche/Application/Runtime/Cache/Manage/1cf0397956afe21bc2ff0ef98a3d71ed.php 第 144 行.
NOTIC: [8] Undefined index: CL_type /var/www/xueche/Application/Runtime/Cache/Manage/1cf0397956afe21bc2ff0ef98a3d71ed.php 第 144 行.
NOTIC: [8] Undefined index: CL_type /var/www/xueche/Application/Runtime/Cache/Manage/1cf0397956afe21bc2ff0ef98a3d71ed.php 第 144 行.
NOTIC: [8] Undefined index: CL_type /var/www/xueche/Application/Runtime/Cache/Manage/1cf0397956afe21bc2ff0ef98a3d71ed.php 第 144 行.
NOTIC: [8] Undefined index: CL_type /var/www/xueche/Application/Runtime/Cache/Manage/1cf0397956afe21bc2ff0ef98a3d71ed.php 第 144 行.
NOTIC: [8] Undefined index: CL_type /var/www/xueche/Application/Runtime/Cache/Manage/1cf0397956afe21bc2ff0ef98a3d71ed.php 第 144 行.
NOTIC: [8] Undefined index: CL_type /var/www/xueche/Application/Runtime/Cache/Manage/1cf0397956afe21bc2ff0ef98a3d71ed.php 第 144 行.
NOTIC: [8] Undefined index: CL_type /var/www/xueche/Application/Runtime/Cache/Manage/1cf0397956afe21bc2ff0ef98a3d71ed.php 第 144 行.
INFO: Run Behavior\ParseTemplateBehavior [ RunTime:0.007110s ]
INFO: [ view_parse ] --END-- [ RunTime:0.007142s ]
INFO: [ view_filter ] --START--
INFO: Run Behavior\WriteHtmlCacheBehavior [ RunTime:0.000132s ]
INFO: [ view_filter ] --END-- [ RunTime:0.000159s ]
INFO: [ app_end ] --START--
INFO: Run Behavior\ShowPageTraceBehavior [ RunTime:0.000464s ]
INFO: [ app_end ] --END-- [ RunTime:0.000506s ]

[ 2016-11-02T14:38:18+08:00 ] 101.81.13.210 /Manage/Eval/evallist.html
INFO: [ app_init ] --START--
INFO: Run Behavior\BuildLiteBehavior [ RunTime:0.000012s ]
INFO: [ app_init ] --END-- [ RunTime:0.000323s ]
INFO: [ app_begin ] --START--
INFO: Run Behavior\ReadHtmlCacheBehavior [ RunTime:0.000398s ]
INFO: [ app_begin ] --END-- [ RunTime:0.000432s ]
SQL: SHOW COLUMNS FROM `xueche1_evaluating` [ RunTime:0.0010s ]
SQL: SELECT COUNT(*) AS tp_count FROM `xueche1_evaluating` LIMIT 1   [ RunTime:0.0005s ]
SQL: SELECT `id`,`time`,`content`,`objecthingid`,`lastupdate` FROM `xueche1_evaluating` ORDER BY id LIMIT 0,12   [ RunTime:0.0003s ]
SQL: SHOW COLUMNS FROM `xueche1_school` [ RunTime:0.0010s ]
SQL: SELECT `nickname` FROM `xueche1_school` WHERE ( userid='090EB210-D6F4-047A-BC12-2306A6DA280F' ) LIMIT 1   [ RunTime:0.0003s ]
SQL: SELECT `nickname` FROM `xueche1_school` WHERE ( userid='090EB210-D6F4-047A-BC12-2306A6DA280F' ) LIMIT 1   [ RunTime:0.0002s ]
SQL: SELECT `nickname` FROM `xueche1_school` WHERE ( userid='6C7E6108-806A-A9BE-DB34-A04A9AC88110' ) LIMIT 1   [ RunTime:0.0002s ]
SQL: SELECT `nickname` FROM `xueche1_school` WHERE ( userid='6C7E6108-806A-A9BE-DB34-A04A9AC88110' ) LIMIT 1   [ RunTime:0.0002s ]
SQL: SELECT `nickname` FROM `xueche1_school` WHERE ( userid='48D2E57F-7E09-D598-8DF0-202EB9295A84' ) LIMIT 1   [ RunTime:0.0002s ]
SQL: SELECT `nickname` FROM `xueche1_school` WHERE ( userid='E908351C-6DD7-D9EA-7025-2DFFB2830285' ) LIMIT 1   [ RunTime:0.0002s ]
SQL: SELECT `nickname` FROM `xueche1_school` WHERE ( userid='C5998E79-B4A0-86B2-797D-3CCAB2CB78A0' ) LIMIT 1   [ RunTime:0.0002s ]
SQL: SELECT `nickname` FROM `xueche1_school` WHERE ( userid='6C7E6108-806A-A9BE-DB34-A04A9AC88110' ) LIMIT 1   [ RunTime:0.0002s ]
SQL: SELECT `nickname` FROM `xueche1_school` WHERE ( userid='6C7E6108-806A-A9BE-DB34-A04A9AC88110' ) LIMIT 1   [ RunTime:0.0002s ]
SQL: SELECT `nickname` FROM `xueche1_school` WHERE ( userid='373CE677-EBEB-6755-3E6D-C4931D9D0C64' ) LIMIT 1   [ RunTime:0.0002s ]
SQL: SELECT `nickname` FROM `xueche1_school` WHERE ( userid='373CE677-EBEB-6755-3E6D-C4931D9D0C64' ) LIMIT 1   [ RunTime:0.0002s ]
SQL: SELECT `nickname` FROM `xueche1_school` WHERE ( userid='736A9FC4-EBAA-72F5-ECBF-B1874E0BF000' ) LIMIT 1   [ RunTime:0.0002s ]
INFO: [ view_parse ] --START--
INFO: [ template_filter ] --START--
INFO: Run Behavior\ContentReplaceBehavior [ RunTime:0.000056s ]
INFO: [ template_filter ] --END-- [ RunTime:0.000106s ]
INFO: Run Behavior\ParseTemplateBehavior [ RunTime:0.006170s ]
INFO: [ view_parse ] --END-- [ RunTime:0.006205s ]
INFO: [ view_filter ] --START--
INFO: Run Behavior\WriteHtmlCacheBehavior [ RunTime:0.000138s ]
INFO: [ view_filter ] --END-- [ RunTime:0.000166s ]
INFO: [ app_end ] --START--
INFO: Run Behavior\ShowPageTraceBehavior [ RunTime:0.000446s ]
INFO: [ app_end ] --END-- [ RunTime:0.000482s ]

[ 2016-11-02T14:38:20+08:00 ] 101.81.13.210 /Manage/User/userList.html
INFO: [ app_init ] --START--
INFO: Run Behavior\BuildLiteBehavior [ RunTime:0.000016s ]
INFO: [ app_init ] --END-- [ RunTime:0.000327s ]
INFO: [ app_begin ] --START--
INFO: Run Behavior\ReadHtmlCacheBehavior [ RunTime:0.000386s ]
INFO: [ app_begin ] --END-- [ RunTime:0.000422s ]
SQL: SHOW COLUMNS FROM `xueche1_user` [ RunTime:0.0012s ]
SQL: SELECT COUNT(*) AS tp_count FROM `xueche1_user` LIMIT 1   [ RunTime:0.0003s ]
SQL: SELECT `id`,`account`,`sex`,`userid`,`ntime`,`nickname`,`img`,`phone`,`address`,`subjects`,`jtype`,`lastupdate`,`verify` FROM `xueche1_user` ORDER BY id asc LIMIT 0,8   [ RunTime:0.0003s ]
SQL: SHOW COLUMNS FROM `xueche1_list` [ RunTime:0.0010s ]
SQL: SELECT COUNT(*) AS tp_count FROM `xueche1_list` WHERE ( masterid='1ACCA599-8206-F1DA-90D3-BCFC6243E415' ) LIMIT 1   [ RunTime:0.0003s ]
SQL: SHOW COLUMNS FROM `xueche1_reservation` [ RunTime:0.0007s ]
SQL: SELECT COUNT(*) AS tp_count FROM `xueche1_reservation` WHERE ( masterid='1ACCA599-8206-F1DA-90D3-BCFC6243E415' ) LIMIT 1   [ RunTime:0.0002s ]
SQL: SELECT COUNT(*) AS tp_count FROM `xueche1_list` WHERE ( masterid='008B5940-E4E6-081D-4B3E-C180E2AD0AC0' ) LIMIT 1   [ RunTime:0.0002s ]
SQL: SELECT COUNT(*) AS tp_count FROM `xueche1_reservation` WHERE ( masterid='008B5940-E4E6-081D-4B3E-C180E2AD0AC0' ) LIMIT 1   [ RunTime:0.0002s ]
SQL: SELECT COUNT(*) AS tp_count FROM `xueche1_list` WHERE ( masterid='0BC9E90D-7014-323C-F4C1-72E8C7F568F9' ) LIMIT 1   [ RunTime:0.0003s ]
SQL: SELECT COUNT(*) AS tp_count FROM `xueche1_reservation` WHERE ( masterid='0BC9E90D-7014-323C-F4C1-72E8C7F568F9' ) LIMIT 1   [ RunTime:0.0002s ]
SQL: SELECT COUNT(*) AS tp_count FROM `xueche1_list` WHERE ( masterid='87696BB0-B365-6EC8-BE24-DBE30E4901B7' ) LIMIT 1   [ RunTime:0.0002s ]
SQL: SELECT COUNT(*) AS tp_count FROM `xueche1_reservation` WHERE ( masterid='87696BB0-B365-6EC8-BE24-DBE30E4901B7' ) LIMIT 1   [ RunTime:0.0002s ]
SQL: SELECT COUNT(*) AS tp_count FROM `xueche1_list` WHERE ( masterid='8CF687BE-A1AF-5F50-5C3F-C051BB0218A7' ) LIMIT 1   [ RunTime:0.0003s ]
SQL: SELECT COUNT(*) AS tp_count FROM `xueche1_reservation` WHERE ( masterid='8CF687BE-A1AF-5F50-5C3F-C051BB0218A7' ) LIMIT 1   [ RunTime:0.0002s ]
SQL: SELECT COUNT(*) AS tp_count FROM `xueche1_list` WHERE ( masterid='31A9D405-1D2C-9B12-0F90-2D23CE00E7D4' ) LIMIT 1   [ RunTime:0.0002s ]
SQL: SELECT COUNT(*) AS tp_count FROM `xueche1_reservation` WHERE ( masterid='31A9D405-1D2C-9B12-0F90-2D23CE00E7D4' ) LIMIT 1   [ RunTime:0.0002s ]
SQL: SELECT COUNT(*) AS tp_count FROM `xueche1_list` WHERE ( masterid='E6ED960E-234F-6DA4-31D1-D59CD435B2FB' ) LIMIT 1   [ RunTime:0.0002s ]
SQL: SELECT COUNT(*) AS tp_count FROM `xueche1_reservation` WHERE ( masterid='E6ED960E-234F-6DA4-31D1-D59CD435B2FB' ) LIMIT 1   [ RunTime:0.0002s ]
SQL: SELECT COUNT(*) AS tp_count FROM `xueche1_list` WHERE ( masterid='7F8CCC4C-F02E-14ED-229E-3BDE596A21DB' ) LIMIT 1   [ RunTime:0.0002s ]
SQL: SELECT COUNT(*) AS tp_count FROM `xueche1_reservation` WHERE ( masterid='7F8CCC4C-F02E-14ED-229E-3BDE596A21DB' ) LIMIT 1   [ RunTime:0.0002s ]
INFO: [ view_parse ] --START--
INFO: [ template_filter ] --START--
INFO: Run Behavior\ContentReplaceBehavior [ RunTime:0.000062s ]
INFO: [ template_filter ] --END-- [ RunTime:0.000096s ]
INFO: Run Behavior\ParseTemplateBehavior [ RunTime:0.007010s ]
INFO: [ view_parse ] --END-- [ RunTime:0.007043s ]
INFO: [ view_filter ] --START--
INFO: Run Behavior\WriteHtmlCacheBehavior [ RunTime:0.000127s ]
INFO: [ view_filter ] --END-- [ RunTime:0.000154s ]
INFO: [ app_end ] --START--
INFO: Run Behavior\ShowPageTraceBehavior [ RunTime:0.000436s ]
INFO: [ app_end ] --END-- [ RunTime:0.000471s ]

[ 2016-11-02T14:38:23+08:00 ] 101.81.13.210 /Manage/User/userList.html?p=13
INFO: [ app_init ] --START--
INFO: Run Behavior\BuildLiteBehavior [ RunTime:0.000012s ]
INFO: [ app_init ] --END-- [ RunTime:0.000321s ]
INFO: [ app_begin ] --START--
INFO: Run Behavior\ReadHtmlCacheBehavior [ RunTime:0.000401s ]
INFO: [ app_begin ] --END-- [ RunTime:0.000438s ]
SQL: SHOW COLUMNS FROM `xueche1_user` [ RunTime:0.0012s ]
SQL: SELECT COUNT(*) AS tp_count FROM `xueche1_user` LIMIT 1   [ RunTime:0.0003s ]
SQL: SELECT `id`,`account`,`sex`,`userid`,`ntime`,`nickname`,`img`,`phone`,`address`,`subjects`,`jtype`,`lastupdate`,`verify` FROM `xueche1_user` ORDER BY id asc LIMIT 96,8   [ RunTime:0.0004s ]
SQL: SHOW COLUMNS FROM `xueche1_list` [ RunTime:0.0010s ]
SQL: SELECT COUNT(*) AS tp_count FROM `xueche1_list` WHERE ( masterid='C37D6DE1-6EFF-10A9-0816-5FB56AE49019' ) LIMIT 1   [ RunTime:0.0004s ]
SQL: SHOW COLUMNS FROM `xueche1_reservation` [ RunTime:0.0009s ]
SQL: SELECT COUNT(*) AS tp_count FROM `xueche1_reservation` WHERE ( masterid='C37D6DE1-6EFF-10A9-0816-5FB56AE49019' ) LIMIT 1   [ RunTime:0.0002s ]
INFO: [ view_parse ] --START--
INFO: [ template_filter ] --START--
INFO: Run Behavior\ContentReplaceBehavior [ RunTime:0.000071s ]
INFO: [ template_filter ] --END-- [ RunTime:0.000113s ]
INFO: Run Behavior\ParseTemplateBehavior [ RunTime:0.006609s ]
INFO: [ view_parse ] --END-- [ RunTime:0.006643s ]
INFO: [ view_filter ] --START--
INFO: Run Behavior\WriteHtmlCacheBehavior [ RunTime:0.000132s ]
INFO: [ view_filter ] --END-- [ RunTime:0.000159s ]
INFO: [ app_end ] --START--
INFO: Run Behavior\ShowPageTraceBehavior [ RunTime:0.000440s ]
INFO: [ app_end ] --END-- [ RunTime:0.000473s ]

[ 2016-11-02T14:38:24+08:00 ] 101.81.13.210 /Manage/User/userList.html?p=12
INFO: [ app_init ] --START--
INFO: Run Behavior\BuildLiteBehavior [ RunTime:0.000012s ]
INFO: [ app_init ] --END-- [ RunTime:0.000323s ]
INFO: [ app_begin ] --START--
INFO: Run Behavior\ReadHtmlCacheBehavior [ RunTime:0.000403s ]
INFO: [ app_begin ] --END-- [ RunTime:0.000438s ]
SQL: SHOW COLUMNS FROM `xueche1_user` [ RunTime:0.0011s ]
SQL: SELECT COUNT(*) AS tp_count FROM `xueche1_user` LIMIT 1   [ RunTime:0.0003s ]
SQL: SELECT `id`,`account`,`sex`,`userid`,`ntime`,`nickname`,`img`,`phone`,`address`,`subjects`,`jtype`,`lastupdate`,`verify` FROM `xueche1_user` ORDER BY id asc LIMIT 88,8   [ RunTime:0.0005s ]
SQL: SHOW COLUMNS FROM `xueche1_list` [ RunTime:0.0010s ]
SQL: SELECT COUNT(*) AS tp_count FROM `xueche1_list` WHERE ( masterid='82DCE099-DC57-0ADA-CC3E-8AB15B302F9A' ) LIMIT 1   [ RunTime:0.0003s ]
SQL: SHOW COLUMNS FROM `xueche1_reservation` [ RunTime:0.0008s ]
SQL: SELECT COUNT(*) AS tp_count FROM `xueche1_reservation` WHERE ( masterid='82DCE099-DC57-0ADA-CC3E-8AB15B302F9A' ) LIMIT 1   [ RunTime:0.0002s ]
SQL: SELECT COUNT(*) AS tp_count FROM `xueche1_list` WHERE ( masterid='63572771-9B52-0318-011E-C75EED2F954C' ) LIMIT 1   [ RunTime:0.0002s ]
SQL: SELECT COUNT(*) AS tp_count FROM `xueche1_reservation` WHERE ( masterid='63572771-9B52-0318-011E-C75EED2F954C' ) LIMIT 1   [ RunTime:0.0002s ]
SQL: SELECT COUNT(*) AS tp_count FROM `xueche1_list` WHERE ( masterid='7852A68A-F1B4-B1B3-37A0-4BA44E84416C' ) LIMIT 1   [ RunTime:0.0002s ]
SQL: SELECT COUNT(*) AS tp_count FROM `xueche1_reservation` WHERE ( masterid='7852A68A-F1B4-B1B3-37A0-4BA44E84416C' ) LIMIT 1   [ RunTime:0.0002s ]
SQL: SELECT COUNT(*) AS tp_count FROM `xueche1_list` WHERE ( masterid='550BC3C3-AF34-F5C1-87C0-005202E0FD14' ) LIMIT 1   [ RunTime:0.0002s ]
SQL: SELECT COUNT(*) AS tp_count FROM `xueche1_reservation` WHERE ( masterid='550BC3C3-AF34-F5C1-87C0-005202E0FD14' ) LIMIT 1   [ RunTime:0.0002s ]
SQL: SELECT COUNT(*) AS tp_count FROM `xueche1_list` WHERE ( masterid='77D36D25-E2A9-5AFF-E62A-C0DA2032E45F' ) LIMIT 1   [ RunTime:0.0002s ]
SQL: SELECT COUNT(*) AS tp_count FROM `xueche1_reservation` WHERE ( masterid='77D36D25-E2A9-5AFF-E62A-C0DA2032E45F' ) LIMIT 1   [ RunTime:0.0002s ]
SQL: SELECT COUNT(*) AS tp_count FROM `xueche1_list` WHERE ( masterid='A315142F-EDA0-B65D-6978-DD27D277D095' ) LIMIT 1   [ RunTime:0.0002s ]
SQL: SELECT COUNT(*) AS tp_count FROM `xueche1_reservation` WHERE ( masterid='A315142F-EDA0-B65D-6978-DD27D277D095' ) LIMIT 1   [ RunTime:0.0003s ]
SQL: SELECT COUNT(*) AS tp_count FROM `xueche1_list` WHERE ( masterid='8D5907E3-295D-8B09-E721-45F73093E9EF' ) LIMIT 1   [ RunTime:0.0004s ]
SQL: SELECT COUNT(*) AS tp_count FROM `xueche1_reservation` WHERE ( masterid='8D5907E3-295D-8B09-E721-45F73093E9EF' ) LIMIT 1   [ RunTime:0.0003s ]
SQL: SELECT COUNT(*) AS tp_count FROM `xueche1_list` WHERE ( masterid='3CA640E6-3090-C42D-249B-EA3DF0FF5EB1' ) LIMIT 1   [ RunTime:0.0002s ]
SQL: SELECT COUNT(*) AS tp_count FROM `xueche1_reservation` WHERE ( masterid='3CA640E6-3090-C42D-249B-EA3DF0FF5EB1' ) LIMIT 1   [ RunTime:0.0002s ]
INFO: [ view_parse ] --START--
INFO: [ template_filter ] --START--
INFO: Run Behavior\ContentReplaceBehavior [ RunTime:0.000063s ]
INFO: [ template_filter ] --END-- [ RunTime:0.000098s ]
INFO: Run Behavior\ParseTemplateBehavior [ RunTime:0.007203s ]
INFO: [ view_parse ] --END-- [ RunTime:0.007238s ]
INFO: [ view_filter ] --START--
INFO: Run Behavior\WriteHtmlCacheBehavior [ RunTime:0.000127s ]
INFO: [ view_filter ] --END-- [ RunTime:0.000154s ]
INFO: [ app_end ] --START--
INFO: Run Behavior\ShowPageTraceBehavior [ RunTime:0.000431s ]
INFO: [ app_end ] --END-- [ RunTime:0.000466s ]

