[ 2016-12-09T22:26:41+08:00 ] 115.216.121.72 /uploads/20160506160122.jpg
INFO: [ app_init ] --START--
INFO: Run Behavior\BuildLiteBehavior [ RunTime:0.000013s ]
INFO: [ app_init ] --END-- [ RunTime:0.000309s ]
ERR: 无法加载模块:Uploads

[ 2016-12-09T22:26:45+08:00 ] 106.38.241.149 /hangzhou/jiaxiao/list?d=2590&ti=6&l=5&lm=1121
INFO: [ app_init ] --START--
INFO: Run Behavior\BuildLiteBehavior [ RunTime:0.000013s ]
INFO: [ app_init ] --END-- [ RunTime:0.000298s ]
ERR: 无法加载模块:Hangzhou

[ 2016-12-09T22:26:55+08:00 ] 106.38.241.149 /guangzhou/jiaxiao/list?d=3084&ti=6&l=0&lm=633
INFO: [ app_init ] --START--
INFO: Run Behavior\BuildLiteBehavior [ RunTime:0.000011s ]
INFO: [ app_init ] --END-- [ RunTime:0.000317s ]
ERR: 无法加载模块:Guangzhou

[ 2016-12-09T22:27:00+08:00 ] 58.215.136.83 /uploads/20160506160122.jpg
INFO: [ app_init ] --START--
INFO: Run Behavior\BuildLiteBehavior [ RunTime:0.000011s ]
INFO: [ app_init ] --END-- [ RunTime:0.000313s ]
ERR: 无法加载模块:Uploads

[ 2016-12-09T22:27:02+08:00 ] 124.239.251.73 /uploads/20160506160122.jpg
INFO: [ app_init ] --START--
INFO: Run Behavior\BuildLiteBehavior [ RunTime:0.000019s ]
INFO: [ app_init ] --END-- [ RunTime:0.000383s ]
ERR: 无法加载模块:Uploads

[ 2016-12-09T22:27:05+08:00 ] 124.239.251.73 /uploads/20160506160122.jpg
INFO: [ app_init ] --START--
INFO: Run Behavior\BuildLiteBehavior [ RunTime:0.000013s ]
INFO: [ app_init ] --END-- [ RunTime:0.000307s ]
ERR: 无法加载模块:Uploads

[ 2016-12-09T22:27:05+08:00 ] 106.38.241.149 /shanghai/jiaxiao/list?d=16&l=2&lm=64&ti=7
INFO: [ app_init ] --START--
INFO: Run Behavior\BuildLiteBehavior [ RunTime:0.000011s ]
INFO: [ app_init ] --END-- [ RunTime:0.000290s ]
ERR: 无法加载模块:Shanghai

[ 2016-12-09T22:27:08+08:00 ] 124.239.251.73 /uploads/20160506160122.jpg
INFO: [ app_init ] --START--
INFO: Run Behavior\BuildLiteBehavior [ RunTime:0.000014s ]
INFO: [ app_init ] --END-- [ RunTime:0.000314s ]
ERR: 无法加载模块:Uploads

[ 2016-12-09T22:27:15+08:00 ] 106.38.241.149 /hangzhou/jiaxiao/list?d=2585&l=7&lm=1132&ti=7
INFO: [ app_init ] --START--
INFO: Run Behavior\BuildLiteBehavior [ RunTime:0.000014s ]
INFO: [ app_init ] --END-- [ RunTime:0.000305s ]
ERR: 无法加载模块:Hangzhou

[ 2016-12-09T22:27:25+08:00 ] 106.38.241.149 /hangzhou/jiaxiao/list?d=2588&ti=5&l=4&lm=1062
INFO: [ app_init ] --START--
INFO: Run Behavior\BuildLiteBehavior [ RunTime:0.000016s ]
INFO: [ app_init ] --END-- [ RunTime:0.000327s ]
ERR: 无法加载模块:Hangzhou

[ 2016-12-09T22:27:32+08:00 ] 46.161.9.20 /shanghai/jiaxiao/list?d=15&ti=0&l=0&lm=197
INFO: [ app_init ] --START--
INFO: Run Behavior\BuildLiteBehavior [ RunTime:0.000012s ]
INFO: [ app_init ] --END-- [ RunTime:0.000291s ]
ERR: 无法加载模块:Shanghai

[ 2016-12-09T22:27:35+08:00 ] 106.38.241.149 /tianjin/jiaxiao/list?d=3410&o=2&l=18&lm=1242&ti=7
INFO: [ app_init ] --START--
INFO: Run Behavior\BuildLiteBehavior [ RunTime:0.000012s ]
INFO: [ app_init ] --END-- [ RunTime:0.000290s ]
ERR: 无法加载模块:Tianjin

[ 2016-12-09T22:27:45+08:00 ] 106.38.241.149 /hangzhou/jiaxiao/list?d=2587&l=3&lm=1007&ti=6
INFO: [ app_init ] --START--
INFO: Run Behavior\BuildLiteBehavior [ RunTime:0.000014s ]
INFO: [ app_init ] --END-- [ RunTime:0.000301s ]
ERR: 无法加载模块:Hangzhou

[ 2016-12-09T22:27:55+08:00 ] 106.38.241.149 /hangzhou/jiaxiao/list?d=2586&ti=2&l=1&lm=1137
INFO: [ app_init ] --START--
INFO: Run Behavior\BuildLiteBehavior [ RunTime:0.000011s ]
INFO: [ app_init ] --END-- [ RunTime:0.000292s ]
ERR: 无法加载模块:Hangzhou

[ 2016-12-09T22:28:05+08:00 ] 106.38.241.149 /tianjin/jiaxiao/list?d=3410&o=1&l=18&lm=1168&ti=2
INFO: [ app_init ] --START--
INFO: Run Behavior\BuildLiteBehavior [ RunTime:0.000015s ]
INFO: [ app_init ] --END-- [ RunTime:0.000313s ]
ERR: 无法加载模块:Tianjin

[ 2016-12-09T22:28:15+08:00 ] 106.38.241.149 /hangzhou/jiaxiao/list?d=2590&ti=5&l=3&lm=1069
INFO: [ app_init ] --START--
INFO: Run Behavior\BuildLiteBehavior [ RunTime:0.000041s ]
INFO: [ app_init ] --END-- [ RunTime:0.000347s ]
ERR: 无法加载模块:Hangzhou

[ 2016-12-09T22:28:25+08:00 ] 106.38.241.149 /shanghai/jiaxiao/list?d=16&l=2&lm=73&ti=6
INFO: [ app_init ] --START--
INFO: Run Behavior\BuildLiteBehavior [ RunTime:0.000015s ]
INFO: [ app_init ] --END-- [ RunTime:0.000329s ]
ERR: 无法加载模块:Shanghai

[ 2016-12-09T22:28:33+08:00 ] 115.199.60.198 /uploads/20160506160122.jpg
INFO: [ app_init ] --START--
INFO: Run Behavior\BuildLiteBehavior [ RunTime:0.000013s ]
INFO: [ app_init ] --END-- [ RunTime:0.000301s ]
ERR: 无法加载模块:Uploads

[ 2016-12-09T22:28:33+08:00 ] 115.199.60.198 /uploads/20160506160122.jpg
INFO: [ app_init ] --START--
INFO: Run Behavior\BuildLiteBehavior [ RunTime:0.000012s ]
INFO: [ app_init ] --END-- [ RunTime:0.000324s ]
ERR: 无法加载模块:Uploads

[ 2016-12-09T22:28:35+08:00 ] 106.38.241.149 /hangzhou/jiaxiao/list?d=2587&ti=3&l=4&lm=1148
INFO: [ app_init ] --START--
INFO: Run Behavior\BuildLiteBehavior [ RunTime:0.000012s ]
INFO: [ app_init ] --END-- [ RunTime:0.000318s ]
ERR: 无法加载模块:Hangzhou

[ 2016-12-09T22:28:45+08:00 ] 106.38.241.149 /tianjin/jiaxiao/list?d=3410&o=3&l=18&lm=1242&ti=5
INFO: [ app_init ] --START--
INFO: Run Behavior\BuildLiteBehavior [ RunTime:0.000014s ]
INFO: [ app_init ] --END-- [ RunTime:0.000330s ]
ERR: 无法加载模块:Tianjin

[ 2016-12-09T22:28:45+08:00 ] 163.172.64.193 /shanghai/jiaxiao/anting/review/
INFO: [ app_init ] --START--
INFO: Run Behavior\BuildLiteBehavior [ RunTime:0.000013s ]
INFO: [ app_init ] --END-- [ RunTime:0.000336s ]
ERR: 无法加载模块:Shanghai

[ 2016-12-09T22:28:55+08:00 ] 106.38.241.149 /guangzhou/jiaxiao/list?d=3077&ti=2&l=1&lm=632
INFO: [ app_init ] --START--
INFO: Run Behavior\BuildLiteBehavior [ RunTime:0.000012s ]
INFO: [ app_init ] --END-- [ RunTime:0.000295s ]
ERR: 无法加载模块:Guangzhou

[ 2016-12-09T22:29:05+08:00 ] 106.38.241.149 /hangzhou/jiaxiao/list?d=2588&ti=6&l=7&lm=1148
INFO: [ app_init ] --START--
INFO: Run Behavior\BuildLiteBehavior [ RunTime:0.000015s ]
INFO: [ app_init ] --END-- [ RunTime:0.000315s ]
ERR: 无法加载模块:Hangzhou

[ 2016-12-09T22:29:15+08:00 ] 106.38.241.149 /shanghai/jiaxiao/list?d=16&l=7&lm=73&ti=6
INFO: [ app_init ] --START--
INFO: Run Behavior\BuildLiteBehavior [ RunTime:0.000015s ]
INFO: [ app_init ] --END-- [ RunTime:0.000335s ]
ERR: 无法加载模块:Shanghai

[ 2016-12-09T22:29:25+08:00 ] 106.38.241.149 /beijing/jiaxiao/list?d=3386&o=4&l=19&lm=402&ti=3
INFO: [ app_init ] --START--
INFO: Run Behavior\BuildLiteBehavior [ RunTime:0.000017s ]
INFO: [ app_init ] --END-- [ RunTime:0.000327s ]
ERR: 无法加载模块:Beijing

[ 2016-12-09T22:29:35+08:00 ] 106.38.241.149 /shanghai/jiaxiao/list?d=13&ti=2&l=3&lm=200
INFO: [ app_init ] --START--
INFO: Run Behavior\BuildLiteBehavior [ RunTime:0.000012s ]
INFO: [ app_init ] --END-- [ RunTime:0.000313s ]
ERR: 无法加载模块:Shanghai

[ 2016-12-09T22:29:45+08:00 ] 106.38.241.149 /hangzhou/jiaxiao/list?d=2586&ti=2&l=4&lm=1073
INFO: [ app_init ] --START--
INFO: Run Behavior\BuildLiteBehavior [ RunTime:0.000012s ]
INFO: [ app_init ] --END-- [ RunTime:0.000320s ]
ERR: 无法加载模块:Hangzhou

[ 2016-12-09T22:29:46+08:00 ] 124.160.217.226 /uploads/20160506160122.jpg
INFO: [ app_init ] --START--
INFO: Run Behavior\BuildLiteBehavior [ RunTime:0.000012s ]
INFO: [ app_init ] --END-- [ RunTime:0.000306s ]
ERR: 无法加载模块:Uploads

[ 2016-12-09T22:29:55+08:00 ] 106.38.241.149 /shanghai/jiaxiao/list?d=13&ti=3&l=5&lm=124
INFO: [ app_init ] --START--
INFO: Run Behavior\BuildLiteBehavior [ RunTime:0.000011s ]
INFO: [ app_init ] --END-- [ RunTime:0.000315s ]
ERR: 无法加载模块:Shanghai

[ 2016-12-09T22:30:05+08:00 ] 106.38.241.149 /hangzhou/jiaxiao/list?d=2588&ti=7&l=5&lm=1148
INFO: [ app_init ] --START--
INFO: Run Behavior\BuildLiteBehavior [ RunTime:0.000012s ]
INFO: [ app_init ] --END-- [ RunTime:0.000294s ]
ERR: 无法加载模块:Hangzhou

[ 2016-12-09T22:30:15+08:00 ] 106.38.241.149 /hangzhou/jiaxiao/list?d=2586&ti=5&l=4&lm=1062
INFO: [ app_init ] --START--
INFO: Run Behavior\BuildLiteBehavior [ RunTime:0.000016s ]
INFO: [ app_init ] --END-- [ RunTime:0.000323s ]
ERR: 无法加载模块:Hangzhou

[ 2016-12-09T22:30:25+08:00 ] 106.38.241.149 /hangzhou/jiaxiao/list?d=2586&ti=7&l=7&lm=1144
INFO: [ app_init ] --START--
INFO: Run Behavior\BuildLiteBehavior [ RunTime:0.000012s ]
INFO: [ app_init ] --END-- [ RunTime:0.000296s ]
ERR: 无法加载模块:Hangzhou

[ 2016-12-09T22:30:35+08:00 ] 106.38.241.149 /guangzhou/jiaxiao/list?d=3079&o=2&l=6&lm=789&ti=0
INFO: [ app_init ] --START--
INFO: Run Behavior\BuildLiteBehavior [ RunTime:0.000017s ]
INFO: [ app_init ] --END-- [ RunTime:0.000327s ]
ERR: 无法加载模块:Guangzhou

[ 2016-12-09T22:30:45+08:00 ] 106.38.241.149 /tianjin/jiaxiao/list?d=3410&o=4&l=18&lm=1231&ti=7
INFO: [ app_init ] --START--
INFO: Run Behavior\BuildLiteBehavior [ RunTime:0.000012s ]
INFO: [ app_init ] --END-- [ RunTime:0.000317s ]
ERR: 无法加载模块:Tianjin

[ 2016-12-09T22:30:55+08:00 ] 106.38.241.149 /guangzhou/jiaxiao/list?d=3077&l=6&lm=628&ti=5
INFO: [ app_init ] --START--
INFO: Run Behavior\BuildLiteBehavior [ RunTime:0.000011s ]
INFO: [ app_init ] --END-- [ RunTime:0.000294s ]
ERR: 无法加载模块:Guangzhou

[ 2016-12-09T22:31:05+08:00 ] 106.38.241.149 /beijing/jiaxiao/list?d=3377&ti=3&l=6&lm=429
INFO: [ app_init ] --START--
INFO: Run Behavior\BuildLiteBehavior [ RunTime:0.000012s ]
INFO: [ app_init ] --END-- [ RunTime:0.000300s ]
ERR: 无法加载模块:Beijing

[ 2016-12-09T22:31:15+08:00 ] 106.38.241.149 /guangzhou/jiaxiao/list?d=3083&ti=7&l=7&lm=788
INFO: [ app_init ] --START--
INFO: Run Behavior\BuildLiteBehavior [ RunTime:0.000016s ]
INFO: [ app_init ] --END-- [ RunTime:0.000318s ]
ERR: 无法加载模块:Guangzhou

[ 2016-12-09T22:31:25+08:00 ] 106.38.241.149 /hangzhou/jiaxiao/list?d=2585&ti=3&l=2&lm=1069
INFO: [ app_init ] --START--
INFO: Run Behavior\BuildLiteBehavior [ RunTime:0.000013s ]
INFO: [ app_init ] --END-- [ RunTime:0.000299s ]
ERR: 无法加载模块:Hangzhou

[ 2016-12-09T22:31:35+08:00 ] 106.38.241.149 /tianjin/jiaxiao/list?d=3410&o=2&l=5&lm=1326&ti=3
INFO: [ app_init ] --START--
INFO: Run Behavior\BuildLiteBehavior [ RunTime:0.000011s ]
INFO: [ app_init ] --END-- [ RunTime:0.000287s ]
ERR: 无法加载模块:Tianjin

[ 2016-12-09T22:31:36+08:00 ] 120.55.83.234 /uploads/20160506160122.jpg
INFO: [ app_init ] --START--
INFO: Run Behavior\BuildLiteBehavior [ RunTime:0.000013s ]
INFO: [ app_init ] --END-- [ RunTime:0.000310s ]
ERR: 无法加载模块:Uploads

[ 2016-12-09T22:31:41+08:00 ] 120.55.83.234 /uploads/20160506160122.jpg
INFO: [ app_init ] --START--
INFO: Run Behavior\BuildLiteBehavior [ RunTime:0.000012s ]
INFO: [ app_init ] --END-- [ RunTime:0.000292s ]
ERR: 无法加载模块:Uploads

[ 2016-12-09T22:31:41+08:00 ] 120.55.83.234 /uploads/20160506160122.jpg
INFO: [ app_init ] --START--
INFO: Run Behavior\BuildLiteBehavior [ RunTime:0.000012s ]
INFO: [ app_init ] --END-- [ RunTime:0.000292s ]
ERR: 无法加载模块:Uploads

[ 2016-12-09T22:31:45+08:00 ] 106.38.241.149 /guangzhou/jiaxiao/list?d=3079&o=1&l=6&lm=789&ti=0
INFO: [ app_init ] --START--
INFO: Run Behavior\BuildLiteBehavior [ RunTime:0.000012s ]
INFO: [ app_init ] --END-- [ RunTime:0.000321s ]
ERR: 无法加载模块:Guangzhou

[ 2016-12-09T22:31:46+08:00 ] 120.55.83.234 /uploads/20160506160122.jpg
INFO: [ app_init ] --START--
INFO: Run Behavior\BuildLiteBehavior [ RunTime:0.000012s ]
INFO: [ app_init ] --END-- [ RunTime:0.000293s ]
ERR: 无法加载模块:Uploads

[ 2016-12-09T22:31:46+08:00 ] 120.55.83.234 /uploads/20160506160122.jpg
INFO: [ app_init ] --START--
INFO: Run Behavior\BuildLiteBehavior [ RunTime:0.000016s ]
INFO: [ app_init ] --END-- [ RunTime:0.000326s ]
ERR: 无法加载模块:Uploads

[ 2016-12-09T22:31:55+08:00 ] 106.38.241.149 /shanghai/jiaxiao/list?d=14&ti=0&l=4&lm=177
INFO: [ app_init ] --START--
INFO: Run Behavior\BuildLiteBehavior [ RunTime:0.000013s ]
INFO: [ app_init ] --END-- [ RunTime:0.000326s ]
ERR: 无法加载模块:Shanghai

[ 2016-12-09T22:32:05+08:00 ] 106.38.241.149 /tianjin/jiaxiao/list?d=3410&o=3&l=18&lm=1169&ti=2
INFO: [ app_init ] --START--
INFO: Run Behavior\BuildLiteBehavior [ RunTime:0.000013s ]
INFO: [ app_init ] --END-- [ RunTime:0.000297s ]
ERR: 无法加载模块:Tianjin

[ 2016-12-09T22:32:15+08:00 ] 106.38.241.149 /shanghai/jiaxiao/list?d=13&ti=0&l=2&lm=122
INFO: [ app_init ] --START--
INFO: Run Behavior\BuildLiteBehavior [ RunTime:0.000011s ]
INFO: [ app_init ] --END-- [ RunTime:0.000318s ]
ERR: 无法加载模块:Shanghai

[ 2016-12-09T22:32:16+08:00 ] 124.239.251.73 /uploads/20160506160122.jpg
INFO: [ app_init ] --START--
INFO: Run Behavior\BuildLiteBehavior [ RunTime:0.000016s ]
INFO: [ app_init ] --END-- [ RunTime:0.000362s ]
ERR: 无法加载模块:Uploads

[ 2016-12-09T22:32:25+08:00 ] 106.38.241.149 /guangzhou/jiaxiao/list?d=3085&ti=3&l=7&lm=649
INFO: [ app_init ] --START--
INFO: Run Behavior\BuildLiteBehavior [ RunTime:0.000012s ]
INFO: [ app_init ] --END-- [ RunTime:0.000295s ]
ERR: 无法加载模块:Guangzhou

[ 2016-12-09T22:32:35+08:00 ] 106.38.241.149 /hangzhou/jiaxiao/list?d=2585&l=4&lm=1138&ti=2
INFO: [ app_init ] --START--
INFO: Run Behavior\BuildLiteBehavior [ RunTime:0.000012s ]
INFO: [ app_init ] --END-- [ RunTime:0.000295s ]
ERR: 无法加载模块:Hangzhou

[ 2016-12-09T22:32:45+08:00 ] 106.38.241.149 /hangzhou/jiaxiao/list?d=2590&ti=6&l=18&lm=992
INFO: [ app_init ] --START--
INFO: Run Behavior\BuildLiteBehavior [ RunTime:0.000014s ]
INFO: [ app_init ] --END-- [ RunTime:0.000301s ]
ERR: 无法加载模块:Hangzhou

[ 2016-12-09T22:32:55+08:00 ] 106.38.241.149 /hangzhou/jiaxiao/list?d=2586&l=5&lm=1138&ti=2
INFO: [ app_init ] --START--
INFO: Run Behavior\BuildLiteBehavior [ RunTime:0.000013s ]
INFO: [ app_init ] --END-- [ RunTime:0.000325s ]
ERR: 无法加载模块:Hangzhou

[ 2016-12-09T22:33:05+08:00 ] 106.38.241.149 /hangzhou/jiaxiao/list?d=2585&ti=0&l=7&lm=1123
INFO: [ app_init ] --START--
INFO: Run Behavior\BuildLiteBehavior [ RunTime:0.000018s ]
INFO: [ app_init ] --END-- [ RunTime:0.000343s ]
ERR: 无法加载模块:Hangzhou

[ 2016-12-09T22:33:15+08:00 ] 106.38.241.149 /suzhou/jiaxiao/list?d=2519&ti=2&l=18&lm=889
INFO: [ app_init ] --START--
INFO: Run Behavior\BuildLiteBehavior [ RunTime:0.000023s ]
INFO: [ app_init ] --END-- [ RunTime:0.000727s ]
ERR: 无法加载模块:Suzhou

[ 2016-12-09T22:33:25+08:00 ] 106.38.241.149 /tianjin/jiaxiao/list?d=3410&o=4&l=18&lm=1169&ti=2
INFO: [ app_init ] --START--
INFO: Run Behavior\BuildLiteBehavior [ RunTime:0.000012s ]
INFO: [ app_init ] --END-- [ RunTime:0.000292s ]
ERR: 无法加载模块:Tianjin

[ 2016-12-09T22:33:35+08:00 ] 106.38.241.149 /tianjin/jiaxiao/list?d=3410&o=4&l=18&lm=1242&ti=7
INFO: [ app_init ] --START--
INFO: Run Behavior\BuildLiteBehavior [ RunTime:0.000012s ]
INFO: [ app_init ] --END-- [ RunTime:0.000319s ]
ERR: 无法加载模块:Tianjin

[ 2016-12-09T22:33:45+08:00 ] 106.38.241.149 /hangzhou/jiaxiao/list?d=2585&ti=0&l=1&lm=1098
INFO: [ app_init ] --START--
INFO: Run Behavior\BuildLiteBehavior [ RunTime:0.000013s ]
INFO: [ app_init ] --END-- [ RunTime:0.000299s ]
ERR: 无法加载模块:Hangzhou

[ 2016-12-09T22:33:55+08:00 ] 106.38.241.149 /yancheng/jiaxiao/list?d=2553&o=2&l=0&lm=1495&ti=3
INFO: [ app_init ] --START--
INFO: Run Behavior\BuildLiteBehavior [ RunTime:0.000014s ]
INFO: [ app_init ] --END-- [ RunTime:0.000339s ]
ERR: 无法加载模块:Yancheng

[ 2016-12-09T22:34:05+08:00 ] 106.38.241.149 /tianjin/jiaxiao/list?d=3398&o=3&l=4&lm=1210&ti=6
INFO: [ app_init ] --START--
INFO: Run Behavior\BuildLiteBehavior [ RunTime:0.000011s ]
INFO: [ app_init ] --END-- [ RunTime:0.000290s ]
ERR: 无法加载模块:Tianjin

[ 2016-12-09T22:34:15+08:00 ] 106.38.241.149 /shanghai/jiaxiao/list?d=14&l=18&lm=192&ti=7
INFO: [ app_init ] --START--
INFO: Run Behavior\BuildLiteBehavior [ RunTime:0.000011s ]
INFO: [ app_init ] --END-- [ RunTime:0.000290s ]
ERR: 无法加载模块:Shanghai

[ 2016-12-09T22:34:25+08:00 ] 106.38.241.149 /tianjin/jiaxiao/list?d=3410&o=1&l=18&lm=1231&ti=7
INFO: [ app_init ] --START--
INFO: Run Behavior\BuildLiteBehavior [ RunTime:0.000012s ]
INFO: [ app_init ] --END-- [ RunTime:0.000346s ]
ERR: 无法加载模块:Tianjin

[ 2016-12-09T22:34:35+08:00 ] 106.38.241.149 /hangzhou/jiaxiao/list?d=2585&l=7&lm=1137&ti=7
INFO: [ app_init ] --START--
INFO: Run Behavior\BuildLiteBehavior [ RunTime:0.000011s ]
INFO: [ app_init ] --END-- [ RunTime:0.000293s ]
ERR: 无法加载模块:Hangzhou

[ 2016-12-09T22:34:45+08:00 ] 106.38.241.149 /shanghai/jiaxiao/list?d=6&ti=2&l=1&lm=172
INFO: [ app_init ] --START--
INFO: Run Behavior\BuildLiteBehavior [ RunTime:0.000012s ]
INFO: [ app_init ] --END-- [ RunTime:0.000293s ]
ERR: 无法加载模块:Shanghai

[ 2016-12-09T22:34:55+08:00 ] 106.38.241.149 /hangzhou/jiaxiao/list?d=2590&ti=5&l=5&lm=1147
INFO: [ app_init ] --START--
INFO: Run Behavior\BuildLiteBehavior [ RunTime:0.000012s ]
INFO: [ app_init ] --END-- [ RunTime:0.000317s ]
ERR: 无法加载模块:Hangzhou

[ 2016-12-09T22:35:05+08:00 ] 106.38.241.149 /wuhan/jiaxiao/list?d=3912&l=19&lm=1539&ti=0
INFO: [ app_init ] --START--
INFO: Run Behavior\BuildLiteBehavior [ RunTime:0.000014s ]
INFO: [ app_init ] --END-- [ RunTime:0.000303s ]
ERR: 无法加载模块:Wuhan

[ 2016-12-09T22:35:15+08:00 ] 106.38.241.149 /beijing/jiaxiao/list?d=3387&o=2&l=18&lm=332&ti=5
INFO: [ app_init ] --START--
INFO: Run Behavior\BuildLiteBehavior [ RunTime:0.000012s ]
INFO: [ app_init ] --END-- [ RunTime:0.000321s ]
ERR: 无法加载模块:Beijing

[ 2016-12-09T22:35:25+08:00 ] 106.38.241.149 /tianjin/jiaxiao/list?d=3398&o=4&l=5&lm=1272&ti=3
INFO: [ app_init ] --START--
INFO: Run Behavior\BuildLiteBehavior [ RunTime:0.000011s ]
INFO: [ app_init ] --END-- [ RunTime:0.000288s ]
ERR: 无法加载模块:Tianjin

[ 2016-12-09T22:35:35+08:00 ] 106.38.241.149 /beijing/jiaxiao/list?d=3390&o=4&l=19&lm=429&ti=2
INFO: [ app_init ] --START--
INFO: Run Behavior\BuildLiteBehavior [ RunTime:0.000013s ]
INFO: [ app_init ] --END-- [ RunTime:0.000303s ]
ERR: 无法加载模块:Beijing

[ 2016-12-09T22:35:38+08:00 ] 60.177.15.103 /uploads/20160506160122.jpg
INFO: [ app_init ] --START--
INFO: Run Behavior\BuildLiteBehavior [ RunTime:0.000016s ]
INFO: [ app_init ] --END-- [ RunTime:0.000354s ]
ERR: 无法加载模块:Uploads

[ 2016-12-09T22:35:39+08:00 ] 60.177.15.103 /uploads/20160506160122.jpg
INFO: [ app_init ] --START--
INFO: Run Behavior\BuildLiteBehavior [ RunTime:0.000013s ]
INFO: [ app_init ] --END-- [ RunTime:0.000303s ]
ERR: 无法加载模块:Uploads

[ 2016-12-09T22:35:43+08:00 ] 163.172.66.29 /wuhan/jiaxiao/whchangjiang
INFO: [ app_init ] --START--
INFO: Run Behavior\BuildLiteBehavior [ RunTime:0.000012s ]
INFO: [ app_init ] --END-- [ RunTime:0.000293s ]
ERR: 无法加载模块:Wuhan

[ 2016-12-09T22:35:45+08:00 ] 106.38.241.149 /shanghai/jiaxiao/list?d=15&ti=6&l=6&lm=44
INFO: [ app_init ] --START--
INFO: Run Behavior\BuildLiteBehavior [ RunTime:0.000016s ]
INFO: [ app_init ] --END-- [ RunTime:0.002508s ]
ERR: 无法加载模块:Shanghai

[ 2016-12-09T22:35:55+08:00 ] 106.38.241.149 /tianjin/jiaxiao/list?d=3394&o=4&l=6&lm=1297&ti=0
INFO: [ app_init ] --START--
INFO: Run Behavior\BuildLiteBehavior [ RunTime:0.000019s ]
INFO: [ app_init ] --END-- [ RunTime:0.000340s ]
ERR: 无法加载模块:Tianjin

[ 2016-12-09T22:36:05+08:00 ] 106.38.241.149 /suzhou/jiaxiao/list?d=2521&ti=0&l=18&lm=882
INFO: [ app_init ] --START--
INFO: Run Behavior\BuildLiteBehavior [ RunTime:0.000011s ]
INFO: [ app_init ] --END-- [ RunTime:0.000312s ]
ERR: 无法加载模块:Suzhou

[ 2016-12-09T22:36:57+08:00 ] 120.26.245.132 /uploads/20160506160122.jpg
INFO: [ app_init ] --START--
INFO: Run Behavior\BuildLiteBehavior [ RunTime:0.000015s ]
INFO: [ app_init ] --END-- [ RunTime:0.000343s ]
ERR: 无法加载模块:Uploads

[ 2016-12-09T22:36:57+08:00 ] 120.26.245.132 /uploads/20160506160122.jpg
INFO: [ app_init ] --START--
INFO: Run Behavior\BuildLiteBehavior [ RunTime:0.000011s ]
INFO: [ app_init ] --END-- [ RunTime:0.000318s ]
ERR: 无法加载模块:Uploads

[ 2016-12-09T22:37:19+08:00 ] 112.17.243.3 /uploads/20160506160122.jpg
INFO: [ app_init ] --START--
INFO: Run Behavior\BuildLiteBehavior [ RunTime:0.000014s ]
INFO: [ app_init ] --END-- [ RunTime:0.000304s ]
ERR: 无法加载模块:Uploads

[ 2016-12-09T22:37:27+08:00 ] 66.249.79.75 /shenzhen/jiaxiao/list?d=3091&o=2&l=3&lm=960&ti=5
INFO: [ app_init ] --START--
INFO: Run Behavior\BuildLiteBehavior [ RunTime:0.000016s ]
INFO: [ app_init ] --END-- [ RunTime:0.000322s ]
ERR: 无法加载模块:Shenzhen

[ 2016-12-09T22:38:03+08:00 ] 124.239.251.73 /uploads/20160506160122.jpg
INFO: [ app_init ] --START--
INFO: Run Behavior\BuildLiteBehavior [ RunTime:0.000012s ]
INFO: [ app_init ] --END-- [ RunTime:0.000333s ]
ERR: 无法加载模块:Uploads

[ 2016-12-09T22:38:04+08:00 ] 124.239.251.73 /uploads/20160506160122.jpg
INFO: [ app_init ] --START--
INFO: Run Behavior\BuildLiteBehavior [ RunTime:0.000015s ]
INFO: [ app_init ] --END-- [ RunTime:0.000324s ]
ERR: 无法加载模块:Uploads

[ 2016-12-09T22:38:14+08:00 ] 124.239.251.72 /uploads/20160506160122.jpg
INFO: [ app_init ] --START--
INFO: Run Behavior\BuildLiteBehavior [ RunTime:0.000012s ]
INFO: [ app_init ] --END-- [ RunTime:0.000318s ]
ERR: 无法加载模块:Uploads

[ 2016-12-09T22:38:40+08:00 ] 120.26.103.100 /uploads/20160506160122.jpg
INFO: [ app_init ] --START--
INFO: Run Behavior\BuildLiteBehavior [ RunTime:0.000013s ]
INFO: [ app_init ] --END-- [ RunTime:0.000307s ]
ERR: 无法加载模块:Uploads

[ 2016-12-09T22:38:41+08:00 ] 120.26.103.100 /uploads/20160506160122.jpg
INFO: [ app_init ] --START--
INFO: Run Behavior\BuildLiteBehavior [ RunTime:0.000013s ]
INFO: [ app_init ] --END-- [ RunTime:0.000304s ]
ERR: 无法加载模块:Uploads

[ 2016-12-09T22:39:30+08:00 ] 163.172.64.245 /tianjin/jiaxiao/tianjin
INFO: [ app_init ] --START--
INFO: Run Behavior\BuildLiteBehavior [ RunTime:0.000011s ]
INFO: [ app_init ] --END-- [ RunTime:0.000292s ]
ERR: 无法加载模块:Tianjin

[ 2016-12-09T22:40:01+08:00 ] 60.177.15.103 /uploads/20160506160122.jpg
INFO: [ app_init ] --START--
INFO: Run Behavior\BuildLiteBehavior [ RunTime:0.000013s ]
INFO: [ app_init ] --END-- [ RunTime:0.000303s ]
ERR: 无法加载模块:Uploads

[ 2016-12-09T22:40:53+08:00 ] 121.40.182.251 /uploads/20160506160122.jpg
INFO: [ app_init ] --START--
INFO: Run Behavior\BuildLiteBehavior [ RunTime:0.000015s ]
INFO: [ app_init ] --END-- [ RunTime:0.000319s ]
ERR: 无法加载模块:Uploads

[ 2016-12-09T22:40:54+08:00 ] 121.40.182.251 /uploads/20160506160122.jpg
INFO: [ app_init ] --START--
INFO: Run Behavior\BuildLiteBehavior [ RunTime:0.000013s ]
INFO: [ app_init ] --END-- [ RunTime:0.000311s ]
ERR: 无法加载模块:Uploads

[ 2016-12-09T22:40:57+08:00 ] 101.93.78.31 /favicon.ico
INFO: [ app_init ] --START--
INFO: Run Behavior\BuildLiteBehavior [ RunTime:0.000012s ]
INFO: [ app_init ] --END-- [ RunTime:0.000296s ]
ERR: 无法加载模块:Favicon

[ 2016-12-09T22:41:06+08:00 ] 117.44.187.152 /uploads/20160506160122.jpg
INFO: [ app_init ] --START--
INFO: Run Behavior\BuildLiteBehavior [ RunTime:0.000012s ]
INFO: [ app_init ] --END-- [ RunTime:0.000293s ]
ERR: 无法加载模块:Uploads

[ 2016-12-09T22:41:45+08:00 ] 115.204.201.108 /uploads/20160506160122.jpg
INFO: [ app_init ] --START--
INFO: Run Behavior\BuildLiteBehavior [ RunTime:0.000012s ]
INFO: [ app_init ] --END-- [ RunTime:0.000318s ]
ERR: 无法加载模块:Uploads

[ 2016-12-09T22:42:44+08:00 ] 106.39.189.254 /uploads/20160506160122.jpg
INFO: [ app_init ] --START--
INFO: Run Behavior\BuildLiteBehavior [ RunTime:0.000012s ]
INFO: [ app_init ] --END-- [ RunTime:0.000319s ]
ERR: 无法加载模块:Uploads

[ 2016-12-09T22:44:02+08:00 ] 106.39.189.254 /uploads/20160506160122.jpg
INFO: [ app_init ] --START--
INFO: Run Behavior\BuildLiteBehavior [ RunTime:0.000015s ]
INFO: [ app_init ] --END-- [ RunTime:0.000340s ]
ERR: 无法加载模块:Uploads

[ 2016-12-09T22:44:10+08:00 ] 106.39.189.254 /uploads/20160506160122.jpg
INFO: [ app_init ] --START--
INFO: Run Behavior\BuildLiteBehavior [ RunTime:0.000011s ]
INFO: [ app_init ] --END-- [ RunTime:0.000289s ]
ERR: 无法加载模块:Uploads

[ 2016-12-09T22:45:19+08:00 ] 121.40.34.111 /uploads/20160506160122.jpg
INFO: [ app_init ] --START--
INFO: Run Behavior\BuildLiteBehavior [ RunTime:0.000011s ]
INFO: [ app_init ] --END-- [ RunTime:0.000315s ]
ERR: 无法加载模块:Uploads

[ 2016-12-09T22:45:19+08:00 ] 121.40.34.111 /uploads/20160506160122.jpg
INFO: [ app_init ] --START--
INFO: Run Behavior\BuildLiteBehavior [ RunTime:0.000012s ]
INFO: [ app_init ] --END-- [ RunTime:0.000291s ]
ERR: 无法加载模块:Uploads

[ 2016-12-09T22:45:24+08:00 ] 106.39.189.254 /uploads/20160506160122.jpg
INFO: [ app_init ] --START--
INFO: Run Behavior\BuildLiteBehavior [ RunTime:0.000012s ]
INFO: [ app_init ] --END-- [ RunTime:0.000291s ]
ERR: 无法加载模块:Uploads

[ 2016-12-09T22:47:45+08:00 ] 58.215.136.115 /uploads/20160506160122.jpg
INFO: [ app_init ] --START--
INFO: Run Behavior\BuildLiteBehavior [ RunTime:0.000011s ]
INFO: [ app_init ] --END-- [ RunTime:0.000292s ]
ERR: 无法加载模块:Uploads

[ 2016-12-09T22:47:49+08:00 ] 111.11.28.79 /uploads/20160506160122.jpg
INFO: [ app_init ] --START--
INFO: Run Behavior\BuildLiteBehavior [ RunTime:0.000012s ]
INFO: [ app_init ] --END-- [ RunTime:0.000325s ]
ERR: 无法加载模块:Uploads

[ 2016-12-09T22:48:16+08:00 ] 183.128.153.89 /uploads/20160506160122.jpg
INFO: [ app_init ] --START--
INFO: Run Behavior\BuildLiteBehavior [ RunTime:0.000015s ]
INFO: [ app_init ] --END-- [ RunTime:0.000314s ]
ERR: 无法加载模块:Uploads

[ 2016-12-09T22:48:16+08:00 ] 183.128.153.89 /uploads/20160506160122.jpg
INFO: [ app_init ] --START--
INFO: Run Behavior\BuildLiteBehavior [ RunTime:0.000011s ]
INFO: [ app_init ] --END-- [ RunTime:0.000290s ]
ERR: 无法加载模块:Uploads

[ 2016-12-09T22:48:33+08:00 ] 36.23.170.13 /uploads/20160506160122.jpg
INFO: [ app_init ] --START--
INFO: Run Behavior\BuildLiteBehavior [ RunTime:0.000012s ]
INFO: [ app_init ] --END-- [ RunTime:0.000297s ]
ERR: 无法加载模块:Uploads

[ 2016-12-09T22:49:10+08:00 ] 163.172.65.248 /shanghai/jiaxiao/list?d=9&ti=6&l=1&lm=188
INFO: [ app_init ] --START--
INFO: Run Behavior\BuildLiteBehavior [ RunTime:0.000039s ]
INFO: [ app_init ] --END-- [ RunTime:0.000329s ]
ERR: 无法加载模块:Shanghai

[ 2016-12-09T22:50:29+08:00 ] 36.23.170.13 /uploads/20160506160122.jpg
INFO: [ app_init ] --START--
INFO: Run Behavior\BuildLiteBehavior [ RunTime:0.000013s ]
INFO: [ app_init ] --END-- [ RunTime:0.000313s ]
ERR: 无法加载模块:Uploads

[ 2016-12-09T22:51:06+08:00 ] 139.226.40.56 /Upload/small/8AFC85C2-FDB4-BFB7-2440-1E3ED03137F7.png
INFO: [ app_init ] --START--
INFO: Run Behavior\BuildLiteBehavior [ RunTime:0.000015s ]
INFO: [ app_init ] --END-- [ RunTime:0.000316s ]
ERR: 无法加载模块:Upload

[ 2016-12-09T22:51:06+08:00 ] 139.226.40.56 /Upload/small/8AFC85C2-FDB4-BFB7-2440-1E3ED03137F7.jpg
INFO: [ app_init ] --START--
INFO: Run Behavior\BuildLiteBehavior [ RunTime:0.000012s ]
INFO: [ app_init ] --END-- [ RunTime:0.000323s ]
ERR: 无法加载模块:Upload

[ 2016-12-09T22:51:07+08:00 ] 139.226.40.56 /Upload/small/8AFC85C2-FDB4-BFB7-2440-1E3ED03137F7.jpeg
INFO: [ app_init ] --START--
INFO: Run Behavior\BuildLiteBehavior [ RunTime:0.000012s ]
INFO: [ app_init ] --END-- [ RunTime:0.000297s ]
ERR: 无法加载模块:Upload

[ 2016-12-09T22:51:07+08:00 ] 139.226.40.56 /Upload/small/8AFC85C2-FDB4-BFB7-2440-1E3ED03137F7.png
INFO: [ app_init ] --START--
INFO: Run Behavior\BuildLiteBehavior [ RunTime:0.000011s ]
INFO: [ app_init ] --END-- [ RunTime:0.000288s ]
ERR: 无法加载模块:Upload

[ 2016-12-09T22:51:07+08:00 ] 139.226.40.56 /Upload/small/8AFC85C2-FDB4-BFB7-2440-1E3ED03137F7.jpg
INFO: [ app_init ] --START--
INFO: Run Behavior\BuildLiteBehavior [ RunTime:0.000012s ]
INFO: [ app_init ] --END-- [ RunTime:0.000316s ]
ERR: 无法加载模块:Upload

[ 2016-12-09T22:51:07+08:00 ] 139.226.40.56 /Upload/small/8AFC85C2-FDB4-BFB7-2440-1E3ED03137F7.jpeg
INFO: [ app_init ] --START--
INFO: Run Behavior\BuildLiteBehavior [ RunTime:0.000011s ]
INFO: [ app_init ] --END-- [ RunTime:0.000280s ]
ERR: 无法加载模块:Upload

[ 2016-12-09T22:51:25+08:00 ] 139.226.40.56 /Upload/Banner/activity_item_7.png
INFO: [ app_init ] --START--
INFO: Run Behavior\BuildLiteBehavior [ RunTime:0.000012s ]
INFO: [ app_init ] --END-- [ RunTime:0.000289s ]
ERR: 无法加载模块:Upload

[ 2016-12-09T22:52:43+08:00 ] 113.12.117.105 /uploads/20160506160122.jpg
INFO: [ app_init ] --START--
INFO: Run Behavior\BuildLiteBehavior [ RunTime:0.000012s ]
INFO: [ app_init ] --END-- [ RunTime:0.000317s ]
ERR: 无法加载模块:Uploads

[ 2016-12-09T22:52:44+08:00 ] 113.12.117.105 /uploads/20160506160122.jpg
INFO: [ app_init ] --START--
INFO: Run Behavior\BuildLiteBehavior [ RunTime:0.000012s ]
INFO: [ app_init ] --END-- [ RunTime:0.000317s ]
ERR: 无法加载模块:Uploads

[ 2016-12-09T22:53:00+08:00 ] 183.128.113.91 /uploads/20160506160122.jpg
INFO: [ app_init ] --START--
INFO: Run Behavior\BuildLiteBehavior [ RunTime:0.000011s ]
INFO: [ app_init ] --END-- [ RunTime:0.000290s ]
ERR: 无法加载模块:Uploads

[ 2016-12-09T22:53:30+08:00 ] 46.161.9.11 /nanjing/jiaxiao/list?d=2487
INFO: [ app_init ] --START--
INFO: Run Behavior\BuildLiteBehavior [ RunTime:0.000014s ]
INFO: [ app_init ] --END-- [ RunTime:0.000302s ]
ERR: 无法加载模块:Nanjing

[ 2016-12-09T22:54:46+08:00 ] 106.39.189.254 /uploads/20160506160122.jpg
INFO: [ app_init ] --START--
INFO: Run Behavior\BuildLiteBehavior [ RunTime:0.000013s ]
INFO: [ app_init ] --END-- [ RunTime:0.000299s ]
ERR: 无法加载模块:Uploads

[ 2016-12-09T22:54:51+08:00 ] 106.39.189.254 /uploads/20160506160122.jpg
INFO: [ app_init ] --START--
INFO: Run Behavior\BuildLiteBehavior [ RunTime:0.000011s ]
INFO: [ app_init ] --END-- [ RunTime:0.000320s ]
ERR: 无法加载模块:Uploads

[ 2016-12-09T22:54:58+08:00 ] 106.39.189.254 /uploads/20160506160122.jpg
INFO: [ app_init ] --START--
INFO: Run Behavior\BuildLiteBehavior [ RunTime:0.000013s ]
INFO: [ app_init ] --END-- [ RunTime:0.000328s ]
ERR: 无法加载模块:Uploads

[ 2016-12-09T22:55:28+08:00 ] 124.90.41.46 /uploads/20160506160122.jpg
INFO: [ app_init ] --START--
INFO: Run Behavior\BuildLiteBehavior [ RunTime:0.000012s ]
INFO: [ app_init ] --END-- [ RunTime:0.000290s ]
ERR: 无法加载模块:Uploads

[ 2016-12-09T22:55:28+08:00 ] 124.90.41.46 /uploads/20160506160122.jpg
INFO: [ app_init ] --START--
INFO: Run Behavior\BuildLiteBehavior [ RunTime:0.000013s ]
INFO: [ app_init ] --END-- [ RunTime:0.000325s ]
ERR: 无法加载模块:Uploads

[ 2016-12-09T22:56:13+08:00 ] 124.90.41.46 /uploads/20160506160122.jpg
INFO: [ app_init ] --START--
INFO: Run Behavior\BuildLiteBehavior [ RunTime:0.000012s ]
INFO: [ app_init ] --END-- [ RunTime:0.000294s ]
ERR: 无法加载模块:Uploads

[ 2016-12-09T22:56:46+08:00 ] 115.205.116.171 /uploads/20160506160122.jpg
INFO: [ app_init ] --START--
INFO: Run Behavior\BuildLiteBehavior [ RunTime:0.000013s ]
INFO: [ app_init ] --END-- [ RunTime:0.000344s ]
ERR: 无法加载模块:Uploads

[ 2016-12-09T22:57:16+08:00 ] 125.121.240.225 /uploads/20160506160122.jpg
INFO: [ app_init ] --START--
INFO: Run Behavior\BuildLiteBehavior [ RunTime:0.000012s ]
INFO: [ app_init ] --END-- [ RunTime:0.000318s ]
ERR: 无法加载模块:Uploads

[ 2016-12-09T22:57:16+08:00 ] 125.121.240.225 /uploads/20160506160122.jpg
INFO: [ app_init ] --START--
INFO: Run Behavior\BuildLiteBehavior [ RunTime:0.000013s ]
INFO: [ app_init ] --END-- [ RunTime:0.000304s ]
ERR: 无法加载模块:Uploads

[ 2016-12-09T22:57:48+08:00 ] 66.249.79.75 /wuhan/jiaxiao/list?d=3922&ti=0&l=5&lm=1559
INFO: [ app_init ] --START--
INFO: Run Behavior\BuildLiteBehavior [ RunTime:0.000014s ]
INFO: [ app_init ] --END-- [ RunTime:0.000299s ]
ERR: 无法加载模块:Wuhan

[ 2016-12-09T22:57:55+08:00 ] 121.42.0.59 /uploads/20160506160122.jpg
INFO: [ app_init ] --START--
INFO: Run Behavior\BuildLiteBehavior [ RunTime:0.000013s ]
INFO: [ app_init ] --END-- [ RunTime:0.000299s ]
ERR: 无法加载模块:Uploads

[ 2016-12-09T22:57:58+08:00 ] 115.193.34.185 /uploads/20160506160122.jpg
INFO: [ app_init ] --START--
INFO: Run Behavior\BuildLiteBehavior [ RunTime:0.000012s ]
INFO: [ app_init ] --END-- [ RunTime:0.000320s ]
ERR: 无法加载模块:Uploads

[ 2016-12-09T22:58:07+08:00 ] 58.215.136.253 /uploads/20160506160122.jpg
INFO: [ app_init ] --START--
INFO: Run Behavior\BuildLiteBehavior [ RunTime:0.000013s ]
INFO: [ app_init ] --END-- [ RunTime:0.000327s ]
ERR: 无法加载模块:Uploads

[ 2016-12-09T22:58:12+08:00 ] 124.116.240.67 /uploads/20160506160122.jpg
INFO: [ app_init ] --START--
INFO: Run Behavior\BuildLiteBehavior [ RunTime:0.000024s ]
INFO: [ app_init ] --END-- [ RunTime:0.000441s ]
ERR: 无法加载模块:Uploads

[ 2016-12-09T22:58:43+08:00 ] 220.179.147.35 /favicon.ico
INFO: [ app_init ] --START--
INFO: Run Behavior\BuildLiteBehavior [ RunTime:0.000011s ]
INFO: [ app_init ] --END-- [ RunTime:0.000315s ]
ERR: 无法加载模块:Favicon

[ 2016-12-09T22:59:52+08:00 ] 163.172.64.188 /shanghai/jiaxiao/list?d=9&ti=3&l=18&lm=23
INFO: [ app_init ] --START--
INFO: Run Behavior\BuildLiteBehavior [ RunTime:0.000012s ]
INFO: [ app_init ] --END-- [ RunTime:0.000289s ]
ERR: 无法加载模块:Shanghai

[ 2016-12-09T23:01:14+08:00 ] 115.193.161.191 /uploads/20160506160122.jpg
INFO: [ app_init ] --START--
INFO: Run Behavior\BuildLiteBehavior [ RunTime:0.000011s ]
INFO: [ app_init ] --END-- [ RunTime:0.000319s ]
ERR: 无法加载模块:Uploads

[ 2016-12-09T23:02:05+08:00 ] 121.42.0.56 /pjdriving/
INFO: [ app_init ] --START--
INFO: Run Behavior\BuildLiteBehavior [ RunTime:0.000012s ]
INFO: [ app_init ] --END-- [ RunTime:0.000294s ]
ERR: 无法加载模块:Pjdriving

[ 2016-12-09T23:02:24+08:00 ] 106.38.241.149 /beijing/jiaxiao/list?d=3389&o=2&l=3&lm=335&ti=6
INFO: [ app_init ] --START--
INFO: Run Behavior\BuildLiteBehavior [ RunTime:0.000012s ]
INFO: [ app_init ] --END-- [ RunTime:0.000292s ]
ERR: 无法加载模块:Beijing

[ 2016-12-09T23:02:36+08:00 ] 106.38.241.149 /beijing/jiaxiao/list?d=3382&ti=6&l=6&lm=430
INFO: [ app_init ] --START--
INFO: Run Behavior\BuildLiteBehavior [ RunTime:0.000012s ]
INFO: [ app_init ] --END-- [ RunTime:0.000295s ]
ERR: 无法加载模块:Beijing

[ 2016-12-09T23:02:48+08:00 ] 106.38.241.149 /beijing/jiaxiao/list?d=3389&o=3&l=3&lm=526&ti=2
INFO: [ app_init ] --START--
INFO: Run Behavior\BuildLiteBehavior [ RunTime:0.000015s ]
INFO: [ app_init ] --END-- [ RunTime:0.000339s ]
ERR: 无法加载模块:Beijing

[ 2016-12-09T23:03:00+08:00 ] 106.38.241.149 /guangzhou/jiaxiao/list?d=3079&l=7&lm=663&ti=7
INFO: [ app_init ] --START--
INFO: Run Behavior\BuildLiteBehavior [ RunTime:0.000017s ]
INFO: [ app_init ] --END-- [ RunTime:0.000328s ]
ERR: 无法加载模块:Guangzhou

[ 2016-12-09T23:03:24+08:00 ] 121.42.0.56 /uploads/20160506160122.jpg
INFO: [ app_init ] --START--
INFO: Run Behavior\BuildLiteBehavior [ RunTime:0.000011s ]
INFO: [ app_init ] --END-- [ RunTime:0.000314s ]
ERR: 无法加载模块:Uploads

[ 2016-12-09T23:04:24+08:00 ] 124.160.254.16 /uploads/20160506160122.jpg
INFO: [ app_init ] --START--
INFO: Run Behavior\BuildLiteBehavior [ RunTime:0.000012s ]
INFO: [ app_init ] --END-- [ RunTime:0.000318s ]
ERR: 无法加载模块:Uploads

[ 2016-12-09T23:04:35+08:00 ] 124.160.254.16 /uploads/20160506160122.jpg
INFO: [ app_init ] --START--
INFO: Run Behavior\BuildLiteBehavior [ RunTime:0.000012s ]
INFO: [ app_init ] --END-- [ RunTime:0.000293s ]
ERR: 无法加载模块:Uploads

[ 2016-12-09T23:04:38+08:00 ] 106.38.241.149 /beijing/jiaxiao/list?d=3385&l=7&lm=606&ti=6
INFO: [ app_init ] --START--
INFO: Run Behavior\BuildLiteBehavior [ RunTime:0.000011s ]
INFO: [ app_init ] --END-- [ RunTime:0.000315s ]
ERR: 无法加载模块:Beijing

[ 2016-12-09T23:04:53+08:00 ] 106.38.241.149 /beijing/jiaxiao/list?d=3386&l=18&lm=288&ti=7
INFO: [ app_init ] --START--
INFO: Run Behavior\BuildLiteBehavior [ RunTime:0.000011s ]
INFO: [ app_init ] --END-- [ RunTime:0.000291s ]
ERR: 无法加载模块:Beijing

[ 2016-12-09T23:05:07+08:00 ] 106.38.241.149 /suzhou/jiaxiao/list?d=2519&l=18&lm=828&ti=7
INFO: [ app_init ] --START--
INFO: Run Behavior\BuildLiteBehavior [ RunTime:0.000012s ]
INFO: [ app_init ] --END-- [ RunTime:0.000289s ]
ERR: 无法加载模块:Suzhou

[ 2016-12-09T23:05:24+08:00 ] 106.38.241.149 /tianjin/jiaxiao/list?d=3410&o=3&l=6&lm=1218&ti=5
INFO: [ app_init ] --START--
INFO: Run Behavior\BuildLiteBehavior [ RunTime:0.000012s ]
INFO: [ app_init ] --END-- [ RunTime:0.000290s ]
ERR: 无法加载模块:Tianjin

[ 2016-12-09T23:05:38+08:00 ] 106.38.241.149 /tianjin/jiaxiao/list?d=3397&o=4&l=6&lm=1220&ti=7
INFO: [ app_init ] --START--
INFO: Run Behavior\BuildLiteBehavior [ RunTime:0.000014s ]
INFO: [ app_init ] --END-- [ RunTime:0.000309s ]
ERR: 无法加载模块:Tianjin

[ 2016-12-09T23:05:52+08:00 ] 106.38.241.149 /beijing/jiaxiao/list?d=3378&l=3&lm=552&ti=5
INFO: [ app_init ] --START--
INFO: Run Behavior\BuildLiteBehavior [ RunTime:0.000012s ]
INFO: [ app_init ] --END-- [ RunTime:0.000307s ]
ERR: 无法加载模块:Beijing

[ 2016-12-09T23:06:08+08:00 ] 106.38.241.149 /beijing/jiaxiao/list?d=3391&ti=3&l=5&lm=314
INFO: [ app_init ] --START--
INFO: Run Behavior\BuildLiteBehavior [ RunTime:0.000012s ]
INFO: [ app_init ] --END-- [ RunTime:0.000334s ]
ERR: 无法加载模块:Beijing

[ 2016-12-09T23:06:23+08:00 ] 106.38.241.149 /beijing/jiaxiao/list?d=3386&ti=5&l=4&lm=361
INFO: [ app_init ] --START--
INFO: Run Behavior\BuildLiteBehavior [ RunTime:0.000014s ]
INFO: [ app_init ] --END-- [ RunTime:0.000301s ]
ERR: 无法加载模块:Beijing

[ 2016-12-09T23:06:39+08:00 ] 106.38.241.149 /beijing/jiaxiao/list?d=3384&ti=5&l=18&lm=546
INFO: [ app_init ] --START--
INFO: Run Behavior\BuildLiteBehavior [ RunTime:0.000011s ]
INFO: [ app_init ] --END-- [ RunTime:0.000299s ]
ERR: 无法加载模块:Beijing

[ 2016-12-09T23:06:53+08:00 ] 106.38.241.149 /tianjin/jiaxiao/list?d=3404&ti=2&l=5&lm=1184
INFO: [ app_init ] --START--
INFO: Run Behavior\BuildLiteBehavior [ RunTime:0.000013s ]
INFO: [ app_init ] --END-- [ RunTime:0.000304s ]
ERR: 无法加载模块:Tianjin

[ 2016-12-09T23:07:03+08:00 ] 163.172.65.29 /order/neworder/176
INFO: [ app_init ] --START--
INFO: Run Behavior\BuildLiteBehavior [ RunTime:0.000012s ]
INFO: [ app_init ] --END-- [ RunTime:0.000291s ]
ERR: 无法加载模块:Order

[ 2016-12-09T23:07:08+08:00 ] 106.38.241.149 /tianjin/jiaxiao/list?d=3397&l=6&lm=1237&ti=5
INFO: [ app_init ] --START--
INFO: Run Behavior\BuildLiteBehavior [ RunTime:0.000012s ]
INFO: [ app_init ] --END-- [ RunTime:0.000291s ]
ERR: 无法加载模块:Tianjin

[ 2016-12-09T23:07:25+08:00 ] 106.38.241.149 /hangzhou/jiaxiao/list?d=2586&o=1&l=18&lm=1021&ti=3
INFO: [ app_init ] --START--
INFO: Run Behavior\BuildLiteBehavior [ RunTime:0.000011s ]
INFO: [ app_init ] --END-- [ RunTime:0.000290s ]
ERR: 无法加载模块:Hangzhou

[ 2016-12-09T23:07:41+08:00 ] 106.38.241.149 /tianjin/jiaxiao/list?d=3406&ti=0&l=2&lm=1250
INFO: [ app_init ] --START--
INFO: Run Behavior\BuildLiteBehavior [ RunTime:0.000014s ]
INFO: [ app_init ] --END-- [ RunTime:0.000314s ]
ERR: 无法加载模块:Tianjin

[ 2016-12-09T23:07:57+08:00 ] 106.38.241.149 /tianjin/jiaxiao/list?d=3401&l=2&lm=1233&ti=5
INFO: [ app_init ] --START--
INFO: Run Behavior\BuildLiteBehavior [ RunTime:0.000012s ]
INFO: [ app_init ] --END-- [ RunTime:0.000289s ]
ERR: 无法加载模块:Tianjin

[ 2016-12-09T23:08:12+08:00 ] 106.38.241.149 /tianjin/jiaxiao/list?d=3401&ti=0&l=5&lm=1333
INFO: [ app_init ] --START--
INFO: Run Behavior\BuildLiteBehavior [ RunTime:0.000011s ]
INFO: [ app_init ] --END-- [ RunTime:0.000291s ]
ERR: 无法加载模块:Tianjin

[ 2016-12-09T23:08:27+08:00 ] 106.38.241.149 /tianjin/jiaxiao/list?d=3397&ti=5&l=5&lm=1317
INFO: [ app_init ] --START--
INFO: Run Behavior\BuildLiteBehavior [ RunTime:0.000013s ]
INFO: [ app_init ] --END-- [ RunTime:0.000302s ]
ERR: 无法加载模块:Tianjin

[ 2016-12-09T23:08:44+08:00 ] 106.38.241.149 /hangzhou/jiaxiao/list?d=2589&ti=3&l=2&lm=971
INFO: [ app_init ] --START--
INFO: Run Behavior\BuildLiteBehavior [ RunTime:0.000040s ]
INFO: [ app_init ] --END-- [ RunTime:0.000357s ]
ERR: 无法加载模块:Hangzhou

[ 2016-12-09T23:08:50+08:00 ] 125.121.240.225 /uploads/20160506160122.jpg
INFO: [ app_init ] --START--
INFO: Run Behavior\BuildLiteBehavior [ RunTime:0.000013s ]
INFO: [ app_init ] --END-- [ RunTime:0.000304s ]
ERR: 无法加载模块:Uploads

[ 2016-12-09T23:08:51+08:00 ] 125.121.240.225 /uploads/20160506160122.jpg
INFO: [ app_init ] --START--
INFO: Run Behavior\BuildLiteBehavior [ RunTime:0.000011s ]
INFO: [ app_init ] --END-- [ RunTime:0.000289s ]
ERR: 无法加载模块:Uploads

[ 2016-12-09T23:09:00+08:00 ] 106.38.241.149 /tianjin/jiaxiao/list?d=3401&ti=5&l=4&lm=1173
INFO: [ app_init ] --START--
INFO: Run Behavior\BuildLiteBehavior [ RunTime:0.000011s ]
INFO: [ app_init ] --END-- [ RunTime:0.000288s ]
ERR: 无法加载模块:Tianjin

[ 2016-12-09T23:09:17+08:00 ] 106.38.241.149 /tianjin/jiaxiao/list?d=3401&l=2&lm=1331&ti=5
INFO: [ app_init ] --START--
INFO: Run Behavior\BuildLiteBehavior [ RunTime:0.000015s ]
INFO: [ app_init ] --END-- [ RunTime:0.000342s ]
ERR: 无法加载模块:Tianjin

[ 2016-12-09T23:09:33+08:00 ] 106.38.241.149 /tianjin/jiaxiao/list?d=3401&ti=7&l=7&lm=1331
INFO: [ app_init ] --START--
INFO: Run Behavior\BuildLiteBehavior [ RunTime:0.000015s ]
INFO: [ app_init ] --END-- [ RunTime:0.000313s ]
ERR: 无法加载模块:Tianjin

[ 2016-12-09T23:09:49+08:00 ] 106.38.241.149 /tianjin/jiaxiao/list?d=3401&ti=7&l=1&lm=1357
INFO: [ app_init ] --START--
INFO: Run Behavior\BuildLiteBehavior [ RunTime:0.000011s ]
INFO: [ app_init ] --END-- [ RunTime:0.000313s ]
ERR: 无法加载模块:Tianjin

[ 2016-12-09T23:10:05+08:00 ] 106.38.241.149 /tianjin/jiaxiao/list?d=3406&ti=2&l=1&lm=1395
INFO: [ app_init ] --START--
INFO: Run Behavior\BuildLiteBehavior [ RunTime:0.000011s ]
INFO: [ app_init ] --END-- [ RunTime:0.000318s ]
ERR: 无法加载模块:Tianjin

[ 2016-12-09T23:10:20+08:00 ] 106.38.241.149 /tianjin/jiaxiao/list?d=3406&ti=6&l=2&lm=1198
INFO: [ app_init ] --START--
INFO: Run Behavior\BuildLiteBehavior [ RunTime:0.000011s ]
INFO: [ app_init ] --END-- [ RunTime:0.000289s ]
ERR: 无法加载模块:Tianjin

[ 2016-12-09T23:10:36+08:00 ] 106.38.241.149 /tianjin/jiaxiao/list?d=3406&lm=1199&ti=7&l=0
INFO: [ app_init ] --START--
INFO: Run Behavior\BuildLiteBehavior [ RunTime:0.000011s ]
INFO: [ app_init ] --END-- [ RunTime:0.000293s ]
ERR: 无法加载模块:Tianjin

[ 2016-12-09T23:10:48+08:00 ] 163.172.66.184 /order/neworder/412
INFO: [ app_init ] --START--
INFO: Run Behavior\BuildLiteBehavior [ RunTime:0.000012s ]
INFO: [ app_init ] --END-- [ RunTime:0.000291s ]
ERR: 无法加载模块:Order

[ 2016-12-09T23:10:52+08:00 ] 106.38.241.149 /tianjin/jiaxiao/list?d=3397&l=1&lm=1352&ti=2
INFO: [ app_init ] --START--
INFO: Run Behavior\BuildLiteBehavior [ RunTime:0.000012s ]
INFO: [ app_init ] --END-- [ RunTime:0.000294s ]
ERR: 无法加载模块:Tianjin

[ 2016-12-09T23:11:08+08:00 ] 106.38.241.149 /hangzhou/jiaxiao/list?d=2592&ti=5&l=19&lm=1052
INFO: [ app_init ] --START--
INFO: Run Behavior\BuildLiteBehavior [ RunTime:0.000013s ]
INFO: [ app_init ] --END-- [ RunTime:0.000329s ]
ERR: 无法加载模块:Hangzhou

[ 2016-12-09T23:11:24+08:00 ] 106.38.241.149 /hangzhou/jiaxiao/list?d=2592&ti=7&l=19&lm=1100
INFO: [ app_init ] --START--
INFO: Run Behavior\BuildLiteBehavior [ RunTime:0.000012s ]
INFO: [ app_init ] --END-- [ RunTime:0.000318s ]
ERR: 无法加载模块:Hangzhou

[ 2016-12-09T23:11:38+08:00 ] 106.38.241.149 /guangzhou/jiaxiao/list?d=3087&ti=0&l=19&lm=639
INFO: [ app_init ] --START--
INFO: Run Behavior\BuildLiteBehavior [ RunTime:0.000013s ]
INFO: [ app_init ] --END-- [ RunTime:0.000323s ]
ERR: 无法加载模块:Guangzhou

[ 2016-12-09T23:11:55+08:00 ] 106.38.241.149 /guangzhou/jiaxiao/list?d=3088&ti=0&l=19&lm=717
INFO: [ app_init ] --START--
INFO: Run Behavior\BuildLiteBehavior [ RunTime:0.000011s ]
INFO: [ app_init ] --END-- [ RunTime:0.000294s ]
ERR: 无法加载模块:Guangzhou

[ 2016-12-09T23:12:13+08:00 ] 106.38.241.149 /hangzhou/jiaxiao/list?d=2594&ti=6&l=19&lm=1099
INFO: [ app_init ] --START--
INFO: Run Behavior\BuildLiteBehavior [ RunTime:0.000012s ]
INFO: [ app_init ] --END-- [ RunTime:0.000293s ]
ERR: 无法加载模块:Hangzhou

[ 2016-12-09T23:12:18+08:00 ] 46.161.9.11 /shanghai/jiaxiao/list?d=13&ti=7&l=0&lm=5
INFO: [ app_init ] --START--
INFO: Run Behavior\BuildLiteBehavior [ RunTime:0.000012s ]
INFO: [ app_init ] --END-- [ RunTime:0.000332s ]
ERR: 无法加载模块:Shanghai

[ 2016-12-09T23:14:01+08:00 ] 106.38.241.149 /hangzhou/jiaxiao/list?d=2592&ti=2&l=18&lm=1018
INFO: [ app_init ] --START--
INFO: Run Behavior\BuildLiteBehavior [ RunTime:0.000014s ]
INFO: [ app_init ] --END-- [ RunTime:0.000302s ]
ERR: 无法加载模块:Hangzhou

[ 2016-12-09T23:14:02+08:00 ] 163.172.66.100 /shanghai/jiaxiao/list?d=6&lm=164&ti=5&l=6
INFO: [ app_init ] --START--
INFO: Run Behavior\BuildLiteBehavior [ RunTime:0.000011s ]
INFO: [ app_init ] --END-- [ RunTime:0.000303s ]
ERR: 无法加载模块:Shanghai

[ 2016-12-09T23:14:19+08:00 ] 106.38.241.149 /hangzhou/jiaxiao/list?d=2591&ti=7&l=19&lm=1065
INFO: [ app_init ] --START--
INFO: Run Behavior\BuildLiteBehavior [ RunTime:0.000014s ]
INFO: [ app_init ] --END-- [ RunTime:0.000300s ]
ERR: 无法加载模块:Hangzhou

[ 2016-12-09T23:14:36+08:00 ] 106.38.241.149 /tianjin/jiaxiao/list?d=3396&ti=6&l=6&lm=1380
INFO: [ app_init ] --START--
INFO: Run Behavior\BuildLiteBehavior [ RunTime:0.000012s ]
INFO: [ app_init ] --END-- [ RunTime:0.000291s ]
ERR: 无法加载模块:Tianjin

[ 2016-12-09T23:14:54+08:00 ] 106.38.241.149 /tianjin/jiaxiao/list?d=3400&l=1&lm=1353&ti=6
INFO: [ app_init ] --START--
INFO: Run Behavior\BuildLiteBehavior [ RunTime:0.000011s ]
INFO: [ app_init ] --END-- [ RunTime:0.000330s ]
ERR: 无法加载模块:Tianjin

[ 2016-12-09T23:14:57+08:00 ] 117.114.172.5 /m/atjx.html
INFO: [ app_init ] --START--
INFO: Run Behavior\BuildLiteBehavior [ RunTime:0.000012s ]
INFO: [ app_init ] --END-- [ RunTime:0.000297s ]
ERR: 无法加载模块:M

[ 2016-12-09T23:14:58+08:00 ] 117.114.172.5 /apple-touch-icon-120x120-precomposed.png
INFO: [ app_init ] --START--
INFO: Run Behavior\BuildLiteBehavior [ RunTime:0.000012s ]
INFO: [ app_init ] --END-- [ RunTime:0.000291s ]
ERR: 无法加载模块:Apple-touch-icon-120x120-precomposed

[ 2016-12-09T23:14:58+08:00 ] 117.114.172.5 /apple-touch-icon-120x120.png
INFO: [ app_init ] --START--
INFO: Run Behavior\BuildLiteBehavior [ RunTime:0.000012s ]
INFO: [ app_init ] --END-- [ RunTime:0.000292s ]
ERR: 无法加载模块:Apple-touch-icon-120x120

[ 2016-12-09T23:14:58+08:00 ] 117.114.172.5 /apple-touch-icon-precomposed.png
INFO: [ app_init ] --START--
INFO: Run Behavior\BuildLiteBehavior [ RunTime:0.000012s ]
INFO: [ app_init ] --END-- [ RunTime:0.000286s ]
ERR: 无法加载模块:Apple-touch-icon-precomposed

[ 2016-12-09T23:14:58+08:00 ] 117.114.172.5 /apple-touch-icon.png
INFO: [ app_init ] --START--
INFO: Run Behavior\BuildLiteBehavior [ RunTime:0.000012s ]
INFO: [ app_init ] --END-- [ RunTime:0.000298s ]
ERR: 无法加载模块:Apple-touch-icon

[ 2016-12-09T23:14:58+08:00 ] 117.114.172.5 /favicon.ico
INFO: [ app_init ] --START--
INFO: Run Behavior\BuildLiteBehavior [ RunTime:0.000012s ]
INFO: [ app_init ] --END-- [ RunTime:0.000296s ]
ERR: 无法加载模块:Favicon

[ 2016-12-09T23:14:58+08:00 ] 117.114.172.5 /apple-touch-icon-120x120-precomposed.png
INFO: [ app_init ] --START--
INFO: Run Behavior\BuildLiteBehavior [ RunTime:0.000017s ]
INFO: [ app_init ] --END-- [ RunTime:0.000340s ]
ERR: 无法加载模块:Apple-touch-icon-120x120-precomposed

[ 2016-12-09T23:14:58+08:00 ] 117.114.172.5 /apple-touch-icon-120x120.png
INFO: [ app_init ] --START--
INFO: Run Behavior\BuildLiteBehavior [ RunTime:0.000011s ]
INFO: [ app_init ] --END-- [ RunTime:0.000289s ]
ERR: 无法加载模块:Apple-touch-icon-120x120

[ 2016-12-09T23:14:58+08:00 ] 117.114.172.5 /apple-touch-icon-precomposed.png
INFO: [ app_init ] --START--
INFO: Run Behavior\BuildLiteBehavior [ RunTime:0.000012s ]
INFO: [ app_init ] --END-- [ RunTime:0.000294s ]
ERR: 无法加载模块:Apple-touch-icon-precomposed

[ 2016-12-09T23:14:58+08:00 ] 117.114.172.5 /apple-touch-icon.png
INFO: [ app_init ] --START--
INFO: Run Behavior\BuildLiteBehavior [ RunTime:0.000012s ]
INFO: [ app_init ] --END-- [ RunTime:0.000294s ]
ERR: 无法加载模块:Apple-touch-icon

[ 2016-12-09T23:14:58+08:00 ] 117.114.172.5 /favicon.ico
INFO: [ app_init ] --START--
INFO: Run Behavior\BuildLiteBehavior [ RunTime:0.000012s ]
INFO: [ app_init ] --END-- [ RunTime:0.000295s ]
ERR: 无法加载模块:Favicon

[ 2016-12-09T23:15:06+08:00 ] 106.38.241.149 /tianjin/jiaxiao/list?d=3404&l=5&lm=1204&ti=3
INFO: [ app_init ] --START--
INFO: Run Behavior\BuildLiteBehavior [ RunTime:0.000014s ]
INFO: [ app_init ] --END-- [ RunTime:0.000300s ]
ERR: 无法加载模块:Tianjin

[ 2016-12-09T23:15:13+08:00 ] 112.17.247.187 /uploads/20160506160122.jpg
INFO: [ app_init ] --START--
INFO: Run Behavior\BuildLiteBehavior [ RunTime:0.000011s ]
INFO: [ app_init ] --END-- [ RunTime:0.000290s ]
ERR: 无法加载模块:Uploads

[ 2016-12-09T23:15:21+08:00 ] 106.38.241.149 /beijing/jiaxiao/list?d=3391&ti=5&l=19&lm=482
INFO: [ app_init ] --START--
INFO: Run Behavior\BuildLiteBehavior [ RunTime:0.000011s ]
INFO: [ app_init ] --END-- [ RunTime:0.000288s ]
ERR: 无法加载模块:Beijing

[ 2016-12-09T23:15:25+08:00 ] 112.17.247.187 /uploads/20160506160122.jpg
INFO: [ app_init ] --START--
INFO: Run Behavior\BuildLiteBehavior [ RunTime:0.000012s ]
INFO: [ app_init ] --END-- [ RunTime:0.000318s ]
ERR: 无法加载模块:Uploads

[ 2016-12-09T23:15:34+08:00 ] 207.46.13.48 /order/neworder/207
INFO: [ app_init ] --START--
INFO: Run Behavior\BuildLiteBehavior [ RunTime:0.000012s ]
INFO: [ app_init ] --END-- [ RunTime:0.000297s ]
ERR: 无法加载模块:Order

[ 2016-12-09T23:15:36+08:00 ] 106.38.241.149 /tianjin/jiaxiao/list?d=3409&ti=6&l=7&lm=1363
INFO: [ app_init ] --START--
INFO: Run Behavior\BuildLiteBehavior [ RunTime:0.000012s ]
INFO: [ app_init ] --END-- [ RunTime:0.000291s ]
ERR: 无法加载模块:Tianjin

[ 2016-12-09T23:15:49+08:00 ] 106.38.241.149 /tianjin/jiaxiao/list?d=3393&l=2&lm=1390&ti=5
INFO: [ app_init ] --START--
INFO: Run Behavior\BuildLiteBehavior [ RunTime:0.000012s ]
INFO: [ app_init ] --END-- [ RunTime:0.000288s ]
ERR: 无法加载模块:Tianjin

[ 2016-12-09T23:16:03+08:00 ] 112.17.247.187 /uploads/20160506160122.jpg
INFO: [ app_init ] --START--
INFO: Run Behavior\BuildLiteBehavior [ RunTime:0.000011s ]
INFO: [ app_init ] --END-- [ RunTime:0.000296s ]
ERR: 无法加载模块:Uploads

[ 2016-12-09T23:16:04+08:00 ] 106.38.241.149 /tianjin/jiaxiao/list?d=3402&ti=6&l=1&lm=1304
INFO: [ app_init ] --START--
INFO: Run Behavior\BuildLiteBehavior [ RunTime:0.000020s ]
INFO: [ app_init ] --END-- [ RunTime:0.000405s ]
ERR: 无法加载模块:Tianjin

[ 2016-12-09T23:16:19+08:00 ] 106.38.241.149 /tianjin/jiaxiao/list?d=3393&l=5&lm=1308&ti=2
INFO: [ app_init ] --START--
INFO: Run Behavior\BuildLiteBehavior [ RunTime:0.000016s ]
INFO: [ app_init ] --END-- [ RunTime:0.000387s ]
ERR: 无法加载模块:Tianjin

[ 2016-12-09T23:16:34+08:00 ] 106.38.241.149 /tianjin/jiaxiao/list?d=3407&ti=2&l=1&lm=1229
INFO: [ app_init ] --START--
INFO: Run Behavior\BuildLiteBehavior [ RunTime:0.000012s ]
INFO: [ app_init ] --END-- [ RunTime:0.000294s ]
ERR: 无法加载模块:Tianjin

[ 2016-12-09T23:16:48+08:00 ] 106.38.241.149 /tianjin/jiaxiao/list?d=3396&ti=3&l=7&lm=1200
INFO: [ app_init ] --START--
INFO: Run Behavior\BuildLiteBehavior [ RunTime:0.000015s ]
INFO: [ app_init ] --END-- [ RunTime:0.000319s ]
ERR: 无法加载模块:Tianjin

[ 2016-12-09T23:16:59+08:00 ] 112.17.247.187 /uploads/20160506160122.jpg
INFO: [ app_init ] --START--
INFO: Run Behavior\BuildLiteBehavior [ RunTime:0.000012s ]
INFO: [ app_init ] --END-- [ RunTime:0.000320s ]
ERR: 无法加载模块:Uploads

[ 2016-12-09T23:17:02+08:00 ] 106.38.241.149 /tianjin/jiaxiao/list?d=3393&ti=2&l=4&lm=1280
INFO: [ app_init ] --START--
INFO: Run Behavior\BuildLiteBehavior [ RunTime:0.000012s ]
INFO: [ app_init ] --END-- [ RunTime:0.000294s ]
ERR: 无法加载模块:Tianjin

[ 2016-12-09T23:17:17+08:00 ] 106.38.241.149 /tianjin/jiaxiao/list?d=3400&ti=2&l=1&lm=1229
INFO: [ app_init ] --START--
INFO: Run Behavior\BuildLiteBehavior [ RunTime:0.000019s ]
INFO: [ app_init ] --END-- [ RunTime:0.000396s ]
ERR: 无法加载模块:Tianjin

[ 2016-12-09T23:17:31+08:00 ] 106.38.241.149 /tianjin/jiaxiao/list?d=3393&ti=5&l=1&lm=1323
INFO: [ app_init ] --START--
INFO: Run Behavior\BuildLiteBehavior [ RunTime:0.000012s ]
INFO: [ app_init ] --END-- [ RunTime:0.000325s ]
ERR: 无法加载模块:Tianjin

[ 2016-12-09T23:17:45+08:00 ] 106.38.241.149 /tianjin/jiaxiao/list?d=3395&ti=7&l=4&lm=1279
INFO: [ app_init ] --START--
INFO: Run Behavior\BuildLiteBehavior [ RunTime:0.000012s ]
INFO: [ app_init ] --END-- [ RunTime:0.000289s ]
ERR: 无法加载模块:Tianjin

[ 2016-12-09T23:17:58+08:00 ] 106.38.241.149 /tianjin/jiaxiao/list?d=3393&ti=7&l=4&lm=1195
INFO: [ app_init ] --START--
INFO: Run Behavior\BuildLiteBehavior [ RunTime:0.000014s ]
INFO: [ app_init ] --END-- [ RunTime:0.000399s ]
ERR: 无法加载模块:Tianjin

[ 2016-12-09T23:17:59+08:00 ] 46.161.9.11 /shanghai/jiaxiao/list?d=9&ti=0&l=1&lm=193
INFO: [ app_init ] --START--
INFO: Run Behavior\BuildLiteBehavior [ RunTime:0.000012s ]
INFO: [ app_init ] --END-- [ RunTime:0.000295s ]
ERR: 无法加载模块:Shanghai

[ 2016-12-09T23:18:12+08:00 ] 106.38.241.149 /tianjin/jiaxiao/list?d=3409&l=2&lm=1327&ti=2
INFO: [ app_init ] --START--
INFO: Run Behavior\BuildLiteBehavior [ RunTime:0.000011s ]
INFO: [ app_init ] --END-- [ RunTime:0.000293s ]
ERR: 无法加载模块:Tianjin

[ 2016-12-09T23:18:26+08:00 ] 106.38.241.149 /tianjin/jiaxiao/list?d=3393&ti=7&l=3&lm=1259
INFO: [ app_init ] --START--
INFO: Run Behavior\BuildLiteBehavior [ RunTime:0.000012s ]
INFO: [ app_init ] --END-- [ RunTime:0.000318s ]
ERR: 无法加载模块:Tianjin

[ 2016-12-09T23:18:41+08:00 ] 106.38.241.149 /tianjin/jiaxiao/list?d=3400&ti=5&l=4&lm=1327
INFO: [ app_init ] --START--
INFO: Run Behavior\BuildLiteBehavior [ RunTime:0.000011s ]
INFO: [ app_init ] --END-- [ RunTime:0.000299s ]
ERR: 无法加载模块:Tianjin

[ 2016-12-09T23:18:54+08:00 ] 106.38.241.149 /tianjin/jiaxiao/list?d=3399&ti=7&l=7&lm=1363
INFO: [ app_init ] --START--
INFO: Run Behavior\BuildLiteBehavior [ RunTime:0.000015s ]
INFO: [ app_init ] --END-- [ RunTime:0.000309s ]
ERR: 无法加载模块:Tianjin

[ 2016-12-09T23:19:09+08:00 ] 106.38.241.149 /beijing/jiaxiao/list?d=3391&ti=0&l=19&lm=408
INFO: [ app_init ] --START--
INFO: Run Behavior\BuildLiteBehavior [ RunTime:0.000015s ]
INFO: [ app_init ] --END-- [ RunTime:0.000311s ]
ERR: 无法加载模块:Beijing

[ 2016-12-09T23:20:41+08:00 ] 163.172.65.42 /shanghai/jiaxiao/list?d=14&ti=6&l=18&lm=49
INFO: [ app_init ] --START--
INFO: Run Behavior\BuildLiteBehavior [ RunTime:0.000016s ]
INFO: [ app_init ] --END-- [ RunTime:0.000317s ]
ERR: 无法加载模块:Shanghai

[ 2016-12-09T23:22:08+08:00 ] 61.135.169.41 /uploads/20160506160122.jpg
INFO: [ app_init ] --START--
INFO: Run Behavior\BuildLiteBehavior [ RunTime:0.000012s ]
INFO: [ app_init ] --END-- [ RunTime:0.000290s ]
ERR: 无法加载模块:Uploads

[ 2016-12-09T23:22:08+08:00 ] 61.135.169.41 /uploads/20160506160122.jpg
INFO: [ app_init ] --START--
INFO: Run Behavior\BuildLiteBehavior [ RunTime:0.000014s ]
INFO: [ app_init ] --END-- [ RunTime:0.000331s ]
ERR: 无法加载模块:Uploads

[ 2016-12-09T23:23:00+08:00 ] 163.172.66.104 /shanghai/jiaxiao/list?d=15&l=2&lm=140&ti=3
INFO: [ app_init ] --START--
INFO: Run Behavior\BuildLiteBehavior [ RunTime:0.000013s ]
INFO: [ app_init ] --END-- [ RunTime:0.000327s ]
ERR: 无法加载模块:Shanghai

[ 2016-12-09T23:23:06+08:00 ] 183.167.211.82 /shanghai/jiaxiao/shizhongxin/
INFO: [ app_init ] --START--
INFO: Run Behavior\BuildLiteBehavior [ RunTime:0.000011s ]
INFO: [ app_init ] --END-- [ RunTime:0.000296s ]
ERR: 无法加载模块:Shanghai

[ 2016-12-09T23:23:06+08:00 ] 183.167.211.82 /apple-touch-icon-120x120-precomposed.png
INFO: [ app_init ] --START--
INFO: Run Behavior\BuildLiteBehavior [ RunTime:0.000035s ]
INFO: [ app_init ] --END-- [ RunTime:0.000315s ]
ERR: 无法加载模块:Apple-touch-icon-120x120-precomposed

[ 2016-12-09T23:23:06+08:00 ] 183.167.211.82 /apple-touch-icon-120x120.png
INFO: [ app_init ] --START--
INFO: Run Behavior\BuildLiteBehavior [ RunTime:0.000010s ]
INFO: [ app_init ] --END-- [ RunTime:0.000281s ]
ERR: 无法加载模块:Apple-touch-icon-120x120

[ 2016-12-09T23:23:06+08:00 ] 183.167.211.82 /apple-touch-icon-precomposed.png
INFO: [ app_init ] --START--
INFO: Run Behavior\BuildLiteBehavior [ RunTime:0.000016s ]
INFO: [ app_init ] --END-- [ RunTime:0.000350s ]
ERR: 无法加载模块:Apple-touch-icon-precomposed

[ 2016-12-09T23:23:06+08:00 ] 183.167.211.82 /apple-touch-icon.png
INFO: [ app_init ] --START--
INFO: Run Behavior\BuildLiteBehavior [ RunTime:0.000013s ]
INFO: [ app_init ] --END-- [ RunTime:0.000327s ]
ERR: 无法加载模块:Apple-touch-icon

[ 2016-12-09T23:23:07+08:00 ] 183.167.211.82 /favicon.ico
INFO: [ app_init ] --START--
INFO: Run Behavior\BuildLiteBehavior [ RunTime:0.000013s ]
INFO: [ app_init ] --END-- [ RunTime:0.000323s ]
ERR: 无法加载模块:Favicon

[ 2016-12-09T23:23:07+08:00 ] 183.167.211.82 /apple-touch-icon-120x120-precomposed.png
INFO: [ app_init ] --START--
INFO: Run Behavior\BuildLiteBehavior [ RunTime:0.000013s ]
INFO: [ app_init ] --END-- [ RunTime:0.000320s ]
ERR: 无法加载模块:Apple-touch-icon-120x120-precomposed

[ 2016-12-09T23:23:07+08:00 ] 183.167.211.82 /apple-touch-icon-120x120.png
INFO: [ app_init ] --START--
INFO: Run Behavior\BuildLiteBehavior [ RunTime:0.000012s ]
INFO: [ app_init ] --END-- [ RunTime:0.000294s ]
ERR: 无法加载模块:Apple-touch-icon-120x120

[ 2016-12-09T23:23:07+08:00 ] 183.167.211.82 /apple-touch-icon-precomposed.png
INFO: [ app_init ] --START--
INFO: Run Behavior\BuildLiteBehavior [ RunTime:0.000013s ]
INFO: [ app_init ] --END-- [ RunTime:0.000296s ]
ERR: 无法加载模块:Apple-touch-icon-precomposed

[ 2016-12-09T23:23:07+08:00 ] 183.167.211.82 /apple-touch-icon.png
INFO: [ app_init ] --START--
INFO: Run Behavior\BuildLiteBehavior [ RunTime:0.000012s ]
INFO: [ app_init ] --END-- [ RunTime:0.000292s ]
ERR: 无法加载模块:Apple-touch-icon

[ 2016-12-09T23:23:07+08:00 ] 183.167.211.82 /favicon.ico
INFO: [ app_init ] --START--
INFO: Run Behavior\BuildLiteBehavior [ RunTime:0.000012s ]
INFO: [ app_init ] --END-- [ RunTime:0.000321s ]
ERR: 无法加载模块:Favicon

[ 2016-12-09T23:24:25+08:00 ] 163.172.66.52 /shanghai/jiaxiao/list?d=14&ti=5&l=1&lm=144
INFO: [ app_init ] --START--
INFO: Run Behavior\BuildLiteBehavior [ RunTime:0.000015s ]
INFO: [ app_init ] --END-- [ RunTime:0.000317s ]
ERR: 无法加载模块:Shanghai

[ 2016-12-09T23:24:34+08:00 ] 112.17.246.234 /uploads/20160506160122.jpg
INFO: [ app_init ] --START--
INFO: Run Behavior\BuildLiteBehavior [ RunTime:0.000012s ]
INFO: [ app_init ] --END-- [ RunTime:0.000349s ]
ERR: 无法加载模块:Uploads

[ 2016-12-09T23:24:34+08:00 ] 112.17.246.234 /uploads/20160506160122.jpg
INFO: [ app_init ] --START--
INFO: Run Behavior\BuildLiteBehavior [ RunTime:0.000017s ]
INFO: [ app_init ] --END-- [ RunTime:0.000333s ]
ERR: 无法加载模块:Uploads

[ 2016-12-09T23:26:24+08:00 ] 122.233.242.229 /uploads/20160506160122.jpg
INFO: [ app_init ] --START--
INFO: Run Behavior\BuildLiteBehavior [ RunTime:0.000014s ]
INFO: [ app_init ] --END-- [ RunTime:0.000336s ]
ERR: 无法加载模块:Uploads

[ 2016-12-09T23:29:37+08:00 ] 163.172.66.136 /shanghai/jiaxiao/list?d=2&ti=5&l=4&lm=179
INFO: [ app_init ] --START--
INFO: Run Behavior\BuildLiteBehavior [ RunTime:0.000012s ]
INFO: [ app_init ] --END-- [ RunTime:0.000314s ]
ERR: 无法加载模块:Shanghai

[ 2016-12-09T23:30:19+08:00 ] 122.224.209.221 /uploads/20160506160122.jpg
INFO: [ app_init ] --START--
INFO: Run Behavior\BuildLiteBehavior [ RunTime:0.000014s ]
INFO: [ app_init ] --END-- [ RunTime:0.000301s ]
ERR: 无法加载模块:Uploads

[ 2016-12-09T23:31:56+08:00 ] 163.172.66.114 /suzhou/jiaxiao/huafeng/pinglun/
INFO: [ app_init ] --START--
INFO: Run Behavior\BuildLiteBehavior [ RunTime:0.000012s ]
INFO: [ app_init ] --END-- [ RunTime:0.000292s ]
ERR: 无法加载模块:Suzhou

[ 2016-12-09T23:31:58+08:00 ] 183.167.211.82 /shanghai/jiaxiao/shizhongxin/
INFO: [ app_init ] --START--
INFO: Run Behavior\BuildLiteBehavior [ RunTime:0.000012s ]
INFO: [ app_init ] --END-- [ RunTime:0.000291s ]
ERR: 无法加载模块:Shanghai

[ 2016-12-09T23:31:58+08:00 ] 183.167.211.82 /apple-touch-icon-120x120-precomposed.png
INFO: [ app_init ] --START--
INFO: Run Behavior\BuildLiteBehavior [ RunTime:0.000012s ]
INFO: [ app_init ] --END-- [ RunTime:0.000291s ]
ERR: 无法加载模块:Apple-touch-icon-120x120-precomposed

[ 2016-12-09T23:31:58+08:00 ] 183.167.211.82 /apple-touch-icon-120x120.png
INFO: [ app_init ] --START--
INFO: Run Behavior\BuildLiteBehavior [ RunTime:0.000011s ]
INFO: [ app_init ] --END-- [ RunTime:0.000307s ]
ERR: 无法加载模块:Apple-touch-icon-120x120

[ 2016-12-09T23:31:59+08:00 ] 183.167.211.82 /apple-touch-icon-precomposed.png
INFO: [ app_init ] --START--
INFO: Run Behavior\BuildLiteBehavior [ RunTime:0.000012s ]
INFO: [ app_init ] --END-- [ RunTime:0.000328s ]
ERR: 无法加载模块:Apple-touch-icon-precomposed

[ 2016-12-09T23:31:59+08:00 ] 183.167.211.82 /apple-touch-icon.png
INFO: [ app_init ] --START--
INFO: Run Behavior\BuildLiteBehavior [ RunTime:0.000011s ]
INFO: [ app_init ] --END-- [ RunTime:0.000292s ]
ERR: 无法加载模块:Apple-touch-icon

[ 2016-12-09T23:31:59+08:00 ] 183.167.211.82 /favicon.ico
INFO: [ app_init ] --START--
INFO: Run Behavior\BuildLiteBehavior [ RunTime:0.000013s ]
INFO: [ app_init ] --END-- [ RunTime:0.000303s ]
ERR: 无法加载模块:Favicon

[ 2016-12-09T23:31:59+08:00 ] 183.167.211.82 /apple-touch-icon-120x120-precomposed.png
INFO: [ app_init ] --START--
INFO: Run Behavior\BuildLiteBehavior [ RunTime:0.000011s ]
INFO: [ app_init ] --END-- [ RunTime:0.000292s ]
ERR: 无法加载模块:Apple-touch-icon-120x120-precomposed

[ 2016-12-09T23:31:59+08:00 ] 183.167.211.82 /apple-touch-icon-120x120.png
INFO: [ app_init ] --START--
INFO: Run Behavior\BuildLiteBehavior [ RunTime:0.000025s ]
INFO: [ app_init ] --END-- [ RunTime:0.000675s ]
ERR: 无法加载模块:Apple-touch-icon-120x120

[ 2016-12-09T23:31:59+08:00 ] 183.167.211.82 /apple-touch-icon-precomposed.png
INFO: [ app_init ] --START--
INFO: Run Behavior\BuildLiteBehavior [ RunTime:0.000012s ]
INFO: [ app_init ] --END-- [ RunTime:0.000292s ]
ERR: 无法加载模块:Apple-touch-icon-precomposed

[ 2016-12-09T23:31:59+08:00 ] 183.167.211.82 /apple-touch-icon.png
INFO: [ app_init ] --START--
INFO: Run Behavior\BuildLiteBehavior [ RunTime:0.000012s ]
INFO: [ app_init ] --END-- [ RunTime:0.000309s ]
ERR: 无法加载模块:Apple-touch-icon

[ 2016-12-09T23:31:59+08:00 ] 183.167.211.82 /favicon.ico
INFO: [ app_init ] --START--
INFO: Run Behavior\BuildLiteBehavior [ RunTime:0.000012s ]
INFO: [ app_init ] --END-- [ RunTime:0.000298s ]
ERR: 无法加载模块:Favicon

[ 2016-12-09T23:32:57+08:00 ] 113.113.121.79 /uploads/20160506160122.jpg
INFO: [ app_init ] --START--
INFO: Run Behavior\BuildLiteBehavior [ RunTime:0.000012s ]
INFO: [ app_init ] --END-- [ RunTime:0.000318s ]
ERR: 无法加载模块:Uploads

[ 2016-12-09T23:34:19+08:00 ] 163.172.64.234 /shanghai/jiaxiao/list?d=3&o=4&l=1&lm=1408&ti=5
INFO: [ app_init ] --START--
INFO: Run Behavior\BuildLiteBehavior [ RunTime:0.000012s ]
INFO: [ app_init ] --END-- [ RunTime:0.000352s ]
ERR: 无法加载模块:Shanghai

[ 2016-12-09T23:35:31+08:00 ] 112.17.239.64 /uploads/20160506160122.jpg
INFO: [ app_init ] --START--
INFO: Run Behavior\BuildLiteBehavior [ RunTime:0.000012s ]
INFO: [ app_init ] --END-- [ RunTime:0.000301s ]
ERR: 无法加载模块:Uploads

[ 2016-12-09T23:35:32+08:00 ] 112.17.239.64 /uploads/20160506160122.jpg
INFO: [ app_init ] --START--
INFO: Run Behavior\BuildLiteBehavior [ RunTime:0.000012s ]
INFO: [ app_init ] --END-- [ RunTime:0.000315s ]
ERR: 无法加载模块:Uploads

[ 2016-12-09T23:35:34+08:00 ] 180.76.15.146 /suzhou/jiaxiao/list?d=2523&lm=857&ti=0&l=0
INFO: [ app_init ] --START--
INFO: Run Behavior\BuildLiteBehavior [ RunTime:0.000016s ]
INFO: [ app_init ] --END-- [ RunTime:0.000322s ]
ERR: 无法加载模块:Suzhou

[ 2016-12-09T23:36:37+08:00 ] 112.17.239.64 /uploads/20160506160122.jpg
INFO: [ app_init ] --START--
INFO: Run Behavior\BuildLiteBehavior [ RunTime:0.000011s ]
INFO: [ app_init ] --END-- [ RunTime:0.000290s ]
ERR: 无法加载模块:Uploads

[ 2016-12-09T23:37:00+08:00 ] 222.65.63.147 /favicon.ico
INFO: [ app_init ] --START--
INFO: Run Behavior\BuildLiteBehavior [ RunTime:0.000011s ]
INFO: [ app_init ] --END-- [ RunTime:0.000297s ]
ERR: 无法加载模块:Favicon

[ 2016-12-09T23:37:07+08:00 ] 163.172.66.183 /shanghai/jiaxiao/list?d=15&o=4&l=4&lm=144&ti=2
INFO: [ app_init ] --START--
INFO: Run Behavior\BuildLiteBehavior [ RunTime:0.000011s ]
INFO: [ app_init ] --END-- [ RunTime:0.000306s ]
ERR: 无法加载模块:Shanghai

[ 2016-12-09T23:37:38+08:00 ] 112.17.239.64 /uploads/20160506160122.jpg
INFO: [ app_init ] --START--
INFO: Run Behavior\BuildLiteBehavior [ RunTime:0.000011s ]
INFO: [ app_init ] --END-- [ RunTime:0.000289s ]
ERR: 无法加载模块:Uploads

[ 2016-12-09T23:37:49+08:00 ] 120.26.235.120 /uploads/20160506160122.jpg
INFO: [ app_init ] --START--
INFO: Run Behavior\BuildLiteBehavior [ RunTime:0.000012s ]
INFO: [ app_init ] --END-- [ RunTime:0.000292s ]
ERR: 无法加载模块:Uploads

[ 2016-12-09T23:37:49+08:00 ] 120.26.235.120 /uploads/20160506160122.jpg
INFO: [ app_init ] --START--
INFO: Run Behavior\BuildLiteBehavior [ RunTime:0.000012s ]
INFO: [ app_init ] --END-- [ RunTime:0.000291s ]
ERR: 无法加载模块:Uploads

[ 2016-12-09T23:37:49+08:00 ] 110.90.60.86 /uploads/20160506160122.jpg
INFO: [ app_init ] --START--
INFO: Run Behavior\BuildLiteBehavior [ RunTime:0.000011s ]
INFO: [ app_init ] --END-- [ RunTime:0.000292s ]
ERR: 无法加载模块:Uploads

[ 2016-12-09T23:38:18+08:00 ] 111.47.210.5 /uploads/20160506160122.jpg
INFO: [ app_init ] --START--
INFO: Run Behavior\BuildLiteBehavior [ RunTime:0.000014s ]
INFO: [ app_init ] --END-- [ RunTime:0.000329s ]
ERR: 无法加载模块:Uploads

[ 2016-12-09T23:38:19+08:00 ] 111.47.210.5 /uploads/20160506160122.jpg
INFO: [ app_init ] --START--
INFO: Run Behavior\BuildLiteBehavior [ RunTime:0.000015s ]
INFO: [ app_init ] --END-- [ RunTime:0.000319s ]
ERR: 无法加载模块:Uploads

[ 2016-12-09T23:39:06+08:00 ] 124.116.240.72 /uploads/20160506160122.jpg
INFO: [ app_init ] --START--
INFO: Run Behavior\BuildLiteBehavior [ RunTime:0.000011s ]
INFO: [ app_init ] --END-- [ RunTime:0.000290s ]
ERR: 无法加载模块:Uploads

[ 2016-12-09T23:39:09+08:00 ] 163.172.66.134 /shanghai/jiaxiao/yuanfang/
INFO: [ app_init ] --START--
INFO: Run Behavior\BuildLiteBehavior [ RunTime:0.000013s ]
INFO: [ app_init ] --END-- [ RunTime:0.000329s ]
ERR: 无法加载模块:Shanghai

[ 2016-12-09T23:41:16+08:00 ] 163.172.66.61 /shanghai/jiaxiao/list?d=9&lm=120&ti=3&l=6
INFO: [ app_init ] --START--
INFO: Run Behavior\BuildLiteBehavior [ RunTime:0.000013s ]
INFO: [ app_init ] --END-- [ RunTime:0.000300s ]
ERR: 无法加载模块:Shanghai

[ 2016-12-09T23:42:05+08:00 ] 163.172.65.6 /shanghai/jiaxiao/list?d=8&lm=34&ti=7&l=2
INFO: [ app_init ] --START--
INFO: Run Behavior\BuildLiteBehavior [ RunTime:0.000013s ]
INFO: [ app_init ] --END-- [ RunTime:0.000294s ]
ERR: 无法加载模块:Shanghai

[ 2016-12-09T23:43:14+08:00 ] 115.204.11.11 /uploads/20160506160122.jpg
INFO: [ app_init ] --START--
INFO: Run Behavior\BuildLiteBehavior [ RunTime:0.000012s ]
INFO: [ app_init ] --END-- [ RunTime:0.000296s ]
ERR: 无法加载模块:Uploads

[ 2016-12-09T23:43:45+08:00 ] 180.97.79.156 /uploads/20160506160122.jpg
INFO: [ app_init ] --START--
INFO: Run Behavior\BuildLiteBehavior [ RunTime:0.000012s ]
INFO: [ app_init ] --END-- [ RunTime:0.000303s ]
ERR: 无法加载模块:Uploads

[ 2016-12-09T23:43:45+08:00 ] 180.97.79.156 /uploads/20160506160122.jpg
INFO: [ app_init ] --START--
INFO: Run Behavior\BuildLiteBehavior [ RunTime:0.000012s ]
INFO: [ app_init ] --END-- [ RunTime:0.000315s ]
ERR: 无法加载模块:Uploads

[ 2016-12-09T23:44:21+08:00 ] 183.167.211.82 /shanghai/jiaxiao/shizhongxin/
INFO: [ app_init ] --START--
INFO: Run Behavior\BuildLiteBehavior [ RunTime:0.000013s ]
INFO: [ app_init ] --END-- [ RunTime:0.000300s ]
ERR: 无法加载模块:Shanghai

[ 2016-12-09T23:44:22+08:00 ] 183.167.211.82 /apple-touch-icon-120x120-precomposed.png
INFO: [ app_init ] --START--
INFO: Run Behavior\BuildLiteBehavior [ RunTime:0.000015s ]
INFO: [ app_init ] --END-- [ RunTime:0.000347s ]
ERR: 无法加载模块:Apple-touch-icon-120x120-precomposed

[ 2016-12-09T23:44:22+08:00 ] 183.167.211.82 /apple-touch-icon-120x120.png
INFO: [ app_init ] --START--
INFO: Run Behavior\BuildLiteBehavior [ RunTime:0.000014s ]
INFO: [ app_init ] --END-- [ RunTime:0.000320s ]
ERR: 无法加载模块:Apple-touch-icon-120x120

[ 2016-12-09T23:44:22+08:00 ] 183.167.211.82 /apple-touch-icon-precomposed.png
INFO: [ app_init ] --START--
INFO: Run Behavior\BuildLiteBehavior [ RunTime:0.000011s ]
INFO: [ app_init ] --END-- [ RunTime:0.000287s ]
ERR: 无法加载模块:Apple-touch-icon-precomposed

[ 2016-12-09T23:44:22+08:00 ] 183.167.211.82 /apple-touch-icon.png
INFO: [ app_init ] --START--
INFO: Run Behavior\BuildLiteBehavior [ RunTime:0.000010s ]
INFO: [ app_init ] --END-- [ RunTime:0.000280s ]
ERR: 无法加载模块:Apple-touch-icon

[ 2016-12-09T23:44:22+08:00 ] 183.167.211.82 /favicon.ico
INFO: [ app_init ] --START--
INFO: Run Behavior\BuildLiteBehavior [ RunTime:0.000011s ]
INFO: [ app_init ] --END-- [ RunTime:0.000292s ]
ERR: 无法加载模块:Favicon

[ 2016-12-09T23:44:22+08:00 ] 183.167.211.82 /apple-touch-icon-120x120-precomposed.png
INFO: [ app_init ] --START--
INFO: Run Behavior\BuildLiteBehavior [ RunTime:0.000011s ]
INFO: [ app_init ] --END-- [ RunTime:0.000282s ]
ERR: 无法加载模块:Apple-touch-icon-120x120-precomposed

[ 2016-12-09T23:44:22+08:00 ] 183.167.211.82 /apple-touch-icon-120x120.png
INFO: [ app_init ] --START--
INFO: Run Behavior\BuildLiteBehavior [ RunTime:0.000011s ]
INFO: [ app_init ] --END-- [ RunTime:0.000278s ]
ERR: 无法加载模块:Apple-touch-icon-120x120

[ 2016-12-09T23:44:22+08:00 ] 183.167.211.82 /apple-touch-icon-precomposed.png
INFO: [ app_init ] --START--
INFO: Run Behavior\BuildLiteBehavior [ RunTime:0.000011s ]
INFO: [ app_init ] --END-- [ RunTime:0.000283s ]
ERR: 无法加载模块:Apple-touch-icon-precomposed

[ 2016-12-09T23:44:23+08:00 ] 183.167.211.82 /apple-touch-icon.png
INFO: [ app_init ] --START--
INFO: Run Behavior\BuildLiteBehavior [ RunTime:0.000011s ]
INFO: [ app_init ] --END-- [ RunTime:0.000290s ]
ERR: 无法加载模块:Apple-touch-icon

[ 2016-12-09T23:44:23+08:00 ] 183.167.211.82 /favicon.ico
INFO: [ app_init ] --START--
INFO: Run Behavior\BuildLiteBehavior [ RunTime:0.000013s ]
INFO: [ app_init ] --END-- [ RunTime:0.000303s ]
ERR: 无法加载模块:Favicon

[ 2016-12-09T23:49:55+08:00 ] 163.172.65.208 /guangzhou/jiaxiao/litai/pinglun/
INFO: [ app_init ] --START--
INFO: Run Behavior\BuildLiteBehavior [ RunTime:0.000013s ]
INFO: [ app_init ] --END-- [ RunTime:0.000303s ]
ERR: 无法加载模块:Guangzhou

[ 2016-12-09T23:51:58+08:00 ] 120.26.211.100 /uploads/20160506160122.jpg
INFO: [ app_init ] --START--
INFO: Run Behavior\BuildLiteBehavior [ RunTime:0.000019s ]
INFO: [ app_init ] --END-- [ RunTime:0.000373s ]
ERR: 无法加载模块:Uploads

[ 2016-12-09T23:51:58+08:00 ] 120.26.211.100 /uploads/20160506160122.jpg
INFO: [ app_init ] --START--
INFO: Run Behavior\BuildLiteBehavior [ RunTime:0.000012s ]
INFO: [ app_init ] --END-- [ RunTime:0.000319s ]
ERR: 无法加载模块:Uploads

[ 2016-12-09T23:52:11+08:00 ] 120.26.245.137 /uploads/20160506160122.jpg
INFO: [ app_init ] --START--
INFO: Run Behavior\BuildLiteBehavior [ RunTime:0.000013s ]
INFO: [ app_init ] --END-- [ RunTime:0.000326s ]
ERR: 无法加载模块:Uploads

[ 2016-12-09T23:52:11+08:00 ] 120.26.245.137 /uploads/20160506160122.jpg
INFO: [ app_init ] --START--
INFO: Run Behavior\BuildLiteBehavior [ RunTime:0.000012s ]
INFO: [ app_init ] --END-- [ RunTime:0.000291s ]
ERR: 无法加载模块:Uploads

[ 2016-12-09T23:53:39+08:00 ] 115.199.226.185 /uploads/20160506160122.jpg
INFO: [ app_init ] --START--
INFO: Run Behavior\BuildLiteBehavior [ RunTime:0.000011s ]
INFO: [ app_init ] --END-- [ RunTime:0.000291s ]
ERR: 无法加载模块:Uploads

[ 2016-12-09T23:55:14+08:00 ] 163.172.65.30 /shanghai/jiaxiao/list?d=12&ti=5&l=5&lm=620
INFO: [ app_init ] --START--
INFO: Run Behavior\BuildLiteBehavior [ RunTime:0.000014s ]
INFO: [ app_init ] --END-- [ RunTime:0.000309s ]
ERR: 无法加载模块:Shanghai

[ 2016-12-09T23:55:33+08:00 ] 68.180.230.62 /ContactUs/
INFO: [ app_init ] --START--
INFO: Run Behavior\BuildLiteBehavior [ RunTime:0.000016s ]
INFO: [ app_init ] --END-- [ RunTime:0.000322s ]
ERR: 无法加载模块:ContactUs

[ 2016-12-09T23:56:12+08:00 ] 27.221.110.38 /uploads/20160506160122.jpg
INFO: [ app_init ] --START--
INFO: Run Behavior\BuildLiteBehavior [ RunTime:0.000012s ]
INFO: [ app_init ] --END-- [ RunTime:0.000321s ]
ERR: 无法加载模块:Uploads

[ 2016-12-09T23:56:20+08:00 ] 27.221.110.22 /uploads/20160506160122.jpg
INFO: [ app_init ] --START--
INFO: Run Behavior\BuildLiteBehavior [ RunTime:0.000012s ]
INFO: [ app_init ] --END-- [ RunTime:0.000293s ]
ERR: 无法加载模块:Uploads

[ 2016-12-09T23:57:01+08:00 ] 163.172.66.18 /shanghai/jiaxiao/list?d=17&ti=3&l=3&lm=181
INFO: [ app_init ] --START--
INFO: Run Behavior\BuildLiteBehavior [ RunTime:0.000014s ]
INFO: [ app_init ] --END-- [ RunTime:0.000309s ]
ERR: 无法加载模块:Shanghai

[ 2016-12-09T23:57:09+08:00 ] 163.172.65.122 /shanghai/jiaxiao/list?d=9&ti=7&l=7&lm=1408
INFO: [ app_init ] --START--
INFO: Run Behavior\BuildLiteBehavior [ RunTime:0.000012s ]
INFO: [ app_init ] --END-- [ RunTime:0.000296s ]
ERR: 无法加载模块:Shanghai

[ 2016-12-09T23:57:21+08:00 ] 115.198.21.14 /uploads/20160506160122.jpg
INFO: [ app_init ] --START--
INFO: Run Behavior\BuildLiteBehavior [ RunTime:0.000012s ]
INFO: [ app_init ] --END-- [ RunTime:0.000316s ]
ERR: 无法加载模块:Uploads

[ 2016-12-09T23:57:33+08:00 ] 115.198.21.14 /uploads/20160506160122.jpg
INFO: [ app_init ] --START--
INFO: Run Behavior\BuildLiteBehavior [ RunTime:0.000012s ]
INFO: [ app_init ] --END-- [ RunTime:0.000290s ]
ERR: 无法加载模块:Uploads

[ 2016-12-09T23:57:40+08:00 ] 115.198.21.14 /uploads/20160506160122.jpg
INFO: [ app_init ] --START--
INFO: Run Behavior\BuildLiteBehavior [ RunTime:0.000013s ]
INFO: [ app_init ] --END-- [ RunTime:0.000302s ]
ERR: 无法加载模块:Uploads

[ 2016-12-09T23:58:28+08:00 ] 106.38.241.149 /tianjin/jiaxiao/list?d=3396&ti=7&l=3&lm=1259
INFO: [ app_init ] --START--
INFO: Run Behavior\BuildLiteBehavior [ RunTime:0.000011s ]
INFO: [ app_init ] --END-- [ RunTime:0.000288s ]
ERR: 无法加载模块:Tianjin

[ 2016-12-09T23:58:38+08:00 ] 106.38.241.149 /tianjin/jiaxiao/list?d=3396&ti=2&l=7&lm=1335
INFO: [ app_init ] --START--
INFO: Run Behavior\BuildLiteBehavior [ RunTime:0.000012s ]
INFO: [ app_init ] --END-- [ RunTime:0.000289s ]
ERR: 无法加载模块:Tianjin

[ 2016-12-09T23:58:48+08:00 ] 106.38.241.149 /tianjin/jiaxiao/list?d=3393&l=4&lm=1367&ti=6
INFO: [ app_init ] --START--
INFO: Run Behavior\BuildLiteBehavior [ RunTime:0.000011s ]
INFO: [ app_init ] --END-- [ RunTime:0.000292s ]
ERR: 无法加载模块:Tianjin

[ 2016-12-09T23:58:52+08:00 ] 163.172.66.64 /shanghai/jiaxiao/list?d=13&lm=185&ti=2&l=5
INFO: [ app_init ] --START--
INFO: Run Behavior\BuildLiteBehavior [ RunTime:0.000013s ]
INFO: [ app_init ] --END-- [ RunTime:0.000300s ]
ERR: 无法加载模块:Shanghai

[ 2016-12-09T23:58:58+08:00 ] 106.38.241.149 /tianjin/jiaxiao/list?d=3407&ti=0&l=7&lm=1301
INFO: [ app_init ] --START--
INFO: Run Behavior\BuildLiteBehavior [ RunTime:0.000012s ]
INFO: [ app_init ] --END-- [ RunTime:0.000290s ]
ERR: 无法加载模块:Tianjin

[ 2016-12-09T23:59:04+08:00 ] 124.116.240.70 /uploads/20160506160122.jpg
INFO: [ app_init ] --START--
INFO: Run Behavior\BuildLiteBehavior [ RunTime:0.000012s ]
INFO: [ app_init ] --END-- [ RunTime:0.000293s ]
ERR: 无法加载模块:Uploads

[ 2016-12-09T23:59:08+08:00 ] 106.38.241.149 /tianjin/jiaxiao/list?d=3404&l=2&lm=1162&ti=7
INFO: [ app_init ] --START--
INFO: Run Behavior\BuildLiteBehavior [ RunTime:0.000016s ]
INFO: [ app_init ] --END-- [ RunTime:0.000313s ]
ERR: 无法加载模块:Tianjin

[ 2016-12-09T23:59:18+08:00 ] 106.38.241.149 /tianjin/jiaxiao/list?d=3394&ti=2&l=0&lm=1277
INFO: [ app_init ] --START--
INFO: Run Behavior\BuildLiteBehavior [ RunTime:0.000013s ]
INFO: [ app_init ] --END-- [ RunTime:0.000303s ]
ERR: 无法加载模块:Tianjin

[ 2016-12-09T23:59:28+08:00 ] 106.38.241.149 /tianjin/jiaxiao/list?d=3409&ti=6&l=0&lm=1157
INFO: [ app_init ] --START--
INFO: Run Behavior\BuildLiteBehavior [ RunTime:0.000011s ]
INFO: [ app_init ] --END-- [ RunTime:0.000291s ]
ERR: 无法加载模块:Tianjin

[ 2016-12-09T23:59:38+08:00 ] 106.38.241.149 /tianjin/jiaxiao/list?d=3407&ti=5&l=3&lm=1387
INFO: [ app_init ] --START--
INFO: Run Behavior\BuildLiteBehavior [ RunTime:0.000011s ]
INFO: [ app_init ] --END-- [ RunTime:0.000318s ]
ERR: 无法加载模块:Tianjin

[ 2016-12-09T23:59:48+08:00 ] 106.38.241.149 /tianjin/jiaxiao/list?d=3409&ti=5&l=7&lm=1303
INFO: [ app_init ] --START--
INFO: Run Behavior\BuildLiteBehavior [ RunTime:0.000011s ]
INFO: [ app_init ] --END-- [ RunTime:0.000302s ]
ERR: 无法加载模块:Tianjin

[ 2016-12-09T23:59:57+08:00 ] 163.172.66.155 /tianjin/jiaxiao/list?d=3408&ti=0&l=3&lm=1276
INFO: [ app_init ] --START--
INFO: Run Behavior\BuildLiteBehavior [ RunTime:0.000013s ]
INFO: [ app_init ] --END-- [ RunTime:0.000386s ]
ERR: 无法加载模块:Tianjin

[ 2016-12-09T23:59:58+08:00 ] 106.38.241.149 /beijing/jiaxiao/list?d=3385&ti=5&l=19&lm=322
INFO: [ app_init ] --START--
INFO: Run Behavior\BuildLiteBehavior [ RunTime:0.000014s ]
INFO: [ app_init ] --END-- [ RunTime:0.000298s ]
ERR: 无法加载模块:Beijing

