[ 2016-12-10T15:10:58+08:00 ] 101.81.13.210 /index.php/Ment/Index/index.html
INFO: [ app_init ] --START--
INFO: Run Behavior\BuildLiteBehavior [ RunTime:0.000012s ]
INFO: [ app_init ] --END-- [ RunTime:0.000319s ]
INFO: [ app_begin ] --START--
INFO: Run Behavior\ReadHtmlCacheBehavior [ RunTime:0.000390s ]
INFO: [ app_begin ] --END-- [ RunTime:0.000428s ]

[ 2016-12-10T15:10:58+08:00 ] 101.81.13.210 /index.php/Ment/index/login.html
INFO: [ app_init ] --START--
INFO: Run Behavior\BuildLiteBehavior [ RunTime:0.000010s ]
INFO: [ app_init ] --END-- [ RunTime:0.000307s ]
INFO: [ app_begin ] --START--
INFO: Run Behavior\ReadHtmlCacheBehavior [ RunTime:0.000391s ]
INFO: [ app_begin ] --END-- [ RunTime:0.000428s ]
INFO: [ view_parse ] --START--
INFO: [ template_filter ] --START--
INFO: Run Behavior\ContentReplaceBehavior [ RunTime:0.000047s ]
INFO: [ template_filter ] --END-- [ RunTime:0.000083s ]
INFO: Run Behavior\ParseTemplateBehavior [ RunTime:0.004579s ]
INFO: [ view_parse ] --END-- [ RunTime:0.004613s ]
INFO: [ view_filter ] --START--
INFO: Run Behavior\WriteHtmlCacheBehavior [ RunTime:0.000120s ]
INFO: [ view_filter ] --END-- [ RunTime:0.000149s ]
INFO: [ app_end ] --START--
INFO: Run Behavior\ShowPageTraceBehavior [ RunTime:0.000392s ]
INFO: [ app_end ] --END-- [ RunTime:0.000423s ]

[ 2016-12-10T15:10:59+08:00 ] 101.81.13.210 /index.php/Ment/Index/verify_img.html
INFO: [ app_init ] --START--
INFO: Run Behavior\BuildLiteBehavior [ RunTime:0.000017s ]
INFO: [ app_init ] --END-- [ RunTime:0.000357s ]
INFO: [ app_begin ] --START--
INFO: Run Behavior\ReadHtmlCacheBehavior [ RunTime:0.000378s ]
INFO: [ app_begin ] --END-- [ RunTime:0.000415s ]
INFO: [ app_end ] --START--
INFO: Run Behavior\ShowPageTraceBehavior [ RunTime:0.000438s ]
INFO: [ app_end ] --END-- [ RunTime:0.000481s ]

[ 2016-12-10T15:11:37+08:00 ] 101.81.13.210 /index.php/Ment/Index/verify_img.html?+new%20Date()
INFO: [ app_init ] --START--
INFO: Run Behavior\BuildLiteBehavior [ RunTime:0.000012s ]
INFO: [ app_init ] --END-- [ RunTime:0.000297s ]
INFO: [ app_begin ] --START--
INFO: Run Behavior\ReadHtmlCacheBehavior [ RunTime:0.000367s ]
INFO: [ app_begin ] --END-- [ RunTime:0.000403s ]
INFO: [ app_end ] --START--
INFO: Run Behavior\ShowPageTraceBehavior [ RunTime:0.000462s ]
INFO: [ app_end ] --END-- [ RunTime:0.000507s ]

[ 2016-12-10T15:11:37+08:00 ] 101.81.13.210 /index.php/Ment/Index/verify_img.html?+new%20Date()
INFO: [ app_init ] --START--
INFO: Run Behavior\BuildLiteBehavior [ RunTime:0.000012s ]
INFO: [ app_init ] --END-- [ RunTime:0.000321s ]
INFO: [ app_begin ] --START--
INFO: Run Behavior\ReadHtmlCacheBehavior [ RunTime:0.000389s ]
INFO: [ app_begin ] --END-- [ RunTime:0.000427s ]
INFO: [ app_end ] --START--
INFO: Run Behavior\ShowPageTraceBehavior [ RunTime:0.000440s ]
INFO: [ app_end ] --END-- [ RunTime:0.000482s ]

[ 2016-12-10T15:11:46+08:00 ] 101.81.13.210 /index.php/Ment/Index/checklogin.html
INFO: [ app_init ] --START--
INFO: Run Behavior\BuildLiteBehavior [ RunTime:0.000015s ]
INFO: [ app_init ] --END-- [ RunTime:0.000322s ]
INFO: [ app_begin ] --START--
INFO: Run Behavior\ReadHtmlCacheBehavior [ RunTime:0.000376s ]
INFO: [ app_begin ] --END-- [ RunTime:0.000414s ]
SQL: SHOW COLUMNS FROM `xueche1_admin` [ RunTime:0.0010s ]
SQL: SELECT `id`,`pass`,`username`,`ntime`,`masgroup`,`flag`,`username`,`role`,`logintimes`,`permissid` FROM `xueche1_admin` WHERE ( account='517517' ) LIMIT 1   [ RunTime:0.0003s ]
SQL: UPDATE `xueche1_admin` SET `logintimes`=logintimes+1 WHERE ( account='517517' ) [ RunTime:0.0002s ]
SQL: SHOW COLUMNS FROM `xueche1_adminlog` [ RunTime:0.0007s ]
SQL: INSERT INTO `xueche1_adminlog` (`account`,`ntime`,`info`,`nip`) VALUES ('517517','1481353906','登录','1699810770') [ RunTime:0.0009s ]
NOTIC: [8] Undefined variable: info /var/www/xueche/Application/Ment/Controller/IndexController.class.php 第 52 行.
INFO: [ app_end ] --START--
INFO: Run Behavior\ShowPageTraceBehavior [ RunTime:0.000428s ]
INFO: [ app_end ] --END-- [ RunTime:0.000462s ]

[ 2016-12-10T15:11:46+08:00 ] 101.81.13.210 /index.php/Ment/Index/index.html
INFO: [ app_init ] --START--
INFO: Run Behavior\BuildLiteBehavior [ RunTime:0.000011s ]
INFO: [ app_init ] --END-- [ RunTime:0.000280s ]
INFO: [ app_begin ] --START--
INFO: Run Behavior\ReadHtmlCacheBehavior [ RunTime:0.000365s ]
INFO: [ app_begin ] --END-- [ RunTime:0.000401s ]
INFO: [ view_parse ] --START--
INFO: [ template_filter ] --START--
INFO: Run Behavior\ContentReplaceBehavior [ RunTime:0.000022s ]
INFO: [ template_filter ] --END-- [ RunTime:0.000059s ]
INFO: Run Behavior\ParseTemplateBehavior [ RunTime:0.004179s ]
INFO: [ view_parse ] --END-- [ RunTime:0.004212s ]
INFO: [ view_filter ] --START--
INFO: Run Behavior\WriteHtmlCacheBehavior [ RunTime:0.000121s ]
INFO: [ view_filter ] --END-- [ RunTime:0.000149s ]
INFO: [ app_end ] --START--
INFO: Run Behavior\ShowPageTraceBehavior [ RunTime:0.000420s ]
INFO: [ app_end ] --END-- [ RunTime:0.000451s ]

[ 2016-12-10T15:11:46+08:00 ] 101.81.13.210 /index.php/Ment/Index/head.html
INFO: [ app_init ] --START--
INFO: Run Behavior\BuildLiteBehavior [ RunTime:0.000011s ]
INFO: [ app_init ] --END-- [ RunTime:0.000288s ]
INFO: [ app_begin ] --START--
INFO: Run Behavior\ReadHtmlCacheBehavior [ RunTime:0.000363s ]
INFO: [ app_begin ] --END-- [ RunTime:0.000399s ]
INFO: [ view_parse ] --START--
INFO: [ template_filter ] --START--
INFO: Run Behavior\ContentReplaceBehavior [ RunTime:0.000032s ]
INFO: [ template_filter ] --END-- [ RunTime:0.000068s ]
INFO: Run Behavior\ParseTemplateBehavior [ RunTime:0.004196s ]
INFO: [ view_parse ] --END-- [ RunTime:0.004229s ]
INFO: [ view_filter ] --START--
INFO: Run Behavior\WriteHtmlCacheBehavior [ RunTime:0.000120s ]
INFO: [ view_filter ] --END-- [ RunTime:0.000149s ]
INFO: [ app_end ] --START--
INFO: Run Behavior\ShowPageTraceBehavior [ RunTime:0.000422s ]
INFO: [ app_end ] --END-- [ RunTime:0.000453s ]

[ 2016-12-10T15:11:46+08:00 ] 101.81.13.210 /index.php/Ment/Index/left.html
INFO: [ app_init ] --START--
INFO: Run Behavior\BuildLiteBehavior [ RunTime:0.000013s ]
INFO: [ app_init ] --END-- [ RunTime:0.000309s ]
INFO: [ app_begin ] --START--
INFO: Run Behavior\ReadHtmlCacheBehavior [ RunTime:0.000374s ]
INFO: [ app_begin ] --END-- [ RunTime:0.000411s ]
INFO: [ view_parse ] --START--
INFO: [ template_filter ] --START--
INFO: Run Behavior\ContentReplaceBehavior [ RunTime:0.000086s ]
INFO: [ template_filter ] --END-- [ RunTime:0.000121s ]
INFO: Run Behavior\ParseTemplateBehavior [ RunTime:0.005533s ]
INFO: [ view_parse ] --END-- [ RunTime:0.005567s ]
INFO: [ view_filter ] --START--
INFO: Run Behavior\WriteHtmlCacheBehavior [ RunTime:0.000124s ]
INFO: [ view_filter ] --END-- [ RunTime:0.000152s ]
INFO: [ app_end ] --START--
INFO: Run Behavior\ShowPageTraceBehavior [ RunTime:0.000407s ]
INFO: [ app_end ] --END-- [ RunTime:0.000442s ]

[ 2016-12-10T15:11:46+08:00 ] 101.81.13.210 /index.php/Ment/Index/right.html
INFO: [ app_init ] --START--
INFO: Run Behavior\BuildLiteBehavior [ RunTime:0.000012s ]
INFO: [ app_init ] --END-- [ RunTime:0.000291s ]
INFO: [ app_begin ] --START--
INFO: Run Behavior\ReadHtmlCacheBehavior [ RunTime:0.000367s ]
INFO: [ app_begin ] --END-- [ RunTime:0.000403s ]
INFO: [ view_parse ] --START--
INFO: [ template_filter ] --START--
INFO: Run Behavior\ContentReplaceBehavior [ RunTime:0.000045s ]
INFO: [ template_filter ] --END-- [ RunTime:0.000080s ]
INFO: Run Behavior\ParseTemplateBehavior [ RunTime:0.004687s ]
INFO: [ view_parse ] --END-- [ RunTime:0.004721s ]
INFO: [ view_filter ] --START--
INFO: Run Behavior\WriteHtmlCacheBehavior [ RunTime:0.000121s ]
INFO: [ view_filter ] --END-- [ RunTime:0.000149s ]
INFO: [ app_end ] --START--
INFO: Run Behavior\ShowPageTraceBehavior [ RunTime:0.000397s ]
INFO: [ app_end ] --END-- [ RunTime:0.000453s ]

[ 2016-12-10T15:11:50+08:00 ] 101.81.13.210 /index.php/Ment/Order/order_list.html
INFO: [ app_init ] --START--
INFO: Run Behavior\BuildLiteBehavior [ RunTime:0.000018s ]
INFO: [ app_init ] --END-- [ RunTime:0.000403s ]
INFO: [ app_begin ] --START--
INFO: Run Behavior\ReadHtmlCacheBehavior [ RunTime:0.000387s ]
INFO: [ app_begin ] --END-- [ RunTime:0.000424s ]
SQL: SHOW COLUMNS FROM `xueche1_list` [ RunTime:0.0014s ]
SQL: SELECT COUNT(*) AS tp_count FROM `xueche1_list` LIMIT 1   [ RunTime:0.0003s ]
SQL: SELECT `id`,`listid`,`mode`,`listtime`,`masname`,`listname`,`description`,`state`,`payment_type`,`customer`,`returndate`,`Cl_type`,`lastupdate` FROM `xueche1_list` ORDER BY id desc LIMIT 0,27   [ RunTime:0.0005s ]
NOTIC: [8] Undefined index: masterid /var/www/xueche/Application/Ment/Common/function.php 第 26 行.
SQL: SHOW COLUMNS FROM `xueche1_user` [ RunTime:0.0009s ]
SQL: SELECT `nickname` FROM `xueche1_user` WHERE ( userid='' ) LIMIT 1   [ RunTime:0.0004s ]
SQL: SHOW COLUMNS FROM `xueche1_admin` [ RunTime:0.0010s ]
SQL: SELECT `username` FROM `xueche1_admin` WHERE ( id=22 ) LIMIT 1   [ RunTime:0.0002s ]
NOTIC: [8] Undefined index: masterid /var/www/xueche/Application/Ment/Common/function.php 第 26 行.
SQL: SELECT `nickname` FROM `xueche1_user` WHERE ( userid='' ) LIMIT 1   [ RunTime:0.0002s ]
SQL: SELECT `username` FROM `xueche1_admin` WHERE ( id=26 ) LIMIT 1   [ RunTime:0.0002s ]
NOTIC: [8] Undefined index: masterid /var/www/xueche/Application/Ment/Common/function.php 第 26 行.
SQL: SELECT `nickname` FROM `xueche1_user` WHERE ( userid='' ) LIMIT 1   [ RunTime:0.0002s ]
SQL: SELECT `username` FROM `xueche1_admin` WHERE ( id=26 ) LIMIT 1   [ RunTime:0.0002s ]
NOTIC: [8] Undefined index: masterid /var/www/xueche/Application/Ment/Common/function.php 第 26 行.
SQL: SELECT `nickname` FROM `xueche1_user` WHERE ( userid='' ) LIMIT 1   [ RunTime:0.0002s ]
SQL: SELECT `username` FROM `xueche1_admin` WHERE ( id=26 ) LIMIT 1   [ RunTime:0.0002s ]
NOTIC: [8] Undefined index: masterid /var/www/xueche/Application/Ment/Common/function.php 第 26 行.
SQL: SELECT `nickname` FROM `xueche1_user` WHERE ( userid='' ) LIMIT 1   [ RunTime:0.0002s ]
SQL: SELECT `username` FROM `xueche1_admin` WHERE ( id=26 ) LIMIT 1   [ RunTime:0.0002s ]
NOTIC: [8] Undefined index: masterid /var/www/xueche/Application/Ment/Common/function.php 第 26 行.
SQL: SELECT `nickname` FROM `xueche1_user` WHERE ( userid='' ) LIMIT 1   [ RunTime:0.0002s ]
SQL: SELECT `username` FROM `xueche1_admin` WHERE ( id=26 ) LIMIT 1   [ RunTime:0.0002s ]
NOTIC: [8] Undefined index: masterid /var/www/xueche/Application/Ment/Common/function.php 第 26 行.
SQL: SELECT `nickname` FROM `xueche1_user` WHERE ( userid='' ) LIMIT 1   [ RunTime:0.0002s ]
SQL: SELECT `username` FROM `xueche1_admin` WHERE ( id=26 ) LIMIT 1   [ RunTime:0.0002s ]
NOTIC: [8] Undefined index: masterid /var/www/xueche/Application/Ment/Common/function.php 第 26 行.
SQL: SELECT `nickname` FROM `xueche1_user` WHERE ( userid='' ) LIMIT 1   [ RunTime:0.0002s ]
SQL: SELECT `username` FROM `xueche1_admin` WHERE ( id=26 ) LIMIT 1   [ RunTime:0.0002s ]
NOTIC: [8] Undefined index: masterid /var/www/xueche/Application/Ment/Common/function.php 第 26 行.
SQL: SELECT `nickname` FROM `xueche1_user` WHERE ( userid='' ) LIMIT 1   [ RunTime:0.0002s ]
SQL: SELECT `username` FROM `xueche1_admin` WHERE ( id=26 ) LIMIT 1   [ RunTime:0.0002s ]
NOTIC: [8] Undefined index: masterid /var/www/xueche/Application/Ment/Common/function.php 第 26 行.
SQL: SELECT `nickname` FROM `xueche1_user` WHERE ( userid='' ) LIMIT 1   [ RunTime:0.0002s ]
SQL: SELECT `username` FROM `xueche1_admin` WHERE ( id=26 ) LIMIT 1   [ RunTime:0.0002s ]
NOTIC: [8] Undefined index: masterid /var/www/xueche/Application/Ment/Common/function.php 第 26 行.
SQL: SELECT `nickname` FROM `xueche1_user` WHERE ( userid='' ) LIMIT 1   [ RunTime:0.0002s ]
SQL: SELECT `username` FROM `xueche1_admin` WHERE ( id=26 ) LIMIT 1   [ RunTime:0.0002s ]
NOTIC: [8] Undefined index: masterid /var/www/xueche/Application/Ment/Common/function.php 第 26 行.
SQL: SELECT `nickname` FROM `xueche1_user` WHERE ( userid='' ) LIMIT 1   [ RunTime:0.0002s ]
SQL: SELECT `username` FROM `xueche1_admin` WHERE ( id=26 ) LIMIT 1   [ RunTime:0.0002s ]
NOTIC: [8] Undefined index: masterid /var/www/xueche/Application/Ment/Common/function.php 第 26 行.
SQL: SELECT `nickname` FROM `xueche1_user` WHERE ( userid='' ) LIMIT 1   [ RunTime:0.0002s ]
SQL: SELECT `username` FROM `xueche1_admin` WHERE ( id=26 ) LIMIT 1   [ RunTime:0.0002s ]
NOTIC: [8] Undefined index: masterid /var/www/xueche/Application/Ment/Common/function.php 第 26 行.
SQL: SELECT `nickname` FROM `xueche1_user` WHERE ( userid='' ) LIMIT 1   [ RunTime:0.0002s ]
SQL: SELECT `username` FROM `xueche1_admin` WHERE ( id=26 ) LIMIT 1   [ RunTime:0.0002s ]
NOTIC: [8] Undefined index: masterid /var/www/xueche/Application/Ment/Common/function.php 第 26 行.
SQL: SELECT `nickname` FROM `xueche1_user` WHERE ( userid='' ) LIMIT 1   [ RunTime:0.0002s ]
SQL: SELECT `username` FROM `xueche1_admin` WHERE ( id=26 ) LIMIT 1   [ RunTime:0.0002s ]
NOTIC: [8] Undefined index: masterid /var/www/xueche/Application/Ment/Common/function.php 第 26 行.
SQL: SELECT `nickname` FROM `xueche1_user` WHERE ( userid='' ) LIMIT 1   [ RunTime:0.0002s ]
SQL: SELECT `username` FROM `xueche1_admin` WHERE ( id=26 ) LIMIT 1   [ RunTime:0.0002s ]
NOTIC: [8] Undefined index: masterid /var/www/xueche/Application/Ment/Common/function.php 第 26 行.
SQL: SELECT `nickname` FROM `xueche1_user` WHERE ( userid='' ) LIMIT 1   [ RunTime:0.0002s ]
SQL: SELECT `username` FROM `xueche1_admin` WHERE ( id=26 ) LIMIT 1   [ RunTime:0.0002s ]
NOTIC: [8] Undefined index: masterid /var/www/xueche/Application/Ment/Common/function.php 第 26 行.
SQL: SELECT `nickname` FROM `xueche1_user` WHERE ( userid='' ) LIMIT 1   [ RunTime:0.0002s ]
SQL: SELECT `username` FROM `xueche1_admin` WHERE ( id=26 ) LIMIT 1   [ RunTime:0.0002s ]
NOTIC: [8] Undefined index: masterid /var/www/xueche/Application/Ment/Common/function.php 第 26 行.
SQL: SELECT `nickname` FROM `xueche1_user` WHERE ( userid='' ) LIMIT 1   [ RunTime:0.0002s ]
SQL: SELECT `username` FROM `xueche1_admin` WHERE ( id=26 ) LIMIT 1   [ RunTime:0.0002s ]
NOTIC: [8] Undefined index: masterid /var/www/xueche/Application/Ment/Common/function.php 第 26 行.
SQL: SELECT `nickname` FROM `xueche1_user` WHERE ( userid='' ) LIMIT 1   [ RunTime:0.0002s ]
SQL: SELECT `username` FROM `xueche1_admin` WHERE ( id=26 ) LIMIT 1   [ RunTime:0.0002s ]
NOTIC: [8] Undefined index: masterid /var/www/xueche/Application/Ment/Common/function.php 第 26 行.
SQL: SELECT `nickname` FROM `xueche1_user` WHERE ( userid='' ) LIMIT 1   [ RunTime:0.0002s ]
SQL: SELECT `username` FROM `xueche1_admin` WHERE ( id=26 ) LIMIT 1   [ RunTime:0.0002s ]
NOTIC: [8] Undefined index: masterid /var/www/xueche/Application/Ment/Common/function.php 第 26 行.
SQL: SELECT `nickname` FROM `xueche1_user` WHERE ( userid='' ) LIMIT 1   [ RunTime:0.0002s ]
SQL: SELECT `username` FROM `xueche1_admin` WHERE ( id=26 ) LIMIT 1   [ RunTime:0.0002s ]
NOTIC: [8] Undefined index: masterid /var/www/xueche/Application/Ment/Common/function.php 第 26 行.
SQL: SELECT `nickname` FROM `xueche1_user` WHERE ( userid='' ) LIMIT 1   [ RunTime:0.0002s ]
SQL: SELECT `username` FROM `xueche1_admin` WHERE ( id=26 ) LIMIT 1   [ RunTime:0.0002s ]
NOTIC: [8] Undefined index: masterid /var/www/xueche/Application/Ment/Common/function.php 第 26 行.
SQL: SELECT `nickname` FROM `xueche1_user` WHERE ( userid='' ) LIMIT 1   [ RunTime:0.0002s ]
SQL: SELECT `username` FROM `xueche1_admin` WHERE ( id=26 ) LIMIT 1   [ RunTime:0.0002s ]
NOTIC: [8] Undefined index: masterid /var/www/xueche/Application/Ment/Common/function.php 第 26 行.
SQL: SELECT `nickname` FROM `xueche1_user` WHERE ( userid='' ) LIMIT 1   [ RunTime:0.0003s ]
SQL: SELECT `username` FROM `xueche1_admin` WHERE ( id=26 ) LIMIT 1   [ RunTime:0.0002s ]
NOTIC: [8] Undefined index: masterid /var/www/xueche/Application/Ment/Common/function.php 第 26 行.
SQL: SELECT `nickname` FROM `xueche1_user` WHERE ( userid='' ) LIMIT 1   [ RunTime:0.0002s ]
SQL: SELECT `username` FROM `xueche1_admin` WHERE ( id=26 ) LIMIT 1   [ RunTime:0.0002s ]
NOTIC: [8] Undefined index: masterid /var/www/xueche/Application/Ment/Common/function.php 第 26 行.
SQL: SELECT `nickname` FROM `xueche1_user` WHERE ( userid='' ) LIMIT 1   [ RunTime:0.0002s ]
SQL: SELECT `username` FROM `xueche1_admin` WHERE ( id=26 ) LIMIT 1   [ RunTime:0.0002s ]
INFO: [ view_parse ] --START--
INFO: [ template_filter ] --START--
INFO: Run Behavior\ContentReplaceBehavior [ RunTime:0.000066s ]
INFO: [ template_filter ] --END-- [ RunTime:0.000103s ]
INFO: Run Behavior\ParseTemplateBehavior [ RunTime:0.007976s ]
INFO: [ view_parse ] --END-- [ RunTime:0.008026s ]
INFO: [ view_filter ] --START--
INFO: Run Behavior\WriteHtmlCacheBehavior [ RunTime:0.000160s ]
INFO: [ view_filter ] --END-- [ RunTime:0.000190s ]
INFO: [ app_end ] --START--
INFO: Run Behavior\ShowPageTraceBehavior [ RunTime:0.000511s ]
INFO: [ app_end ] --END-- [ RunTime:0.000558s ]

[ 2016-12-10T16:21:52+08:00 ] 101.81.13.210 /index.php/Ment/Order/order_list.html
INFO: [ app_init ] --START--
INFO: Run Behavior\BuildLiteBehavior [ RunTime:0.000014s ]
INFO: [ app_init ] --END-- [ RunTime:0.000343s ]
INFO: [ app_begin ] --START--
INFO: Run Behavior\ReadHtmlCacheBehavior [ RunTime:0.000401s ]
INFO: [ app_begin ] --END-- [ RunTime:0.000439s ]
SQL: SHOW COLUMNS FROM `xueche1_list` [ RunTime:0.0014s ]
SQL: SELECT COUNT(*) AS tp_count FROM `xueche1_list` LIMIT 1   [ RunTime:0.0004s ]
SQL: SELECT `id`,`listid`,`mode`,`listtime`,`masname`,`listname`,`description`,`state`,`payment_type`,`customer`,`returndate`,`Cl_type`,`lastupdate` FROM `xueche1_list` ORDER BY id desc LIMIT 0,27   [ RunTime:0.0005s ]
NOTIC: [8] Undefined index: masterid /var/www/xueche/Application/Ment/Common/function.php 第 26 行.
SQL: SHOW COLUMNS FROM `xueche1_user` [ RunTime:0.0009s ]
SQL: SELECT `nickname` FROM `xueche1_user` WHERE ( userid='' ) LIMIT 1   [ RunTime:0.0002s ]
SQL: SHOW COLUMNS FROM `xueche1_admin` [ RunTime:0.0008s ]
SQL: SELECT `username` FROM `xueche1_admin` WHERE ( id=22 ) LIMIT 1   [ RunTime:0.0002s ]
NOTIC: [8] Undefined index: masterid /var/www/xueche/Application/Ment/Common/function.php 第 26 行.
SQL: SELECT `nickname` FROM `xueche1_user` WHERE ( userid='' ) LIMIT 1   [ RunTime:0.0002s ]
SQL: SELECT `username` FROM `xueche1_admin` WHERE ( id=26 ) LIMIT 1   [ RunTime:0.0002s ]
NOTIC: [8] Undefined index: masterid /var/www/xueche/Application/Ment/Common/function.php 第 26 行.
SQL: SELECT `nickname` FROM `xueche1_user` WHERE ( userid='' ) LIMIT 1   [ RunTime:0.0002s ]
SQL: SELECT `username` FROM `xueche1_admin` WHERE ( id=26 ) LIMIT 1   [ RunTime:0.0002s ]
NOTIC: [8] Undefined index: masterid /var/www/xueche/Application/Ment/Common/function.php 第 26 行.
SQL: SELECT `nickname` FROM `xueche1_user` WHERE ( userid='' ) LIMIT 1   [ RunTime:0.0002s ]
SQL: SELECT `username` FROM `xueche1_admin` WHERE ( id=26 ) LIMIT 1   [ RunTime:0.0002s ]
NOTIC: [8] Undefined index: masterid /var/www/xueche/Application/Ment/Common/function.php 第 26 行.
SQL: SELECT `nickname` FROM `xueche1_user` WHERE ( userid='' ) LIMIT 1   [ RunTime:0.0002s ]
SQL: SELECT `username` FROM `xueche1_admin` WHERE ( id=26 ) LIMIT 1   [ RunTime:0.0002s ]
NOTIC: [8] Undefined index: masterid /var/www/xueche/Application/Ment/Common/function.php 第 26 行.
SQL: SELECT `nickname` FROM `xueche1_user` WHERE ( userid='' ) LIMIT 1   [ RunTime:0.0002s ]
SQL: SELECT `username` FROM `xueche1_admin` WHERE ( id=26 ) LIMIT 1   [ RunTime:0.0002s ]
NOTIC: [8] Undefined index: masterid /var/www/xueche/Application/Ment/Common/function.php 第 26 行.
SQL: SELECT `nickname` FROM `xueche1_user` WHERE ( userid='' ) LIMIT 1   [ RunTime:0.0002s ]
SQL: SELECT `username` FROM `xueche1_admin` WHERE ( id=26 ) LIMIT 1   [ RunTime:0.0002s ]
NOTIC: [8] Undefined index: masterid /var/www/xueche/Application/Ment/Common/function.php 第 26 行.
SQL: SELECT `nickname` FROM `xueche1_user` WHERE ( userid='' ) LIMIT 1   [ RunTime:0.0002s ]
SQL: SELECT `username` FROM `xueche1_admin` WHERE ( id=26 ) LIMIT 1   [ RunTime:0.0002s ]
NOTIC: [8] Undefined index: masterid /var/www/xueche/Application/Ment/Common/function.php 第 26 行.
SQL: SELECT `nickname` FROM `xueche1_user` WHERE ( userid='' ) LIMIT 1   [ RunTime:0.0002s ]
SQL: SELECT `username` FROM `xueche1_admin` WHERE ( id=26 ) LIMIT 1   [ RunTime:0.0002s ]
NOTIC: [8] Undefined index: masterid /var/www/xueche/Application/Ment/Common/function.php 第 26 行.
SQL: SELECT `nickname` FROM `xueche1_user` WHERE ( userid='' ) LIMIT 1   [ RunTime:0.0002s ]
SQL: SELECT `username` FROM `xueche1_admin` WHERE ( id=26 ) LIMIT 1   [ RunTime:0.0002s ]
NOTIC: [8] Undefined index: masterid /var/www/xueche/Application/Ment/Common/function.php 第 26 行.
SQL: SELECT `nickname` FROM `xueche1_user` WHERE ( userid='' ) LIMIT 1   [ RunTime:0.0002s ]
SQL: SELECT `username` FROM `xueche1_admin` WHERE ( id=26 ) LIMIT 1   [ RunTime:0.0003s ]
NOTIC: [8] Undefined index: masterid /var/www/xueche/Application/Ment/Common/function.php 第 26 行.
SQL: SELECT `nickname` FROM `xueche1_user` WHERE ( userid='' ) LIMIT 1   [ RunTime:0.0002s ]
SQL: SELECT `username` FROM `xueche1_admin` WHERE ( id=26 ) LIMIT 1   [ RunTime:0.0002s ]
NOTIC: [8] Undefined index: masterid /var/www/xueche/Application/Ment/Common/function.php 第 26 行.
SQL: SELECT `nickname` FROM `xueche1_user` WHERE ( userid='' ) LIMIT 1   [ RunTime:0.0002s ]
SQL: SELECT `username` FROM `xueche1_admin` WHERE ( id=26 ) LIMIT 1   [ RunTime:0.0002s ]
NOTIC: [8] Undefined index: masterid /var/www/xueche/Application/Ment/Common/function.php 第 26 行.
SQL: SELECT `nickname` FROM `xueche1_user` WHERE ( userid='' ) LIMIT 1   [ RunTime:0.0002s ]
SQL: SELECT `username` FROM `xueche1_admin` WHERE ( id=26 ) LIMIT 1   [ RunTime:0.0002s ]
NOTIC: [8] Undefined index: masterid /var/www/xueche/Application/Ment/Common/function.php 第 26 行.
SQL: SELECT `nickname` FROM `xueche1_user` WHERE ( userid='' ) LIMIT 1   [ RunTime:0.0002s ]
SQL: SELECT `username` FROM `xueche1_admin` WHERE ( id=26 ) LIMIT 1   [ RunTime:0.0002s ]
NOTIC: [8] Undefined index: masterid /var/www/xueche/Application/Ment/Common/function.php 第 26 行.
SQL: SELECT `nickname` FROM `xueche1_user` WHERE ( userid='' ) LIMIT 1   [ RunTime:0.0002s ]
SQL: SELECT `username` FROM `xueche1_admin` WHERE ( id=26 ) LIMIT 1   [ RunTime:0.0002s ]
NOTIC: [8] Undefined index: masterid /var/www/xueche/Application/Ment/Common/function.php 第 26 行.
SQL: SELECT `nickname` FROM `xueche1_user` WHERE ( userid='' ) LIMIT 1   [ RunTime:0.0002s ]
SQL: SELECT `username` FROM `xueche1_admin` WHERE ( id=26 ) LIMIT 1   [ RunTime:0.0002s ]
NOTIC: [8] Undefined index: masterid /var/www/xueche/Application/Ment/Common/function.php 第 26 行.
SQL: SELECT `nickname` FROM `xueche1_user` WHERE ( userid='' ) LIMIT 1   [ RunTime:0.0002s ]
SQL: SELECT `username` FROM `xueche1_admin` WHERE ( id=26 ) LIMIT 1   [ RunTime:0.0002s ]
NOTIC: [8] Undefined index: masterid /var/www/xueche/Application/Ment/Common/function.php 第 26 行.
SQL: SELECT `nickname` FROM `xueche1_user` WHERE ( userid='' ) LIMIT 1   [ RunTime:0.0002s ]
SQL: SELECT `username` FROM `xueche1_admin` WHERE ( id=26 ) LIMIT 1   [ RunTime:0.0002s ]
NOTIC: [8] Undefined index: masterid /var/www/xueche/Application/Ment/Common/function.php 第 26 行.
SQL: SELECT `nickname` FROM `xueche1_user` WHERE ( userid='' ) LIMIT 1   [ RunTime:0.0002s ]
SQL: SELECT `username` FROM `xueche1_admin` WHERE ( id=26 ) LIMIT 1   [ RunTime:0.0002s ]
NOTIC: [8] Undefined index: masterid /var/www/xueche/Application/Ment/Common/function.php 第 26 行.
SQL: SELECT `nickname` FROM `xueche1_user` WHERE ( userid='' ) LIMIT 1   [ RunTime:0.0002s ]
SQL: SELECT `username` FROM `xueche1_admin` WHERE ( id=26 ) LIMIT 1   [ RunTime:0.0002s ]
NOTIC: [8] Undefined index: masterid /var/www/xueche/Application/Ment/Common/function.php 第 26 行.
SQL: SELECT `nickname` FROM `xueche1_user` WHERE ( userid='' ) LIMIT 1   [ RunTime:0.0002s ]
SQL: SELECT `username` FROM `xueche1_admin` WHERE ( id=26 ) LIMIT 1   [ RunTime:0.0002s ]
NOTIC: [8] Undefined index: masterid /var/www/xueche/Application/Ment/Common/function.php 第 26 行.
SQL: SELECT `nickname` FROM `xueche1_user` WHERE ( userid='' ) LIMIT 1   [ RunTime:0.0002s ]
SQL: SELECT `username` FROM `xueche1_admin` WHERE ( id=26 ) LIMIT 1   [ RunTime:0.0002s ]
NOTIC: [8] Undefined index: masterid /var/www/xueche/Application/Ment/Common/function.php 第 26 行.
SQL: SELECT `nickname` FROM `xueche1_user` WHERE ( userid='' ) LIMIT 1   [ RunTime:0.0002s ]
SQL: SELECT `username` FROM `xueche1_admin` WHERE ( id=26 ) LIMIT 1   [ RunTime:0.0002s ]
NOTIC: [8] Undefined index: masterid /var/www/xueche/Application/Ment/Common/function.php 第 26 行.
SQL: SELECT `nickname` FROM `xueche1_user` WHERE ( userid='' ) LIMIT 1   [ RunTime:0.0002s ]
SQL: SELECT `username` FROM `xueche1_admin` WHERE ( id=26 ) LIMIT 1   [ RunTime:0.0002s ]
NOTIC: [8] Undefined index: masterid /var/www/xueche/Application/Ment/Common/function.php 第 26 行.
SQL: SELECT `nickname` FROM `xueche1_user` WHERE ( userid='' ) LIMIT 1   [ RunTime:0.0002s ]
SQL: SELECT `username` FROM `xueche1_admin` WHERE ( id=26 ) LIMIT 1   [ RunTime:0.0002s ]
NOTIC: [8] Undefined index: masterid /var/www/xueche/Application/Ment/Common/function.php 第 26 行.
SQL: SELECT `nickname` FROM `xueche1_user` WHERE ( userid='' ) LIMIT 1   [ RunTime:0.0002s ]
SQL: SELECT `username` FROM `xueche1_admin` WHERE ( id=26 ) LIMIT 1   [ RunTime:0.0002s ]
INFO: [ view_parse ] --START--
INFO: [ template_filter ] --START--
INFO: Run Behavior\ContentReplaceBehavior [ RunTime:0.000064s ]
INFO: [ template_filter ] --END-- [ RunTime:0.000103s ]
INFO: Run Behavior\ParseTemplateBehavior [ RunTime:0.007981s ]
INFO: [ view_parse ] --END-- [ RunTime:0.008022s ]
INFO: [ view_filter ] --START--
INFO: Run Behavior\WriteHtmlCacheBehavior [ RunTime:0.000134s ]
INFO: [ view_filter ] --END-- [ RunTime:0.000163s ]
INFO: [ app_end ] --START--
INFO: Run Behavior\ShowPageTraceBehavior [ RunTime:0.000446s ]
INFO: [ app_end ] --END-- [ RunTime:0.000505s ]

