[ 2017-02-06T09:24:38+08:00 ] 116.231.58.130 /index.php/Ment/Index/index.html
INFO: [ app_init ] --START--
INFO: Run Behavior\BuildLiteBehavior [ RunTime:0.000012s ]
INFO: [ app_init ] --END-- [ RunTime:0.000292s ]
INFO: [ app_begin ] --START--
INFO: Run Behavior\ReadHtmlCacheBehavior [ RunTime:0.000364s ]
INFO: [ app_begin ] --END-- [ RunTime:0.000401s ]

[ 2017-02-06T09:24:38+08:00 ] 116.231.58.130 /index.php/Ment/index/login.html
INFO: [ app_init ] --START--
INFO: Run Behavior\BuildLiteBehavior [ RunTime:0.000014s ]
INFO: [ app_init ] --END-- [ RunTime:0.000314s ]
INFO: [ app_begin ] --START--
INFO: Run Behavior\ReadHtmlCacheBehavior [ RunTime:0.000371s ]
INFO: [ app_begin ] --END-- [ RunTime:0.000409s ]
INFO: [ view_parse ] --START--
INFO: [ template_filter ] --START--
INFO: Run Behavior\ContentReplaceBehavior [ RunTime:0.000055s ]
INFO: [ template_filter ] --END-- [ RunTime:0.000103s ]
INFO: Run Behavior\ParseTemplateBehavior [ RunTime:0.004773s ]
INFO: [ view_parse ] --END-- [ RunTime:0.004832s ]
INFO: [ view_filter ] --START--
INFO: Run Behavior\WriteHtmlCacheBehavior [ RunTime:0.000180s ]
INFO: [ view_filter ] --END-- [ RunTime:0.000217s ]
INFO: [ app_end ] --START--
INFO: Run Behavior\ShowPageTraceBehavior [ RunTime:0.000427s ]
INFO: [ app_end ] --END-- [ RunTime:0.000461s ]

[ 2017-02-06T09:24:38+08:00 ] 116.231.58.130 /index.php/Ment/Index/verify_img.html
INFO: [ app_init ] --START--
INFO: Run Behavior\BuildLiteBehavior [ RunTime:0.000013s ]
INFO: [ app_init ] --END-- [ RunTime:0.000334s ]
INFO: [ app_begin ] --START--
INFO: Run Behavior\ReadHtmlCacheBehavior [ RunTime:0.000375s ]
INFO: [ app_begin ] --END-- [ RunTime:0.000414s ]
INFO: [ app_end ] --START--
INFO: Run Behavior\ShowPageTraceBehavior [ RunTime:0.000445s ]
INFO: [ app_end ] --END-- [ RunTime:0.000491s ]

[ 2017-02-06T09:24:45+08:00 ] 116.231.58.130 /index.php/Ment/Index/checklogin.html
INFO: [ app_init ] --START--
INFO: Run Behavior\BuildLiteBehavior [ RunTime:0.000012s ]
INFO: [ app_init ] --END-- [ RunTime:0.000317s ]
INFO: [ app_begin ] --START--
INFO: Run Behavior\ReadHtmlCacheBehavior [ RunTime:0.000389s ]
INFO: [ app_begin ] --END-- [ RunTime:0.000426s ]
SQL: SHOW COLUMNS FROM `xueche1_admin` [ RunTime:0.0010s ]
SQL: SELECT `id`,`pass`,`username`,`ntime`,`masgroup`,`flag`,`username`,`role`,`logintimes`,`permissid` FROM `xueche1_admin` WHERE ( account='517liaonan' ) LIMIT 1   [ RunTime:0.0003s ]
SQL: UPDATE `xueche1_admin` SET `logintimes`=logintimes+1 WHERE ( account='517liaonan' ) [ RunTime:0.0002s ]
SQL: SHOW COLUMNS FROM `xueche1_adminlog` [ RunTime:0.0007s ]
SQL: INSERT INTO `xueche1_adminlog` (`account`,`ntime`,`info`,`nip`) VALUES ('517liaonan','1486344285','登录','1961310850') [ RunTime:0.0010s ]
NOTIC: [8] Undefined variable: info /var/www/xueche/Application/Ment/Controller/IndexController.class.php 第 52 行.
INFO: [ app_end ] --START--
INFO: Run Behavior\ShowPageTraceBehavior [ RunTime:0.000616s ]
INFO: [ app_end ] --END-- [ RunTime:0.000656s ]

[ 2017-02-06T09:24:45+08:00 ] 116.231.58.130 /index.php/Ment/Index/index.html
INFO: [ app_init ] --START--
INFO: Run Behavior\BuildLiteBehavior [ RunTime:0.000009s ]
INFO: [ app_init ] --END-- [ RunTime:0.000303s ]
INFO: [ app_begin ] --START--
INFO: Run Behavior\ReadHtmlCacheBehavior [ RunTime:0.000391s ]
INFO: [ app_begin ] --END-- [ RunTime:0.000428s ]
INFO: [ view_parse ] --START--
INFO: [ template_filter ] --START--
INFO: Run Behavior\ContentReplaceBehavior [ RunTime:0.000020s ]
INFO: [ template_filter ] --END-- [ RunTime:0.000062s ]
INFO: Run Behavior\ParseTemplateBehavior [ RunTime:0.004136s ]
INFO: [ view_parse ] --END-- [ RunTime:0.004170s ]
INFO: [ view_filter ] --START--
INFO: Run Behavior\WriteHtmlCacheBehavior [ RunTime:0.000148s ]
INFO: [ view_filter ] --END-- [ RunTime:0.000177s ]
INFO: [ app_end ] --START--
INFO: Run Behavior\ShowPageTraceBehavior [ RunTime:0.000395s ]
INFO: [ app_end ] --END-- [ RunTime:0.000425s ]

[ 2017-02-06T09:24:45+08:00 ] 116.231.58.130 /index.php/Ment/Index/head.html
INFO: [ app_init ] --START--
INFO: Run Behavior\BuildLiteBehavior [ RunTime:0.000011s ]
INFO: [ app_init ] --END-- [ RunTime:0.000286s ]
INFO: [ app_begin ] --START--
INFO: Run Behavior\ReadHtmlCacheBehavior [ RunTime:0.000435s ]
INFO: [ app_begin ] --END-- [ RunTime:0.000513s ]
INFO: [ view_parse ] --START--
INFO: [ template_filter ] --START--
INFO: Run Behavior\ContentReplaceBehavior [ RunTime:0.000040s ]
INFO: [ template_filter ] --END-- [ RunTime:0.000075s ]
INFO: Run Behavior\ParseTemplateBehavior [ RunTime:0.004380s ]
INFO: [ view_parse ] --END-- [ RunTime:0.004416s ]
INFO: [ view_filter ] --START--
INFO: Run Behavior\WriteHtmlCacheBehavior [ RunTime:0.000123s ]
INFO: [ view_filter ] --END-- [ RunTime:0.000151s ]
INFO: [ app_end ] --START--
INFO: Run Behavior\ShowPageTraceBehavior [ RunTime:0.000396s ]
INFO: [ app_end ] --END-- [ RunTime:0.000427s ]

[ 2017-02-06T09:24:45+08:00 ] 116.231.58.130 /index.php/Ment/Index/left.html
INFO: [ app_init ] --START--
INFO: Run Behavior\BuildLiteBehavior [ RunTime:0.000009s ]
INFO: [ app_init ] --END-- [ RunTime:0.000281s ]
INFO: [ app_begin ] --START--
INFO: Run Behavior\ReadHtmlCacheBehavior [ RunTime:0.000370s ]
INFO: [ app_begin ] --END-- [ RunTime:0.000433s ]
INFO: [ view_parse ] --START--
INFO: [ template_filter ] --START--
INFO: Run Behavior\ContentReplaceBehavior [ RunTime:0.000095s ]
INFO: [ template_filter ] --END-- [ RunTime:0.000153s ]
INFO: Run Behavior\ParseTemplateBehavior [ RunTime:0.005990s ]
INFO: [ view_parse ] --END-- [ RunTime:0.006024s ]
INFO: [ view_filter ] --START--
INFO: Run Behavior\WriteHtmlCacheBehavior [ RunTime:0.000147s ]
INFO: [ view_filter ] --END-- [ RunTime:0.000175s ]
INFO: [ app_end ] --START--
INFO: Run Behavior\ShowPageTraceBehavior [ RunTime:0.000430s ]
INFO: [ app_end ] --END-- [ RunTime:0.000466s ]

[ 2017-02-06T09:24:45+08:00 ] 116.231.58.130 /index.php/Ment/Index/right.html
INFO: [ app_init ] --START--
INFO: Run Behavior\BuildLiteBehavior [ RunTime:0.000009s ]
INFO: [ app_init ] --END-- [ RunTime:0.000328s ]
INFO: [ app_begin ] --START--
INFO: Run Behavior\ReadHtmlCacheBehavior [ RunTime:0.000400s ]
INFO: [ app_begin ] --END-- [ RunTime:0.000449s ]
INFO: [ view_parse ] --START--
INFO: [ template_filter ] --START--
INFO: Run Behavior\ContentReplaceBehavior [ RunTime:0.000048s ]
INFO: [ template_filter ] --END-- [ RunTime:0.000082s ]
INFO: Run Behavior\ParseTemplateBehavior [ RunTime:0.004616s ]
INFO: [ view_parse ] --END-- [ RunTime:0.004651s ]
INFO: [ view_filter ] --START--
INFO: Run Behavior\WriteHtmlCacheBehavior [ RunTime:0.000123s ]
INFO: [ view_filter ] --END-- [ RunTime:0.000151s ]
INFO: [ app_end ] --START--
INFO: Run Behavior\ShowPageTraceBehavior [ RunTime:0.000398s ]
INFO: [ app_end ] --END-- [ RunTime:0.000428s ]

[ 2017-02-06T09:24:50+08:00 ] 116.231.58.130 /index.php/Ment/School/jx_list.html
INFO: [ app_init ] --START--
INFO: Run Behavior\BuildLiteBehavior [ RunTime:0.000012s ]
INFO: [ app_init ] --END-- [ RunTime:0.000322s ]
INFO: [ app_begin ] --START--
INFO: Run Behavior\ReadHtmlCacheBehavior [ RunTime:0.000390s ]
INFO: [ app_begin ] --END-- [ RunTime:0.000428s ]
SQL: SHOW COLUMNS FROM `xueche1_school` [ RunTime:0.0013s ]
SQL: SELECT COUNT(*) AS tp_count FROM `xueche1_school` LIMIT 1   [ RunTime:0.0005s ]
SQL: SELECT `id`,`account`,`img`,`userid`,`nickname`,`score`,`ntime`,`connectteacher`,`address`,`cityid`,`verify`,`lastupdate`,`priority` FROM `xueche1_school` ORDER BY id asc LIMIT 0,14   [ RunTime:0.0004s ]
SQL: SHOW COLUMNS FROM `xueche1_list` [ RunTime:0.0011s ]
SQL: SELECT COUNT(*) AS tp_count FROM `xueche1_list` WHERE ( objectid='D18CF959_EDB7_B2C2_C8D0_85CFB1415721' ) LIMIT 1   [ RunTime:0.0003s ]
SQL: SHOW COLUMNS FROM `xueche1_reservation` [ RunTime:0.0009s ]
SQL: SELECT COUNT(*) AS tp_count FROM `xueche1_reservation` WHERE ( objectid='D18CF959_EDB7_B2C2_C8D0_85CFB1415721' ) LIMIT 1   [ RunTime:0.0005s ]
SQL: SHOW COLUMNS FROM `xueche1_student` [ RunTime:0.0012s ]
SQL: SELECT COUNT(*) AS tp_count FROM `xueche1_student` WHERE ( masterid='D18CF959_EDB7_B2C2_C8D0_85CFB1415721' ) LIMIT 1   [ RunTime:0.0002s ]
SQL: SHOW COLUMNS FROM `xueche1_trainclass` [ RunTime:0.0009s ]
SQL: SELECT COUNT(*) AS tp_count FROM `xueche1_trainclass` WHERE ( masterid='D18CF959_EDB7_B2C2_C8D0_85CFB1415721' ) LIMIT 1   [ RunTime:0.0003s ]
SQL: SHOW COLUMNS FROM `xueche1_coach` [ RunTime:0.0012s ]
SQL: SELECT COUNT(*) AS tp_count FROM `xueche1_coach` WHERE ( masterid='D18CF959_EDB7_B2C2_C8D0_85CFB1415721' ) LIMIT 1   [ RunTime:0.0009s ]
SQL: SHOW COLUMNS FROM `xueche1_citys` [ RunTime:0.0008s ]
SQL: SELECT `cityname` FROM `xueche1_citys` WHERE ( id=1 ) LIMIT 1   [ RunTime:0.0003s ]
SQL: SELECT COUNT(*) AS tp_count FROM `xueche1_list` WHERE ( objectid='105BF1E9_C4A7_42AC_A74E_ED080F162A81' ) LIMIT 1   [ RunTime:0.0002s ]
SQL: SELECT COUNT(*) AS tp_count FROM `xueche1_reservation` WHERE ( objectid='105BF1E9_C4A7_42AC_A74E_ED080F162A81' ) LIMIT 1   [ RunTime:0.0002s ]
SQL: SELECT COUNT(*) AS tp_count FROM `xueche1_student` WHERE ( masterid='105BF1E9_C4A7_42AC_A74E_ED080F162A81' ) LIMIT 1   [ RunTime:0.0002s ]
SQL: SELECT COUNT(*) AS tp_count FROM `xueche1_trainclass` WHERE ( masterid='105BF1E9_C4A7_42AC_A74E_ED080F162A81' ) LIMIT 1   [ RunTime:0.0003s ]
SQL: SELECT COUNT(*) AS tp_count FROM `xueche1_coach` WHERE ( masterid='105BF1E9_C4A7_42AC_A74E_ED080F162A81' ) LIMIT 1   [ RunTime:0.0008s ]
SQL: SELECT `cityname` FROM `xueche1_citys` WHERE ( id=15 ) LIMIT 1   [ RunTime:0.0002s ]
SQL: SELECT COUNT(*) AS tp_count FROM `xueche1_list` WHERE ( objectid='BC7547F9_CDC6_3432_1FF1_601A66BCB3F6' ) LIMIT 1   [ RunTime:0.0002s ]
SQL: SELECT COUNT(*) AS tp_count FROM `xueche1_reservation` WHERE ( objectid='BC7547F9_CDC6_3432_1FF1_601A66BCB3F6' ) LIMIT 1   [ RunTime:0.0002s ]
SQL: SELECT COUNT(*) AS tp_count FROM `xueche1_student` WHERE ( masterid='BC7547F9_CDC6_3432_1FF1_601A66BCB3F6' ) LIMIT 1   [ RunTime:0.0002s ]
SQL: SELECT COUNT(*) AS tp_count FROM `xueche1_trainclass` WHERE ( masterid='BC7547F9_CDC6_3432_1FF1_601A66BCB3F6' ) LIMIT 1   [ RunTime:0.0002s ]
SQL: SELECT COUNT(*) AS tp_count FROM `xueche1_coach` WHERE ( masterid='BC7547F9_CDC6_3432_1FF1_601A66BCB3F6' ) LIMIT 1   [ RunTime:0.0008s ]
SQL: SELECT `cityname` FROM `xueche1_citys` WHERE ( id=1 ) LIMIT 1   [ RunTime:0.0002s ]
SQL: SELECT COUNT(*) AS tp_count FROM `xueche1_list` WHERE ( objectid='6C7E6108_806A_A9BE_DB34_A04A9AC88110' ) LIMIT 1   [ RunTime:0.0002s ]
SQL: SELECT COUNT(*) AS tp_count FROM `xueche1_reservation` WHERE ( objectid='6C7E6108_806A_A9BE_DB34_A04A9AC88110' ) LIMIT 1   [ RunTime:0.0002s ]
SQL: SELECT COUNT(*) AS tp_count FROM `xueche1_student` WHERE ( masterid='6C7E6108_806A_A9BE_DB34_A04A9AC88110' ) LIMIT 1   [ RunTime:0.0002s ]
SQL: SELECT COUNT(*) AS tp_count FROM `xueche1_trainclass` WHERE ( masterid='6C7E6108_806A_A9BE_DB34_A04A9AC88110' ) LIMIT 1   [ RunTime:0.0003s ]
SQL: SELECT COUNT(*) AS tp_count FROM `xueche1_coach` WHERE ( masterid='6C7E6108_806A_A9BE_DB34_A04A9AC88110' ) LIMIT 1   [ RunTime:0.0009s ]
SQL: SELECT `cityname` FROM `xueche1_citys` WHERE ( id=1 ) LIMIT 1   [ RunTime:0.0002s ]
SQL: SELECT COUNT(*) AS tp_count FROM `xueche1_list` WHERE ( objectid='B7FB97B8_C71C_CB17_5AC8_9E427BD9A61B' ) LIMIT 1   [ RunTime:0.0002s ]
SQL: SELECT COUNT(*) AS tp_count FROM `xueche1_reservation` WHERE ( objectid='B7FB97B8_C71C_CB17_5AC8_9E427BD9A61B' ) LIMIT 1   [ RunTime:0.0002s ]
SQL: SELECT COUNT(*) AS tp_count FROM `xueche1_student` WHERE ( masterid='B7FB97B8_C71C_CB17_5AC8_9E427BD9A61B' ) LIMIT 1   [ RunTime:0.0002s ]
SQL: SELECT COUNT(*) AS tp_count FROM `xueche1_trainclass` WHERE ( masterid='B7FB97B8_C71C_CB17_5AC8_9E427BD9A61B' ) LIMIT 1   [ RunTime:0.0002s ]
SQL: SELECT COUNT(*) AS tp_count FROM `xueche1_coach` WHERE ( masterid='B7FB97B8_C71C_CB17_5AC8_9E427BD9A61B' ) LIMIT 1   [ RunTime:0.0008s ]
SQL: SELECT `cityname` FROM `xueche1_citys` WHERE ( id=1 ) LIMIT 1   [ RunTime:0.0002s ]
SQL: SELECT COUNT(*) AS tp_count FROM `xueche1_list` WHERE ( objectid='AA0F9918_4DE4_412F_738C_954DAFF1F857' ) LIMIT 1   [ RunTime:0.0002s ]
SQL: SELECT COUNT(*) AS tp_count FROM `xueche1_reservation` WHERE ( objectid='AA0F9918_4DE4_412F_738C_954DAFF1F857' ) LIMIT 1   [ RunTime:0.0002s ]
SQL: SELECT COUNT(*) AS tp_count FROM `xueche1_student` WHERE ( masterid='AA0F9918_4DE4_412F_738C_954DAFF1F857' ) LIMIT 1   [ RunTime:0.0002s ]
SQL: SELECT COUNT(*) AS tp_count FROM `xueche1_trainclass` WHERE ( masterid='AA0F9918_4DE4_412F_738C_954DAFF1F857' ) LIMIT 1   [ RunTime:0.0002s ]
SQL: SELECT COUNT(*) AS tp_count FROM `xueche1_coach` WHERE ( masterid='AA0F9918_4DE4_412F_738C_954DAFF1F857' ) LIMIT 1   [ RunTime:0.0008s ]
SQL: SELECT `cityname` FROM `xueche1_citys` WHERE ( id=1 ) LIMIT 1   [ RunTime:0.0002s ]
SQL: SELECT COUNT(*) AS tp_count FROM `xueche1_list` WHERE ( objectid='E9581929_CF91_99CF_237F_FB07C3AB2091' ) LIMIT 1   [ RunTime:0.0002s ]
SQL: SELECT COUNT(*) AS tp_count FROM `xueche1_reservation` WHERE ( objectid='E9581929_CF91_99CF_237F_FB07C3AB2091' ) LIMIT 1   [ RunTime:0.0002s ]
SQL: SELECT COUNT(*) AS tp_count FROM `xueche1_student` WHERE ( masterid='E9581929_CF91_99CF_237F_FB07C3AB2091' ) LIMIT 1   [ RunTime:0.0002s ]
SQL: SELECT COUNT(*) AS tp_count FROM `xueche1_trainclass` WHERE ( masterid='E9581929_CF91_99CF_237F_FB07C3AB2091' ) LIMIT 1   [ RunTime:0.0002s ]
SQL: SELECT COUNT(*) AS tp_count FROM `xueche1_coach` WHERE ( masterid='E9581929_CF91_99CF_237F_FB07C3AB2091' ) LIMIT 1   [ RunTime:0.0008s ]
SQL: SELECT `cityname` FROM `xueche1_citys` WHERE ( id=1 ) LIMIT 1   [ RunTime:0.0002s ]
SQL: SELECT COUNT(*) AS tp_count FROM `xueche1_list` WHERE ( objectid='921E6D53_1E61_31F4_6912_39E9051C9777' ) LIMIT 1   [ RunTime:0.0002s ]
SQL: SELECT COUNT(*) AS tp_count FROM `xueche1_reservation` WHERE ( objectid='921E6D53_1E61_31F4_6912_39E9051C9777' ) LIMIT 1   [ RunTime:0.0002s ]
SQL: SELECT COUNT(*) AS tp_count FROM `xueche1_student` WHERE ( masterid='921E6D53_1E61_31F4_6912_39E9051C9777' ) LIMIT 1   [ RunTime:0.0002s ]
SQL: SELECT COUNT(*) AS tp_count FROM `xueche1_trainclass` WHERE ( masterid='921E6D53_1E61_31F4_6912_39E9051C9777' ) LIMIT 1   [ RunTime:0.0002s ]
SQL: SELECT COUNT(*) AS tp_count FROM `xueche1_coach` WHERE ( masterid='921E6D53_1E61_31F4_6912_39E9051C9777' ) LIMIT 1   [ RunTime:0.0008s ]
SQL: SELECT `cityname` FROM `xueche1_citys` WHERE ( id=1 ) LIMIT 1   [ RunTime:0.0003s ]
SQL: SELECT COUNT(*) AS tp_count FROM `xueche1_list` WHERE ( objectid='4E1A1784_6F12_FA7B_22E6_BBCB70836AC1' ) LIMIT 1   [ RunTime:0.0002s ]
SQL: SELECT COUNT(*) AS tp_count FROM `xueche1_reservation` WHERE ( objectid='4E1A1784_6F12_FA7B_22E6_BBCB70836AC1' ) LIMIT 1   [ RunTime:0.0002s ]
SQL: SELECT COUNT(*) AS tp_count FROM `xueche1_student` WHERE ( masterid='4E1A1784_6F12_FA7B_22E6_BBCB70836AC1' ) LIMIT 1   [ RunTime:0.0002s ]
SQL: SELECT COUNT(*) AS tp_count FROM `xueche1_trainclass` WHERE ( masterid='4E1A1784_6F12_FA7B_22E6_BBCB70836AC1' ) LIMIT 1   [ RunTime:0.0002s ]
SQL: SELECT COUNT(*) AS tp_count FROM `xueche1_coach` WHERE ( masterid='4E1A1784_6F12_FA7B_22E6_BBCB70836AC1' ) LIMIT 1   [ RunTime:0.0008s ]
SQL: SELECT `cityname` FROM `xueche1_citys` WHERE ( id=1 ) LIMIT 1   [ RunTime:0.0002s ]
SQL: SELECT COUNT(*) AS tp_count FROM `xueche1_list` WHERE ( objectid='07825C54_2994_4B42_3351_19343C4CA7AD' ) LIMIT 1   [ RunTime:0.0002s ]
SQL: SELECT COUNT(*) AS tp_count FROM `xueche1_reservation` WHERE ( objectid='07825C54_2994_4B42_3351_19343C4CA7AD' ) LIMIT 1   [ RunTime:0.0002s ]
SQL: SELECT COUNT(*) AS tp_count FROM `xueche1_student` WHERE ( masterid='07825C54_2994_4B42_3351_19343C4CA7AD' ) LIMIT 1   [ RunTime:0.0002s ]
SQL: SELECT COUNT(*) AS tp_count FROM `xueche1_trainclass` WHERE ( masterid='07825C54_2994_4B42_3351_19343C4CA7AD' ) LIMIT 1   [ RunTime:0.0002s ]
SQL: SELECT COUNT(*) AS tp_count FROM `xueche1_coach` WHERE ( masterid='07825C54_2994_4B42_3351_19343C4CA7AD' ) LIMIT 1   [ RunTime:0.0010s ]
SQL: SELECT `cityname` FROM `xueche1_citys` WHERE ( id=1 ) LIMIT 1   [ RunTime:0.0002s ]
SQL: SELECT COUNT(*) AS tp_count FROM `xueche1_list` WHERE ( objectid='1CDED6A4_1404_D478_8689_7A7EBC18BFBB' ) LIMIT 1   [ RunTime:0.0002s ]
SQL: SELECT COUNT(*) AS tp_count FROM `xueche1_reservation` WHERE ( objectid='1CDED6A4_1404_D478_8689_7A7EBC18BFBB' ) LIMIT 1   [ RunTime:0.0002s ]
SQL: SELECT COUNT(*) AS tp_count FROM `xueche1_student` WHERE ( masterid='1CDED6A4_1404_D478_8689_7A7EBC18BFBB' ) LIMIT 1   [ RunTime:0.0003s ]
SQL: SELECT COUNT(*) AS tp_count FROM `xueche1_trainclass` WHERE ( masterid='1CDED6A4_1404_D478_8689_7A7EBC18BFBB' ) LIMIT 1   [ RunTime:0.0003s ]
SQL: SELECT COUNT(*) AS tp_count FROM `xueche1_coach` WHERE ( masterid='1CDED6A4_1404_D478_8689_7A7EBC18BFBB' ) LIMIT 1   [ RunTime:0.0009s ]
SQL: SELECT `cityname` FROM `xueche1_citys` WHERE ( id=1 ) LIMIT 1   [ RunTime:0.0003s ]
SQL: SELECT COUNT(*) AS tp_count FROM `xueche1_list` WHERE ( objectid='638AD5F8_C2B6_5CA4_7231_AA8081343B6C' ) LIMIT 1   [ RunTime:0.0002s ]
SQL: SELECT COUNT(*) AS tp_count FROM `xueche1_reservation` WHERE ( objectid='638AD5F8_C2B6_5CA4_7231_AA8081343B6C' ) LIMIT 1   [ RunTime:0.0002s ]
SQL: SELECT COUNT(*) AS tp_count FROM `xueche1_student` WHERE ( masterid='638AD5F8_C2B6_5CA4_7231_AA8081343B6C' ) LIMIT 1   [ RunTime:0.0002s ]
SQL: SELECT COUNT(*) AS tp_count FROM `xueche1_trainclass` WHERE ( masterid='638AD5F8_C2B6_5CA4_7231_AA8081343B6C' ) LIMIT 1   [ RunTime:0.0003s ]
SQL: SELECT COUNT(*) AS tp_count FROM `xueche1_coach` WHERE ( masterid='638AD5F8_C2B6_5CA4_7231_AA8081343B6C' ) LIMIT 1   [ RunTime:0.0008s ]
SQL: SELECT `cityname` FROM `xueche1_citys` WHERE ( id=1 ) LIMIT 1   [ RunTime:0.0002s ]
SQL: SELECT COUNT(*) AS tp_count FROM `xueche1_list` WHERE ( objectid='84B81AD2_DAF5_43E5_BE87_7F984A9E7C92' ) LIMIT 1   [ RunTime:0.0002s ]
SQL: SELECT COUNT(*) AS tp_count FROM `xueche1_reservation` WHERE ( objectid='84B81AD2_DAF5_43E5_BE87_7F984A9E7C92' ) LIMIT 1   [ RunTime:0.0002s ]
SQL: SELECT COUNT(*) AS tp_count FROM `xueche1_student` WHERE ( masterid='84B81AD2_DAF5_43E5_BE87_7F984A9E7C92' ) LIMIT 1   [ RunTime:0.0002s ]
SQL: SELECT COUNT(*) AS tp_count FROM `xueche1_trainclass` WHERE ( masterid='84B81AD2_DAF5_43E5_BE87_7F984A9E7C92' ) LIMIT 1   [ RunTime:0.0002s ]
SQL: SELECT COUNT(*) AS tp_count FROM `xueche1_coach` WHERE ( masterid='84B81AD2_DAF5_43E5_BE87_7F984A9E7C92' ) LIMIT 1   [ RunTime:0.0008s ]
SQL: SELECT `cityname` FROM `xueche1_citys` WHERE ( id=1 ) LIMIT 1   [ RunTime:0.0002s ]
SQL: SELECT COUNT(*) AS tp_count FROM `xueche1_list` WHERE ( objectid='A0F6B774_B2E1_EF23_2259_08E2750FB0FA' ) LIMIT 1   [ RunTime:0.0002s ]
SQL: SELECT COUNT(*) AS tp_count FROM `xueche1_reservation` WHERE ( objectid='A0F6B774_B2E1_EF23_2259_08E2750FB0FA' ) LIMIT 1   [ RunTime:0.0002s ]
SQL: SELECT COUNT(*) AS tp_count FROM `xueche1_student` WHERE ( masterid='A0F6B774_B2E1_EF23_2259_08E2750FB0FA' ) LIMIT 1   [ RunTime:0.0002s ]
SQL: SELECT COUNT(*) AS tp_count FROM `xueche1_trainclass` WHERE ( masterid='A0F6B774_B2E1_EF23_2259_08E2750FB0FA' ) LIMIT 1   [ RunTime:0.0002s ]
SQL: SELECT COUNT(*) AS tp_count FROM `xueche1_coach` WHERE ( masterid='A0F6B774_B2E1_EF23_2259_08E2750FB0FA' ) LIMIT 1   [ RunTime:0.0008s ]
SQL: SELECT `cityname` FROM `xueche1_citys` WHERE ( id=1 ) LIMIT 1   [ RunTime:0.0003s ]
SQL: SELECT `id`,`cityname` FROM `xueche1_citys` WHERE ( flag=1 )  [ RunTime:0.0003s ]
INFO: [ view_parse ] --START--
INFO: [ template_filter ] --START--
INFO: Run Behavior\ContentReplaceBehavior [ RunTime:0.000070s ]
INFO: [ template_filter ] --END-- [ RunTime:0.000111s ]
INFO: Run Behavior\ParseTemplateBehavior [ RunTime:0.010316s ]
INFO: [ view_parse ] --END-- [ RunTime:0.010358s ]
INFO: [ view_filter ] --START--
INFO: Run Behavior\WriteHtmlCacheBehavior [ RunTime:0.000135s ]
INFO: [ view_filter ] --END-- [ RunTime:0.000163s ]
INFO: [ app_end ] --START--
INFO: Run Behavior\ShowPageTraceBehavior [ RunTime:0.000473s ]
INFO: [ app_end ] --END-- [ RunTime:0.000511s ]

[ 2017-02-06T09:24:57+08:00 ] 116.231.58.130 /index.php/Ment/School/jx_list.html?nickname=%E8%8D%A3%E5%AE%89&
INFO: [ app_init ] --START--
INFO: Run Behavior\BuildLiteBehavior [ RunTime:0.000012s ]
INFO: [ app_init ] --END-- [ RunTime:0.000290s ]
INFO: [ app_begin ] --START--
INFO: Run Behavior\ReadHtmlCacheBehavior [ RunTime:0.000392s ]
INFO: [ app_begin ] --END-- [ RunTime:0.000429s ]
SQL: SHOW COLUMNS FROM `xueche1_school` [ RunTime:0.0013s ]
SQL: SELECT COUNT(*) AS tp_count FROM `xueche1_school` WHERE ( nickname like '%荣安%' ) LIMIT 1   [ RunTime:0.0010s ]
SQL: SELECT `id`,`account`,`img`,`userid`,`nickname`,`score`,`ntime`,`connectteacher`,`address`,`cityid`,`verify`,`lastupdate`,`priority` FROM `xueche1_school` WHERE ( nickname like '%荣安%' ) ORDER BY id asc LIMIT 0,14   [ RunTime:0.0020s ]
SQL: SHOW COLUMNS FROM `xueche1_list` [ RunTime:0.0011s ]
SQL: SELECT COUNT(*) AS tp_count FROM `xueche1_list` WHERE ( objectid='094A590B_2421_D9A6_001D_8DA69E29CB7B' ) LIMIT 1   [ RunTime:0.0002s ]
SQL: SHOW COLUMNS FROM `xueche1_reservation` [ RunTime:0.0009s ]
SQL: SELECT COUNT(*) AS tp_count FROM `xueche1_reservation` WHERE ( objectid='094A590B_2421_D9A6_001D_8DA69E29CB7B' ) LIMIT 1   [ RunTime:0.0002s ]
SQL: SHOW COLUMNS FROM `xueche1_student` [ RunTime:0.0009s ]
SQL: SELECT COUNT(*) AS tp_count FROM `xueche1_student` WHERE ( masterid='094A590B_2421_D9A6_001D_8DA69E29CB7B' ) LIMIT 1   [ RunTime:0.0002s ]
SQL: SHOW COLUMNS FROM `xueche1_trainclass` [ RunTime:0.0008s ]
SQL: SELECT COUNT(*) AS tp_count FROM `xueche1_trainclass` WHERE ( masterid='094A590B_2421_D9A6_001D_8DA69E29CB7B' ) LIMIT 1   [ RunTime:0.0003s ]
SQL: SHOW COLUMNS FROM `xueche1_coach` [ RunTime:0.0013s ]
SQL: SELECT COUNT(*) AS tp_count FROM `xueche1_coach` WHERE ( masterid='094A590B_2421_D9A6_001D_8DA69E29CB7B' ) LIMIT 1   [ RunTime:0.0009s ]
SQL: SHOW COLUMNS FROM `xueche1_citys` [ RunTime:0.0008s ]
SQL: SELECT `cityname` FROM `xueche1_citys` WHERE ( id=1 ) LIMIT 1   [ RunTime:0.0002s ]
SQL: SELECT `id`,`cityname` FROM `xueche1_citys` WHERE ( flag=1 )  [ RunTime:0.0003s ]
INFO: [ view_parse ] --START--
INFO: [ template_filter ] --START--
INFO: Run Behavior\ContentReplaceBehavior [ RunTime:0.000061s ]
INFO: [ template_filter ] --END-- [ RunTime:0.000103s ]
INFO: Run Behavior\ParseTemplateBehavior [ RunTime:0.006990s ]
INFO: [ view_parse ] --END-- [ RunTime:0.007031s ]
INFO: [ view_filter ] --START--
INFO: Run Behavior\WriteHtmlCacheBehavior [ RunTime:0.000129s ]
INFO: [ view_filter ] --END-- [ RunTime:0.000157s ]
INFO: [ app_end ] --START--
INFO: Run Behavior\ShowPageTraceBehavior [ RunTime:0.000441s ]
INFO: [ app_end ] --END-- [ RunTime:0.000474s ]

[ 2017-02-06T09:24:59+08:00 ] 116.231.58.130 /index.php/Ment/TeaManage/class_Manage/id/66/t/jx/p/1.html
INFO: [ app_init ] --START--
INFO: Run Behavior\BuildLiteBehavior [ RunTime:0.000012s ]
INFO: [ app_init ] --END-- [ RunTime:0.000322s ]
INFO: [ app_begin ] --START--
INFO: Run Behavior\ReadHtmlCacheBehavior [ RunTime:0.000370s ]
INFO: [ app_begin ] --END-- [ RunTime:0.000407s ]
SQL: SHOW COLUMNS FROM `xueche1_school` [ RunTime:0.0014s ]
SQL: SELECT `userid`,`nickname` FROM `xueche1_school` WHERE `id` = 66 LIMIT 1   [ RunTime:0.0003s ]
SQL: SHOW COLUMNS FROM `xueche1_trainclass` [ RunTime:0.0009s ]
SQL: SELECT `id`,`tcid`,`name`,`carname`,`traintype`,`officialprice`,`whole517price`,`prepay517deposit`,`linetime`,`classtime`,`include` FROM `xueche1_trainclass` WHERE ( masterid='094A590B_2421_D9A6_001D_8DA69E29CB7B' )  [ RunTime:0.0004s ]
INFO: [ view_parse ] --START--
INFO: [ template_filter ] --START--
INFO: Run Behavior\ContentReplaceBehavior [ RunTime:0.000044s ]
INFO: [ template_filter ] --END-- [ RunTime:0.000078s ]
INFO: Run Behavior\ParseTemplateBehavior [ RunTime:0.005778s ]
INFO: [ view_parse ] --END-- [ RunTime:0.005814s ]
INFO: [ view_filter ] --START--
INFO: Run Behavior\WriteHtmlCacheBehavior [ RunTime:0.000126s ]
INFO: [ view_filter ] --END-- [ RunTime:0.000156s ]
INFO: [ app_end ] --START--
INFO: Run Behavior\ShowPageTraceBehavior [ RunTime:0.000415s ]
INFO: [ app_end ] --END-- [ RunTime:0.000446s ]

[ 2017-02-06T09:25:10+08:00 ] 116.231.58.130 /index.php/Ment/TeaManage/class_Manage/id/66/t/jx/p/1.html
INFO: [ app_init ] --START--
INFO: Run Behavior\BuildLiteBehavior [ RunTime:0.000014s ]
INFO: [ app_init ] --END-- [ RunTime:0.000329s ]
INFO: [ app_begin ] --START--
INFO: Run Behavior\ReadHtmlCacheBehavior [ RunTime:0.000394s ]
INFO: [ app_begin ] --END-- [ RunTime:0.000431s ]
SQL: SHOW COLUMNS FROM `xueche1_school` [ RunTime:0.0015s ]
SQL: SELECT `userid`,`nickname` FROM `xueche1_school` WHERE `id` = 66 LIMIT 1   [ RunTime:0.0004s ]
SQL: SHOW COLUMNS FROM `xueche1_trainclass` [ RunTime:0.0009s ]
SQL: SELECT `id`,`tcid`,`name`,`carname`,`traintype`,`officialprice`,`whole517price`,`prepay517deposit`,`linetime`,`classtime`,`include` FROM `xueche1_trainclass` WHERE ( masterid='094A590B_2421_D9A6_001D_8DA69E29CB7B' )  [ RunTime:0.0004s ]
INFO: [ view_parse ] --START--
INFO: [ template_filter ] --START--
INFO: Run Behavior\ContentReplaceBehavior [ RunTime:0.000046s ]
INFO: [ template_filter ] --END-- [ RunTime:0.000080s ]
INFO: Run Behavior\ParseTemplateBehavior [ RunTime:0.005852s ]
INFO: [ view_parse ] --END-- [ RunTime:0.005888s ]
INFO: [ view_filter ] --START--
INFO: Run Behavior\WriteHtmlCacheBehavior [ RunTime:0.000129s ]
INFO: [ view_filter ] --END-- [ RunTime:0.000159s ]
INFO: [ app_end ] --START--
INFO: Run Behavior\ShowPageTraceBehavior [ RunTime:0.000418s ]
INFO: [ app_end ] --END-- [ RunTime:0.000448s ]

[ 2017-02-06T09:54:14+08:00 ] 116.231.58.130 /index.php/Ment/School/jx_list.html
INFO: [ app_init ] --START--
INFO: Run Behavior\BuildLiteBehavior [ RunTime:0.000012s ]
INFO: [ app_init ] --END-- [ RunTime:0.000341s ]
INFO: [ app_begin ] --START--
INFO: Run Behavior\ReadHtmlCacheBehavior [ RunTime:0.000372s ]
INFO: [ app_begin ] --END-- [ RunTime:0.000411s ]
SQL: SHOW COLUMNS FROM `xueche1_school` [ RunTime:0.0014s ]
SQL: SELECT COUNT(*) AS tp_count FROM `xueche1_school` LIMIT 1   [ RunTime:0.0005s ]
SQL: SELECT `id`,`account`,`img`,`userid`,`nickname`,`score`,`ntime`,`connectteacher`,`address`,`cityid`,`verify`,`lastupdate`,`priority` FROM `xueche1_school` ORDER BY id asc LIMIT 0,14   [ RunTime:0.0004s ]
SQL: SHOW COLUMNS FROM `xueche1_list` [ RunTime:0.0014s ]
SQL: SELECT COUNT(*) AS tp_count FROM `xueche1_list` WHERE ( objectid='D18CF959_EDB7_B2C2_C8D0_85CFB1415721' ) LIMIT 1   [ RunTime:0.0004s ]
SQL: SHOW COLUMNS FROM `xueche1_reservation` [ RunTime:0.0012s ]
SQL: SELECT COUNT(*) AS tp_count FROM `xueche1_reservation` WHERE ( objectid='D18CF959_EDB7_B2C2_C8D0_85CFB1415721' ) LIMIT 1   [ RunTime:0.0002s ]
SQL: SHOW COLUMNS FROM `xueche1_student` [ RunTime:0.0009s ]
SQL: SELECT COUNT(*) AS tp_count FROM `xueche1_student` WHERE ( masterid='D18CF959_EDB7_B2C2_C8D0_85CFB1415721' ) LIMIT 1   [ RunTime:0.0002s ]
SQL: SHOW COLUMNS FROM `xueche1_trainclass` [ RunTime:0.0009s ]
SQL: SELECT COUNT(*) AS tp_count FROM `xueche1_trainclass` WHERE ( masterid='D18CF959_EDB7_B2C2_C8D0_85CFB1415721' ) LIMIT 1   [ RunTime:0.0003s ]
SQL: SHOW COLUMNS FROM `xueche1_coach` [ RunTime:0.0013s ]
SQL: SELECT COUNT(*) AS tp_count FROM `xueche1_coach` WHERE ( masterid='D18CF959_EDB7_B2C2_C8D0_85CFB1415721' ) LIMIT 1   [ RunTime:0.0009s ]
SQL: SHOW COLUMNS FROM `xueche1_citys` [ RunTime:0.0008s ]
SQL: SELECT `cityname` FROM `xueche1_citys` WHERE ( id=1 ) LIMIT 1   [ RunTime:0.0003s ]
SQL: SELECT COUNT(*) AS tp_count FROM `xueche1_list` WHERE ( objectid='105BF1E9_C4A7_42AC_A74E_ED080F162A81' ) LIMIT 1   [ RunTime:0.0002s ]
SQL: SELECT COUNT(*) AS tp_count FROM `xueche1_reservation` WHERE ( objectid='105BF1E9_C4A7_42AC_A74E_ED080F162A81' ) LIMIT 1   [ RunTime:0.0002s ]
SQL: SELECT COUNT(*) AS tp_count FROM `xueche1_student` WHERE ( masterid='105BF1E9_C4A7_42AC_A74E_ED080F162A81' ) LIMIT 1   [ RunTime:0.0002s ]
SQL: SELECT COUNT(*) AS tp_count FROM `xueche1_trainclass` WHERE ( masterid='105BF1E9_C4A7_42AC_A74E_ED080F162A81' ) LIMIT 1   [ RunTime:0.0002s ]
SQL: SELECT COUNT(*) AS tp_count FROM `xueche1_coach` WHERE ( masterid='105BF1E9_C4A7_42AC_A74E_ED080F162A81' ) LIMIT 1   [ RunTime:0.0008s ]
SQL: SELECT `cityname` FROM `xueche1_citys` WHERE ( id=15 ) LIMIT 1   [ RunTime:0.0003s ]
SQL: SELECT COUNT(*) AS tp_count FROM `xueche1_list` WHERE ( objectid='BC7547F9_CDC6_3432_1FF1_601A66BCB3F6' ) LIMIT 1   [ RunTime:0.0002s ]
SQL: SELECT COUNT(*) AS tp_count FROM `xueche1_reservation` WHERE ( objectid='BC7547F9_CDC6_3432_1FF1_601A66BCB3F6' ) LIMIT 1   [ RunTime:0.0002s ]
SQL: SELECT COUNT(*) AS tp_count FROM `xueche1_student` WHERE ( masterid='BC7547F9_CDC6_3432_1FF1_601A66BCB3F6' ) LIMIT 1   [ RunTime:0.0002s ]
SQL: SELECT COUNT(*) AS tp_count FROM `xueche1_trainclass` WHERE ( masterid='BC7547F9_CDC6_3432_1FF1_601A66BCB3F6' ) LIMIT 1   [ RunTime:0.0002s ]
SQL: SELECT COUNT(*) AS tp_count FROM `xueche1_coach` WHERE ( masterid='BC7547F9_CDC6_3432_1FF1_601A66BCB3F6' ) LIMIT 1   [ RunTime:0.0008s ]
SQL: SELECT `cityname` FROM `xueche1_citys` WHERE ( id=1 ) LIMIT 1   [ RunTime:0.0002s ]
SQL: SELECT COUNT(*) AS tp_count FROM `xueche1_list` WHERE ( objectid='6C7E6108_806A_A9BE_DB34_A04A9AC88110' ) LIMIT 1   [ RunTime:0.0002s ]
SQL: SELECT COUNT(*) AS tp_count FROM `xueche1_reservation` WHERE ( objectid='6C7E6108_806A_A9BE_DB34_A04A9AC88110' ) LIMIT 1   [ RunTime:0.0002s ]
SQL: SELECT COUNT(*) AS tp_count FROM `xueche1_student` WHERE ( masterid='6C7E6108_806A_A9BE_DB34_A04A9AC88110' ) LIMIT 1   [ RunTime:0.0002s ]
SQL: SELECT COUNT(*) AS tp_count FROM `xueche1_trainclass` WHERE ( masterid='6C7E6108_806A_A9BE_DB34_A04A9AC88110' ) LIMIT 1   [ RunTime:0.0002s ]
SQL: SELECT COUNT(*) AS tp_count FROM `xueche1_coach` WHERE ( masterid='6C7E6108_806A_A9BE_DB34_A04A9AC88110' ) LIMIT 1   [ RunTime:0.0008s ]
SQL: SELECT `cityname` FROM `xueche1_citys` WHERE ( id=1 ) LIMIT 1   [ RunTime:0.0002s ]
SQL: SELECT COUNT(*) AS tp_count FROM `xueche1_list` WHERE ( objectid='B7FB97B8_C71C_CB17_5AC8_9E427BD9A61B' ) LIMIT 1   [ RunTime:0.0002s ]
SQL: SELECT COUNT(*) AS tp_count FROM `xueche1_reservation` WHERE ( objectid='B7FB97B8_C71C_CB17_5AC8_9E427BD9A61B' ) LIMIT 1   [ RunTime:0.0002s ]
SQL: SELECT COUNT(*) AS tp_count FROM `xueche1_student` WHERE ( masterid='B7FB97B8_C71C_CB17_5AC8_9E427BD9A61B' ) LIMIT 1   [ RunTime:0.0002s ]
SQL: SELECT COUNT(*) AS tp_count FROM `xueche1_trainclass` WHERE ( masterid='B7FB97B8_C71C_CB17_5AC8_9E427BD9A61B' ) LIMIT 1   [ RunTime:0.0002s ]
SQL: SELECT COUNT(*) AS tp_count FROM `xueche1_coach` WHERE ( masterid='B7FB97B8_C71C_CB17_5AC8_9E427BD9A61B' ) LIMIT 1   [ RunTime:0.0008s ]
SQL: SELECT `cityname` FROM `xueche1_citys` WHERE ( id=1 ) LIMIT 1   [ RunTime:0.0002s ]
SQL: SELECT COUNT(*) AS tp_count FROM `xueche1_list` WHERE ( objectid='AA0F9918_4DE4_412F_738C_954DAFF1F857' ) LIMIT 1   [ RunTime:0.0002s ]
SQL: SELECT COUNT(*) AS tp_count FROM `xueche1_reservation` WHERE ( objectid='AA0F9918_4DE4_412F_738C_954DAFF1F857' ) LIMIT 1   [ RunTime:0.0002s ]
SQL: SELECT COUNT(*) AS tp_count FROM `xueche1_student` WHERE ( masterid='AA0F9918_4DE4_412F_738C_954DAFF1F857' ) LIMIT 1   [ RunTime:0.0002s ]
SQL: SELECT COUNT(*) AS tp_count FROM `xueche1_trainclass` WHERE ( masterid='AA0F9918_4DE4_412F_738C_954DAFF1F857' ) LIMIT 1   [ RunTime:0.0002s ]
SQL: SELECT COUNT(*) AS tp_count FROM `xueche1_coach` WHERE ( masterid='AA0F9918_4DE4_412F_738C_954DAFF1F857' ) LIMIT 1   [ RunTime:0.0008s ]
SQL: SELECT `cityname` FROM `xueche1_citys` WHERE ( id=1 ) LIMIT 1   [ RunTime:0.0002s ]
SQL: SELECT COUNT(*) AS tp_count FROM `xueche1_list` WHERE ( objectid='E9581929_CF91_99CF_237F_FB07C3AB2091' ) LIMIT 1   [ RunTime:0.0002s ]
SQL: SELECT COUNT(*) AS tp_count FROM `xueche1_reservation` WHERE ( objectid='E9581929_CF91_99CF_237F_FB07C3AB2091' ) LIMIT 1   [ RunTime:0.0002s ]
SQL: SELECT COUNT(*) AS tp_count FROM `xueche1_student` WHERE ( masterid='E9581929_CF91_99CF_237F_FB07C3AB2091' ) LIMIT 1   [ RunTime:0.0002s ]
SQL: SELECT COUNT(*) AS tp_count FROM `xueche1_trainclass` WHERE ( masterid='E9581929_CF91_99CF_237F_FB07C3AB2091' ) LIMIT 1   [ RunTime:0.0002s ]
SQL: SELECT COUNT(*) AS tp_count FROM `xueche1_coach` WHERE ( masterid='E9581929_CF91_99CF_237F_FB07C3AB2091' ) LIMIT 1   [ RunTime:0.0008s ]
SQL: SELECT `cityname` FROM `xueche1_citys` WHERE ( id=1 ) LIMIT 1   [ RunTime:0.0003s ]
SQL: SELECT COUNT(*) AS tp_count FROM `xueche1_list` WHERE ( objectid='921E6D53_1E61_31F4_6912_39E9051C9777' ) LIMIT 1   [ RunTime:0.0002s ]
SQL: SELECT COUNT(*) AS tp_count FROM `xueche1_reservation` WHERE ( objectid='921E6D53_1E61_31F4_6912_39E9051C9777' ) LIMIT 1   [ RunTime:0.0002s ]
SQL: SELECT COUNT(*) AS tp_count FROM `xueche1_student` WHERE ( masterid='921E6D53_1E61_31F4_6912_39E9051C9777' ) LIMIT 1   [ RunTime:0.0002s ]
SQL: SELECT COUNT(*) AS tp_count FROM `xueche1_trainclass` WHERE ( masterid='921E6D53_1E61_31F4_6912_39E9051C9777' ) LIMIT 1   [ RunTime:0.0002s ]
SQL: SELECT COUNT(*) AS tp_count FROM `xueche1_coach` WHERE ( masterid='921E6D53_1E61_31F4_6912_39E9051C9777' ) LIMIT 1   [ RunTime:0.0008s ]
SQL: SELECT `cityname` FROM `xueche1_citys` WHERE ( id=1 ) LIMIT 1   [ RunTime:0.0002s ]
SQL: SELECT COUNT(*) AS tp_count FROM `xueche1_list` WHERE ( objectid='4E1A1784_6F12_FA7B_22E6_BBCB70836AC1' ) LIMIT 1   [ RunTime:0.0002s ]
SQL: SELECT COUNT(*) AS tp_count FROM `xueche1_reservation` WHERE ( objectid='4E1A1784_6F12_FA7B_22E6_BBCB70836AC1' ) LIMIT 1   [ RunTime:0.0002s ]
SQL: SELECT COUNT(*) AS tp_count FROM `xueche1_student` WHERE ( masterid='4E1A1784_6F12_FA7B_22E6_BBCB70836AC1' ) LIMIT 1   [ RunTime:0.0002s ]
SQL: SELECT COUNT(*) AS tp_count FROM `xueche1_trainclass` WHERE ( masterid='4E1A1784_6F12_FA7B_22E6_BBCB70836AC1' ) LIMIT 1   [ RunTime:0.0002s ]
SQL: SELECT COUNT(*) AS tp_count FROM `xueche1_coach` WHERE ( masterid='4E1A1784_6F12_FA7B_22E6_BBCB70836AC1' ) LIMIT 1   [ RunTime:0.0008s ]
SQL: SELECT `cityname` FROM `xueche1_citys` WHERE ( id=1 ) LIMIT 1   [ RunTime:0.0002s ]
SQL: SELECT COUNT(*) AS tp_count FROM `xueche1_list` WHERE ( objectid='07825C54_2994_4B42_3351_19343C4CA7AD' ) LIMIT 1   [ RunTime:0.0002s ]
SQL: SELECT COUNT(*) AS tp_count FROM `xueche1_reservation` WHERE ( objectid='07825C54_2994_4B42_3351_19343C4CA7AD' ) LIMIT 1   [ RunTime:0.0002s ]
SQL: SELECT COUNT(*) AS tp_count FROM `xueche1_student` WHERE ( masterid='07825C54_2994_4B42_3351_19343C4CA7AD' ) LIMIT 1   [ RunTime:0.0002s ]
SQL: SELECT COUNT(*) AS tp_count FROM `xueche1_trainclass` WHERE ( masterid='07825C54_2994_4B42_3351_19343C4CA7AD' ) LIMIT 1   [ RunTime:0.0002s ]
SQL: SELECT COUNT(*) AS tp_count FROM `xueche1_coach` WHERE ( masterid='07825C54_2994_4B42_3351_19343C4CA7AD' ) LIMIT 1   [ RunTime:0.0010s ]
SQL: SELECT `cityname` FROM `xueche1_citys` WHERE ( id=1 ) LIMIT 1   [ RunTime:0.0002s ]
SQL: SELECT COUNT(*) AS tp_count FROM `xueche1_list` WHERE ( objectid='1CDED6A4_1404_D478_8689_7A7EBC18BFBB' ) LIMIT 1   [ RunTime:0.0002s ]
SQL: SELECT COUNT(*) AS tp_count FROM `xueche1_reservation` WHERE ( objectid='1CDED6A4_1404_D478_8689_7A7EBC18BFBB' ) LIMIT 1   [ RunTime:0.0002s ]
SQL: SELECT COUNT(*) AS tp_count FROM `xueche1_student` WHERE ( masterid='1CDED6A4_1404_D478_8689_7A7EBC18BFBB' ) LIMIT 1   [ RunTime:0.0002s ]
SQL: SELECT COUNT(*) AS tp_count FROM `xueche1_trainclass` WHERE ( masterid='1CDED6A4_1404_D478_8689_7A7EBC18BFBB' ) LIMIT 1   [ RunTime:0.0002s ]
SQL: SELECT COUNT(*) AS tp_count FROM `xueche1_coach` WHERE ( masterid='1CDED6A4_1404_D478_8689_7A7EBC18BFBB' ) LIMIT 1   [ RunTime:0.0008s ]
SQL: SELECT `cityname` FROM `xueche1_citys` WHERE ( id=1 ) LIMIT 1   [ RunTime:0.0002s ]
SQL: SELECT COUNT(*) AS tp_count FROM `xueche1_list` WHERE ( objectid='638AD5F8_C2B6_5CA4_7231_AA8081343B6C' ) LIMIT 1   [ RunTime:0.0002s ]
SQL: SELECT COUNT(*) AS tp_count FROM `xueche1_reservation` WHERE ( objectid='638AD5F8_C2B6_5CA4_7231_AA8081343B6C' ) LIMIT 1   [ RunTime:0.0002s ]
SQL: SELECT COUNT(*) AS tp_count FROM `xueche1_student` WHERE ( masterid='638AD5F8_C2B6_5CA4_7231_AA8081343B6C' ) LIMIT 1   [ RunTime:0.0002s ]
SQL: SELECT COUNT(*) AS tp_count FROM `xueche1_trainclass` WHERE ( masterid='638AD5F8_C2B6_5CA4_7231_AA8081343B6C' ) LIMIT 1   [ RunTime:0.0003s ]
SQL: SELECT COUNT(*) AS tp_count FROM `xueche1_coach` WHERE ( masterid='638AD5F8_C2B6_5CA4_7231_AA8081343B6C' ) LIMIT 1   [ RunTime:0.0009s ]
SQL: SELECT `cityname` FROM `xueche1_citys` WHERE ( id=1 ) LIMIT 1   [ RunTime:0.0002s ]
SQL: SELECT COUNT(*) AS tp_count FROM `xueche1_list` WHERE ( objectid='84B81AD2_DAF5_43E5_BE87_7F984A9E7C92' ) LIMIT 1   [ RunTime:0.0002s ]
SQL: SELECT COUNT(*) AS tp_count FROM `xueche1_reservation` WHERE ( objectid='84B81AD2_DAF5_43E5_BE87_7F984A9E7C92' ) LIMIT 1   [ RunTime:0.0002s ]
SQL: SELECT COUNT(*) AS tp_count FROM `xueche1_student` WHERE ( masterid='84B81AD2_DAF5_43E5_BE87_7F984A9E7C92' ) LIMIT 1   [ RunTime:0.0002s ]
SQL: SELECT COUNT(*) AS tp_count FROM `xueche1_trainclass` WHERE ( masterid='84B81AD2_DAF5_43E5_BE87_7F984A9E7C92' ) LIMIT 1   [ RunTime:0.0002s ]
SQL: SELECT COUNT(*) AS tp_count FROM `xueche1_coach` WHERE ( masterid='84B81AD2_DAF5_43E5_BE87_7F984A9E7C92' ) LIMIT 1   [ RunTime:0.0008s ]
SQL: SELECT `cityname` FROM `xueche1_citys` WHERE ( id=1 ) LIMIT 1   [ RunTime:0.0002s ]
SQL: SELECT COUNT(*) AS tp_count FROM `xueche1_list` WHERE ( objectid='A0F6B774_B2E1_EF23_2259_08E2750FB0FA' ) LIMIT 1   [ RunTime:0.0002s ]
SQL: SELECT COUNT(*) AS tp_count FROM `xueche1_reservation` WHERE ( objectid='A0F6B774_B2E1_EF23_2259_08E2750FB0FA' ) LIMIT 1   [ RunTime:0.0002s ]
SQL: SELECT COUNT(*) AS tp_count FROM `xueche1_student` WHERE ( masterid='A0F6B774_B2E1_EF23_2259_08E2750FB0FA' ) LIMIT 1   [ RunTime:0.0002s ]
SQL: SELECT COUNT(*) AS tp_count FROM `xueche1_trainclass` WHERE ( masterid='A0F6B774_B2E1_EF23_2259_08E2750FB0FA' ) LIMIT 1   [ RunTime:0.0002s ]
SQL: SELECT COUNT(*) AS tp_count FROM `xueche1_coach` WHERE ( masterid='A0F6B774_B2E1_EF23_2259_08E2750FB0FA' ) LIMIT 1   [ RunTime:0.0008s ]
SQL: SELECT `cityname` FROM `xueche1_citys` WHERE ( id=1 ) LIMIT 1   [ RunTime:0.0002s ]
SQL: SELECT `id`,`cityname` FROM `xueche1_citys` WHERE ( flag=1 )  [ RunTime:0.0003s ]
INFO: [ view_parse ] --START--
INFO: [ template_filter ] --START--
INFO: Run Behavior\ContentReplaceBehavior [ RunTime:0.000067s ]
INFO: [ template_filter ] --END-- [ RunTime:0.000104s ]
INFO: Run Behavior\ParseTemplateBehavior [ RunTime:0.010061s ]
INFO: [ view_parse ] --END-- [ RunTime:0.010106s ]
INFO: [ view_filter ] --START--
INFO: Run Behavior\WriteHtmlCacheBehavior [ RunTime:0.000134s ]
INFO: [ view_filter ] --END-- [ RunTime:0.000163s ]
INFO: [ app_end ] --START--
INFO: Run Behavior\ShowPageTraceBehavior [ RunTime:0.000478s ]
INFO: [ app_end ] --END-- [ RunTime:0.000515s ]

[ 2017-02-06T09:54:15+08:00 ] 116.231.58.130 /index.php/Ment/Coach/jl_list.html
INFO: [ app_init ] --START--
INFO: Run Behavior\BuildLiteBehavior [ RunTime:0.000011s ]
INFO: [ app_init ] --END-- [ RunTime:0.000293s ]
INFO: [ app_begin ] --START--
INFO: Run Behavior\ReadHtmlCacheBehavior [ RunTime:0.000370s ]
INFO: [ app_begin ] --END-- [ RunTime:0.000409s ]
SQL: SHOW COLUMNS FROM `xueche1_coach` [ RunTime:0.0017s ]
SQL: SELECT COUNT(*) AS tp_count FROM `xueche1_coach` LIMIT 1   [ RunTime:0.0005s ]
SQL: SELECT `id`,`userid`,`account`,`img`,`sex`,`nickname`,`score`,`ntime`,`jltype`,`serialId`,`carNumber`,`address`,`cityid`,`verify`,`lastupdate` FROM `xueche1_coach` ORDER BY id asc LIMIT 0,14   [ RunTime:0.0005s ]
SQL: SHOW COLUMNS FROM `xueche1_list` [ RunTime:0.0012s ]
SQL: SELECT COUNT(*) AS tp_count FROM `xueche1_list` WHERE ( objectid='E7D96389_D40B_EA8B_46DF_99FF792C0D27' ) LIMIT 1   [ RunTime:0.0003s ]
SQL: SHOW COLUMNS FROM `xueche1_reservation` [ RunTime:0.0009s ]
SQL: SELECT COUNT(*) AS tp_count FROM `xueche1_reservation` WHERE ( objectid='E7D96389_D40B_EA8B_46DF_99FF792C0D27' ) LIMIT 1   [ RunTime:0.0002s ]
SQL: SHOW COLUMNS FROM `xueche1_student` [ RunTime:0.0009s ]
SQL: SELECT COUNT(*) AS tp_count FROM `xueche1_student` WHERE ( masterid='E7D96389_D40B_EA8B_46DF_99FF792C0D27' ) LIMIT 1   [ RunTime:0.0002s ]
SQL: SHOW COLUMNS FROM `xueche1_citys` [ RunTime:0.0008s ]
SQL: SELECT `cityname` FROM `xueche1_citys` WHERE ( id=1 ) LIMIT 1   [ RunTime:0.0003s ]
SQL: SELECT COUNT(*) AS tp_count FROM `xueche1_list` WHERE ( objectid='81362E0D_4200_7FE6_EFDC_7051A54E34AD' ) LIMIT 1   [ RunTime:0.0002s ]
SQL: SELECT COUNT(*) AS tp_count FROM `xueche1_reservation` WHERE ( objectid='81362E0D_4200_7FE6_EFDC_7051A54E34AD' ) LIMIT 1   [ RunTime:0.0002s ]
SQL: SELECT COUNT(*) AS tp_count FROM `xueche1_student` WHERE ( masterid='81362E0D_4200_7FE6_EFDC_7051A54E34AD' ) LIMIT 1   [ RunTime:0.0002s ]
SQL: SELECT `cityname` FROM `xueche1_citys` WHERE ( id=1 ) LIMIT 1   [ RunTime:0.0002s ]
SQL: SELECT COUNT(*) AS tp_count FROM `xueche1_list` WHERE ( objectid='B0D60BCC_05C2_C391_5640_D0AC680B41AF' ) LIMIT 1   [ RunTime:0.0002s ]
SQL: SELECT COUNT(*) AS tp_count FROM `xueche1_reservation` WHERE ( objectid='B0D60BCC_05C2_C391_5640_D0AC680B41AF' ) LIMIT 1   [ RunTime:0.0002s ]
SQL: SELECT COUNT(*) AS tp_count FROM `xueche1_student` WHERE ( masterid='B0D60BCC_05C2_C391_5640_D0AC680B41AF' ) LIMIT 1   [ RunTime:0.0002s ]
SQL: SELECT `cityname` FROM `xueche1_citys` WHERE ( id=1 ) LIMIT 1   [ RunTime:0.0002s ]
SQL: SELECT COUNT(*) AS tp_count FROM `xueche1_list` WHERE ( objectid='C203E3AC_FE4C_FB3C_8584_3499F46C6863' ) LIMIT 1   [ RunTime:0.0002s ]
SQL: SELECT COUNT(*) AS tp_count FROM `xueche1_reservation` WHERE ( objectid='C203E3AC_FE4C_FB3C_8584_3499F46C6863' ) LIMIT 1   [ RunTime:0.0002s ]
SQL: SELECT COUNT(*) AS tp_count FROM `xueche1_student` WHERE ( masterid='C203E3AC_FE4C_FB3C_8584_3499F46C6863' ) LIMIT 1   [ RunTime:0.0002s ]
SQL: SELECT `cityname` FROM `xueche1_citys` WHERE ( id=1 ) LIMIT 1   [ RunTime:0.0002s ]
SQL: SELECT COUNT(*) AS tp_count FROM `xueche1_list` WHERE ( objectid='6DD1B43D_35EF_30DE_BE07_6429980F2F53' ) LIMIT 1   [ RunTime:0.0002s ]
SQL: SELECT COUNT(*) AS tp_count FROM `xueche1_reservation` WHERE ( objectid='6DD1B43D_35EF_30DE_BE07_6429980F2F53' ) LIMIT 1   [ RunTime:0.0002s ]
SQL: SELECT COUNT(*) AS tp_count FROM `xueche1_student` WHERE ( masterid='6DD1B43D_35EF_30DE_BE07_6429980F2F53' ) LIMIT 1   [ RunTime:0.0002s ]
SQL: SELECT `cityname` FROM `xueche1_citys` WHERE ( id=1 ) LIMIT 1   [ RunTime:0.0002s ]
SQL: SELECT COUNT(*) AS tp_count FROM `xueche1_list` WHERE ( objectid='E5A467B7_19E4_9EF3_BAC5_09EED04DB1F0' ) LIMIT 1   [ RunTime:0.0002s ]
SQL: SELECT COUNT(*) AS tp_count FROM `xueche1_reservation` WHERE ( objectid='E5A467B7_19E4_9EF3_BAC5_09EED04DB1F0' ) LIMIT 1   [ RunTime:0.0002s ]
SQL: SELECT COUNT(*) AS tp_count FROM `xueche1_student` WHERE ( masterid='E5A467B7_19E4_9EF3_BAC5_09EED04DB1F0' ) LIMIT 1   [ RunTime:0.0002s ]
SQL: SELECT `cityname` FROM `xueche1_citys` WHERE ( id=1 ) LIMIT 1   [ RunTime:0.0002s ]
SQL: SELECT COUNT(*) AS tp_count FROM `xueche1_list` WHERE ( objectid='C1F5DB3A_58E5_037F_6B86_1B00F17856E0' ) LIMIT 1   [ RunTime:0.0002s ]
SQL: SELECT COUNT(*) AS tp_count FROM `xueche1_reservation` WHERE ( objectid='C1F5DB3A_58E5_037F_6B86_1B00F17856E0' ) LIMIT 1   [ RunTime:0.0002s ]
SQL: SELECT COUNT(*) AS tp_count FROM `xueche1_student` WHERE ( masterid='C1F5DB3A_58E5_037F_6B86_1B00F17856E0' ) LIMIT 1   [ RunTime:0.0002s ]
SQL: SELECT `cityname` FROM `xueche1_citys` WHERE ( id=1 ) LIMIT 1   [ RunTime:0.0002s ]
SQL: SELECT COUNT(*) AS tp_count FROM `xueche1_list` WHERE ( objectid='B3738353_D3FF_F20F_5946_E462A6912AF5' ) LIMIT 1   [ RunTime:0.0002s ]
SQL: SELECT COUNT(*) AS tp_count FROM `xueche1_reservation` WHERE ( objectid='B3738353_D3FF_F20F_5946_E462A6912AF5' ) LIMIT 1   [ RunTime:0.0002s ]
SQL: SELECT COUNT(*) AS tp_count FROM `xueche1_student` WHERE ( masterid='B3738353_D3FF_F20F_5946_E462A6912AF5' ) LIMIT 1   [ RunTime:0.0002s ]
SQL: SELECT `cityname` FROM `xueche1_citys` WHERE ( id=1 ) LIMIT 1   [ RunTime:0.0002s ]
SQL: SELECT COUNT(*) AS tp_count FROM `xueche1_list` WHERE ( objectid='BB6B1DE1_2B6E_B965_C5AC_BA18875F06D3' ) LIMIT 1   [ RunTime:0.0002s ]
SQL: SELECT COUNT(*) AS tp_count FROM `xueche1_reservation` WHERE ( objectid='BB6B1DE1_2B6E_B965_C5AC_BA18875F06D3' ) LIMIT 1   [ RunTime:0.0002s ]
SQL: SELECT COUNT(*) AS tp_count FROM `xueche1_student` WHERE ( masterid='BB6B1DE1_2B6E_B965_C5AC_BA18875F06D3' ) LIMIT 1   [ RunTime:0.0002s ]
SQL: SELECT `cityname` FROM `xueche1_citys` WHERE ( id=1 ) LIMIT 1   [ RunTime:0.0002s ]
SQL: SELECT COUNT(*) AS tp_count FROM `xueche1_list` WHERE ( objectid='786540E1_0A54_8D31_076F_18E69A06D850' ) LIMIT 1   [ RunTime:0.0002s ]
SQL: SELECT COUNT(*) AS tp_count FROM `xueche1_reservation` WHERE ( objectid='786540E1_0A54_8D31_076F_18E69A06D850' ) LIMIT 1   [ RunTime:0.0002s ]
SQL: SELECT COUNT(*) AS tp_count FROM `xueche1_student` WHERE ( masterid='786540E1_0A54_8D31_076F_18E69A06D850' ) LIMIT 1   [ RunTime:0.0002s ]
SQL: SELECT `cityname` FROM `xueche1_citys` WHERE ( id=1 ) LIMIT 1   [ RunTime:0.0002s ]
SQL: SELECT COUNT(*) AS tp_count FROM `xueche1_list` WHERE ( objectid='D001B15F_B869_2DCC_B031_5FDB1B819F9D' ) LIMIT 1   [ RunTime:0.0002s ]
SQL: SELECT COUNT(*) AS tp_count FROM `xueche1_reservation` WHERE ( objectid='D001B15F_B869_2DCC_B031_5FDB1B819F9D' ) LIMIT 1   [ RunTime:0.0002s ]
SQL: SELECT COUNT(*) AS tp_count FROM `xueche1_student` WHERE ( masterid='D001B15F_B869_2DCC_B031_5FDB1B819F9D' ) LIMIT 1   [ RunTime:0.0002s ]
SQL: SELECT `cityname` FROM `xueche1_citys` WHERE ( id=1 ) LIMIT 1   [ RunTime:0.0002s ]
SQL: SELECT COUNT(*) AS tp_count FROM `xueche1_list` WHERE ( objectid='F3443A9E_B21B_493D_0407_3AA87D760D6B' ) LIMIT 1   [ RunTime:0.0002s ]
SQL: SELECT COUNT(*) AS tp_count FROM `xueche1_reservation` WHERE ( objectid='F3443A9E_B21B_493D_0407_3AA87D760D6B' ) LIMIT 1   [ RunTime:0.0002s ]
SQL: SELECT COUNT(*) AS tp_count FROM `xueche1_student` WHERE ( masterid='F3443A9E_B21B_493D_0407_3AA87D760D6B' ) LIMIT 1   [ RunTime:0.0002s ]
SQL: SELECT `cityname` FROM `xueche1_citys` WHERE ( id=1 ) LIMIT 1   [ RunTime:0.0002s ]
SQL: SELECT COUNT(*) AS tp_count FROM `xueche1_list` WHERE ( objectid='96591126_B8F1_6F37_624D_40E1B8799AB4' ) LIMIT 1   [ RunTime:0.0002s ]
SQL: SELECT COUNT(*) AS tp_count FROM `xueche1_reservation` WHERE ( objectid='96591126_B8F1_6F37_624D_40E1B8799AB4' ) LIMIT 1   [ RunTime:0.0002s ]
SQL: SELECT COUNT(*) AS tp_count FROM `xueche1_student` WHERE ( masterid='96591126_B8F1_6F37_624D_40E1B8799AB4' ) LIMIT 1   [ RunTime:0.0002s ]
SQL: SELECT `cityname` FROM `xueche1_citys` WHERE ( id=1 ) LIMIT 1   [ RunTime:0.0002s ]
SQL: SELECT COUNT(*) AS tp_count FROM `xueche1_list` WHERE ( objectid='D28834C4_BEAE_74E7_EB54_F6A3FF89B1C5' ) LIMIT 1   [ RunTime:0.0002s ]
SQL: SELECT COUNT(*) AS tp_count FROM `xueche1_reservation` WHERE ( objectid='D28834C4_BEAE_74E7_EB54_F6A3FF89B1C5' ) LIMIT 1   [ RunTime:0.0002s ]
SQL: SELECT COUNT(*) AS tp_count FROM `xueche1_student` WHERE ( masterid='D28834C4_BEAE_74E7_EB54_F6A3FF89B1C5' ) LIMIT 1   [ RunTime:0.0002s ]
SQL: SELECT `cityname` FROM `xueche1_citys` WHERE ( id=1 ) LIMIT 1   [ RunTime:0.0002s ]
SQL: SELECT `id`,`cityname` FROM `xueche1_citys` WHERE ( flag=1 )  [ RunTime:0.0003s ]
INFO: [ view_parse ] --START--
INFO: [ template_filter ] --START--
INFO: Run Behavior\ContentReplaceBehavior [ RunTime:0.000068s ]
INFO: [ template_filter ] --END-- [ RunTime:0.000106s ]
INFO: Run Behavior\ParseTemplateBehavior [ RunTime:0.009841s ]
INFO: [ view_parse ] --END-- [ RunTime:0.009885s ]
INFO: [ view_filter ] --START--
INFO: Run Behavior\WriteHtmlCacheBehavior [ RunTime:0.000134s ]
INFO: [ view_filter ] --END-- [ RunTime:0.000185s ]
INFO: [ app_end ] --START--
INFO: Run Behavior\ShowPageTraceBehavior [ RunTime:0.000445s ]
INFO: [ app_end ] --END-- [ RunTime:0.000483s ]

[ 2017-02-06T11:08:27+08:00 ] 116.231.58.130 /index.php/Ment/Index/index.html
INFO: [ app_init ] --START--
INFO: Run Behavior\BuildLiteBehavior [ RunTime:0.000012s ]
INFO: [ app_init ] --END-- [ RunTime:0.000289s ]
INFO: [ app_begin ] --START--
INFO: Run Behavior\ReadHtmlCacheBehavior [ RunTime:0.000363s ]
INFO: [ app_begin ] --END-- [ RunTime:0.000399s ]

[ 2017-02-06T11:08:27+08:00 ] 116.231.58.130 /index.php/Ment/index/login.html
INFO: [ app_init ] --START--
INFO: Run Behavior\BuildLiteBehavior [ RunTime:0.000012s ]
INFO: [ app_init ] --END-- [ RunTime:0.000324s ]
INFO: [ app_begin ] --START--
INFO: Run Behavior\ReadHtmlCacheBehavior [ RunTime:0.000369s ]
INFO: [ app_begin ] --END-- [ RunTime:0.000407s ]
INFO: [ view_parse ] --START--
INFO: [ template_filter ] --START--
INFO: Run Behavior\ContentReplaceBehavior [ RunTime:0.000050s ]
INFO: [ template_filter ] --END-- [ RunTime:0.000086s ]
INFO: Run Behavior\ParseTemplateBehavior [ RunTime:0.004657s ]
INFO: [ view_parse ] --END-- [ RunTime:0.004690s ]
INFO: [ view_filter ] --START--
INFO: Run Behavior\WriteHtmlCacheBehavior [ RunTime:0.000147s ]
INFO: [ view_filter ] --END-- [ RunTime:0.000176s ]
INFO: [ app_end ] --START--
INFO: Run Behavior\ShowPageTraceBehavior [ RunTime:0.000398s ]
INFO: [ app_end ] --END-- [ RunTime:0.000430s ]

[ 2017-02-06T16:15:48+08:00 ] 116.231.58.130 /index.php/Ment/Index/index.html
INFO: [ app_init ] --START--
INFO: Run Behavior\BuildLiteBehavior [ RunTime:0.000012s ]
INFO: [ app_init ] --END-- [ RunTime:0.000291s ]
INFO: [ app_begin ] --START--
INFO: Run Behavior\ReadHtmlCacheBehavior [ RunTime:0.000398s ]
INFO: [ app_begin ] --END-- [ RunTime:0.000436s ]

[ 2017-02-06T16:15:48+08:00 ] 116.231.58.130 /index.php/Ment/index/login.html
INFO: [ app_init ] --START--
INFO: Run Behavior\BuildLiteBehavior [ RunTime:0.000010s ]
INFO: [ app_init ] --END-- [ RunTime:0.000309s ]
INFO: [ app_begin ] --START--
INFO: Run Behavior\ReadHtmlCacheBehavior [ RunTime:0.000396s ]
INFO: [ app_begin ] --END-- [ RunTime:0.000434s ]
INFO: [ view_parse ] --START--
INFO: [ template_filter ] --START--
INFO: Run Behavior\ContentReplaceBehavior [ RunTime:0.000071s ]
INFO: [ template_filter ] --END-- [ RunTime:0.000111s ]
INFO: Run Behavior\ParseTemplateBehavior [ RunTime:0.004577s ]
INFO: [ view_parse ] --END-- [ RunTime:0.004611s ]
INFO: [ view_filter ] --START--
INFO: Run Behavior\WriteHtmlCacheBehavior [ RunTime:0.000121s ]
INFO: [ view_filter ] --END-- [ RunTime:0.000148s ]
INFO: [ app_end ] --START--
INFO: Run Behavior\ShowPageTraceBehavior [ RunTime:0.000422s ]
INFO: [ app_end ] --END-- [ RunTime:0.000453s ]

[ 2017-02-06T16:15:48+08:00 ] 116.231.58.130 /index.php/Ment/Index/verify_img.html
INFO: [ app_init ] --START--
INFO: Run Behavior\BuildLiteBehavior [ RunTime:0.000012s ]
INFO: [ app_init ] --END-- [ RunTime:0.000321s ]
INFO: [ app_begin ] --START--
INFO: Run Behavior\ReadHtmlCacheBehavior [ RunTime:0.000369s ]
INFO: [ app_begin ] --END-- [ RunTime:0.000408s ]
INFO: [ app_end ] --START--
INFO: Run Behavior\ShowPageTraceBehavior [ RunTime:0.000441s ]
INFO: [ app_end ] --END-- [ RunTime:0.000484s ]

[ 2017-02-06T16:15:55+08:00 ] 116.231.58.130 /index.php/Ment/Index/checklogin.html
INFO: [ app_init ] --START--
INFO: Run Behavior\BuildLiteBehavior [ RunTime:0.000011s ]
INFO: [ app_init ] --END-- [ RunTime:0.000299s ]
INFO: [ app_begin ] --START--
INFO: Run Behavior\ReadHtmlCacheBehavior [ RunTime:0.000368s ]
INFO: [ app_begin ] --END-- [ RunTime:0.000405s ]
SQL: SHOW COLUMNS FROM `xueche1_admin` [ RunTime:0.0011s ]
SQL: SELECT `id`,`pass`,`username`,`ntime`,`masgroup`,`flag`,`username`,`role`,`logintimes`,`permissid` FROM `xueche1_admin` WHERE ( account='517liaonan' ) LIMIT 1   [ RunTime:0.0003s ]
SQL: UPDATE `xueche1_admin` SET `logintimes`=logintimes+1 WHERE ( account='517liaonan' ) [ RunTime:0.0002s ]
SQL: SHOW COLUMNS FROM `xueche1_adminlog` [ RunTime:0.0008s ]
SQL: INSERT INTO `xueche1_adminlog` (`account`,`ntime`,`info`,`nip`) VALUES ('517liaonan','1486368955','登录','1961310850') [ RunTime:0.0009s ]
NOTIC: [8] Undefined variable: info /var/www/xueche/Application/Ment/Controller/IndexController.class.php 第 52 行.
INFO: [ app_end ] --START--
INFO: Run Behavior\ShowPageTraceBehavior [ RunTime:0.000467s ]
INFO: [ app_end ] --END-- [ RunTime:0.000501s ]

[ 2017-02-06T16:15:55+08:00 ] 116.231.58.130 /index.php/Ment/Index/index.html
INFO: [ app_init ] --START--
INFO: Run Behavior\BuildLiteBehavior [ RunTime:0.000011s ]
INFO: [ app_init ] --END-- [ RunTime:0.000320s ]
INFO: [ app_begin ] --START--
INFO: Run Behavior\ReadHtmlCacheBehavior [ RunTime:0.000369s ]
INFO: [ app_begin ] --END-- [ RunTime:0.000406s ]
INFO: [ view_parse ] --START--
INFO: [ template_filter ] --START--
INFO: Run Behavior\ContentReplaceBehavior [ RunTime:0.000024s ]
INFO: [ template_filter ] --END-- [ RunTime:0.000058s ]
INFO: Run Behavior\ParseTemplateBehavior [ RunTime:0.004177s ]
INFO: [ view_parse ] --END-- [ RunTime:0.004211s ]
INFO: [ view_filter ] --START--
INFO: Run Behavior\WriteHtmlCacheBehavior [ RunTime:0.000121s ]
INFO: [ view_filter ] --END-- [ RunTime:0.000148s ]
INFO: [ app_end ] --START--
INFO: Run Behavior\ShowPageTraceBehavior [ RunTime:0.000399s ]
INFO: [ app_end ] --END-- [ RunTime:0.000429s ]

[ 2017-02-06T16:15:55+08:00 ] 116.231.58.130 /index.php/Ment/Index/head.html
INFO: [ app_init ] --START--
INFO: Run Behavior\BuildLiteBehavior [ RunTime:0.000010s ]
INFO: [ app_init ] --END-- [ RunTime:0.000290s ]
INFO: [ app_begin ] --START--
INFO: Run Behavior\ReadHtmlCacheBehavior [ RunTime:0.000389s ]
INFO: [ app_begin ] --END-- [ RunTime:0.000426s ]
INFO: [ view_parse ] --START--
INFO: [ template_filter ] --START--
INFO: Run Behavior\ContentReplaceBehavior [ RunTime:0.000032s ]
INFO: [ template_filter ] --END-- [ RunTime:0.000067s ]
INFO: Run Behavior\ParseTemplateBehavior [ RunTime:0.004225s ]
INFO: [ view_parse ] --END-- [ RunTime:0.004258s ]
INFO: [ view_filter ] --START--
INFO: Run Behavior\WriteHtmlCacheBehavior [ RunTime:0.000145s ]
INFO: [ view_filter ] --END-- [ RunTime:0.000173s ]
INFO: [ app_end ] --START--
INFO: Run Behavior\ShowPageTraceBehavior [ RunTime:0.000392s ]
INFO: [ app_end ] --END-- [ RunTime:0.000424s ]

[ 2017-02-06T16:15:55+08:00 ] 116.231.58.130 /index.php/Ment/Index/left.html
INFO: [ app_init ] --START--
INFO: Run Behavior\BuildLiteBehavior [ RunTime:0.000011s ]
INFO: [ app_init ] --END-- [ RunTime:0.000293s ]
INFO: [ app_begin ] --START--
INFO: Run Behavior\ReadHtmlCacheBehavior [ RunTime:0.000501s ]
INFO: [ app_begin ] --END-- [ RunTime:0.000552s ]
INFO: [ view_parse ] --START--
INFO: [ template_filter ] --START--
INFO: Run Behavior\ContentReplaceBehavior [ RunTime:0.000099s ]
INFO: [ template_filter ] --END-- [ RunTime:0.000135s ]
INFO: Run Behavior\ParseTemplateBehavior [ RunTime:0.005953s ]
INFO: [ view_parse ] --END-- [ RunTime:0.005989s ]
INFO: [ view_filter ] --START--
INFO: Run Behavior\WriteHtmlCacheBehavior [ RunTime:0.000126s ]
INFO: [ view_filter ] --END-- [ RunTime:0.000154s ]
INFO: [ app_end ] --START--
INFO: Run Behavior\ShowPageTraceBehavior [ RunTime:0.000448s ]
INFO: [ app_end ] --END-- [ RunTime:0.000484s ]

[ 2017-02-06T16:15:55+08:00 ] 116.231.58.130 /index.php/Ment/Index/right.html
INFO: [ app_init ] --START--
INFO: Run Behavior\BuildLiteBehavior [ RunTime:0.000010s ]
INFO: [ app_init ] --END-- [ RunTime:0.000278s ]
INFO: [ app_begin ] --START--
INFO: Run Behavior\ReadHtmlCacheBehavior [ RunTime:0.000370s ]
INFO: [ app_begin ] --END-- [ RunTime:0.000406s ]
INFO: [ view_parse ] --START--
INFO: [ template_filter ] --START--
INFO: Run Behavior\ContentReplaceBehavior [ RunTime:0.000046s ]
INFO: [ template_filter ] --END-- [ RunTime:0.000079s ]
INFO: Run Behavior\ParseTemplateBehavior [ RunTime:0.004633s ]
INFO: [ view_parse ] --END-- [ RunTime:0.004667s ]
INFO: [ view_filter ] --START--
INFO: Run Behavior\WriteHtmlCacheBehavior [ RunTime:0.000120s ]
INFO: [ view_filter ] --END-- [ RunTime:0.000148s ]
INFO: [ app_end ] --START--
INFO: Run Behavior\ShowPageTraceBehavior [ RunTime:0.000421s ]
INFO: [ app_end ] --END-- [ RunTime:0.000451s ]

[ 2017-02-06T16:16:02+08:00 ] 116.231.58.130 /index.php/Ment/School/jx_list.html
INFO: [ app_init ] --START--
INFO: Run Behavior\BuildLiteBehavior [ RunTime:0.000016s ]
INFO: [ app_init ] --END-- [ RunTime:0.000328s ]
INFO: [ app_begin ] --START--
INFO: Run Behavior\ReadHtmlCacheBehavior [ RunTime:0.000378s ]
INFO: [ app_begin ] --END-- [ RunTime:0.000442s ]
SQL: SHOW COLUMNS FROM `xueche1_school` [ RunTime:0.0015s ]
SQL: SELECT COUNT(*) AS tp_count FROM `xueche1_school` LIMIT 1   [ RunTime:0.0005s ]
SQL: SELECT `id`,`account`,`img`,`userid`,`nickname`,`score`,`ntime`,`connectteacher`,`address`,`cityid`,`verify`,`lastupdate`,`priority` FROM `xueche1_school` ORDER BY id asc LIMIT 0,14   [ RunTime:0.0004s ]
SQL: SHOW COLUMNS FROM `xueche1_list` [ RunTime:0.0012s ]
SQL: SELECT COUNT(*) AS tp_count FROM `xueche1_list` WHERE ( objectid='D18CF959_EDB7_B2C2_C8D0_85CFB1415721' ) LIMIT 1   [ RunTime:0.0002s ]
SQL: SHOW COLUMNS FROM `xueche1_reservation` [ RunTime:0.0009s ]
SQL: SELECT COUNT(*) AS tp_count FROM `xueche1_reservation` WHERE ( objectid='D18CF959_EDB7_B2C2_C8D0_85CFB1415721' ) LIMIT 1   [ RunTime:0.0002s ]
SQL: SHOW COLUMNS FROM `xueche1_student` [ RunTime:0.0009s ]
SQL: SELECT COUNT(*) AS tp_count FROM `xueche1_student` WHERE ( masterid='D18CF959_EDB7_B2C2_C8D0_85CFB1415721' ) LIMIT 1   [ RunTime:0.0002s ]
SQL: SHOW COLUMNS FROM `xueche1_trainclass` [ RunTime:0.0009s ]
SQL: SELECT COUNT(*) AS tp_count FROM `xueche1_trainclass` WHERE ( masterid='D18CF959_EDB7_B2C2_C8D0_85CFB1415721' ) LIMIT 1   [ RunTime:0.0003s ]
SQL: SHOW COLUMNS FROM `xueche1_coach` [ RunTime:0.0013s ]
SQL: SELECT COUNT(*) AS tp_count FROM `xueche1_coach` WHERE ( masterid='D18CF959_EDB7_B2C2_C8D0_85CFB1415721' ) LIMIT 1   [ RunTime:0.0009s ]
SQL: SHOW COLUMNS FROM `xueche1_citys` [ RunTime:0.0008s ]
SQL: SELECT `cityname` FROM `xueche1_citys` WHERE ( id=1 ) LIMIT 1   [ RunTime:0.0002s ]
SQL: SELECT COUNT(*) AS tp_count FROM `xueche1_list` WHERE ( objectid='105BF1E9_C4A7_42AC_A74E_ED080F162A81' ) LIMIT 1   [ RunTime:0.0002s ]
SQL: SELECT COUNT(*) AS tp_count FROM `xueche1_reservation` WHERE ( objectid='105BF1E9_C4A7_42AC_A74E_ED080F162A81' ) LIMIT 1   [ RunTime:0.0002s ]
SQL: SELECT COUNT(*) AS tp_count FROM `xueche1_student` WHERE ( masterid='105BF1E9_C4A7_42AC_A74E_ED080F162A81' ) LIMIT 1   [ RunTime:0.0002s ]
SQL: SELECT COUNT(*) AS tp_count FROM `xueche1_trainclass` WHERE ( masterid='105BF1E9_C4A7_42AC_A74E_ED080F162A81' ) LIMIT 1   [ RunTime:0.0002s ]
SQL: SELECT COUNT(*) AS tp_count FROM `xueche1_coach` WHERE ( masterid='105BF1E9_C4A7_42AC_A74E_ED080F162A81' ) LIMIT 1   [ RunTime:0.0008s ]
SQL: SELECT `cityname` FROM `xueche1_citys` WHERE ( id=15 ) LIMIT 1   [ RunTime:0.0002s ]
SQL: SELECT COUNT(*) AS tp_count FROM `xueche1_list` WHERE ( objectid='BC7547F9_CDC6_3432_1FF1_601A66BCB3F6' ) LIMIT 1   [ RunTime:0.0002s ]
SQL: SELECT COUNT(*) AS tp_count FROM `xueche1_reservation` WHERE ( objectid='BC7547F9_CDC6_3432_1FF1_601A66BCB3F6' ) LIMIT 1   [ RunTime:0.0002s ]
SQL: SELECT COUNT(*) AS tp_count FROM `xueche1_student` WHERE ( masterid='BC7547F9_CDC6_3432_1FF1_601A66BCB3F6' ) LIMIT 1   [ RunTime:0.0002s ]
SQL: SELECT COUNT(*) AS tp_count FROM `xueche1_trainclass` WHERE ( masterid='BC7547F9_CDC6_3432_1FF1_601A66BCB3F6' ) LIMIT 1   [ RunTime:0.0002s ]
SQL: SELECT COUNT(*) AS tp_count FROM `xueche1_coach` WHERE ( masterid='BC7547F9_CDC6_3432_1FF1_601A66BCB3F6' ) LIMIT 1   [ RunTime:0.0008s ]
SQL: SELECT `cityname` FROM `xueche1_citys` WHERE ( id=1 ) LIMIT 1   [ RunTime:0.0002s ]
SQL: SELECT COUNT(*) AS tp_count FROM `xueche1_list` WHERE ( objectid='6C7E6108_806A_A9BE_DB34_A04A9AC88110' ) LIMIT 1   [ RunTime:0.0002s ]
SQL: SELECT COUNT(*) AS tp_count FROM `xueche1_reservation` WHERE ( objectid='6C7E6108_806A_A9BE_DB34_A04A9AC88110' ) LIMIT 1   [ RunTime:0.0002s ]
SQL: SELECT COUNT(*) AS tp_count FROM `xueche1_student` WHERE ( masterid='6C7E6108_806A_A9BE_DB34_A04A9AC88110' ) LIMIT 1   [ RunTime:0.0002s ]
SQL: SELECT COUNT(*) AS tp_count FROM `xueche1_trainclass` WHERE ( masterid='6C7E6108_806A_A9BE_DB34_A04A9AC88110' ) LIMIT 1   [ RunTime:0.0002s ]
SQL: SELECT COUNT(*) AS tp_count FROM `xueche1_coach` WHERE ( masterid='6C7E6108_806A_A9BE_DB34_A04A9AC88110' ) LIMIT 1   [ RunTime:0.0008s ]
SQL: SELECT `cityname` FROM `xueche1_citys` WHERE ( id=1 ) LIMIT 1   [ RunTime:0.0002s ]
SQL: SELECT COUNT(*) AS tp_count FROM `xueche1_list` WHERE ( objectid='B7FB97B8_C71C_CB17_5AC8_9E427BD9A61B' ) LIMIT 1   [ RunTime:0.0002s ]
SQL: SELECT COUNT(*) AS tp_count FROM `xueche1_reservation` WHERE ( objectid='B7FB97B8_C71C_CB17_5AC8_9E427BD9A61B' ) LIMIT 1   [ RunTime:0.0002s ]
SQL: SELECT COUNT(*) AS tp_count FROM `xueche1_student` WHERE ( masterid='B7FB97B8_C71C_CB17_5AC8_9E427BD9A61B' ) LIMIT 1   [ RunTime:0.0002s ]
SQL: SELECT COUNT(*) AS tp_count FROM `xueche1_trainclass` WHERE ( masterid='B7FB97B8_C71C_CB17_5AC8_9E427BD9A61B' ) LIMIT 1   [ RunTime:0.0002s ]
SQL: SELECT COUNT(*) AS tp_count FROM `xueche1_coach` WHERE ( masterid='B7FB97B8_C71C_CB17_5AC8_9E427BD9A61B' ) LIMIT 1   [ RunTime:0.0008s ]
SQL: SELECT `cityname` FROM `xueche1_citys` WHERE ( id=1 ) LIMIT 1   [ RunTime:0.0002s ]
SQL: SELECT COUNT(*) AS tp_count FROM `xueche1_list` WHERE ( objectid='AA0F9918_4DE4_412F_738C_954DAFF1F857' ) LIMIT 1   [ RunTime:0.0002s ]
SQL: SELECT COUNT(*) AS tp_count FROM `xueche1_reservation` WHERE ( objectid='AA0F9918_4DE4_412F_738C_954DAFF1F857' ) LIMIT 1   [ RunTime:0.0002s ]
SQL: SELECT COUNT(*) AS tp_count FROM `xueche1_student` WHERE ( masterid='AA0F9918_4DE4_412F_738C_954DAFF1F857' ) LIMIT 1   [ RunTime:0.0002s ]
SQL: SELECT COUNT(*) AS tp_count FROM `xueche1_trainclass` WHERE ( masterid='AA0F9918_4DE4_412F_738C_954DAFF1F857' ) LIMIT 1   [ RunTime:0.0002s ]
SQL: SELECT COUNT(*) AS tp_count FROM `xueche1_coach` WHERE ( masterid='AA0F9918_4DE4_412F_738C_954DAFF1F857' ) LIMIT 1   [ RunTime:0.0008s ]
SQL: SELECT `cityname` FROM `xueche1_citys` WHERE ( id=1 ) LIMIT 1   [ RunTime:0.0002s ]
SQL: SELECT COUNT(*) AS tp_count FROM `xueche1_list` WHERE ( objectid='E9581929_CF91_99CF_237F_FB07C3AB2091' ) LIMIT 1   [ RunTime:0.0002s ]
SQL: SELECT COUNT(*) AS tp_count FROM `xueche1_reservation` WHERE ( objectid='E9581929_CF91_99CF_237F_FB07C3AB2091' ) LIMIT 1   [ RunTime:0.0002s ]
SQL: SELECT COUNT(*) AS tp_count FROM `xueche1_student` WHERE ( masterid='E9581929_CF91_99CF_237F_FB07C3AB2091' ) LIMIT 1   [ RunTime:0.0002s ]
SQL: SELECT COUNT(*) AS tp_count FROM `xueche1_trainclass` WHERE ( masterid='E9581929_CF91_99CF_237F_FB07C3AB2091' ) LIMIT 1   [ RunTime:0.0002s ]
SQL: SELECT COUNT(*) AS tp_count FROM `xueche1_coach` WHERE ( masterid='E9581929_CF91_99CF_237F_FB07C3AB2091' ) LIMIT 1   [ RunTime:0.0008s ]
SQL: SELECT `cityname` FROM `xueche1_citys` WHERE ( id=1 ) LIMIT 1   [ RunTime:0.0002s ]
SQL: SELECT COUNT(*) AS tp_count FROM `xueche1_list` WHERE ( objectid='921E6D53_1E61_31F4_6912_39E9051C9777' ) LIMIT 1   [ RunTime:0.0002s ]
SQL: SELECT COUNT(*) AS tp_count FROM `xueche1_reservation` WHERE ( objectid='921E6D53_1E61_31F4_6912_39E9051C9777' ) LIMIT 1   [ RunTime:0.0002s ]
SQL: SELECT COUNT(*) AS tp_count FROM `xueche1_student` WHERE ( masterid='921E6D53_1E61_31F4_6912_39E9051C9777' ) LIMIT 1   [ RunTime:0.0002s ]
SQL: SELECT COUNT(*) AS tp_count FROM `xueche1_trainclass` WHERE ( masterid='921E6D53_1E61_31F4_6912_39E9051C9777' ) LIMIT 1   [ RunTime:0.0002s ]
SQL: SELECT COUNT(*) AS tp_count FROM `xueche1_coach` WHERE ( masterid='921E6D53_1E61_31F4_6912_39E9051C9777' ) LIMIT 1   [ RunTime:0.0008s ]
SQL: SELECT `cityname` FROM `xueche1_citys` WHERE ( id=1 ) LIMIT 1   [ RunTime:0.0003s ]
SQL: SELECT COUNT(*) AS tp_count FROM `xueche1_list` WHERE ( objectid='4E1A1784_6F12_FA7B_22E6_BBCB70836AC1' ) LIMIT 1   [ RunTime:0.0002s ]
SQL: SELECT COUNT(*) AS tp_count FROM `xueche1_reservation` WHERE ( objectid='4E1A1784_6F12_FA7B_22E6_BBCB70836AC1' ) LIMIT 1   [ RunTime:0.0002s ]
SQL: SELECT COUNT(*) AS tp_count FROM `xueche1_student` WHERE ( masterid='4E1A1784_6F12_FA7B_22E6_BBCB70836AC1' ) LIMIT 1   [ RunTime:0.0002s ]
SQL: SELECT COUNT(*) AS tp_count FROM `xueche1_trainclass` WHERE ( masterid='4E1A1784_6F12_FA7B_22E6_BBCB70836AC1' ) LIMIT 1   [ RunTime:0.0002s ]
SQL: SELECT COUNT(*) AS tp_count FROM `xueche1_coach` WHERE ( masterid='4E1A1784_6F12_FA7B_22E6_BBCB70836AC1' ) LIMIT 1   [ RunTime:0.0008s ]
SQL: SELECT `cityname` FROM `xueche1_citys` WHERE ( id=1 ) LIMIT 1   [ RunTime:0.0002s ]
SQL: SELECT COUNT(*) AS tp_count FROM `xueche1_list` WHERE ( objectid='07825C54_2994_4B42_3351_19343C4CA7AD' ) LIMIT 1   [ RunTime:0.0002s ]
SQL: SELECT COUNT(*) AS tp_count FROM `xueche1_reservation` WHERE ( objectid='07825C54_2994_4B42_3351_19343C4CA7AD' ) LIMIT 1   [ RunTime:0.0002s ]
SQL: SELECT COUNT(*) AS tp_count FROM `xueche1_student` WHERE ( masterid='07825C54_2994_4B42_3351_19343C4CA7AD' ) LIMIT 1   [ RunTime:0.0002s ]
SQL: SELECT COUNT(*) AS tp_count FROM `xueche1_trainclass` WHERE ( masterid='07825C54_2994_4B42_3351_19343C4CA7AD' ) LIMIT 1   [ RunTime:0.0002s ]
SQL: SELECT COUNT(*) AS tp_count FROM `xueche1_coach` WHERE ( masterid='07825C54_2994_4B42_3351_19343C4CA7AD' ) LIMIT 1   [ RunTime:0.0010s ]
SQL: SELECT `cityname` FROM `xueche1_citys` WHERE ( id=1 ) LIMIT 1   [ RunTime:0.0002s ]
SQL: SELECT COUNT(*) AS tp_count FROM `xueche1_list` WHERE ( objectid='1CDED6A4_1404_D478_8689_7A7EBC18BFBB' ) LIMIT 1   [ RunTime:0.0002s ]
SQL: SELECT COUNT(*) AS tp_count FROM `xueche1_reservation` WHERE ( objectid='1CDED6A4_1404_D478_8689_7A7EBC18BFBB' ) LIMIT 1   [ RunTime:0.0002s ]
SQL: SELECT COUNT(*) AS tp_count FROM `xueche1_student` WHERE ( masterid='1CDED6A4_1404_D478_8689_7A7EBC18BFBB' ) LIMIT 1   [ RunTime:0.0002s ]
SQL: SELECT COUNT(*) AS tp_count FROM `xueche1_trainclass` WHERE ( masterid='1CDED6A4_1404_D478_8689_7A7EBC18BFBB' ) LIMIT 1   [ RunTime:0.0002s ]
SQL: SELECT COUNT(*) AS tp_count FROM `xueche1_coach` WHERE ( masterid='1CDED6A4_1404_D478_8689_7A7EBC18BFBB' ) LIMIT 1   [ RunTime:0.0008s ]
SQL: SELECT `cityname` FROM `xueche1_citys` WHERE ( id=1 ) LIMIT 1   [ RunTime:0.0002s ]
SQL: SELECT COUNT(*) AS tp_count FROM `xueche1_list` WHERE ( objectid='638AD5F8_C2B6_5CA4_7231_AA8081343B6C' ) LIMIT 1   [ RunTime:0.0002s ]
SQL: SELECT COUNT(*) AS tp_count FROM `xueche1_reservation` WHERE ( objectid='638AD5F8_C2B6_5CA4_7231_AA8081343B6C' ) LIMIT 1   [ RunTime:0.0002s ]
SQL: SELECT COUNT(*) AS tp_count FROM `xueche1_student` WHERE ( masterid='638AD5F8_C2B6_5CA4_7231_AA8081343B6C' ) LIMIT 1   [ RunTime:0.0002s ]
SQL: SELECT COUNT(*) AS tp_count FROM `xueche1_trainclass` WHERE ( masterid='638AD5F8_C2B6_5CA4_7231_AA8081343B6C' ) LIMIT 1   [ RunTime:0.0002s ]
SQL: SELECT COUNT(*) AS tp_count FROM `xueche1_coach` WHERE ( masterid='638AD5F8_C2B6_5CA4_7231_AA8081343B6C' ) LIMIT 1   [ RunTime:0.0008s ]
SQL: SELECT `cityname` FROM `xueche1_citys` WHERE ( id=1 ) LIMIT 1   [ RunTime:0.0002s ]
SQL: SELECT COUNT(*) AS tp_count FROM `xueche1_list` WHERE ( objectid='84B81AD2_DAF5_43E5_BE87_7F984A9E7C92' ) LIMIT 1   [ RunTime:0.0002s ]
SQL: SELECT COUNT(*) AS tp_count FROM `xueche1_reservation` WHERE ( objectid='84B81AD2_DAF5_43E5_BE87_7F984A9E7C92' ) LIMIT 1   [ RunTime:0.0002s ]
SQL: SELECT COUNT(*) AS tp_count FROM `xueche1_student` WHERE ( masterid='84B81AD2_DAF5_43E5_BE87_7F984A9E7C92' ) LIMIT 1   [ RunTime:0.0002s ]
SQL: SELECT COUNT(*) AS tp_count FROM `xueche1_trainclass` WHERE ( masterid='84B81AD2_DAF5_43E5_BE87_7F984A9E7C92' ) LIMIT 1   [ RunTime:0.0002s ]
SQL: SELECT COUNT(*) AS tp_count FROM `xueche1_coach` WHERE ( masterid='84B81AD2_DAF5_43E5_BE87_7F984A9E7C92' ) LIMIT 1   [ RunTime:0.0008s ]
SQL: SELECT `cityname` FROM `xueche1_citys` WHERE ( id=1 ) LIMIT 1   [ RunTime:0.0002s ]
SQL: SELECT COUNT(*) AS tp_count FROM `xueche1_list` WHERE ( objectid='A0F6B774_B2E1_EF23_2259_08E2750FB0FA' ) LIMIT 1   [ RunTime:0.0002s ]
SQL: SELECT COUNT(*) AS tp_count FROM `xueche1_reservation` WHERE ( objectid='A0F6B774_B2E1_EF23_2259_08E2750FB0FA' ) LIMIT 1   [ RunTime:0.0002s ]
SQL: SELECT COUNT(*) AS tp_count FROM `xueche1_student` WHERE ( masterid='A0F6B774_B2E1_EF23_2259_08E2750FB0FA' ) LIMIT 1   [ RunTime:0.0002s ]
SQL: SELECT COUNT(*) AS tp_count FROM `xueche1_trainclass` WHERE ( masterid='A0F6B774_B2E1_EF23_2259_08E2750FB0FA' ) LIMIT 1   [ RunTime:0.0002s ]
SQL: SELECT COUNT(*) AS tp_count FROM `xueche1_coach` WHERE ( masterid='A0F6B774_B2E1_EF23_2259_08E2750FB0FA' ) LIMIT 1   [ RunTime:0.0008s ]
SQL: SELECT `cityname` FROM `xueche1_citys` WHERE ( id=1 ) LIMIT 1   [ RunTime:0.0002s ]
SQL: SELECT `id`,`cityname` FROM `xueche1_citys` WHERE ( flag=1 )  [ RunTime:0.0003s ]
INFO: [ view_parse ] --START--
INFO: [ template_filter ] --START--
INFO: Run Behavior\ContentReplaceBehavior [ RunTime:0.000063s ]
INFO: [ template_filter ] --END-- [ RunTime:0.000097s ]
INFO: Run Behavior\ParseTemplateBehavior [ RunTime:0.009603s ]
INFO: [ view_parse ] --END-- [ RunTime:0.009646s ]
INFO: [ view_filter ] --START--
INFO: Run Behavior\WriteHtmlCacheBehavior [ RunTime:0.000134s ]
INFO: [ view_filter ] --END-- [ RunTime:0.000163s ]
INFO: [ app_end ] --START--
INFO: Run Behavior\ShowPageTraceBehavior [ RunTime:0.000474s ]
INFO: [ app_end ] --END-- [ RunTime:0.000512s ]

[ 2017-02-06T16:16:04+08:00 ] 116.231.58.130 /index.php/Ment/Coach/jl_list.html
INFO: [ app_init ] --START--
INFO: Run Behavior\BuildLiteBehavior [ RunTime:0.000012s ]
INFO: [ app_init ] --END-- [ RunTime:0.000317s ]
INFO: [ app_begin ] --START--
INFO: Run Behavior\ReadHtmlCacheBehavior [ RunTime:0.000389s ]
INFO: [ app_begin ] --END-- [ RunTime:0.000426s ]
SQL: SHOW COLUMNS FROM `xueche1_coach` [ RunTime:0.0014s ]
SQL: SELECT COUNT(*) AS tp_count FROM `xueche1_coach` LIMIT 1   [ RunTime:0.0004s ]
SQL: SELECT `id`,`userid`,`account`,`img`,`sex`,`nickname`,`score`,`ntime`,`jltype`,`serialId`,`carNumber`,`address`,`cityid`,`verify`,`lastupdate` FROM `xueche1_coach` ORDER BY id asc LIMIT 0,14   [ RunTime:0.0004s ]
SQL: SHOW COLUMNS FROM `xueche1_list` [ RunTime:0.0012s ]
SQL: SELECT COUNT(*) AS tp_count FROM `xueche1_list` WHERE ( objectid='E7D96389_D40B_EA8B_46DF_99FF792C0D27' ) LIMIT 1   [ RunTime:0.0002s ]
SQL: SHOW COLUMNS FROM `xueche1_reservation` [ RunTime:0.0010s ]
SQL: SELECT COUNT(*) AS tp_count FROM `xueche1_reservation` WHERE ( objectid='E7D96389_D40B_EA8B_46DF_99FF792C0D27' ) LIMIT 1   [ RunTime:0.0002s ]
SQL: SHOW COLUMNS FROM `xueche1_student` [ RunTime:0.0009s ]
SQL: SELECT COUNT(*) AS tp_count FROM `xueche1_student` WHERE ( masterid='E7D96389_D40B_EA8B_46DF_99FF792C0D27' ) LIMIT 1   [ RunTime:0.0002s ]
SQL: SHOW COLUMNS FROM `xueche1_citys` [ RunTime:0.0008s ]
SQL: SELECT `cityname` FROM `xueche1_citys` WHERE ( id=1 ) LIMIT 1   [ RunTime:0.0002s ]
SQL: SELECT COUNT(*) AS tp_count FROM `xueche1_list` WHERE ( objectid='81362E0D_4200_7FE6_EFDC_7051A54E34AD' ) LIMIT 1   [ RunTime:0.0002s ]
SQL: SELECT COUNT(*) AS tp_count FROM `xueche1_reservation` WHERE ( objectid='81362E0D_4200_7FE6_EFDC_7051A54E34AD' ) LIMIT 1   [ RunTime:0.0003s ]
SQL: SELECT COUNT(*) AS tp_count FROM `xueche1_student` WHERE ( masterid='81362E0D_4200_7FE6_EFDC_7051A54E34AD' ) LIMIT 1   [ RunTime:0.0002s ]
SQL: SELECT `cityname` FROM `xueche1_citys` WHERE ( id=1 ) LIMIT 1   [ RunTime:0.0002s ]
SQL: SELECT COUNT(*) AS tp_count FROM `xueche1_list` WHERE ( objectid='B0D60BCC_05C2_C391_5640_D0AC680B41AF' ) LIMIT 1   [ RunTime:0.0002s ]
SQL: SELECT COUNT(*) AS tp_count FROM `xueche1_reservation` WHERE ( objectid='B0D60BCC_05C2_C391_5640_D0AC680B41AF' ) LIMIT 1   [ RunTime:0.0002s ]
SQL: SELECT COUNT(*) AS tp_count FROM `xueche1_student` WHERE ( masterid='B0D60BCC_05C2_C391_5640_D0AC680B41AF' ) LIMIT 1   [ RunTime:0.0002s ]
SQL: SELECT `cityname` FROM `xueche1_citys` WHERE ( id=1 ) LIMIT 1   [ RunTime:0.0003s ]
SQL: SELECT COUNT(*) AS tp_count FROM `xueche1_list` WHERE ( objectid='C203E3AC_FE4C_FB3C_8584_3499F46C6863' ) LIMIT 1   [ RunTime:0.0002s ]
SQL: SELECT COUNT(*) AS tp_count FROM `xueche1_reservation` WHERE ( objectid='C203E3AC_FE4C_FB3C_8584_3499F46C6863' ) LIMIT 1   [ RunTime:0.0002s ]
SQL: SELECT COUNT(*) AS tp_count FROM `xueche1_student` WHERE ( masterid='C203E3AC_FE4C_FB3C_8584_3499F46C6863' ) LIMIT 1   [ RunTime:0.0002s ]
SQL: SELECT `cityname` FROM `xueche1_citys` WHERE ( id=1 ) LIMIT 1   [ RunTime:0.0002s ]
SQL: SELECT COUNT(*) AS tp_count FROM `xueche1_list` WHERE ( objectid='6DD1B43D_35EF_30DE_BE07_6429980F2F53' ) LIMIT 1   [ RunTime:0.0002s ]
SQL: SELECT COUNT(*) AS tp_count FROM `xueche1_reservation` WHERE ( objectid='6DD1B43D_35EF_30DE_BE07_6429980F2F53' ) LIMIT 1   [ RunTime:0.0002s ]
SQL: SELECT COUNT(*) AS tp_count FROM `xueche1_student` WHERE ( masterid='6DD1B43D_35EF_30DE_BE07_6429980F2F53' ) LIMIT 1   [ RunTime:0.0002s ]
SQL: SELECT `cityname` FROM `xueche1_citys` WHERE ( id=1 ) LIMIT 1   [ RunTime:0.0002s ]
SQL: SELECT COUNT(*) AS tp_count FROM `xueche1_list` WHERE ( objectid='E5A467B7_19E4_9EF3_BAC5_09EED04DB1F0' ) LIMIT 1   [ RunTime:0.0002s ]
SQL: SELECT COUNT(*) AS tp_count FROM `xueche1_reservation` WHERE ( objectid='E5A467B7_19E4_9EF3_BAC5_09EED04DB1F0' ) LIMIT 1   [ RunTime:0.0002s ]
SQL: SELECT COUNT(*) AS tp_count FROM `xueche1_student` WHERE ( masterid='E5A467B7_19E4_9EF3_BAC5_09EED04DB1F0' ) LIMIT 1   [ RunTime:0.0002s ]
SQL: SELECT `cityname` FROM `xueche1_citys` WHERE ( id=1 ) LIMIT 1   [ RunTime:0.0002s ]
SQL: SELECT COUNT(*) AS tp_count FROM `xueche1_list` WHERE ( objectid='C1F5DB3A_58E5_037F_6B86_1B00F17856E0' ) LIMIT 1   [ RunTime:0.0002s ]
SQL: SELECT COUNT(*) AS tp_count FROM `xueche1_reservation` WHERE ( objectid='C1F5DB3A_58E5_037F_6B86_1B00F17856E0' ) LIMIT 1   [ RunTime:0.0002s ]
SQL: SELECT COUNT(*) AS tp_count FROM `xueche1_student` WHERE ( masterid='C1F5DB3A_58E5_037F_6B86_1B00F17856E0' ) LIMIT 1   [ RunTime:0.0002s ]
SQL: SELECT `cityname` FROM `xueche1_citys` WHERE ( id=1 ) LIMIT 1   [ RunTime:0.0002s ]
SQL: SELECT COUNT(*) AS tp_count FROM `xueche1_list` WHERE ( objectid='B3738353_D3FF_F20F_5946_E462A6912AF5' ) LIMIT 1   [ RunTime:0.0002s ]
SQL: SELECT COUNT(*) AS tp_count FROM `xueche1_reservation` WHERE ( objectid='B3738353_D3FF_F20F_5946_E462A6912AF5' ) LIMIT 1   [ RunTime:0.0002s ]
SQL: SELECT COUNT(*) AS tp_count FROM `xueche1_student` WHERE ( masterid='B3738353_D3FF_F20F_5946_E462A6912AF5' ) LIMIT 1   [ RunTime:0.0002s ]
SQL: SELECT `cityname` FROM `xueche1_citys` WHERE ( id=1 ) LIMIT 1   [ RunTime:0.0002s ]
SQL: SELECT COUNT(*) AS tp_count FROM `xueche1_list` WHERE ( objectid='BB6B1DE1_2B6E_B965_C5AC_BA18875F06D3' ) LIMIT 1   [ RunTime:0.0002s ]
SQL: SELECT COUNT(*) AS tp_count FROM `xueche1_reservation` WHERE ( objectid='BB6B1DE1_2B6E_B965_C5AC_BA18875F06D3' ) LIMIT 1   [ RunTime:0.0002s ]
SQL: SELECT COUNT(*) AS tp_count FROM `xueche1_student` WHERE ( masterid='BB6B1DE1_2B6E_B965_C5AC_BA18875F06D3' ) LIMIT 1   [ RunTime:0.0002s ]
SQL: SELECT `cityname` FROM `xueche1_citys` WHERE ( id=1 ) LIMIT 1   [ RunTime:0.0002s ]
SQL: SELECT COUNT(*) AS tp_count FROM `xueche1_list` WHERE ( objectid='786540E1_0A54_8D31_076F_18E69A06D850' ) LIMIT 1   [ RunTime:0.0002s ]
SQL: SELECT COUNT(*) AS tp_count FROM `xueche1_reservation` WHERE ( objectid='786540E1_0A54_8D31_076F_18E69A06D850' ) LIMIT 1   [ RunTime:0.0002s ]
SQL: SELECT COUNT(*) AS tp_count FROM `xueche1_student` WHERE ( masterid='786540E1_0A54_8D31_076F_18E69A06D850' ) LIMIT 1   [ RunTime:0.0002s ]
SQL: SELECT `cityname` FROM `xueche1_citys` WHERE ( id=1 ) LIMIT 1   [ RunTime:0.0002s ]
SQL: SELECT COUNT(*) AS tp_count FROM `xueche1_list` WHERE ( objectid='D001B15F_B869_2DCC_B031_5FDB1B819F9D' ) LIMIT 1   [ RunTime:0.0002s ]
SQL: SELECT COUNT(*) AS tp_count FROM `xueche1_reservation` WHERE ( objectid='D001B15F_B869_2DCC_B031_5FDB1B819F9D' ) LIMIT 1   [ RunTime:0.0002s ]
SQL: SELECT COUNT(*) AS tp_count FROM `xueche1_student` WHERE ( masterid='D001B15F_B869_2DCC_B031_5FDB1B819F9D' ) LIMIT 1   [ RunTime:0.0002s ]
SQL: SELECT `cityname` FROM `xueche1_citys` WHERE ( id=1 ) LIMIT 1   [ RunTime:0.0002s ]
SQL: SELECT COUNT(*) AS tp_count FROM `xueche1_list` WHERE ( objectid='F3443A9E_B21B_493D_0407_3AA87D760D6B' ) LIMIT 1   [ RunTime:0.0002s ]
SQL: SELECT COUNT(*) AS tp_count FROM `xueche1_reservation` WHERE ( objectid='F3443A9E_B21B_493D_0407_3AA87D760D6B' ) LIMIT 1   [ RunTime:0.0002s ]
SQL: SELECT COUNT(*) AS tp_count FROM `xueche1_student` WHERE ( masterid='F3443A9E_B21B_493D_0407_3AA87D760D6B' ) LIMIT 1   [ RunTime:0.0002s ]
SQL: SELECT `cityname` FROM `xueche1_citys` WHERE ( id=1 ) LIMIT 1   [ RunTime:0.0002s ]
SQL: SELECT COUNT(*) AS tp_count FROM `xueche1_list` WHERE ( objectid='96591126_B8F1_6F37_624D_40E1B8799AB4' ) LIMIT 1   [ RunTime:0.0002s ]
SQL: SELECT COUNT(*) AS tp_count FROM `xueche1_reservation` WHERE ( objectid='96591126_B8F1_6F37_624D_40E1B8799AB4' ) LIMIT 1   [ RunTime:0.0002s ]
SQL: SELECT COUNT(*) AS tp_count FROM `xueche1_student` WHERE ( masterid='96591126_B8F1_6F37_624D_40E1B8799AB4' ) LIMIT 1   [ RunTime:0.0002s ]
SQL: SELECT `cityname` FROM `xueche1_citys` WHERE ( id=1 ) LIMIT 1   [ RunTime:0.0002s ]
SQL: SELECT COUNT(*) AS tp_count FROM `xueche1_list` WHERE ( objectid='D28834C4_BEAE_74E7_EB54_F6A3FF89B1C5' ) LIMIT 1   [ RunTime:0.0002s ]
SQL: SELECT COUNT(*) AS tp_count FROM `xueche1_reservation` WHERE ( objectid='D28834C4_BEAE_74E7_EB54_F6A3FF89B1C5' ) LIMIT 1   [ RunTime:0.0002s ]
SQL: SELECT COUNT(*) AS tp_count FROM `xueche1_student` WHERE ( masterid='D28834C4_BEAE_74E7_EB54_F6A3FF89B1C5' ) LIMIT 1   [ RunTime:0.0002s ]
SQL: SELECT `cityname` FROM `xueche1_citys` WHERE ( id=1 ) LIMIT 1   [ RunTime:0.0002s ]
SQL: SELECT `id`,`cityname` FROM `xueche1_citys` WHERE ( flag=1 )  [ RunTime:0.0003s ]
INFO: [ view_parse ] --START--
INFO: [ template_filter ] --START--
INFO: Run Behavior\ContentReplaceBehavior [ RunTime:0.000060s ]
INFO: [ template_filter ] --END-- [ RunTime:0.000094s ]
INFO: Run Behavior\ParseTemplateBehavior [ RunTime:0.009540s ]
INFO: [ view_parse ] --END-- [ RunTime:0.009582s ]
INFO: [ view_filter ] --START--
INFO: Run Behavior\WriteHtmlCacheBehavior [ RunTime:0.000132s ]
INFO: [ view_filter ] --END-- [ RunTime:0.000161s ]
INFO: [ app_end ] --START--
INFO: Run Behavior\ShowPageTraceBehavior [ RunTime:0.000439s ]
INFO: [ app_end ] --END-- [ RunTime:0.000499s ]

[ 2017-02-06T16:16:06+08:00 ] 116.231.58.130 /index.php/Ment/Coach/jl_list/p/65.html
INFO: [ app_init ] --START--
INFO: Run Behavior\BuildLiteBehavior [ RunTime:0.000013s ]
INFO: [ app_init ] --END-- [ RunTime:0.000306s ]
INFO: [ app_begin ] --START--
INFO: Run Behavior\ReadHtmlCacheBehavior [ RunTime:0.000374s ]
INFO: [ app_begin ] --END-- [ RunTime:0.000411s ]
SQL: SHOW COLUMNS FROM `xueche1_coach` [ RunTime:0.0016s ]
SQL: SELECT COUNT(*) AS tp_count FROM `xueche1_coach` LIMIT 1   [ RunTime:0.0004s ]
SQL: SELECT `id`,`userid`,`account`,`img`,`sex`,`nickname`,`score`,`ntime`,`jltype`,`serialId`,`carNumber`,`address`,`cityid`,`verify`,`lastupdate` FROM `xueche1_coach` ORDER BY id asc LIMIT 896,14   [ RunTime:0.0020s ]
SQL: SHOW COLUMNS FROM `xueche1_list` [ RunTime:0.0012s ]
SQL: SELECT COUNT(*) AS tp_count FROM `xueche1_list` WHERE ( objectid='9A5A5E0D_143F_DFDA_B4C8_DE6593BA9443' ) LIMIT 1   [ RunTime:0.0002s ]
SQL: SHOW COLUMNS FROM `xueche1_reservation` [ RunTime:0.0009s ]
SQL: SELECT COUNT(*) AS tp_count FROM `xueche1_reservation` WHERE ( objectid='9A5A5E0D_143F_DFDA_B4C8_DE6593BA9443' ) LIMIT 1   [ RunTime:0.0002s ]
SQL: SHOW COLUMNS FROM `xueche1_student` [ RunTime:0.0009s ]
SQL: SELECT COUNT(*) AS tp_count FROM `xueche1_student` WHERE ( masterid='9A5A5E0D_143F_DFDA_B4C8_DE6593BA9443' ) LIMIT 1   [ RunTime:0.0002s ]
SQL: SHOW COLUMNS FROM `xueche1_citys` [ RunTime:0.0008s ]
SQL: SELECT `cityname` FROM `xueche1_citys` WHERE ( id=1 ) LIMIT 1   [ RunTime:0.0002s ]
SQL: SELECT COUNT(*) AS tp_count FROM `xueche1_list` WHERE ( objectid='44BC9956_930A_024F_84DB_EEA367949A3F' ) LIMIT 1   [ RunTime:0.0002s ]
SQL: SELECT COUNT(*) AS tp_count FROM `xueche1_reservation` WHERE ( objectid='44BC9956_930A_024F_84DB_EEA367949A3F' ) LIMIT 1   [ RunTime:0.0002s ]
SQL: SELECT COUNT(*) AS tp_count FROM `xueche1_student` WHERE ( masterid='44BC9956_930A_024F_84DB_EEA367949A3F' ) LIMIT 1   [ RunTime:0.0002s ]
SQL: SELECT `cityname` FROM `xueche1_citys` WHERE ( id=1 ) LIMIT 1   [ RunTime:0.0002s ]
SQL: SELECT COUNT(*) AS tp_count FROM `xueche1_list` WHERE ( objectid='4368F8AA-3110-AB8F-420F-2EE06F8793BB' ) LIMIT 1   [ RunTime:0.0002s ]
SQL: SELECT COUNT(*) AS tp_count FROM `xueche1_reservation` WHERE ( objectid='4368F8AA-3110-AB8F-420F-2EE06F8793BB' ) LIMIT 1   [ RunTime:0.0002s ]
SQL: SELECT COUNT(*) AS tp_count FROM `xueche1_student` WHERE ( masterid='4368F8AA-3110-AB8F-420F-2EE06F8793BB' ) LIMIT 1   [ RunTime:0.0002s ]
SQL: SELECT `cityname` FROM `xueche1_citys` WHERE ( id=1 ) LIMIT 1   [ RunTime:0.0004s ]
SQL: SELECT COUNT(*) AS tp_count FROM `xueche1_list` WHERE ( objectid='BEE298D2-3882-3168-4017-4BD2FAB6C3DC' ) LIMIT 1   [ RunTime:0.0004s ]
SQL: SELECT COUNT(*) AS tp_count FROM `xueche1_reservation` WHERE ( objectid='BEE298D2-3882-3168-4017-4BD2FAB6C3DC' ) LIMIT 1   [ RunTime:0.0002s ]
SQL: SELECT COUNT(*) AS tp_count FROM `xueche1_student` WHERE ( masterid='BEE298D2-3882-3168-4017-4BD2FAB6C3DC' ) LIMIT 1   [ RunTime:0.0002s ]
SQL: SELECT `cityname` FROM `xueche1_citys` WHERE ( id=1 ) LIMIT 1   [ RunTime:0.0002s ]
SQL: SELECT COUNT(*) AS tp_count FROM `xueche1_list` WHERE ( objectid='01AFB040-A80B-AD4C-ABD3-6297B7A59E9B' ) LIMIT 1   [ RunTime:0.0002s ]
SQL: SELECT COUNT(*) AS tp_count FROM `xueche1_reservation` WHERE ( objectid='01AFB040-A80B-AD4C-ABD3-6297B7A59E9B' ) LIMIT 1   [ RunTime:0.0002s ]
SQL: SELECT COUNT(*) AS tp_count FROM `xueche1_student` WHERE ( masterid='01AFB040-A80B-AD4C-ABD3-6297B7A59E9B' ) LIMIT 1   [ RunTime:0.0002s ]
SQL: SELECT `cityname` FROM `xueche1_citys` WHERE ( id=1 ) LIMIT 1   [ RunTime:0.0002s ]
SQL: SELECT COUNT(*) AS tp_count FROM `xueche1_list` WHERE ( objectid='EE2DC9EE-4243-6E01-0B48-647F1002A141' ) LIMIT 1   [ RunTime:0.0002s ]
SQL: SELECT COUNT(*) AS tp_count FROM `xueche1_reservation` WHERE ( objectid='EE2DC9EE-4243-6E01-0B48-647F1002A141' ) LIMIT 1   [ RunTime:0.0002s ]
SQL: SELECT COUNT(*) AS tp_count FROM `xueche1_student` WHERE ( masterid='EE2DC9EE-4243-6E01-0B48-647F1002A141' ) LIMIT 1   [ RunTime:0.0002s ]
SQL: SELECT `cityname` FROM `xueche1_citys` WHERE ( id=1 ) LIMIT 1   [ RunTime:0.0002s ]
SQL: SELECT `id`,`cityname` FROM `xueche1_citys` WHERE ( flag=1 )  [ RunTime:0.0003s ]
INFO: [ view_parse ] --START--
INFO: [ template_filter ] --START--
INFO: Run Behavior\ContentReplaceBehavior [ RunTime:0.000065s ]
INFO: [ template_filter ] --END-- [ RunTime:0.000103s ]
INFO: Run Behavior\ParseTemplateBehavior [ RunTime:0.008356s ]
INFO: [ view_parse ] --END-- [ RunTime:0.008401s ]
INFO: [ view_filter ] --START--
INFO: Run Behavior\WriteHtmlCacheBehavior [ RunTime:0.000158s ]
INFO: [ view_filter ] --END-- [ RunTime:0.000186s ]
INFO: [ app_end ] --START--
INFO: Run Behavior\ShowPageTraceBehavior [ RunTime:0.000427s ]
INFO: [ app_end ] --END-- [ RunTime:0.000482s ]

[ 2017-02-06T16:16:13+08:00 ] 116.231.58.130 /index.php/Ment/Coach/jl_info/id/909/p/65.html
INFO: [ app_init ] --START--
INFO: Run Behavior\BuildLiteBehavior [ RunTime:0.000013s ]
INFO: [ app_init ] --END-- [ RunTime:0.000326s ]
INFO: [ app_begin ] --START--
INFO: Run Behavior\ReadHtmlCacheBehavior [ RunTime:0.000394s ]
INFO: [ app_begin ] --END-- [ RunTime:0.000430s ]
SQL: SHOW COLUMNS FROM `xueche1_coach` [ RunTime:0.0016s ]
SQL: SELECT `id`,`account`,`pass`,`sex`,`nickname`,`birthday`,`numberId`,`driverId`,`serialId`,`signature`,`timeflag`,`ntime`,`driverage`,`teachedage`,`evalutioncount`,`praisecount`,`allcount`,`passedcount`,`jltype`,`address`,`masterid`,`boss`,`cityid`,`introduction` FROM `xueche1_coach` WHERE `id` = 909 LIMIT 1   [ RunTime:0.0004s ]
SQL: SHOW COLUMNS FROM `xueche1_school` [ RunTime:0.0012s ]
SQL: SELECT `userid`,`nickname` FROM `xueche1_school` WHERE ( cityid=1 )  [ RunTime:0.0013s ]
SQL: SELECT `userid`,`nickname` FROM `xueche1_coach` WHERE ( cityid=1 and jltype=2 )  [ RunTime:0.0011s ]
SQL: SHOW COLUMNS FROM `xueche1_citys` [ RunTime:0.0008s ]
SQL: SELECT `id`,`cityname` FROM `xueche1_citys` WHERE ( flag=1 )  [ RunTime:0.0003s ]
INFO: [ view_parse ] --START--
INFO: [ template_filter ] --START--
INFO: Run Behavior\ContentReplaceBehavior [ RunTime:0.000081s ]
INFO: [ template_filter ] --END-- [ RunTime:0.000122s ]
INFO: Run Behavior\ParseTemplateBehavior [ RunTime:0.007895s ]
INFO: [ view_parse ] --END-- [ RunTime:0.007938s ]
INFO: [ view_filter ] --START--
INFO: Run Behavior\WriteHtmlCacheBehavior [ RunTime:0.000154s ]
INFO: [ view_filter ] --END-- [ RunTime:0.000184s ]
INFO: [ app_end ] --START--
INFO: Run Behavior\ShowPageTraceBehavior [ RunTime:0.000448s ]
INFO: [ app_end ] --END-- [ RunTime:0.000486s ]

