[ 2017-02-27T16:59:35+08:00 ] 101.81.8.194 /index.php/Ment/Index/index.html
INFO: [ app_init ] --START--
INFO: Run Behavior\BuildLiteBehavior [ RunTime:0.000012s ]
INFO: [ app_init ] --END-- [ RunTime:0.000289s ]
INFO: [ app_begin ] --START--
INFO: Run Behavior\ReadHtmlCacheBehavior [ RunTime:0.000365s ]
INFO: [ app_begin ] --END-- [ RunTime:0.000401s ]

[ 2017-02-27T16:59:35+08:00 ] 101.81.8.194 /index.php/Ment/index/login.html
INFO: [ app_init ] --START--
INFO: Run Behavior\BuildLiteBehavior [ RunTime:0.000010s ]
INFO: [ app_init ] --END-- [ RunTime:0.000285s ]
INFO: [ app_begin ] --START--
INFO: Run Behavior\ReadHtmlCacheBehavior [ RunTime:0.000364s ]
INFO: [ app_begin ] --END-- [ RunTime:0.000401s ]
INFO: [ view_parse ] --START--
INFO: [ template_filter ] --START--
INFO: Run Behavior\ContentReplaceBehavior [ RunTime:0.000047s ]
INFO: [ template_filter ] --END-- [ RunTime:0.000082s ]
INFO: Run Behavior\ParseTemplateBehavior [ RunTime:0.004522s ]
INFO: [ view_parse ] --END-- [ RunTime:0.004556s ]
INFO: [ view_filter ] --START--
INFO: Run Behavior\WriteHtmlCacheBehavior [ RunTime:0.000145s ]
INFO: [ view_filter ] --END-- [ RunTime:0.000175s ]
INFO: [ app_end ] --START--
INFO: Run Behavior\ShowPageTraceBehavior [ RunTime:0.000396s ]
INFO: [ app_end ] --END-- [ RunTime:0.000427s ]

[ 2017-02-27T16:59:35+08:00 ] 101.81.8.194 /index.php/Ment/Index/verify_img.html
INFO: [ app_init ] --START--
INFO: Run Behavior\BuildLiteBehavior [ RunTime:0.000018s ]
INFO: [ app_init ] --END-- [ RunTime:0.000347s ]
INFO: [ app_begin ] --START--
INFO: Run Behavior\ReadHtmlCacheBehavior [ RunTime:0.000418s ]
INFO: [ app_begin ] --END-- [ RunTime:0.000458s ]
INFO: [ app_end ] --START--
INFO: Run Behavior\ShowPageTraceBehavior [ RunTime:0.000458s ]
INFO: [ app_end ] --END-- [ RunTime:0.000501s ]

[ 2017-02-27T16:59:39+08:00 ] 101.81.8.194 /index.php/Ment/Index/checklogin.html
INFO: [ app_init ] --START--
INFO: Run Behavior\BuildLiteBehavior [ RunTime:0.000012s ]
INFO: [ app_init ] --END-- [ RunTime:0.000323s ]
INFO: [ app_begin ] --START--
INFO: Run Behavior\ReadHtmlCacheBehavior [ RunTime:0.000616s ]
INFO: [ app_begin ] --END-- [ RunTime:0.000657s ]
INFO: [ app_end ] --START--
INFO: Run Behavior\ShowPageTraceBehavior [ RunTime:0.000421s ]
INFO: [ app_end ] --END-- [ RunTime:0.000460s ]

[ 2017-02-27T16:59:41+08:00 ] 101.81.8.194 /index.php/Ment/Index/verify_img.html?+new%20Date()
INFO: [ app_init ] --START--
INFO: Run Behavior\BuildLiteBehavior [ RunTime:0.000012s ]
INFO: [ app_init ] --END-- [ RunTime:0.000306s ]
INFO: [ app_begin ] --START--
INFO: Run Behavior\ReadHtmlCacheBehavior [ RunTime:0.000383s ]
INFO: [ app_begin ] --END-- [ RunTime:0.000421s ]
INFO: [ app_end ] --START--
INFO: Run Behavior\ShowPageTraceBehavior [ RunTime:0.000438s ]
INFO: [ app_end ] --END-- [ RunTime:0.000481s ]

[ 2017-02-27T16:59:47+08:00 ] 101.81.8.194 /index.php/Ment/Index/checklogin.html
INFO: [ app_init ] --START--
INFO: Run Behavior\BuildLiteBehavior [ RunTime:0.000012s ]
INFO: [ app_init ] --END-- [ RunTime:0.000295s ]
INFO: [ app_begin ] --START--
INFO: Run Behavior\ReadHtmlCacheBehavior [ RunTime:0.000364s ]
INFO: [ app_begin ] --END-- [ RunTime:0.000401s ]
INFO: [ app_end ] --START--
INFO: Run Behavior\ShowPageTraceBehavior [ RunTime:0.000393s ]
INFO: [ app_end ] --END-- [ RunTime:0.000433s ]

[ 2017-02-27T16:59:50+08:00 ] 101.81.8.194 /index.php/Ment/Index/verify_img.html?+new%20Date()
INFO: [ app_init ] --START--
INFO: Run Behavior\BuildLiteBehavior [ RunTime:0.000012s ]
INFO: [ app_init ] --END-- [ RunTime:0.000291s ]
INFO: [ app_begin ] --START--
INFO: Run Behavior\ReadHtmlCacheBehavior [ RunTime:0.000390s ]
INFO: [ app_begin ] --END-- [ RunTime:0.000427s ]
INFO: [ app_end ] --START--
INFO: Run Behavior\ShowPageTraceBehavior [ RunTime:0.000411s ]
INFO: [ app_end ] --END-- [ RunTime:0.000452s ]

[ 2017-02-27T16:59:57+08:00 ] 101.81.8.194 /index.php/Ment/Index/checklogin.html
INFO: [ app_init ] --START--
INFO: Run Behavior\BuildLiteBehavior [ RunTime:0.000015s ]
INFO: [ app_init ] --END-- [ RunTime:0.000313s ]
INFO: [ app_begin ] --START--
INFO: Run Behavior\ReadHtmlCacheBehavior [ RunTime:0.000375s ]
INFO: [ app_begin ] --END-- [ RunTime:0.000413s ]
INFO: [ app_end ] --START--
INFO: Run Behavior\ShowPageTraceBehavior [ RunTime:0.000389s ]
INFO: [ app_end ] --END-- [ RunTime:0.000428s ]

[ 2017-02-27T16:59:58+08:00 ] 101.81.8.194 /index.php/Ment/Index/verify_img.html?+new%20Date()
INFO: [ app_init ] --START--
INFO: Run Behavior\BuildLiteBehavior [ RunTime:0.000011s ]
INFO: [ app_init ] --END-- [ RunTime:0.000298s ]
INFO: [ app_begin ] --START--
INFO: Run Behavior\ReadHtmlCacheBehavior [ RunTime:0.000399s ]
INFO: [ app_begin ] --END-- [ RunTime:0.000438s ]
INFO: [ app_end ] --START--
INFO: Run Behavior\ShowPageTraceBehavior [ RunTime:0.000608s ]
INFO: [ app_end ] --END-- [ RunTime:0.000699s ]

[ 2017-02-27T17:00:03+08:00 ] 101.81.8.194 /index.php/Ment/Index/checklogin.html
INFO: [ app_init ] --START--
INFO: Run Behavior\BuildLiteBehavior [ RunTime:0.000012s ]
INFO: [ app_init ] --END-- [ RunTime:0.000288s ]
INFO: [ app_begin ] --START--
INFO: Run Behavior\ReadHtmlCacheBehavior [ RunTime:0.000387s ]
INFO: [ app_begin ] --END-- [ RunTime:0.000422s ]
SQL: SHOW COLUMNS FROM `xueche1_admin` [ RunTime:0.0010s ]
SQL: SELECT `id`,`pass`,`username`,`ntime`,`masgroup`,`flag`,`username`,`role`,`logintimes`,`permissid` FROM `xueche1_admin` WHERE ( account='517liaonan' ) LIMIT 1   [ RunTime:0.0003s ]
SQL: UPDATE `xueche1_admin` SET `logintimes`=logintimes+1 WHERE ( account='517liaonan' ) [ RunTime:0.0002s ]
SQL: SHOW COLUMNS FROM `xueche1_adminlog` [ RunTime:0.0007s ]
SQL: INSERT INTO `xueche1_adminlog` (`account`,`ntime`,`info`,`nip`) VALUES ('517liaonan','1488186003','登录','1699809474') [ RunTime:0.0012s ]
NOTIC: [8] Undefined variable: info /var/www/xueche/Application/Ment/Controller/IndexController.class.php 第 52 行.
INFO: [ app_end ] --START--
INFO: Run Behavior\ShowPageTraceBehavior [ RunTime:0.000573s ]
INFO: [ app_end ] --END-- [ RunTime:0.000612s ]

[ 2017-02-27T17:00:03+08:00 ] 101.81.8.194 /index.php/Ment/Index/index.html
INFO: [ app_init ] --START--
INFO: Run Behavior\BuildLiteBehavior [ RunTime:0.000010s ]
INFO: [ app_init ] --END-- [ RunTime:0.000313s ]
INFO: [ app_begin ] --START--
INFO: Run Behavior\ReadHtmlCacheBehavior [ RunTime:0.000394s ]
INFO: [ app_begin ] --END-- [ RunTime:0.000431s ]
INFO: [ view_parse ] --START--
INFO: [ template_filter ] --START--
INFO: Run Behavior\ContentReplaceBehavior [ RunTime:0.000020s ]
INFO: [ template_filter ] --END-- [ RunTime:0.000056s ]
INFO: Run Behavior\ParseTemplateBehavior [ RunTime:0.004193s ]
INFO: [ view_parse ] --END-- [ RunTime:0.004226s ]
INFO: [ view_filter ] --START--
INFO: Run Behavior\WriteHtmlCacheBehavior [ RunTime:0.000122s ]
INFO: [ view_filter ] --END-- [ RunTime:0.000149s ]
INFO: [ app_end ] --START--
INFO: Run Behavior\ShowPageTraceBehavior [ RunTime:0.000393s ]
INFO: [ app_end ] --END-- [ RunTime:0.000423s ]

[ 2017-02-27T17:00:03+08:00 ] 101.81.8.194 /index.php/Ment/Index/head.html
INFO: [ app_init ] --START--
INFO: Run Behavior\BuildLiteBehavior [ RunTime:0.000017s ]
INFO: [ app_init ] --END-- [ RunTime:0.000383s ]
INFO: [ app_begin ] --START--
INFO: Run Behavior\ReadHtmlCacheBehavior [ RunTime:0.000410s ]
INFO: [ app_begin ] --END-- [ RunTime:0.000448s ]
INFO: [ view_parse ] --START--
INFO: [ template_filter ] --START--
INFO: Run Behavior\ContentReplaceBehavior [ RunTime:0.000037s ]
INFO: [ template_filter ] --END-- [ RunTime:0.000084s ]
INFO: Run Behavior\ParseTemplateBehavior [ RunTime:0.004706s ]
INFO: [ view_parse ] --END-- [ RunTime:0.004742s ]
INFO: [ view_filter ] --START--
INFO: Run Behavior\WriteHtmlCacheBehavior [ RunTime:0.000149s ]
INFO: [ view_filter ] --END-- [ RunTime:0.000177s ]
INFO: [ app_end ] --START--
INFO: Run Behavior\ShowPageTraceBehavior [ RunTime:0.000444s ]
INFO: [ app_end ] --END-- [ RunTime:0.000477s ]

[ 2017-02-27T17:00:03+08:00 ] 101.81.8.194 /index.php/Ment/Index/right.html
INFO: [ app_init ] --START--
INFO: Run Behavior\BuildLiteBehavior [ RunTime:0.000011s ]
INFO: [ app_init ] --END-- [ RunTime:0.000293s ]
INFO: [ app_begin ] --START--
INFO: Run Behavior\ReadHtmlCacheBehavior [ RunTime:0.000369s ]
INFO: [ app_begin ] --END-- [ RunTime:0.000408s ]
INFO: [ view_parse ] --START--
INFO: [ template_filter ] --START--
INFO: Run Behavior\ContentReplaceBehavior [ RunTime:0.000044s ]
INFO: [ template_filter ] --END-- [ RunTime:0.000081s ]
INFO: Run Behavior\ParseTemplateBehavior [ RunTime:0.004658s ]
INFO: [ view_parse ] --END-- [ RunTime:0.004694s ]
INFO: [ view_filter ] --START--
INFO: Run Behavior\WriteHtmlCacheBehavior [ RunTime:0.000125s ]
INFO: [ view_filter ] --END-- [ RunTime:0.000154s ]
INFO: [ app_end ] --START--
INFO: Run Behavior\ShowPageTraceBehavior [ RunTime:0.000399s ]
INFO: [ app_end ] --END-- [ RunTime:0.000431s ]

[ 2017-02-27T17:00:03+08:00 ] 101.81.8.194 /index.php/Ment/Index/left.html
INFO: [ app_init ] --START--
INFO: Run Behavior\BuildLiteBehavior [ RunTime:0.000011s ]
INFO: [ app_init ] --END-- [ RunTime:0.000317s ]
INFO: [ app_begin ] --START--
INFO: Run Behavior\ReadHtmlCacheBehavior [ RunTime:0.000375s ]
INFO: [ app_begin ] --END-- [ RunTime:0.000439s ]
INFO: [ view_parse ] --START--
INFO: [ template_filter ] --START--
INFO: Run Behavior\ContentReplaceBehavior [ RunTime:0.000118s ]
INFO: [ template_filter ] --END-- [ RunTime:0.000169s ]
INFO: Run Behavior\ParseTemplateBehavior [ RunTime:0.006509s ]
INFO: [ view_parse ] --END-- [ RunTime:0.006549s ]
INFO: [ view_filter ] --START--
INFO: Run Behavior\WriteHtmlCacheBehavior [ RunTime:0.000131s ]
INFO: [ view_filter ] --END-- [ RunTime:0.000161s ]
INFO: [ app_end ] --START--
INFO: Run Behavior\ShowPageTraceBehavior [ RunTime:0.000490s ]
INFO: [ app_end ] --END-- [ RunTime:0.000538s ]

[ 2017-02-27T17:00:05+08:00 ] 101.81.8.194 /index.php/Ment/Coach/jl_list.html
INFO: [ app_init ] --START--
INFO: Run Behavior\BuildLiteBehavior [ RunTime:0.000012s ]
INFO: [ app_init ] --END-- [ RunTime:0.000297s ]
INFO: [ app_begin ] --START--
INFO: Run Behavior\ReadHtmlCacheBehavior [ RunTime:0.000369s ]
INFO: [ app_begin ] --END-- [ RunTime:0.000405s ]
SQL: SHOW COLUMNS FROM `xueche1_coach` [ RunTime:0.0014s ]
SQL: SELECT COUNT(*) AS tp_count FROM `xueche1_coach` LIMIT 1   [ RunTime:0.0005s ]
SQL: SELECT `id`,`userid`,`account`,`img`,`sex`,`nickname`,`score`,`ntime`,`jltype`,`serialId`,`carNumber`,`address`,`cityid`,`verify`,`lastupdate` FROM `xueche1_coach` ORDER BY id asc LIMIT 0,14   [ RunTime:0.0005s ]
SQL: SHOW COLUMNS FROM `xueche1_list` [ RunTime:0.0012s ]
SQL: SELECT COUNT(*) AS tp_count FROM `xueche1_list` WHERE ( objectid='E7D96389_D40B_EA8B_46DF_99FF792C0D27' ) LIMIT 1   [ RunTime:0.0002s ]
SQL: SHOW COLUMNS FROM `xueche1_reservation` [ RunTime:0.0009s ]
SQL: SELECT COUNT(*) AS tp_count FROM `xueche1_reservation` WHERE ( objectid='E7D96389_D40B_EA8B_46DF_99FF792C0D27' ) LIMIT 1   [ RunTime:0.0002s ]
SQL: SHOW COLUMNS FROM `xueche1_student` [ RunTime:0.0009s ]
SQL: SELECT COUNT(*) AS tp_count FROM `xueche1_student` WHERE ( masterid='E7D96389_D40B_EA8B_46DF_99FF792C0D27' ) LIMIT 1   [ RunTime:0.0002s ]
SQL: SHOW COLUMNS FROM `xueche1_citys` [ RunTime:0.0007s ]
SQL: SELECT `cityname` FROM `xueche1_citys` WHERE ( id=1 ) LIMIT 1   [ RunTime:0.0002s ]
SQL: SELECT COUNT(*) AS tp_count FROM `xueche1_list` WHERE ( objectid='81362E0D_4200_7FE6_EFDC_7051A54E34AD' ) LIMIT 1   [ RunTime:0.0002s ]
SQL: SELECT COUNT(*) AS tp_count FROM `xueche1_reservation` WHERE ( objectid='81362E0D_4200_7FE6_EFDC_7051A54E34AD' ) LIMIT 1   [ RunTime:0.0002s ]
SQL: SELECT COUNT(*) AS tp_count FROM `xueche1_student` WHERE ( masterid='81362E0D_4200_7FE6_EFDC_7051A54E34AD' ) LIMIT 1   [ RunTime:0.0002s ]
SQL: SELECT `cityname` FROM `xueche1_citys` WHERE ( id=1 ) LIMIT 1   [ RunTime:0.0002s ]
SQL: SELECT COUNT(*) AS tp_count FROM `xueche1_list` WHERE ( objectid='B0D60BCC_05C2_C391_5640_D0AC680B41AF' ) LIMIT 1   [ RunTime:0.0002s ]
SQL: SELECT COUNT(*) AS tp_count FROM `xueche1_reservation` WHERE ( objectid='B0D60BCC_05C2_C391_5640_D0AC680B41AF' ) LIMIT 1   [ RunTime:0.0002s ]
SQL: SELECT COUNT(*) AS tp_count FROM `xueche1_student` WHERE ( masterid='B0D60BCC_05C2_C391_5640_D0AC680B41AF' ) LIMIT 1   [ RunTime:0.0002s ]
SQL: SELECT `cityname` FROM `xueche1_citys` WHERE ( id=1 ) LIMIT 1   [ RunTime:0.0002s ]
SQL: SELECT COUNT(*) AS tp_count FROM `xueche1_list` WHERE ( objectid='C203E3AC_FE4C_FB3C_8584_3499F46C6863' ) LIMIT 1   [ RunTime:0.0002s ]
SQL: SELECT COUNT(*) AS tp_count FROM `xueche1_reservation` WHERE ( objectid='C203E3AC_FE4C_FB3C_8584_3499F46C6863' ) LIMIT 1   [ RunTime:0.0002s ]
SQL: SELECT COUNT(*) AS tp_count FROM `xueche1_student` WHERE ( masterid='C203E3AC_FE4C_FB3C_8584_3499F46C6863' ) LIMIT 1   [ RunTime:0.0002s ]
SQL: SELECT `cityname` FROM `xueche1_citys` WHERE ( id=1 ) LIMIT 1   [ RunTime:0.0003s ]
SQL: SELECT COUNT(*) AS tp_count FROM `xueche1_list` WHERE ( objectid='6DD1B43D_35EF_30DE_BE07_6429980F2F53' ) LIMIT 1   [ RunTime:0.0002s ]
SQL: SELECT COUNT(*) AS tp_count FROM `xueche1_reservation` WHERE ( objectid='6DD1B43D_35EF_30DE_BE07_6429980F2F53' ) LIMIT 1   [ RunTime:0.0002s ]
SQL: SELECT COUNT(*) AS tp_count FROM `xueche1_student` WHERE ( masterid='6DD1B43D_35EF_30DE_BE07_6429980F2F53' ) LIMIT 1   [ RunTime:0.0002s ]
SQL: SELECT `cityname` FROM `xueche1_citys` WHERE ( id=1 ) LIMIT 1   [ RunTime:0.0002s ]
SQL: SELECT COUNT(*) AS tp_count FROM `xueche1_list` WHERE ( objectid='E5A467B7_19E4_9EF3_BAC5_09EED04DB1F0' ) LIMIT 1   [ RunTime:0.0002s ]
SQL: SELECT COUNT(*) AS tp_count FROM `xueche1_reservation` WHERE ( objectid='E5A467B7_19E4_9EF3_BAC5_09EED04DB1F0' ) LIMIT 1   [ RunTime:0.0002s ]
SQL: SELECT COUNT(*) AS tp_count FROM `xueche1_student` WHERE ( masterid='E5A467B7_19E4_9EF3_BAC5_09EED04DB1F0' ) LIMIT 1   [ RunTime:0.0002s ]
SQL: SELECT `cityname` FROM `xueche1_citys` WHERE ( id=1 ) LIMIT 1   [ RunTime:0.0002s ]
SQL: SELECT COUNT(*) AS tp_count FROM `xueche1_list` WHERE ( objectid='C1F5DB3A_58E5_037F_6B86_1B00F17856E0' ) LIMIT 1   [ RunTime:0.0002s ]
SQL: SELECT COUNT(*) AS tp_count FROM `xueche1_reservation` WHERE ( objectid='C1F5DB3A_58E5_037F_6B86_1B00F17856E0' ) LIMIT 1   [ RunTime:0.0002s ]
SQL: SELECT COUNT(*) AS tp_count FROM `xueche1_student` WHERE ( masterid='C1F5DB3A_58E5_037F_6B86_1B00F17856E0' ) LIMIT 1   [ RunTime:0.0002s ]
SQL: SELECT `cityname` FROM `xueche1_citys` WHERE ( id=1 ) LIMIT 1   [ RunTime:0.0002s ]
SQL: SELECT COUNT(*) AS tp_count FROM `xueche1_list` WHERE ( objectid='B3738353_D3FF_F20F_5946_E462A6912AF5' ) LIMIT 1   [ RunTime:0.0002s ]
SQL: SELECT COUNT(*) AS tp_count FROM `xueche1_reservation` WHERE ( objectid='B3738353_D3FF_F20F_5946_E462A6912AF5' ) LIMIT 1   [ RunTime:0.0002s ]
SQL: SELECT COUNT(*) AS tp_count FROM `xueche1_student` WHERE ( masterid='B3738353_D3FF_F20F_5946_E462A6912AF5' ) LIMIT 1   [ RunTime:0.0002s ]
SQL: SELECT `cityname` FROM `xueche1_citys` WHERE ( id=1 ) LIMIT 1   [ RunTime:0.0002s ]
SQL: SELECT COUNT(*) AS tp_count FROM `xueche1_list` WHERE ( objectid='BB6B1DE1_2B6E_B965_C5AC_BA18875F06D3' ) LIMIT 1   [ RunTime:0.0002s ]
SQL: SELECT COUNT(*) AS tp_count FROM `xueche1_reservation` WHERE ( objectid='BB6B1DE1_2B6E_B965_C5AC_BA18875F06D3' ) LIMIT 1   [ RunTime:0.0002s ]
SQL: SELECT COUNT(*) AS tp_count FROM `xueche1_student` WHERE ( masterid='BB6B1DE1_2B6E_B965_C5AC_BA18875F06D3' ) LIMIT 1   [ RunTime:0.0002s ]
SQL: SELECT `cityname` FROM `xueche1_citys` WHERE ( id=1 ) LIMIT 1   [ RunTime:0.0003s ]
SQL: SELECT COUNT(*) AS tp_count FROM `xueche1_list` WHERE ( objectid='786540E1_0A54_8D31_076F_18E69A06D850' ) LIMIT 1   [ RunTime:0.0002s ]
SQL: SELECT COUNT(*) AS tp_count FROM `xueche1_reservation` WHERE ( objectid='786540E1_0A54_8D31_076F_18E69A06D850' ) LIMIT 1   [ RunTime:0.0002s ]
SQL: SELECT COUNT(*) AS tp_count FROM `xueche1_student` WHERE ( masterid='786540E1_0A54_8D31_076F_18E69A06D850' ) LIMIT 1   [ RunTime:0.0002s ]
SQL: SELECT `cityname` FROM `xueche1_citys` WHERE ( id=1 ) LIMIT 1   [ RunTime:0.0002s ]
SQL: SELECT COUNT(*) AS tp_count FROM `xueche1_list` WHERE ( objectid='D001B15F_B869_2DCC_B031_5FDB1B819F9D' ) LIMIT 1   [ RunTime:0.0002s ]
SQL: SELECT COUNT(*) AS tp_count FROM `xueche1_reservation` WHERE ( objectid='D001B15F_B869_2DCC_B031_5FDB1B819F9D' ) LIMIT 1   [ RunTime:0.0002s ]
SQL: SELECT COUNT(*) AS tp_count FROM `xueche1_student` WHERE ( masterid='D001B15F_B869_2DCC_B031_5FDB1B819F9D' ) LIMIT 1   [ RunTime:0.0002s ]
SQL: SELECT `cityname` FROM `xueche1_citys` WHERE ( id=1 ) LIMIT 1   [ RunTime:0.0002s ]
SQL: SELECT COUNT(*) AS tp_count FROM `xueche1_list` WHERE ( objectid='F3443A9E_B21B_493D_0407_3AA87D760D6B' ) LIMIT 1   [ RunTime:0.0002s ]
SQL: SELECT COUNT(*) AS tp_count FROM `xueche1_reservation` WHERE ( objectid='F3443A9E_B21B_493D_0407_3AA87D760D6B' ) LIMIT 1   [ RunTime:0.0002s ]
SQL: SELECT COUNT(*) AS tp_count FROM `xueche1_student` WHERE ( masterid='F3443A9E_B21B_493D_0407_3AA87D760D6B' ) LIMIT 1   [ RunTime:0.0002s ]
SQL: SELECT `cityname` FROM `xueche1_citys` WHERE ( id=1 ) LIMIT 1   [ RunTime:0.0002s ]
SQL: SELECT COUNT(*) AS tp_count FROM `xueche1_list` WHERE ( objectid='96591126_B8F1_6F37_624D_40E1B8799AB4' ) LIMIT 1   [ RunTime:0.0002s ]
SQL: SELECT COUNT(*) AS tp_count FROM `xueche1_reservation` WHERE ( objectid='96591126_B8F1_6F37_624D_40E1B8799AB4' ) LIMIT 1   [ RunTime:0.0002s ]
SQL: SELECT COUNT(*) AS tp_count FROM `xueche1_student` WHERE ( masterid='96591126_B8F1_6F37_624D_40E1B8799AB4' ) LIMIT 1   [ RunTime:0.0002s ]
SQL: SELECT `cityname` FROM `xueche1_citys` WHERE ( id=1 ) LIMIT 1   [ RunTime:0.0002s ]
SQL: SELECT COUNT(*) AS tp_count FROM `xueche1_list` WHERE ( objectid='D28834C4_BEAE_74E7_EB54_F6A3FF89B1C5' ) LIMIT 1   [ RunTime:0.0002s ]
SQL: SELECT COUNT(*) AS tp_count FROM `xueche1_reservation` WHERE ( objectid='D28834C4_BEAE_74E7_EB54_F6A3FF89B1C5' ) LIMIT 1   [ RunTime:0.0002s ]
SQL: SELECT COUNT(*) AS tp_count FROM `xueche1_student` WHERE ( masterid='D28834C4_BEAE_74E7_EB54_F6A3FF89B1C5' ) LIMIT 1   [ RunTime:0.0002s ]
SQL: SELECT `cityname` FROM `xueche1_citys` WHERE ( id=1 ) LIMIT 1   [ RunTime:0.0002s ]
SQL: SELECT `id`,`cityname` FROM `xueche1_citys` WHERE ( flag=1 )  [ RunTime:0.0003s ]
INFO: [ view_parse ] --START--
INFO: [ template_filter ] --START--
INFO: Run Behavior\ContentReplaceBehavior [ RunTime:0.000060s ]
INFO: [ template_filter ] --END-- [ RunTime:0.000096s ]
INFO: Run Behavior\ParseTemplateBehavior [ RunTime:0.009620s ]
INFO: [ view_parse ] --END-- [ RunTime:0.009662s ]
INFO: [ view_filter ] --START--
INFO: Run Behavior\WriteHtmlCacheBehavior [ RunTime:0.000131s ]
INFO: [ view_filter ] --END-- [ RunTime:0.000159s ]
INFO: [ app_end ] --START--
INFO: Run Behavior\ShowPageTraceBehavior [ RunTime:0.000459s ]
INFO: [ app_end ] --END-- [ RunTime:0.000495s ]

[ 2017-02-27T17:00:09+08:00 ] 101.81.8.194 /index.php/Ment/Student/stu_list.html
INFO: [ app_init ] --START--
INFO: Run Behavior\BuildLiteBehavior [ RunTime:0.000014s ]
INFO: [ app_init ] --END-- [ RunTime:0.000311s ]
INFO: [ app_begin ] --START--
INFO: Run Behavior\ReadHtmlCacheBehavior [ RunTime:0.000402s ]
INFO: [ app_begin ] --END-- [ RunTime:0.000441s ]
SQL: SHOW COLUMNS FROM `xueche1_user` [ RunTime:0.0012s ]
SQL: SELECT COUNT(*) AS tp_count FROM `xueche1_user` LIMIT 1   [ RunTime:0.0003s ]
SQL: SELECT `id`,`account`,`sex`,`userid`,`ntime`,`nickname`,`img`,`phone`,`address`,`subjects`,`jtype`,`verify`,`lastupdate` FROM `xueche1_user` LIMIT 0,12   [ RunTime:0.0004s ]
SQL: SHOW COLUMNS FROM `xueche1_list` [ RunTime:0.0012s ]
SQL: SELECT COUNT(*) AS tp_count FROM `xueche1_list` WHERE ( masterid='1ACCA599_8206_F1DA_90D3_BCFC6243E415' ) LIMIT 1   [ RunTime:0.0003s ]
SQL: SHOW COLUMNS FROM `xueche1_reservation` [ RunTime:0.0009s ]
SQL: SELECT COUNT(*) AS tp_count FROM `xueche1_reservation` WHERE ( masterid='1ACCA599_8206_F1DA_90D3_BCFC6243E415' ) LIMIT 1   [ RunTime:0.0002s ]
SQL: SELECT COUNT(*) AS tp_count FROM `xueche1_list` WHERE ( masterid='008B5940_E4E6_081D_4B3E_C180E2AD0AC0' ) LIMIT 1   [ RunTime:0.0002s ]
SQL: SELECT COUNT(*) AS tp_count FROM `xueche1_reservation` WHERE ( masterid='008B5940_E4E6_081D_4B3E_C180E2AD0AC0' ) LIMIT 1   [ RunTime:0.0002s ]
SQL: SELECT COUNT(*) AS tp_count FROM `xueche1_list` WHERE ( masterid='0BC9E90D_7014_323C_F4C1_72E8C7F568F9' ) LIMIT 1   [ RunTime:0.0002s ]
SQL: SELECT COUNT(*) AS tp_count FROM `xueche1_reservation` WHERE ( masterid='0BC9E90D_7014_323C_F4C1_72E8C7F568F9' ) LIMIT 1   [ RunTime:0.0002s ]
SQL: SELECT COUNT(*) AS tp_count FROM `xueche1_list` WHERE ( masterid='87696BB0_B365_6EC8_BE24_DBE30E4901B7' ) LIMIT 1   [ RunTime:0.0002s ]
SQL: SELECT COUNT(*) AS tp_count FROM `xueche1_reservation` WHERE ( masterid='87696BB0_B365_6EC8_BE24_DBE30E4901B7' ) LIMIT 1   [ RunTime:0.0002s ]
SQL: SELECT COUNT(*) AS tp_count FROM `xueche1_list` WHERE ( masterid='8CF687BE_A1AF_5F50_5C3F_C051BB0218A7' ) LIMIT 1   [ RunTime:0.0002s ]
SQL: SELECT COUNT(*) AS tp_count FROM `xueche1_reservation` WHERE ( masterid='8CF687BE_A1AF_5F50_5C3F_C051BB0218A7' ) LIMIT 1   [ RunTime:0.0002s ]
SQL: SELECT COUNT(*) AS tp_count FROM `xueche1_list` WHERE ( masterid='31A9D405_1D2C_9B12_0F90_2D23CE00E7D4' ) LIMIT 1   [ RunTime:0.0002s ]
SQL: SELECT COUNT(*) AS tp_count FROM `xueche1_reservation` WHERE ( masterid='31A9D405_1D2C_9B12_0F90_2D23CE00E7D4' ) LIMIT 1   [ RunTime:0.0003s ]
SQL: SELECT COUNT(*) AS tp_count FROM `xueche1_list` WHERE ( masterid='E6ED960E_234F_6DA4_31D1_D59CD435B2FB' ) LIMIT 1   [ RunTime:0.0002s ]
SQL: SELECT COUNT(*) AS tp_count FROM `xueche1_reservation` WHERE ( masterid='E6ED960E_234F_6DA4_31D1_D59CD435B2FB' ) LIMIT 1   [ RunTime:0.0002s ]
SQL: SELECT COUNT(*) AS tp_count FROM `xueche1_list` WHERE ( masterid='7F8CCC4C_F02E_14ED_229E_3BDE596A21DB' ) LIMIT 1   [ RunTime:0.0002s ]
SQL: SELECT COUNT(*) AS tp_count FROM `xueche1_reservation` WHERE ( masterid='7F8CCC4C_F02E_14ED_229E_3BDE596A21DB' ) LIMIT 1   [ RunTime:0.0002s ]
SQL: SELECT COUNT(*) AS tp_count FROM `xueche1_list` WHERE ( masterid='AFB797DF_6911_1FE3_F080_AD2BB69B7170' ) LIMIT 1   [ RunTime:0.0002s ]
SQL: SELECT COUNT(*) AS tp_count FROM `xueche1_reservation` WHERE ( masterid='AFB797DF_6911_1FE3_F080_AD2BB69B7170' ) LIMIT 1   [ RunTime:0.0002s ]
SQL: SELECT COUNT(*) AS tp_count FROM `xueche1_list` WHERE ( masterid='109F2EA7_09D2_A6DC_0EBE_8F591E4D489E' ) LIMIT 1   [ RunTime:0.0002s ]
SQL: SELECT COUNT(*) AS tp_count FROM `xueche1_reservation` WHERE ( masterid='109F2EA7_09D2_A6DC_0EBE_8F591E4D489E' ) LIMIT 1   [ RunTime:0.0002s ]
SQL: SELECT COUNT(*) AS tp_count FROM `xueche1_list` WHERE ( masterid='B563CA22_E9C8_F343_5929_88BA7101E156' ) LIMIT 1   [ RunTime:0.0002s ]
SQL: SELECT COUNT(*) AS tp_count FROM `xueche1_reservation` WHERE ( masterid='B563CA22_E9C8_F343_5929_88BA7101E156' ) LIMIT 1   [ RunTime:0.0002s ]
SQL: SELECT COUNT(*) AS tp_count FROM `xueche1_list` WHERE ( masterid='56FF69D6_45CF_6475_DFDF_6EA480B86B78' ) LIMIT 1   [ RunTime:0.0002s ]
SQL: SELECT COUNT(*) AS tp_count FROM `xueche1_reservation` WHERE ( masterid='56FF69D6_45CF_6475_DFDF_6EA480B86B78' ) LIMIT 1   [ RunTime:0.0002s ]
INFO: [ view_parse ] --START--
INFO: [ template_filter ] --START--
INFO: Run Behavior\ContentReplaceBehavior [ RunTime:0.000059s ]
INFO: [ template_filter ] --END-- [ RunTime:0.000096s ]
NOTIC: [8] Undefined variable: city /var/www/xueche/Application/Runtime/Cache/Ment/78a0ada67e5367ec2b72ca0babc20172.php 第 43 行.
INFO: Run Behavior\ParseTemplateBehavior [ RunTime:0.008115s ]
INFO: [ view_parse ] --END-- [ RunTime:0.008157s ]
INFO: [ view_filter ] --START--
INFO: Run Behavior\WriteHtmlCacheBehavior [ RunTime:0.000135s ]
INFO: [ view_filter ] --END-- [ RunTime:0.000165s ]
INFO: [ app_end ] --START--
INFO: Run Behavior\ShowPageTraceBehavior [ RunTime:0.000458s ]
INFO: [ app_end ] --END-- [ RunTime:0.000495s ]

[ 2017-02-27T17:00:11+08:00 ] 101.81.8.194 /index.php/Ment/Student/stu_list/p/21.html
INFO: [ app_init ] --START--
INFO: Run Behavior\BuildLiteBehavior [ RunTime:0.000012s ]
INFO: [ app_init ] --END-- [ RunTime:0.000297s ]
INFO: [ app_begin ] --START--
INFO: Run Behavior\ReadHtmlCacheBehavior [ RunTime:0.000369s ]
INFO: [ app_begin ] --END-- [ RunTime:0.000408s ]
SQL: SHOW COLUMNS FROM `xueche1_user` [ RunTime:0.0013s ]
SQL: SELECT COUNT(*) AS tp_count FROM `xueche1_user` LIMIT 1   [ RunTime:0.0003s ]
SQL: SELECT `id`,`account`,`sex`,`userid`,`ntime`,`nickname`,`img`,`phone`,`address`,`subjects`,`jtype`,`verify`,`lastupdate` FROM `xueche1_user` LIMIT 240,12   [ RunTime:0.0007s ]
SQL: SHOW COLUMNS FROM `xueche1_list` [ RunTime:0.0013s ]
SQL: SELECT COUNT(*) AS tp_count FROM `xueche1_list` WHERE ( masterid='12053735-58C8-A60C-6EA5-1747004D2948' ) LIMIT 1   [ RunTime:0.0003s ]
SQL: SHOW COLUMNS FROM `xueche1_reservation` [ RunTime:0.0009s ]
SQL: SELECT COUNT(*) AS tp_count FROM `xueche1_reservation` WHERE ( masterid='12053735-58C8-A60C-6EA5-1747004D2948' ) LIMIT 1   [ RunTime:0.0003s ]
SQL: SELECT COUNT(*) AS tp_count FROM `xueche1_list` WHERE ( masterid='F2AB0868-0245-E120-3455-F8A680155CCD' ) LIMIT 1   [ RunTime:0.0002s ]
SQL: SELECT COUNT(*) AS tp_count FROM `xueche1_reservation` WHERE ( masterid='F2AB0868-0245-E120-3455-F8A680155CCD' ) LIMIT 1   [ RunTime:0.0002s ]
SQL: SELECT COUNT(*) AS tp_count FROM `xueche1_list` WHERE ( masterid='A6361370-44FD-D093-1E18-430335DCD359' ) LIMIT 1   [ RunTime:0.0002s ]
SQL: SELECT COUNT(*) AS tp_count FROM `xueche1_reservation` WHERE ( masterid='A6361370-44FD-D093-1E18-430335DCD359' ) LIMIT 1   [ RunTime:0.0002s ]
SQL: SELECT COUNT(*) AS tp_count FROM `xueche1_list` WHERE ( masterid='EF2CC7D0-3567-F3E4-B558-69A1A9C93E24' ) LIMIT 1   [ RunTime:0.0002s ]
SQL: SELECT COUNT(*) AS tp_count FROM `xueche1_reservation` WHERE ( masterid='EF2CC7D0-3567-F3E4-B558-69A1A9C93E24' ) LIMIT 1   [ RunTime:0.0002s ]
SQL: SELECT COUNT(*) AS tp_count FROM `xueche1_list` WHERE ( masterid='F1DD406E-7657-FC12-4DBE-C250A81D7268' ) LIMIT 1   [ RunTime:0.0002s ]
SQL: SELECT COUNT(*) AS tp_count FROM `xueche1_reservation` WHERE ( masterid='F1DD406E-7657-FC12-4DBE-C250A81D7268' ) LIMIT 1   [ RunTime:0.0002s ]
SQL: SELECT COUNT(*) AS tp_count FROM `xueche1_list` WHERE ( masterid='2A4BB5AB-20D2-80B7-EF1B-593AC1F11586' ) LIMIT 1   [ RunTime:0.0002s ]
SQL: SELECT COUNT(*) AS tp_count FROM `xueche1_reservation` WHERE ( masterid='2A4BB5AB-20D2-80B7-EF1B-593AC1F11586' ) LIMIT 1   [ RunTime:0.0002s ]
SQL: SELECT COUNT(*) AS tp_count FROM `xueche1_list` WHERE ( masterid='92F6DCA9-A98A-0171-E1DE-E7E3E449FFE1' ) LIMIT 1   [ RunTime:0.0002s ]
SQL: SELECT COUNT(*) AS tp_count FROM `xueche1_reservation` WHERE ( masterid='92F6DCA9-A98A-0171-E1DE-E7E3E449FFE1' ) LIMIT 1   [ RunTime:0.0002s ]
SQL: SELECT COUNT(*) AS tp_count FROM `xueche1_list` WHERE ( masterid='1FD0CF26-B55F-9096-5702-7A643B02FFDE' ) LIMIT 1   [ RunTime:0.0002s ]
SQL: SELECT COUNT(*) AS tp_count FROM `xueche1_reservation` WHERE ( masterid='1FD0CF26-B55F-9096-5702-7A643B02FFDE' ) LIMIT 1   [ RunTime:0.0002s ]
SQL: SELECT COUNT(*) AS tp_count FROM `xueche1_list` WHERE ( masterid='D2F21BD5-DBE1-7501-0676-8E930CE1D4FA' ) LIMIT 1   [ RunTime:0.0002s ]
SQL: SELECT COUNT(*) AS tp_count FROM `xueche1_reservation` WHERE ( masterid='D2F21BD5-DBE1-7501-0676-8E930CE1D4FA' ) LIMIT 1   [ RunTime:0.0002s ]
SQL: SELECT COUNT(*) AS tp_count FROM `xueche1_list` WHERE ( masterid='81408A08-F563-413B-18C5-118A26939117' ) LIMIT 1   [ RunTime:0.0002s ]
SQL: SELECT COUNT(*) AS tp_count FROM `xueche1_reservation` WHERE ( masterid='81408A08-F563-413B-18C5-118A26939117' ) LIMIT 1   [ RunTime:0.0002s ]
SQL: SELECT COUNT(*) AS tp_count FROM `xueche1_list` WHERE ( masterid='CB10DF90-2117-B587-8535-F9FA1C04F5C9' ) LIMIT 1   [ RunTime:0.0002s ]
SQL: SELECT COUNT(*) AS tp_count FROM `xueche1_reservation` WHERE ( masterid='CB10DF90-2117-B587-8535-F9FA1C04F5C9' ) LIMIT 1   [ RunTime:0.0002s ]
INFO: [ view_parse ] --START--
INFO: [ template_filter ] --START--
INFO: Run Behavior\ContentReplaceBehavior [ RunTime:0.000062s ]
INFO: [ template_filter ] --END-- [ RunTime:0.000102s ]
NOTIC: [8] Undefined variable: city /var/www/xueche/Application/Runtime/Cache/Ment/78a0ada67e5367ec2b72ca0babc20172.php 第 43 行.
INFO: Run Behavior\ParseTemplateBehavior [ RunTime:0.007994s ]
INFO: [ view_parse ] --END-- [ RunTime:0.008036s ]
INFO: [ view_filter ] --START--
INFO: Run Behavior\WriteHtmlCacheBehavior [ RunTime:0.000134s ]
INFO: [ view_filter ] --END-- [ RunTime:0.000164s ]
INFO: [ app_end ] --START--
INFO: Run Behavior\ShowPageTraceBehavior [ RunTime:0.000452s ]
INFO: [ app_end ] --END-- [ RunTime:0.000491s ]

[ 2017-02-27T17:00:15+08:00 ] 101.81.8.194 /index.php/Ment/Student/stu_list.html
INFO: [ app_init ] --START--
INFO: Run Behavior\BuildLiteBehavior [ RunTime:0.000013s ]
INFO: [ app_init ] --END-- [ RunTime:0.000306s ]
INFO: [ app_begin ] --START--
INFO: Run Behavior\ReadHtmlCacheBehavior [ RunTime:0.000369s ]
INFO: [ app_begin ] --END-- [ RunTime:0.000406s ]
SQL: SHOW COLUMNS FROM `xueche1_user` [ RunTime:0.0011s ]
SQL: SELECT COUNT(*) AS tp_count FROM `xueche1_user` LIMIT 1   [ RunTime:0.0003s ]
SQL: SELECT `id`,`account`,`sex`,`userid`,`ntime`,`nickname`,`img`,`phone`,`address`,`subjects`,`jtype`,`verify`,`lastupdate` FROM `xueche1_user` LIMIT 0,12   [ RunTime:0.0004s ]
SQL: SHOW COLUMNS FROM `xueche1_list` [ RunTime:0.0012s ]
SQL: SELECT COUNT(*) AS tp_count FROM `xueche1_list` WHERE ( masterid='1ACCA599_8206_F1DA_90D3_BCFC6243E415' ) LIMIT 1   [ RunTime:0.0003s ]
SQL: SHOW COLUMNS FROM `xueche1_reservation` [ RunTime:0.0009s ]
SQL: SELECT COUNT(*) AS tp_count FROM `xueche1_reservation` WHERE ( masterid='1ACCA599_8206_F1DA_90D3_BCFC6243E415' ) LIMIT 1   [ RunTime:0.0002s ]
SQL: SELECT COUNT(*) AS tp_count FROM `xueche1_list` WHERE ( masterid='008B5940_E4E6_081D_4B3E_C180E2AD0AC0' ) LIMIT 1   [ RunTime:0.0002s ]
SQL: SELECT COUNT(*) AS tp_count FROM `xueche1_reservation` WHERE ( masterid='008B5940_E4E6_081D_4B3E_C180E2AD0AC0' ) LIMIT 1   [ RunTime:0.0002s ]
SQL: SELECT COUNT(*) AS tp_count FROM `xueche1_list` WHERE ( masterid='0BC9E90D_7014_323C_F4C1_72E8C7F568F9' ) LIMIT 1   [ RunTime:0.0002s ]
SQL: SELECT COUNT(*) AS tp_count FROM `xueche1_reservation` WHERE ( masterid='0BC9E90D_7014_323C_F4C1_72E8C7F568F9' ) LIMIT 1   [ RunTime:0.0002s ]
SQL: SELECT COUNT(*) AS tp_count FROM `xueche1_list` WHERE ( masterid='87696BB0_B365_6EC8_BE24_DBE30E4901B7' ) LIMIT 1   [ RunTime:0.0002s ]
SQL: SELECT COUNT(*) AS tp_count FROM `xueche1_reservation` WHERE ( masterid='87696BB0_B365_6EC8_BE24_DBE30E4901B7' ) LIMIT 1   [ RunTime:0.0002s ]
SQL: SELECT COUNT(*) AS tp_count FROM `xueche1_list` WHERE ( masterid='8CF687BE_A1AF_5F50_5C3F_C051BB0218A7' ) LIMIT 1   [ RunTime:0.0002s ]
SQL: SELECT COUNT(*) AS tp_count FROM `xueche1_reservation` WHERE ( masterid='8CF687BE_A1AF_5F50_5C3F_C051BB0218A7' ) LIMIT 1   [ RunTime:0.0002s ]
SQL: SELECT COUNT(*) AS tp_count FROM `xueche1_list` WHERE ( masterid='31A9D405_1D2C_9B12_0F90_2D23CE00E7D4' ) LIMIT 1   [ RunTime:0.0002s ]
SQL: SELECT COUNT(*) AS tp_count FROM `xueche1_reservation` WHERE ( masterid='31A9D405_1D2C_9B12_0F90_2D23CE00E7D4' ) LIMIT 1   [ RunTime:0.0002s ]
SQL: SELECT COUNT(*) AS tp_count FROM `xueche1_list` WHERE ( masterid='E6ED960E_234F_6DA4_31D1_D59CD435B2FB' ) LIMIT 1   [ RunTime:0.0002s ]
SQL: SELECT COUNT(*) AS tp_count FROM `xueche1_reservation` WHERE ( masterid='E6ED960E_234F_6DA4_31D1_D59CD435B2FB' ) LIMIT 1   [ RunTime:0.0002s ]
SQL: SELECT COUNT(*) AS tp_count FROM `xueche1_list` WHERE ( masterid='7F8CCC4C_F02E_14ED_229E_3BDE596A21DB' ) LIMIT 1   [ RunTime:0.0002s ]
SQL: SELECT COUNT(*) AS tp_count FROM `xueche1_reservation` WHERE ( masterid='7F8CCC4C_F02E_14ED_229E_3BDE596A21DB' ) LIMIT 1   [ RunTime:0.0002s ]
SQL: SELECT COUNT(*) AS tp_count FROM `xueche1_list` WHERE ( masterid='AFB797DF_6911_1FE3_F080_AD2BB69B7170' ) LIMIT 1   [ RunTime:0.0002s ]
SQL: SELECT COUNT(*) AS tp_count FROM `xueche1_reservation` WHERE ( masterid='AFB797DF_6911_1FE3_F080_AD2BB69B7170' ) LIMIT 1   [ RunTime:0.0002s ]
SQL: SELECT COUNT(*) AS tp_count FROM `xueche1_list` WHERE ( masterid='109F2EA7_09D2_A6DC_0EBE_8F591E4D489E' ) LIMIT 1   [ RunTime:0.0002s ]
SQL: SELECT COUNT(*) AS tp_count FROM `xueche1_reservation` WHERE ( masterid='109F2EA7_09D2_A6DC_0EBE_8F591E4D489E' ) LIMIT 1   [ RunTime:0.0002s ]
SQL: SELECT COUNT(*) AS tp_count FROM `xueche1_list` WHERE ( masterid='B563CA22_E9C8_F343_5929_88BA7101E156' ) LIMIT 1   [ RunTime:0.0002s ]
SQL: SELECT COUNT(*) AS tp_count FROM `xueche1_reservation` WHERE ( masterid='B563CA22_E9C8_F343_5929_88BA7101E156' ) LIMIT 1   [ RunTime:0.0002s ]
SQL: SELECT COUNT(*) AS tp_count FROM `xueche1_list` WHERE ( masterid='56FF69D6_45CF_6475_DFDF_6EA480B86B78' ) LIMIT 1   [ RunTime:0.0002s ]
SQL: SELECT COUNT(*) AS tp_count FROM `xueche1_reservation` WHERE ( masterid='56FF69D6_45CF_6475_DFDF_6EA480B86B78' ) LIMIT 1   [ RunTime:0.0002s ]
INFO: [ view_parse ] --START--
INFO: [ template_filter ] --START--
INFO: Run Behavior\ContentReplaceBehavior [ RunTime:0.000058s ]
INFO: [ template_filter ] --END-- [ RunTime:0.000096s ]
NOTIC: [8] Undefined variable: city /var/www/xueche/Application/Runtime/Cache/Ment/78a0ada67e5367ec2b72ca0babc20172.php 第 43 行.
INFO: Run Behavior\ParseTemplateBehavior [ RunTime:0.007957s ]
INFO: [ view_parse ] --END-- [ RunTime:0.007998s ]
INFO: [ view_filter ] --START--
INFO: Run Behavior\WriteHtmlCacheBehavior [ RunTime:0.000132s ]
INFO: [ view_filter ] --END-- [ RunTime:0.000163s ]
INFO: [ app_end ] --START--
INFO: Run Behavior\ShowPageTraceBehavior [ RunTime:0.000456s ]
INFO: [ app_end ] --END-- [ RunTime:0.000494s ]

[ 2017-02-27T17:00:16+08:00 ] 101.81.8.194 /index.php/Ment/Order/order_list.html
INFO: [ app_init ] --START--
INFO: Run Behavior\BuildLiteBehavior [ RunTime:0.000011s ]
INFO: [ app_init ] --END-- [ RunTime:0.000323s ]
INFO: [ app_begin ] --START--
INFO: Run Behavior\ReadHtmlCacheBehavior [ RunTime:0.000377s ]
INFO: [ app_begin ] --END-- [ RunTime:0.000416s ]
SQL: SHOW COLUMNS FROM `xueche1_list` [ RunTime:0.0013s ]
SQL: SELECT COUNT(*) AS tp_count FROM `xueche1_list` LIMIT 1   [ RunTime:0.0002s ]
SQL: SELECT `id`,`masterid`,`listid`,`mode`,`listtime`,`masname`,`listname`,`description`,`state`,`payment_type`,`customer`,`returndate`,`Cl_type`,`lastupdate` FROM `xueche1_list` ORDER BY id desc LIMIT 0,27   [ RunTime:0.0005s ]
SQL: SHOW COLUMNS FROM `xueche1_user` [ RunTime:0.0010s ]
SQL: SELECT `nickname` FROM `xueche1_user` WHERE ( userid='BFC7872D-6896-A71A-0673-FD669C633853' ) LIMIT 1   [ RunTime:0.0003s ]
SQL: SHOW COLUMNS FROM `xueche1_admin` [ RunTime:0.0008s ]
SQL: SELECT `username` FROM `xueche1_admin` WHERE ( id=26 ) LIMIT 1   [ RunTime:0.0002s ]
SQL: SELECT `nickname` FROM `xueche1_user` WHERE ( userid='0BC9E90D_7014_323C_F4C1_72E8C7F568F9' ) LIMIT 1   [ RunTime:0.0002s ]
SQL: SELECT `username` FROM `xueche1_admin` WHERE ( id=22 ) LIMIT 1   [ RunTime:0.0002s ]
SQL: SELECT `nickname` FROM `xueche1_user` WHERE ( userid='0AE3A817-37A7-097C-2DCC-F0B5BEA4C347' ) LIMIT 1   [ RunTime:0.0002s ]
SQL: SELECT `username` FROM `xueche1_admin` WHERE ( id=26 ) LIMIT 1   [ RunTime:0.0002s ]
SQL: SELECT `nickname` FROM `xueche1_user` WHERE ( userid='507A10FB-D633-7139-78C2-A0F18B37F50D' ) LIMIT 1   [ RunTime:0.0002s ]
SQL: SELECT `username` FROM `xueche1_admin` WHERE ( id=22 ) LIMIT 1   [ RunTime:0.0002s ]
SQL: SELECT `nickname` FROM `xueche1_user` WHERE ( userid='0AE3A817-37A7-097C-2DCC-F0B5BEA4C347' ) LIMIT 1   [ RunTime:0.0002s ]
SQL: SELECT `username` FROM `xueche1_admin` WHERE ( id=26 ) LIMIT 1   [ RunTime:0.0002s ]
SQL: SELECT `nickname` FROM `xueche1_user` WHERE ( userid='CAF425C0-AFD9-EECB-9D78-136F9A7726CF' ) LIMIT 1   [ RunTime:0.0003s ]
SQL: SELECT `username` FROM `xueche1_admin` WHERE ( id=22 ) LIMIT 1   [ RunTime:0.0002s ]
SQL: SELECT `nickname` FROM `xueche1_user` WHERE ( userid='8CF687BE_A1AF_5F50_5C3F_C051BB0218A7' ) LIMIT 1   [ RunTime:0.0002s ]
SQL: SELECT `username` FROM `xueche1_admin` WHERE ( id=26 ) LIMIT 1   [ RunTime:0.0002s ]
SQL: SELECT `nickname` FROM `xueche1_user` WHERE ( userid='8CF687BE_A1AF_5F50_5C3F_C051BB0218A7' ) LIMIT 1   [ RunTime:0.0005s ]
SQL: SELECT `username` FROM `xueche1_admin` WHERE ( id=22 ) LIMIT 1   [ RunTime:0.0002s ]
SQL: SELECT `nickname` FROM `xueche1_user` WHERE ( userid='8CF687BE_A1AF_5F50_5C3F_C051BB0218A7' ) LIMIT 1   [ RunTime:0.0002s ]
SQL: SELECT `username` FROM `xueche1_admin` WHERE ( id=26 ) LIMIT 1   [ RunTime:0.0002s ]
SQL: SELECT `nickname` FROM `xueche1_user` WHERE ( userid='0BC9E90D_7014_323C_F4C1_72E8C7F568F9' ) LIMIT 1   [ RunTime:0.0002s ]
SQL: SELECT `username` FROM `xueche1_admin` WHERE ( id=22 ) LIMIT 1   [ RunTime:0.0002s ]
SQL: SELECT `nickname` FROM `xueche1_user` WHERE ( userid='0BC9E90D_7014_323C_F4C1_72E8C7F568F9' ) LIMIT 1   [ RunTime:0.0002s ]
SQL: SELECT `username` FROM `xueche1_admin` WHERE ( id=26 ) LIMIT 1   [ RunTime:0.0002s ]
SQL: SELECT `nickname` FROM `xueche1_user` WHERE ( userid='8CF687BE_A1AF_5F50_5C3F_C051BB0218A7' ) LIMIT 1   [ RunTime:0.0002s ]
SQL: SELECT `username` FROM `xueche1_admin` WHERE ( id=22 ) LIMIT 1   [ RunTime:0.0002s ]
SQL: SELECT `nickname` FROM `xueche1_user` WHERE ( userid='1ACCA599_8206_F1DA_90D3_BCFC6243E415' ) LIMIT 1   [ RunTime:0.0002s ]
SQL: SELECT `username` FROM `xueche1_admin` WHERE ( id=26 ) LIMIT 1   [ RunTime:0.0002s ]
SQL: SELECT `nickname` FROM `xueche1_user` WHERE ( userid='1ACCA599_8206_F1DA_90D3_BCFC6243E415' ) LIMIT 1   [ RunTime:0.0002s ]
SQL: SELECT `username` FROM `xueche1_admin` WHERE ( id=22 ) LIMIT 1   [ RunTime:0.0002s ]
SQL: SELECT `nickname` FROM `xueche1_user` WHERE ( userid='1ACCA599_8206_F1DA_90D3_BCFC6243E415' ) LIMIT 1   [ RunTime:0.0002s ]
SQL: SELECT `username` FROM `xueche1_admin` WHERE ( id=26 ) LIMIT 1   [ RunTime:0.0002s ]
SQL: SELECT `nickname` FROM `xueche1_user` WHERE ( userid='8CF687BE_A1AF_5F50_5C3F_C051BB0218A7' ) LIMIT 1   [ RunTime:0.0002s ]
SQL: SELECT `username` FROM `xueche1_admin` WHERE ( id=22 ) LIMIT 1   [ RunTime:0.0002s ]
SQL: SELECT `nickname` FROM `xueche1_user` WHERE ( userid='8CF687BE_A1AF_5F50_5C3F_C051BB0218A7' ) LIMIT 1   [ RunTime:0.0002s ]
SQL: SELECT `username` FROM `xueche1_admin` WHERE ( id=26 ) LIMIT 1   [ RunTime:0.0002s ]
SQL: SELECT `nickname` FROM `xueche1_user` WHERE ( userid='1ACCA599_8206_F1DA_90D3_BCFC6243E415' ) LIMIT 1   [ RunTime:0.0002s ]
SQL: SELECT `username` FROM `xueche1_admin` WHERE ( id=26 ) LIMIT 1   [ RunTime:0.0002s ]
SQL: SELECT `nickname` FROM `xueche1_user` WHERE ( userid='36872D55_397F_B744_6FDB_47EE074EE675' ) LIMIT 1   [ RunTime:0.0002s ]
SQL: SELECT `username` FROM `xueche1_admin` WHERE ( id=26 ) LIMIT 1   [ RunTime:0.0002s ]
SQL: SELECT `nickname` FROM `xueche1_user` WHERE ( userid='36872D55_397F_B744_6FDB_47EE074EE675' ) LIMIT 1   [ RunTime:0.0002s ]
SQL: SELECT `username` FROM `xueche1_admin` WHERE ( id=22 ) LIMIT 1   [ RunTime:0.0002s ]
SQL: SELECT `nickname` FROM `xueche1_user` WHERE ( userid='0BC9E90D_7014_323C_F4C1_72E8C7F568F9' ) LIMIT 1   [ RunTime:0.0002s ]
SQL: SELECT `username` FROM `xueche1_admin` WHERE ( id=22 ) LIMIT 1   [ RunTime:0.0002s ]
SQL: SELECT `nickname` FROM `xueche1_user` WHERE ( userid='0BC9E90D_7014_323C_F4C1_72E8C7F568F9' ) LIMIT 1   [ RunTime:0.0002s ]
SQL: SELECT `username` FROM `xueche1_admin` WHERE ( id=22 ) LIMIT 1   [ RunTime:0.0002s ]
INFO: [ view_parse ] --START--
INFO: [ template_filter ] --START--
INFO: Run Behavior\ContentReplaceBehavior [ RunTime:0.000064s ]
INFO: [ template_filter ] --END-- [ RunTime:0.000100s ]
INFO: Run Behavior\ParseTemplateBehavior [ RunTime:0.008500s ]
INFO: [ view_parse ] --END-- [ RunTime:0.008551s ]
INFO: [ view_filter ] --START--
INFO: Run Behavior\WriteHtmlCacheBehavior [ RunTime:0.000165s ]
INFO: [ view_filter ] --END-- [ RunTime:0.000198s ]
INFO: [ app_end ] --START--
INFO: Run Behavior\ShowPageTraceBehavior [ RunTime:0.000472s ]
INFO: [ app_end ] --END-- [ RunTime:0.000512s ]

[ 2017-02-27T17:00:22+08:00 ] 101.81.8.194 /index.php/Ment/Order/newlist.html
INFO: [ app_init ] --START--
INFO: Run Behavior\BuildLiteBehavior [ RunTime:0.000019s ]
INFO: [ app_init ] --END-- [ RunTime:0.000373s ]
INFO: [ app_begin ] --START--
INFO: Run Behavior\ReadHtmlCacheBehavior [ RunTime:0.000390s ]
INFO: [ app_begin ] --END-- [ RunTime:0.000429s ]
SQL: SHOW COLUMNS FROM `xueche1_list` [ RunTime:0.0014s ]
SQL: SELECT COUNT(*) AS tp_count FROM `xueche1_list` WHERE ( Cl_type='n' ) LIMIT 1   [ RunTime:0.0003s ]
INFO: [ app_end ] --START--
INFO: Run Behavior\ShowPageTraceBehavior [ RunTime:0.000518s ]
INFO: [ app_end ] --END-- [ RunTime:0.000555s ]

[ 2017-02-27T17:00:27+08:00 ] 101.81.8.194 /index.php/Ment/Order/newlist.html
INFO: [ app_init ] --START--
INFO: Run Behavior\BuildLiteBehavior [ RunTime:0.000013s ]
INFO: [ app_init ] --END-- [ RunTime:0.000302s ]
INFO: [ app_begin ] --START--
INFO: Run Behavior\ReadHtmlCacheBehavior [ RunTime:0.000393s ]
INFO: [ app_begin ] --END-- [ RunTime:0.000431s ]
SQL: SHOW COLUMNS FROM `xueche1_list` [ RunTime:0.0015s ]
SQL: SELECT COUNT(*) AS tp_count FROM `xueche1_list` WHERE ( Cl_type='n' ) LIMIT 1   [ RunTime:0.0003s ]
INFO: [ app_end ] --START--
INFO: Run Behavior\ShowPageTraceBehavior [ RunTime:0.000438s ]
INFO: [ app_end ] --END-- [ RunTime:0.000474s ]

[ 2017-02-27T17:00:29+08:00 ] 101.81.8.194 /index.php/Ment/Order/list_info/id/22/p/1.html
INFO: [ app_init ] --START--
INFO: Run Behavior\BuildLiteBehavior [ RunTime:0.000012s ]
INFO: [ app_init ] --END-- [ RunTime:0.000296s ]
INFO: [ app_begin ] --START--
INFO: Run Behavior\ReadHtmlCacheBehavior [ RunTime:0.000399s ]
INFO: [ app_begin ] --END-- [ RunTime:0.000437s ]
SQL: SHOW COLUMNS FROM `xueche1_list` [ RunTime:0.0014s ]
SQL: SELECT `id`,`listid`,`mode`,`state`,`returndate`,`listtime`,`payment_type`,`customer`,`masname`,`phone`,`address`,`note`,`objectid`,`description`,`trname`,`prices`,`total_fee`,`stucount`,`preferentialprice`,`classid` FROM `xueche1_list` WHERE ( id=22 ) LIMIT 1   [ RunTime:0.0004s ]
NOTIC: [8] Undefined index: masterid /var/www/xueche/Application/Ment/Controller/OrderController.class.php 第 77 行.
SQL: SHOW COLUMNS FROM `xueche1_user` [ RunTime:0.0009s ]
SQL: SELECT `nickname`,`phone` FROM `xueche1_user` WHERE ( userid='' ) LIMIT 1   [ RunTime:0.0002s ]
SQL: SHOW COLUMNS FROM `xueche1_citys` [ RunTime:0.0008s ]
SQL: SELECT `id`,`cityname` FROM `xueche1_citys` WHERE ( flag=1 )  [ RunTime:0.0003s ]
SQL: SHOW COLUMNS FROM `xueche1_admin` [ RunTime:0.0008s ]
SQL: SELECT `id`,`username` FROM `xueche1_admin`  [ RunTime:0.0002s ]
SQL: SHOW COLUMNS FROM `xueche1_trainclass` [ RunTime:0.0009s ]
SQL: SELECT `officialprice`,`whole517price` FROM `xueche1_trainclass` WHERE ( tcid=84 ) LIMIT 1   [ RunTime:0.0003s ]
SQL: SELECT `id`,`cityname` FROM `xueche1_citys` WHERE ( flag=1 )  [ RunTime:0.0004s ]
SQL: SHOW COLUMNS FROM `xueche1_school` [ RunTime:0.0012s ]
SQL: SELECT `userid`,`nickname` FROM `xueche1_school` WHERE ( cityid=1 )  [ RunTime:0.0013s ]
SQL: SHOW COLUMNS FROM `xueche1_coach` [ RunTime:0.0013s ]
SQL: SELECT `userid`,`nickname`,`jltype` FROM `xueche1_coach`  [ RunTime:0.0032s ]
SQL: SHOW COLUMNS FROM `xueche1_guider` [ RunTime:0.0012s ]
SQL: SELECT `userid`,`nickname` FROM `xueche1_guider`  [ RunTime:0.0002s ]
SQL: SHOW COLUMNS FROM `xueche1_listdocumentary` [ RunTime:0.0008s ]
SQL: SELECT `id`,`documenttime`,`content`,`nextreturndate`,`operator` FROM `xueche1_listdocumentary` WHERE ( listid=2017022509474310210150 ) ORDER BY id desc LIMIT 5   [ RunTime:0.0003s ]
NOTIC: [8] Undefined index: type /var/www/xueche/Application/Ment/Controller/OrderController.class.php 第 102 行.
SQL: SELECT `tcid`,`name` FROM `xueche1_trainclass` WHERE ( masterid='A0F6B774_B2E1_EF23_2259_08E2750FB0FA' )  [ RunTime:0.0003s ]
NOTIC: [8] Undefined index: type /var/www/xueche/Application/Ment/Controller/OrderController.class.php 第 103 行.
NOTIC: [8] Undefined index: type /var/www/xueche/Application/Ment/Controller/OrderController.class.php 第 104 行.
NOTIC: [8] Undefined index: type /var/www/xueche/Application/Ment/Controller/OrderController.class.php 第 109 行.
INFO: [ view_parse ] --START--
INFO: [ template_filter ] --START--
INFO: Run Behavior\ContentReplaceBehavior [ RunTime:0.000175s ]
INFO: [ template_filter ] --END-- [ RunTime:0.000234s ]
NOTIC: [8] Use of undefined constant id - assumed 'id' /var/www/xueche/Application/Runtime/Cache/Ment/8b5bc5261e3652368adc397de42db722.php 第 153 行.
NOTIC: [8] Use of undefined constant id - assumed 'id' /var/www/xueche/Application/Runtime/Cache/Ment/8b5bc5261e3652368adc397de42db722.php 第 153 行.
NOTIC: [8] Use of undefined constant id - assumed 'id' /var/www/xueche/Application/Runtime/Cache/Ment/8b5bc5261e3652368adc397de42db722.php 第 153 行.
NOTIC: [8] Use of undefined constant id - assumed 'id' /var/www/xueche/Application/Runtime/Cache/Ment/8b5bc5261e3652368adc397de42db722.php 第 153 行.
NOTIC: [8] Use of undefined constant id - assumed 'id' /var/www/xueche/Application/Runtime/Cache/Ment/8b5bc5261e3652368adc397de42db722.php 第 153 行.
INFO: Run Behavior\ParseTemplateBehavior [ RunTime:0.014997s ]
INFO: [ view_parse ] --END-- [ RunTime:0.015042s ]
INFO: [ view_filter ] --START--
INFO: Run Behavior\WriteHtmlCacheBehavior [ RunTime:0.000137s ]
INFO: [ view_filter ] --END-- [ RunTime:0.000169s ]
INFO: [ app_end ] --START--
INFO: Run Behavior\ShowPageTraceBehavior [ RunTime:0.000498s ]
INFO: [ app_end ] --END-- [ RunTime:0.000551s ]

[ 2017-02-27T17:21:56+08:00 ] 101.81.8.194 /index.php/Ment/Student/stu_list/p/21.html
INFO: [ app_init ] --START--
INFO: Run Behavior\BuildLiteBehavior [ RunTime:0.000012s ]
INFO: [ app_init ] --END-- [ RunTime:0.000297s ]
INFO: [ app_begin ] --START--
INFO: Run Behavior\ReadHtmlCacheBehavior [ RunTime:0.000396s ]
INFO: [ app_begin ] --END-- [ RunTime:0.000436s ]
SQL: SHOW COLUMNS FROM `xueche1_user` [ RunTime:0.0011s ]
SQL: SELECT COUNT(*) AS tp_count FROM `xueche1_user` LIMIT 1   [ RunTime:0.0003s ]
SQL: SELECT `id`,`account`,`sex`,`userid`,`ntime`,`nickname`,`img`,`phone`,`address`,`subjects`,`jtype`,`verify`,`lastupdate` FROM `xueche1_user` LIMIT 240,12   [ RunTime:0.0007s ]
SQL: SHOW COLUMNS FROM `xueche1_list` [ RunTime:0.0011s ]
SQL: SELECT COUNT(*) AS tp_count FROM `xueche1_list` WHERE ( masterid='12053735-58C8-A60C-6EA5-1747004D2948' ) LIMIT 1   [ RunTime:0.0003s ]
SQL: SHOW COLUMNS FROM `xueche1_reservation` [ RunTime:0.0008s ]
SQL: SELECT COUNT(*) AS tp_count FROM `xueche1_reservation` WHERE ( masterid='12053735-58C8-A60C-6EA5-1747004D2948' ) LIMIT 1   [ RunTime:0.0002s ]
SQL: SELECT COUNT(*) AS tp_count FROM `xueche1_list` WHERE ( masterid='F2AB0868-0245-E120-3455-F8A680155CCD' ) LIMIT 1   [ RunTime:0.0002s ]
SQL: SELECT COUNT(*) AS tp_count FROM `xueche1_reservation` WHERE ( masterid='F2AB0868-0245-E120-3455-F8A680155CCD' ) LIMIT 1   [ RunTime:0.0002s ]
SQL: SELECT COUNT(*) AS tp_count FROM `xueche1_list` WHERE ( masterid='A6361370-44FD-D093-1E18-430335DCD359' ) LIMIT 1   [ RunTime:0.0002s ]
SQL: SELECT COUNT(*) AS tp_count FROM `xueche1_reservation` WHERE ( masterid='A6361370-44FD-D093-1E18-430335DCD359' ) LIMIT 1   [ RunTime:0.0002s ]
SQL: SELECT COUNT(*) AS tp_count FROM `xueche1_list` WHERE ( masterid='EF2CC7D0-3567-F3E4-B558-69A1A9C93E24' ) LIMIT 1   [ RunTime:0.0002s ]
SQL: SELECT COUNT(*) AS tp_count FROM `xueche1_reservation` WHERE ( masterid='EF2CC7D0-3567-F3E4-B558-69A1A9C93E24' ) LIMIT 1   [ RunTime:0.0002s ]
SQL: SELECT COUNT(*) AS tp_count FROM `xueche1_list` WHERE ( masterid='F1DD406E-7657-FC12-4DBE-C250A81D7268' ) LIMIT 1   [ RunTime:0.0002s ]
SQL: SELECT COUNT(*) AS tp_count FROM `xueche1_reservation` WHERE ( masterid='F1DD406E-7657-FC12-4DBE-C250A81D7268' ) LIMIT 1   [ RunTime:0.0002s ]
SQL: SELECT COUNT(*) AS tp_count FROM `xueche1_list` WHERE ( masterid='2A4BB5AB-20D2-80B7-EF1B-593AC1F11586' ) LIMIT 1   [ RunTime:0.0002s ]
SQL: SELECT COUNT(*) AS tp_count FROM `xueche1_reservation` WHERE ( masterid='2A4BB5AB-20D2-80B7-EF1B-593AC1F11586' ) LIMIT 1   [ RunTime:0.0002s ]
SQL: SELECT COUNT(*) AS tp_count FROM `xueche1_list` WHERE ( masterid='92F6DCA9-A98A-0171-E1DE-E7E3E449FFE1' ) LIMIT 1   [ RunTime:0.0002s ]
SQL: SELECT COUNT(*) AS tp_count FROM `xueche1_reservation` WHERE ( masterid='92F6DCA9-A98A-0171-E1DE-E7E3E449FFE1' ) LIMIT 1   [ RunTime:0.0002s ]
SQL: SELECT COUNT(*) AS tp_count FROM `xueche1_list` WHERE ( masterid='1FD0CF26-B55F-9096-5702-7A643B02FFDE' ) LIMIT 1   [ RunTime:0.0002s ]
SQL: SELECT COUNT(*) AS tp_count FROM `xueche1_reservation` WHERE ( masterid='1FD0CF26-B55F-9096-5702-7A643B02FFDE' ) LIMIT 1   [ RunTime:0.0002s ]
SQL: SELECT COUNT(*) AS tp_count FROM `xueche1_list` WHERE ( masterid='D2F21BD5-DBE1-7501-0676-8E930CE1D4FA' ) LIMIT 1   [ RunTime:0.0002s ]
SQL: SELECT COUNT(*) AS tp_count FROM `xueche1_reservation` WHERE ( masterid='D2F21BD5-DBE1-7501-0676-8E930CE1D4FA' ) LIMIT 1   [ RunTime:0.0002s ]
SQL: SELECT COUNT(*) AS tp_count FROM `xueche1_list` WHERE ( masterid='81408A08-F563-413B-18C5-118A26939117' ) LIMIT 1   [ RunTime:0.0002s ]
SQL: SELECT COUNT(*) AS tp_count FROM `xueche1_reservation` WHERE ( masterid='81408A08-F563-413B-18C5-118A26939117' ) LIMIT 1   [ RunTime:0.0002s ]
SQL: SELECT COUNT(*) AS tp_count FROM `xueche1_list` WHERE ( masterid='CB10DF90-2117-B587-8535-F9FA1C04F5C9' ) LIMIT 1   [ RunTime:0.0002s ]
SQL: SELECT COUNT(*) AS tp_count FROM `xueche1_reservation` WHERE ( masterid='CB10DF90-2117-B587-8535-F9FA1C04F5C9' ) LIMIT 1   [ RunTime:0.0002s ]
INFO: [ view_parse ] --START--
INFO: [ template_filter ] --START--
INFO: Run Behavior\ContentReplaceBehavior [ RunTime:0.000054s ]
INFO: [ template_filter ] --END-- [ RunTime:0.000090s ]
NOTIC: [8] Undefined variable: city /var/www/xueche/Application/Runtime/Cache/Ment/78a0ada67e5367ec2b72ca0babc20172.php 第 43 行.
INFO: Run Behavior\ParseTemplateBehavior [ RunTime:0.007731s ]
INFO: [ view_parse ] --END-- [ RunTime:0.007770s ]
INFO: [ view_filter ] --START--
INFO: Run Behavior\WriteHtmlCacheBehavior [ RunTime:0.000131s ]
INFO: [ view_filter ] --END-- [ RunTime:0.000160s ]
INFO: [ app_end ] --START--
INFO: Run Behavior\ShowPageTraceBehavior [ RunTime:0.000461s ]
INFO: [ app_end ] --END-- [ RunTime:0.000498s ]

